running egg_info
creating ../../build/soccer_vision/soccer_vision.egg-info
writing ../../build/soccer_vision/soccer_vision.egg-info/PKG-INFO
writing dependency_links to ../../build/soccer_vision/soccer_vision.egg-info/dependency_links.txt
writing entry points to ../../build/soccer_vision/soccer_vision.egg-info/entry_points.txt
writing requirements to ../../build/soccer_vision/soccer_vision.egg-info/requires.txt
writing top-level names to ../../build/soccer_vision/soccer_vision.egg-info/top_level.txt
writing manifest file '../../build/soccer_vision/soccer_vision.egg-info/SOURCES.txt'
reading manifest file '../../build/soccer_vision/soccer_vision.egg-info/SOURCES.txt'
writing manifest file '../../build/soccer_vision/soccer_vision.egg-info/SOURCES.txt'
running build
running build_py
creating /home/sharmin/Desktop/iot/soccer_bot/build/soccer_vision/build
creating /home/sharmin/Desktop/iot/soccer_bot/build/soccer_vision/build/lib
creating /home/sharmin/Desktop/iot/soccer_bot/build/soccer_vision/build/lib/soccer_vision
copying soccer_vision/ball_tracker_node.py -> /home/sharmin/Desktop/iot/soccer_bot/build/soccer_vision/build/lib/soccer_vision
copying soccer_vision/lidar_hub_node.py -> /home/sharmin/Desktop/iot/soccer_bot/build/soccer_vision/build/lib/soccer_vision
copying soccer_vision/__init__.py -> /home/sharmin/Desktop/iot/soccer_bot/build/soccer_vision/build/lib/soccer_vision
copying soccer_vision/camera_hub_node.py -> /home/sharmin/Desktop/iot/soccer_bot/build/soccer_vision/build/lib/soccer_vision
running install
running install_lib
creating /home/sharmin/Desktop/iot/soccer_bot/install/soccer_vision/lib/python3.12/site-packages/soccer_vision
copying /home/sharmin/Desktop/iot/soccer_bot/build/soccer_vision/build/lib/soccer_vision/ball_tracker_node.py -> /home/sharmin/Desktop/iot/soccer_bot/install/soccer_vision/lib/python3.12/site-packages/soccer_vision
copying /home/sharmin/Desktop/iot/soccer_bot/build/soccer_vision/build/lib/soccer_vision/lidar_hub_node.py -> /home/sharmin/Desktop/iot/soccer_bot/install/soccer_vision/lib/python3.12/site-packages/soccer_vision
copying /home/sharmin/Desktop/iot/soccer_bot/build/soccer_vision/build/lib/soccer_vision/__init__.py -> /home/sharmin/Desktop/iot/soccer_bot/install/soccer_vision/lib/python3.12/site-packages/soccer_vision
copying /home/sharmin/Desktop/iot/soccer_bot/build/soccer_vision/build/lib/soccer_vision/camera_hub_node.py -> /home/sharmin/Desktop/iot/soccer_bot/install/soccer_vision/lib/python3.12/site-packages/soccer_vision
byte-compiling /home/sharmin/Desktop/iot/soccer_bot/install/soccer_vision/lib/python3.12/site-packages/soccer_vision/ball_tracker_node.py to ball_tracker_node.cpython-312.pyc
byte-compiling /home/sharmin/Desktop/iot/soccer_bot/install/soccer_vision/lib/python3.12/site-packages/soccer_vision/lidar_hub_node.py to lidar_hub_node.cpython-312.pyc
byte-compiling /home/sharmin/Desktop/iot/soccer_bot/install/soccer_vision/lib/python3.12/site-packages/soccer_vision/__init__.py to __init__.cpython-312.pyc
byte-compiling /home/sharmin/Desktop/iot/soccer_bot/install/soccer_vision/lib/python3.12/site-packages/soccer_vision/camera_hub_node.py to camera_hub_node.cpython-312.pyc
running install_data
creating /home/sharmin/Desktop/iot/soccer_bot/install/soccer_vision/share/ament_index
creating /home/sharmin/Desktop/iot/soccer_bot/install/soccer_vision/share/ament_index/resource_index
creating /home/sharmin/Desktop/iot/soccer_bot/install/soccer_vision/share/ament_index/resource_index/packages
copying resource/soccer_vision -> /home/sharmin/Desktop/iot/soccer_bot/install/soccer_vision/share/ament_index/resource_index/packages
copying package.xml -> /home/sharmin/Desktop/iot/soccer_bot/install/soccer_vision/share/soccer_vision
running install_egg_info
Copying ../../build/soccer_vision/soccer_vision.egg-info to /home/sharmin/Desktop/iot/soccer_bot/install/soccer_vision/lib/python3.12/site-packages/soccer_vision-0.0.0-py3.12.egg-info
running install_scripts
Installing ball_tracker script to /home/sharmin/Desktop/iot/soccer_bot/install/soccer_vision/lib/soccer_vision
Installing camera_hub script to /home/sharmin/Desktop/iot/soccer_bot/install/soccer_vision/lib/soccer_vision
Installing lidar_hub script to /home/sharmin/Desktop/iot/soccer_bot/install/soccer_vision/lib/soccer_vision
writing list of installed files to '/home/sharmin/Desktop/iot/soccer_bot/build/soccer_vision/install.log'
