[9.499s] Invoking command in '/home/sharmin/Desktop/iot/soccer_bot/src/soccer_vision': PYTHONPATH=/home/sharmin/Desktop/iot/soccer_bot/build/soccer_vision/prefix_override:/usr/lib/python3/dist-packages/colcon_core/task/python/colcon_distutils_commands:/home/sharmin/Desktop/iot/soccer_bot/install/soccer_vision/lib/python3.12/site-packages:${PYTHONPATH} /usr/bin/python3 -W ignore:setup.py install is deprecated -W ignore:easy_install command is deprecated setup.py egg_info --egg-base ../../build/soccer_vision build --build-base /home/sharmin/Desktop/iot/soccer_bot/build/soccer_vision/build install --record /home/sharmin/Desktop/iot/soccer_bot/build/soccer_vision/install.log --install-scripts $base/lib/soccer_vision --single-version-externally-managed install_data
[11.864s] running egg_info
[11.866s] creating ../../build/soccer_vision/soccer_vision.egg-info
[12.108s] writing ../../build/soccer_vision/soccer_vision.egg-info/PKG-INFO
[12.109s] writing dependency_links to ../../build/soccer_vision/soccer_vision.egg-info/dependency_links.txt
[12.111s] writing entry points to ../../build/soccer_vision/soccer_vision.egg-info/entry_points.txt
[12.112s] writing requirements to ../../build/soccer_vision/soccer_vision.egg-info/requires.txt
[12.115s] writing top-level names to ../../build/soccer_vision/soccer_vision.egg-info/top_level.txt
[12.115s] writing manifest file '../../build/soccer_vision/soccer_vision.egg-info/SOURCES.txt'
[12.805s] reading manifest file '../../build/soccer_vision/soccer_vision.egg-info/SOURCES.txt'
[12.812s] writing manifest file '../../build/soccer_vision/soccer_vision.egg-info/SOURCES.txt'
[12.816s] running build
[12.816s] running build_py
[12.818s] creating /home/sharmin/Desktop/iot/soccer_bot/build/soccer_vision/build
[12.821s] creating /home/sharmin/Desktop/iot/soccer_bot/build/soccer_vision/build/lib
[12.823s] creating /home/sharmin/Desktop/iot/soccer_bot/build/soccer_vision/build/lib/soccer_vision
[12.824s] copying soccer_vision/ball_tracker_node.py -> /home/sharmin/Desktop/iot/soccer_bot/build/soccer_vision/build/lib/soccer_vision
[12.829s] copying soccer_vision/lidar_hub_node.py -> /home/sharmin/Desktop/iot/soccer_bot/build/soccer_vision/build/lib/soccer_vision
[12.831s] copying soccer_vision/__init__.py -> /home/sharmin/Desktop/iot/soccer_bot/build/soccer_vision/build/lib/soccer_vision
[12.833s] copying soccer_vision/camera_hub_node.py -> /home/sharmin/Desktop/iot/soccer_bot/build/soccer_vision/build/lib/soccer_vision
[12.836s] running install
[12.938s] running install_lib
[13.297s] creating /home/sharmin/Desktop/iot/soccer_bot/install/soccer_vision/lib/python3.12/site-packages/soccer_vision
[13.306s] copying /home/sharmin/Desktop/iot/soccer_bot/build/soccer_vision/build/lib/soccer_vision/ball_tracker_node.py -> /home/sharmin/Desktop/iot/soccer_bot/install/soccer_vision/lib/python3.12/site-packages/soccer_vision
[13.307s] copying /home/sharmin/Desktop/iot/soccer_bot/build/soccer_vision/build/lib/soccer_vision/lidar_hub_node.py -> /home/sharmin/Desktop/iot/soccer_bot/install/soccer_vision/lib/python3.12/site-packages/soccer_vision
[13.307s] copying /home/sharmin/Desktop/iot/soccer_bot/build/soccer_vision/build/lib/soccer_vision/__init__.py -> /home/sharmin/Desktop/iot/soccer_bot/install/soccer_vision/lib/python3.12/site-packages/soccer_vision
[13.316s] copying /home/sharmin/Desktop/iot/soccer_bot/build/soccer_vision/build/lib/soccer_vision/camera_hub_node.py -> /home/sharmin/Desktop/iot/soccer_bot/install/soccer_vision/lib/python3.12/site-packages/soccer_vision
[13.319s] byte-compiling /home/sharmin/Desktop/iot/soccer_bot/install/soccer_vision/lib/python3.12/site-packages/soccer_vision/ball_tracker_node.py to ball_tracker_node.cpython-312.pyc
[13.320s] byte-compiling /home/sharmin/Desktop/iot/soccer_bot/install/soccer_vision/lib/python3.12/site-packages/soccer_vision/lidar_hub_node.py to lidar_hub_node.cpython-312.pyc
[13.328s] byte-compiling /home/sharmin/Desktop/iot/soccer_bot/install/soccer_vision/lib/python3.12/site-packages/soccer_vision/__init__.py to __init__.cpython-312.pyc
[13.329s] byte-compiling /home/sharmin/Desktop/iot/soccer_bot/install/soccer_vision/lib/python3.12/site-packages/soccer_vision/camera_hub_node.py to camera_hub_node.cpython-312.pyc
[13.331s] running install_data
[13.331s] creating /home/sharmin/Desktop/iot/soccer_bot/install/soccer_vision/share/ament_index
[13.337s] creating /home/sharmin/Desktop/iot/soccer_bot/install/soccer_vision/share/ament_index/resource_index
[13.338s] creating /home/sharmin/Desktop/iot/soccer_bot/install/soccer_vision/share/ament_index/resource_index/packages
[13.338s] copying resource/soccer_vision -> /home/sharmin/Desktop/iot/soccer_bot/install/soccer_vision/share/ament_index/resource_index/packages
[13.347s] copying package.xml -> /home/sharmin/Desktop/iot/soccer_bot/install/soccer_vision/share/soccer_vision
[13.347s] running install_egg_info
[13.544s] Copying ../../build/soccer_vision/soccer_vision.egg-info to /home/sharmin/Desktop/iot/soccer_bot/install/soccer_vision/lib/python3.12/site-packages/soccer_vision-0.0.0-py3.12.egg-info
[13.550s] running install_scripts
[16.658s] Installing ball_tracker script to /home/sharmin/Desktop/iot/soccer_bot/install/soccer_vision/lib/soccer_vision
[16.665s] Installing camera_hub script to /home/sharmin/Desktop/iot/soccer_bot/install/soccer_vision/lib/soccer_vision
[16.676s] Installing lidar_hub script to /home/sharmin/Desktop/iot/soccer_bot/install/soccer_vision/lib/soccer_vision
[16.688s] writing list of installed files to '/home/sharmin/Desktop/iot/soccer_bot/build/soccer_vision/install.log'
[17.469s] Invoked command in '/home/sharmin/Desktop/iot/soccer_bot/src/soccer_vision' returned '0': PYTHONPATH=/home/sharmin/Desktop/iot/soccer_bot/build/soccer_vision/prefix_override:/usr/lib/python3/dist-packages/colcon_core/task/python/colcon_distutils_commands:/home/sharmin/Desktop/iot/soccer_bot/install/soccer_vision/lib/python3.12/site-packages:${PYTHONPATH} /usr/bin/python3 -W ignore:setup.py install is deprecated -W ignore:easy_install command is deprecated setup.py egg_info --egg-base ../../build/soccer_vision build --build-base /home/sharmin/Desktop/iot/soccer_bot/build/soccer_vision/build install --record /home/sharmin/Desktop/iot/soccer_bot/build/soccer_vision/install.log --install-scripts $base/lib/soccer_vision --single-version-externally-managed install_data
