[0.053s] Invoking command in '/home/sharmin/Desktop/iot/soccer_bot/build/ydlidar_ros2_driver': CMAKE_PREFIX_PATH=${CMAKE_PREFIX_PATH}:/opt/ros/jazzy /usr/bin/cmake --build /home/sharmin/Desktop/iot/soccer_bot/build/ydlidar_ros2_driver -- -j2 -l2
[0.369s] [ 25%] [32mBuilding CXX object CMakeFiles/ydlidar_ros2_driver_node.dir/src/ydlidar_ros2_driver_node.cpp.o[0m
[20.792s] /home/sharmin/Desktop/iot/soccer_bot/src/ydlidar_ros2_driver/src/ydlidar_ros2_driver_node.cpp: In lambda function:
[20.793s] /home/sharmin/Desktop/iot/soccer_bot/src/ydlidar_ros2_driver/src/ydlidar_ros2_driver_node.cpp:193:54: warning: unused parameter ‘request_header’ [-Wunused-parameter]
[20.795s]   193 |     [&laser](const std::shared_ptr<rmw_request_id_t> request_header,
[20.796s]       |              ~~~~~~~~~~~~~~~~~~~~~~~~~~~~~~~~~~~~~~~~^~~~~~~~~~~~~~
[20.796s] /home/sharmin/Desktop/iot/soccer_bot/src/ydlidar_ros2_driver/src/ydlidar_ros2_driver_node.cpp:194:56: warning: unused parameter ‘req’ [-Wunused-parameter]
[20.797s]   194 |   const std::shared_ptr<std_srvs::srv::Empty::Request> req,
[20.801s]       |   ~~~~~~~~~~~~~~~~~~~~~~~~~~~~~~~~~~~~~~~~~~~~~~~~~~~~~^~~
[20.802s] /home/sharmin/Desktop/iot/soccer_bot/src/ydlidar_ros2_driver/src/ydlidar_ros2_driver_node.cpp:195:51: warning: unused parameter ‘response’ [-Wunused-parameter]
[20.803s]   195 |   std::shared_ptr<std_srvs::srv::Empty::Response> response) -> bool
[20.809s]       |   ~~~~~~~~~~~~~~~~~~~~~~~~~~~~~~~~~~~~~~~~~~~~~~~~^~~~~~~~
[20.897s] /home/sharmin/Desktop/iot/soccer_bot/src/ydlidar_ros2_driver/src/ydlidar_ros2_driver_node.cpp: In lambda function:
[20.897s] /home/sharmin/Desktop/iot/soccer_bot/src/ydlidar_ros2_driver/src/ydlidar_ros2_driver_node.cpp:203:54: warning: unused parameter ‘request_header’ [-Wunused-parameter]
[20.898s]   203 |     [&laser](const std::shared_ptr<rmw_request_id_t> request_header,
[20.901s]       |              ~~~~~~~~~~~~~~~~~~~~~~~~~~~~~~~~~~~~~~~~^~~~~~~~~~~~~~
[20.901s] /home/sharmin/Desktop/iot/soccer_bot/src/ydlidar_ros2_driver/src/ydlidar_ros2_driver_node.cpp:204:56: warning: unused parameter ‘req’ [-Wunused-parameter]
[20.902s]   204 |   const std::shared_ptr<std_srvs::srv::Empty::Request> req,
[20.904s]       |   ~~~~~~~~~~~~~~~~~~~~~~~~~~~~~~~~~~~~~~~~~~~~~~~~~~~~~^~~
[20.905s] /home/sharmin/Desktop/iot/soccer_bot/src/ydlidar_ros2_driver/src/ydlidar_ros2_driver_node.cpp:205:51: warning: unused parameter ‘response’ [-Wunused-parameter]
[20.905s]   205 |   std::shared_ptr<std_srvs::srv::Empty::Response> response) -> bool
[20.906s]       |   ~~~~~~~~~~~~~~~~~~~~~~~~~~~~~~~~~~~~~~~~~~~~~~~~^~~~~~~~
[20.919s] /home/sharmin/Desktop/iot/soccer_bot/src/ydlidar_ros2_driver/src/ydlidar_ros2_driver_node.cpp: In function ‘int main(int, char**)’:
[20.919s] /home/sharmin/Desktop/iot/soccer_bot/src/ydlidar_ros2_driver/src/ydlidar_ros2_driver_node.cpp:238:21: warning: unused variable ‘p’ [-Wunused-variable]
[20.920s]   238 |         const auto& p = scan.points.at(i);
[20.922s]       |                     ^
[43.797s] [ 50%] [32m[1mLinking CXX executable ydlidar_ros2_driver_node[0m
[45.852s] [ 50%] Built target ydlidar_ros2_driver_node
[45.966s] [100%] Built target ydlidar_ros2_driver_client
[46.009s] Invoked command in '/home/sharmin/Desktop/iot/soccer_bot/build/ydlidar_ros2_driver' returned '0': CMAKE_PREFIX_PATH=${CMAKE_PREFIX_PATH}:/opt/ros/jazzy /usr/bin/cmake --build /home/sharmin/Desktop/iot/soccer_bot/build/ydlidar_ros2_driver -- -j2 -l2
[46.109s] Invoking command in '/home/sharmin/Desktop/iot/soccer_bot/build/ydlidar_ros2_driver': CMAKE_PREFIX_PATH=${CMAKE_PREFIX_PATH}:/opt/ros/jazzy /usr/bin/cmake --install /home/sharmin/Desktop/iot/soccer_bot/build/ydlidar_ros2_driver
[46.156s] -- Install configuration: ""
[46.157s] -- Execute custom install script
[46.159s] -- Up-to-date symlink: /home/sharmin/Desktop/iot/soccer_bot/install/ydlidar_ros2_driver/lib/ydlidar_ros2_driver/ydlidar_ros2_driver_node
[46.163s] -- Up-to-date symlink: /home/sharmin/Desktop/iot/soccer_bot/install/ydlidar_ros2_driver/lib/ydlidar_ros2_driver/ydlidar_ros2_driver_client
[46.163s] -- Up-to-date symlink: /home/sharmin/Desktop/iot/soccer_bot/install/ydlidar_ros2_driver/share/ydlidar_ros2_driver/launch/ydlidar.py
[46.164s] -- Up-to-date symlink: /home/sharmin/Desktop/iot/soccer_bot/install/ydlidar_ros2_driver/share/ydlidar_ros2_driver/launch/ydlidar_launch.py
[46.167s] -- Up-to-date symlink: /home/sharmin/Desktop/iot/soccer_bot/install/ydlidar_ros2_driver/share/ydlidar_ros2_driver/launch/ydlidar_launch_view.py
[46.169s] -- Up-to-date symlink: /home/sharmin/Desktop/iot/soccer_bot/install/ydlidar_ros2_driver/share/ydlidar_ros2_driver/params/G1.yaml
[46.171s] -- Up-to-date symlink: /home/sharmin/Desktop/iot/soccer_bot/install/ydlidar_ros2_driver/share/ydlidar_ros2_driver/params/G2.yaml
[46.174s] -- Up-to-date symlink: /home/sharmin/Desktop/iot/soccer_bot/install/ydlidar_ros2_driver/share/ydlidar_ros2_driver/params/G6.yaml
[46.175s] -- Up-to-date symlink: /home/sharmin/Desktop/iot/soccer_bot/install/ydlidar_ros2_driver/share/ydlidar_ros2_driver/params/GS2.yaml
[46.176s] -- Up-to-date symlink: /home/sharmin/Desktop/iot/soccer_bot/install/ydlidar_ros2_driver/share/ydlidar_ros2_driver/params/TEA.yaml
[46.177s] -- Up-to-date symlink: /home/sharmin/Desktop/iot/soccer_bot/install/ydlidar_ros2_driver/share/ydlidar_ros2_driver/params/TG.yaml
[46.180s] -- Up-to-date symlink: /home/sharmin/Desktop/iot/soccer_bot/install/ydlidar_ros2_driver/share/ydlidar_ros2_driver/params/TminiPro.yaml
[46.180s] -- Up-to-date symlink: /home/sharmin/Desktop/iot/soccer_bot/install/ydlidar_ros2_driver/share/ydlidar_ros2_driver/params/X2.yaml
[46.183s] -- Up-to-date symlink: /home/sharmin/Desktop/iot/soccer_bot/install/ydlidar_ros2_driver/share/ydlidar_ros2_driver/params/X4-Pro.yaml
[46.184s] -- Up-to-date symlink: /home/sharmin/Desktop/iot/soccer_bot/install/ydlidar_ros2_driver/share/ydlidar_ros2_driver/params/X4.yaml
[46.185s] -- Up-to-date symlink: /home/sharmin/Desktop/iot/soccer_bot/install/ydlidar_ros2_driver/share/ydlidar_ros2_driver/params/ydlidar.yaml
[46.186s] -- Up-to-date symlink: /home/sharmin/Desktop/iot/soccer_bot/install/ydlidar_ros2_driver/share/ydlidar_ros2_driver/startup/initenv.sh
[46.189s] -- Up-to-date symlink: /home/sharmin/Desktop/iot/soccer_bot/install/ydlidar_ros2_driver/share/ydlidar_ros2_driver/config/ydlidar.rviz
[46.191s] -- Up-to-date symlink: /home/sharmin/Desktop/iot/soccer_bot/install/ydlidar_ros2_driver/share/ament_index/resource_index/package_run_dependencies/ydlidar_ros2_driver
[46.192s] -- Up-to-date symlink: /home/sharmin/Desktop/iot/soccer_bot/install/ydlidar_ros2_driver/share/ament_index/resource_index/parent_prefix_path/ydlidar_ros2_driver
[46.194s] -- Up-to-date symlink: /home/sharmin/Desktop/iot/soccer_bot/install/ydlidar_ros2_driver/share/ydlidar_ros2_driver/environment/ament_prefix_path.sh
[46.195s] -- Up-to-date symlink: /home/sharmin/Desktop/iot/soccer_bot/install/ydlidar_ros2_driver/share/ydlidar_ros2_driver/environment/ament_prefix_path.dsv
[46.196s] -- Up-to-date symlink: /home/sharmin/Desktop/iot/soccer_bot/install/ydlidar_ros2_driver/share/ydlidar_ros2_driver/environment/path.sh
[46.199s] -- Up-to-date symlink: /home/sharmin/Desktop/iot/soccer_bot/install/ydlidar_ros2_driver/share/ydlidar_ros2_driver/environment/path.dsv
[46.200s] -- Up-to-date symlink: /home/sharmin/Desktop/iot/soccer_bot/install/ydlidar_ros2_driver/share/ydlidar_ros2_driver/local_setup.bash
[46.201s] -- Up-to-date symlink: /home/sharmin/Desktop/iot/soccer_bot/install/ydlidar_ros2_driver/share/ydlidar_ros2_driver/local_setup.sh
[46.203s] -- Up-to-date symlink: /home/sharmin/Desktop/iot/soccer_bot/install/ydlidar_ros2_driver/share/ydlidar_ros2_driver/local_setup.zsh
[46.204s] -- Up-to-date symlink: /home/sharmin/Desktop/iot/soccer_bot/install/ydlidar_ros2_driver/share/ydlidar_ros2_driver/local_setup.dsv
[46.205s] -- Symlinking: /home/sharmin/Desktop/iot/soccer_bot/install/ydlidar_ros2_driver/share/ydlidar_ros2_driver/package.dsv
[46.229s] -- Up-to-date symlink: /home/sharmin/Desktop/iot/soccer_bot/install/ydlidar_ros2_driver/share/ament_index/resource_index/packages/ydlidar_ros2_driver
[46.230s] -- Up-to-date symlink: /home/sharmin/Desktop/iot/soccer_bot/install/ydlidar_ros2_driver/share/ydlidar_ros2_driver/cmake/ydlidar_ros2_driverConfig.cmake
[46.234s] -- Up-to-date symlink: /home/sharmin/Desktop/iot/soccer_bot/install/ydlidar_ros2_driver/share/ydlidar_ros2_driver/cmake/ydlidar_ros2_driverConfig-version.cmake
[46.237s] -- Up-to-date symlink: /home/sharmin/Desktop/iot/soccer_bot/install/ydlidar_ros2_driver/share/ydlidar_ros2_driver/package.xml
[46.238s] Invoked command in '/home/sharmin/Desktop/iot/soccer_bot/build/ydlidar_ros2_driver' returned '0': CMAKE_PREFIX_PATH=${CMAKE_PREFIX_PATH}:/opt/ros/jazzy /usr/bin/cmake --install /home/sharmin/Desktop/iot/soccer_bot/build/ydlidar_ros2_driver
