[19.149s] Invoking command in '/home/sharmin/Desktop/iot/soccer_bot/src/soccer_vision': PYTHONPATH=/home/sharmin/Desktop/iot/soccer_bot/build/soccer_vision/prefix_override:/usr/lib/python3/dist-packages/colcon_core/task/python/colcon_distutils_commands:/home/sharmin/Desktop/iot/soccer_bot/install/soccer_vision/lib/python3.12/site-packages:${PYTHONPATH} /usr/bin/python3 -W ignore:setup.py install is deprecated -W ignore:easy_install command is deprecated setup.py egg_info --egg-base ../../build/soccer_vision build --build-base /home/sharmin/Desktop/iot/soccer_bot/build/soccer_vision/build install --record /home/sharmin/Desktop/iot/soccer_bot/build/soccer_vision/install.log --single-version-externally-managed install_data
[24.812s] running egg_info
[25.313s] writing ../../build/soccer_vision/soccer_vision.egg-info/PKG-INFO
[25.314s] writing dependency_links to ../../build/soccer_vision/soccer_vision.egg-info/dependency_links.txt
[25.318s] writing entry points to ../../build/soccer_vision/soccer_vision.egg-info/entry_points.txt
[25.318s] writing requirements to ../../build/soccer_vision/soccer_vision.egg-info/requires.txt
[25.321s] writing top-level names to ../../build/soccer_vision/soccer_vision.egg-info/top_level.txt
[26.340s] reading manifest file '../../build/soccer_vision/soccer_vision.egg-info/SOURCES.txt'
[26.346s] writing manifest file '../../build/soccer_vision/soccer_vision.egg-info/SOURCES.txt'
[26.347s] running build
[26.349s] running build_py
[26.352s] copying soccer_vision/ball_tracker_node.py -> /home/sharmin/Desktop/iot/soccer_bot/build/soccer_vision/build/lib/soccer_vision
[26.355s] running install
[26.441s] running install_lib
[26.889s] copying /home/sharmin/Desktop/iot/soccer_bot/build/soccer_vision/build/lib/soccer_vision/ball_tracker_node.py -> /home/sharmin/Desktop/iot/soccer_bot/install/soccer_vision/lib/python3.12/site-packages/soccer_vision
[26.894s] byte-compiling /home/sharmin/Desktop/iot/soccer_bot/install/soccer_vision/lib/python3.12/site-packages/soccer_vision/ball_tracker_node.py to ball_tracker_node.cpython-312.pyc
[26.904s] running install_data
[26.908s] copying package.xml -> /home/sharmin/Desktop/iot/soccer_bot/install/soccer_vision/share/soccer_vision
[26.909s] running install_egg_info
[27.403s] removing '/home/sharmin/Desktop/iot/soccer_bot/install/soccer_vision/lib/python3.12/site-packages/soccer_vision-0.0.0-py3.12.egg-info' (and everything under it)
[27.407s] Copying ../../build/soccer_vision/soccer_vision.egg-info to /home/sharmin/Desktop/iot/soccer_bot/install/soccer_vision/lib/python3.12/site-packages/soccer_vision-0.0.0-py3.12.egg-info
[27.420s] running install_scripts
[30.448s] Installing ball_tracker script to /home/sharmin/Desktop/iot/soccer_bot/install/soccer_vision/bin
[30.451s] writing list of installed files to '/home/sharmin/Desktop/iot/soccer_bot/build/soccer_vision/install.log'
[30.708s] Invoked command in '/home/sharmin/Desktop/iot/soccer_bot/src/soccer_vision' returned '0': PYTHONPATH=/home/sharmin/Desktop/iot/soccer_bot/build/soccer_vision/prefix_override:/usr/lib/python3/dist-packages/colcon_core/task/python/colcon_distutils_commands:/home/sharmin/Desktop/iot/soccer_bot/install/soccer_vision/lib/python3.12/site-packages:${PYTHONPATH} /usr/bin/python3 -W ignore:setup.py install is deprecated -W ignore:easy_install command is deprecated setup.py egg_info --egg-base ../../build/soccer_vision build --build-base /home/sharmin/Desktop/iot/soccer_bot/build/soccer_vision/build install --record /home/sharmin/Desktop/iot/soccer_bot/build/soccer_vision/install.log --single-version-externally-managed install_data
