[0.051s] Invoking command in '/home/sharmin/Desktop/iot/soccer_bot/build/ydlidar_sdk': /usr/bin/cmake --build /home/sharmin/Desktop/iot/soccer_bot/build/ydlidar_sdk -- -j2 -l2
[0.552s] [ 37%] Built target ydlidar_sdk
[0.727s] [ 38%] Built target ydlidar_swig_compilation
[0.933s] [ 42%] Built target et_test
[1.150s] [ 45%] Built target gs_ota
[1.389s] [ 49%] Built target gs_restart
[1.624s] [ 52%] Built target gs_test
[1.933s] [ 55%] Built target gs_test2
[2.333s] [ 59%] Built target scl_test
[2.877s] [ 62%] Built target sdm18_test
[3.151s] [ 66%] Built target sdm_test
[3.378s] [ 69%] Built target tea_test
[3.601s] [ 72%] Built target tia_test
[3.876s] [ 76%] Built target tmini-sh_test
[4.141s] [ 79%] Built target tmini_test
[4.258s] [ 83%] Built target tof_test
[4.524s] [ 86%] Built target tri_and_gs_test
[4.751s] [ 89%] Built target tri_restart
[4.945s] [ 93%] Built target tri_test
[5.153s] [ 96%] Built target lidar_c_api_test
[5.398s] [100%] Built target _ydlidar
[5.497s] Invoked command in '/home/sharmin/Desktop/iot/soccer_bot/build/ydlidar_sdk' returned '0': /usr/bin/cmake --build /home/sharmin/Desktop/iot/soccer_bot/build/ydlidar_sdk -- -j2 -l2
[5.580s] Invoking command in '/home/sharmin/Desktop/iot/soccer_bot/build/ydlidar_sdk': /usr/bin/cmake --install /home/sharmin/Desktop/iot/soccer_bot/build/ydlidar_sdk
[5.660s] -- Install configuration: ""
[5.665s] -- Installing: /home/sharmin/Desktop/iot/soccer_bot/install/ydlidar_sdk/include/core/base/datatype.h
[5.666s] -- Installing: /home/sharmin/Desktop/iot/soccer_bot/install/ydlidar_sdk/include/core/base/locker.h
[5.670s] -- Installing: /home/sharmin/Desktop/iot/soccer_bot/install/ydlidar_sdk/include/core/base/thread.h
[5.671s] -- Installing: /home/sharmin/Desktop/iot/soccer_bot/install/ydlidar_sdk/include/core/base/timer.h
[5.672s] -- Installing: /home/sharmin/Desktop/iot/soccer_bot/install/ydlidar_sdk/include/core/base/typedef.h
[5.677s] -- Installing: /home/sharmin/Desktop/iot/soccer_bot/install/ydlidar_sdk/include/core/base/utils.h
[5.678s] -- Installing: /home/sharmin/Desktop/iot/soccer_bot/install/ydlidar_sdk/include/core/base/v8stdint.h
[5.680s] -- Installing: /home/sharmin/Desktop/iot/soccer_bot/install/ydlidar_sdk/include/core/base/ydlidar.h
[5.684s] -- Installing: /home/sharmin/Desktop/iot/soccer_bot/install/ydlidar_sdk/include/core/common/ChannelDevice.h
[5.687s] -- Installing: /home/sharmin/Desktop/iot/soccer_bot/install/ydlidar_sdk/include/core/common/DriverInterface.h
[5.689s] -- Installing: /home/sharmin/Desktop/iot/soccer_bot/install/ydlidar_sdk/include/core/common/YdDataStream.h
[5.691s] -- Installing: /home/sharmin/Desktop/iot/soccer_bot/install/ydlidar_sdk/include/core/common/ydlidar_datatype.h
[5.694s] -- Installing: /home/sharmin/Desktop/iot/soccer_bot/install/ydlidar_sdk/include/core/common/ydlidar_def.h
[5.698s] -- Installing: /home/sharmin/Desktop/iot/soccer_bot/install/ydlidar_sdk/include/core/common/ydlidar_help.h
[5.700s] -- Installing: /home/sharmin/Desktop/iot/soccer_bot/install/ydlidar_sdk/include/core/common/ydlidar_protocol.h
[5.703s] -- Installing: /home/sharmin/Desktop/iot/soccer_bot/install/ydlidar_sdk/include/core/json/cJSON.h
[5.706s] -- Installing: /home/sharmin/Desktop/iot/soccer_bot/install/ydlidar_sdk/include/core/math/angles.h
[5.711s] -- Installing: /home/sharmin/Desktop/iot/soccer_bot/install/ydlidar_sdk/include/core/network/ActiveSocket.h
[5.712s] -- Installing: /home/sharmin/Desktop/iot/soccer_bot/install/ydlidar_sdk/include/core/network/PassiveSocket.h
[5.716s] -- Installing: /home/sharmin/Desktop/iot/soccer_bot/install/ydlidar_sdk/include/core/network/SimpleSocket.h
[5.717s] -- Installing: /home/sharmin/Desktop/iot/soccer_bot/install/ydlidar_sdk/include/core/network/StatTimer.h
[5.720s] -- Installing: /home/sharmin/Desktop/iot/soccer_bot/install/ydlidar_sdk/include/core/serial/common.h
[5.723s] -- Installing: /home/sharmin/Desktop/iot/soccer_bot/install/ydlidar_sdk/include/core/serial/serial.h
[5.727s] -- Installing: /home/sharmin/Desktop/iot/soccer_bot/install/ydlidar_sdk/include/core/serial/impl/unix/lock.h
[5.729s] -- Installing: /home/sharmin/Desktop/iot/soccer_bot/install/ydlidar_sdk/include/core/serial/impl/unix/unix.h
[5.733s] -- Installing: /home/sharmin/Desktop/iot/soccer_bot/install/ydlidar_sdk/include/core/serial/impl/unix/unix_serial.h
[5.734s] -- Installing: /home/sharmin/Desktop/iot/soccer_bot/install/ydlidar_sdk/include/src/CYdLidar.h
[5.738s] -- Installing: /home/sharmin/Desktop/iot/soccer_bot/install/ydlidar_sdk/include/src/DTSLidarDriver.h
[5.740s] -- Installing: /home/sharmin/Desktop/iot/soccer_bot/install/ydlidar_sdk/include/src/ETLidarDriver.h
[5.743s] -- Installing: /home/sharmin/Desktop/iot/soccer_bot/install/ydlidar_sdk/include/src/GSLidarDriver.h
[5.745s] -- Installing: /home/sharmin/Desktop/iot/soccer_bot/install/ydlidar_sdk/include/src/SDMLidarDriver.h
[5.751s] -- Installing: /home/sharmin/Desktop/iot/soccer_bot/install/ydlidar_sdk/include/src/TiaLidarDriver.h
[5.754s] -- Installing: /home/sharmin/Desktop/iot/soccer_bot/install/ydlidar_sdk/include/src/YDlidarDriver.h
[5.755s] -- Installing: /home/sharmin/Desktop/iot/soccer_bot/install/ydlidar_sdk/include/src/ydlidar_sdk.h
[5.759s] -- Installing: /home/sharmin/Desktop/iot/soccer_bot/install/ydlidar_sdk/include/src/filters/FilterInterface.h
[5.761s] -- Installing: /home/sharmin/Desktop/iot/soccer_bot/install/ydlidar_sdk/include/src/filters/NoiseFilter.h
[5.766s] -- Installing: /home/sharmin/Desktop/iot/soccer_bot/install/ydlidar_sdk/include/src/filters/StrongLightFilter.h
[5.767s] -- Installing: /home/sharmin/Desktop/iot/soccer_bot/install/ydlidar_sdk/include/ydlidar_config.h
[5.770s] -- Installing: /home/sharmin/Desktop/iot/soccer_bot/install/ydlidar_sdk/lib/libydlidar_sdk.a
[5.794s] -- Installing: /home/sharmin/Desktop/iot/soccer_bot/install/ydlidar_sdk/lib/pkgconfig/YDLIDAR_SDK.pc
[5.799s] -- Installing: /home/sharmin/Desktop/iot/soccer_bot/install/ydlidar_sdk/lib/cmake/ydlidar_sdk/ydlidar_sdkConfig.cmake
[5.799s] -- Installing: /home/sharmin/Desktop/iot/soccer_bot/install/ydlidar_sdk/lib/cmake/ydlidar_sdk/ydlidar_sdkTargets.cmake
[5.799s] -- Installing: /home/sharmin/Desktop/iot/soccer_bot/install/ydlidar_sdk/lib/cmake/ydlidar_sdk/ydlidar_sdkConfigVersion.cmake
[5.807s] -- Installing: /home/sharmin/Desktop/iot/soccer_bot/install/ydlidar_sdk/share/YDLIDAR_SDK/FindYDLIDAR_SDK.cmake
[5.808s] -- Up-to-date: /home/sharmin/Desktop/iot/soccer_bot/install/ydlidar_sdk/share/YDLIDAR_SDK
[5.810s] -- Installing: /home/sharmin/Desktop/iot/soccer_bot/install/ydlidar_sdk/share/YDLIDAR_SDK/script_show_final_summary.cmake
[5.815s] -- Installing: /home/sharmin/Desktop/iot/soccer_bot/install/ydlidar_sdk/share/YDLIDAR_SDK/install_package.cmake
[5.816s] -- Installing: /home/sharmin/Desktop/iot/soccer_bot/install/ydlidar_sdk/share/YDLIDAR_SDK/cmake_uninstall.cmake.in
[5.820s] -- Installing: /home/sharmin/Desktop/iot/soccer_bot/install/ydlidar_sdk/share/YDLIDAR_SDK/FindPackage.cmake.in
[5.820s] -- Installing: /home/sharmin/Desktop/iot/soccer_bot/install/ydlidar_sdk/share/YDLIDAR_SDK/PackageConfig.cmake.in
[5.826s] -- Installing: /home/sharmin/Desktop/iot/soccer_bot/install/ydlidar_sdk/share/YDLIDAR_SDK/common
[5.827s] -- Installing: /home/sharmin/Desktop/iot/soccer_bot/install/ydlidar_sdk/share/YDLIDAR_SDK/common/ydlidar_base.cmake
[5.828s] -- Installing: /home/sharmin/Desktop/iot/soccer_bot/install/ydlidar_sdk/share/YDLIDAR_SDK/common/ydlidar_parse.cmake
[5.834s] -- Installing: /home/sharmin/Desktop/iot/soccer_bot/install/ydlidar_sdk/share/YDLIDAR_SDK/PkgConfig.pc.in
[5.835s] -- Installing: /home/sharmin/Desktop/iot/soccer_bot/install/ydlidar_sdk/share/YDLIDAR_SDK/PackageConfigVersion.cmake.in
[5.835s] -- Installing: /home/sharmin/Desktop/iot/soccer_bot/install/ydlidar_sdk/share/YDLIDAR_SDK/LICENSE.txt
[5.836s] -- Installing: /home/sharmin/Desktop/iot/soccer_bot/install/ydlidar_sdk/share/YDLIDAR_SDK/README.md
[5.840s] -- Installing: /home/sharmin/Desktop/iot/soccer_bot/install/ydlidar_sdk/share/YDLIDAR_SDK/doc
[5.841s] -- Installing: /home/sharmin/Desktop/iot/soccer_bot/install/ydlidar_sdk/share/YDLIDAR_SDK/doc/YDLidar-SDK-Communication-Protocol.html
[5.845s] -- Installing: /home/sharmin/Desktop/iot/soccer_bot/install/ydlidar_sdk/share/YDLIDAR_SDK/doc/FAQs
[5.845s] -- Installing: /home/sharmin/Desktop/iot/soccer_bot/install/ydlidar_sdk/share/YDLIDAR_SDK/doc/FAQs/Hardware_FAQs_cn.md
[5.846s] -- Installing: /home/sharmin/Desktop/iot/soccer_bot/install/ydlidar_sdk/share/YDLIDAR_SDK/doc/FAQs/Software_FAQs.md
[5.847s] -- Installing: /home/sharmin/Desktop/iot/soccer_bot/install/ydlidar_sdk/share/YDLIDAR_SDK/doc/FAQs/README.md
[5.851s] -- Installing: /home/sharmin/Desktop/iot/soccer_bot/install/ydlidar_sdk/share/YDLIDAR_SDK/doc/FAQs/General_FAQs_cn.md
[5.852s] -- Installing: /home/sharmin/Desktop/iot/soccer_bot/install/ydlidar_sdk/share/YDLIDAR_SDK/doc/FAQs/Software_FAQs_cn.md
[5.852s] -- Installing: /home/sharmin/Desktop/iot/soccer_bot/install/ydlidar_sdk/share/YDLIDAR_SDK/doc/FAQs/Hardware_FAQs.md
[5.853s] -- Installing: /home/sharmin/Desktop/iot/soccer_bot/install/ydlidar_sdk/share/YDLIDAR_SDK/doc/FAQs/General_FAQs.md
[5.858s] -- Installing: /home/sharmin/Desktop/iot/soccer_bot/install/ydlidar_sdk/share/YDLIDAR_SDK/doc/YDLidar_SDK_Communication_Protocol.pdf
[5.859s] -- Installing: /home/sharmin/Desktop/iot/soccer_bot/install/ydlidar_sdk/share/YDLIDAR_SDK/doc/README.md
[5.863s] -- Installing: /home/sharmin/Desktop/iot/soccer_bot/install/ydlidar_sdk/share/YDLIDAR_SDK/doc/Diagram.md
[5.864s] -- Installing: /home/sharmin/Desktop/iot/soccer_bot/install/ydlidar_sdk/share/YDLIDAR_SDK/doc/howto
[5.868s] -- Installing: /home/sharmin/Desktop/iot/soccer_bot/install/ydlidar_sdk/share/YDLIDAR_SDK/doc/howto/README.md
[5.869s] -- Installing: /home/sharmin/Desktop/iot/soccer_bot/install/ydlidar_sdk/share/YDLIDAR_SDK/doc/howto/how_to_solve_slow_pull_from_cn.md
[5.871s] -- Installing: /home/sharmin/Desktop/iot/soccer_bot/install/ydlidar_sdk/share/YDLIDAR_SDK/doc/howto/images
[5.873s] -- Installing: /home/sharmin/Desktop/iot/soccer_bot/install/ydlidar_sdk/share/YDLIDAR_SDK/doc/howto/images/csharp_exception.png
[5.874s] -- Installing: /home/sharmin/Desktop/iot/soccer_bot/install/ydlidar_sdk/share/YDLIDAR_SDK/doc/howto/images/csharp_running.png
[5.881s] -- Installing: /home/sharmin/Desktop/iot/soccer_bot/install/ydlidar_sdk/share/YDLIDAR_SDK/doc/howto/images/csharp_library.png
[5.883s] -- Installing: /home/sharmin/Desktop/iot/soccer_bot/install/ydlidar_sdk/share/YDLIDAR_SDK/doc/howto/images/ttyUSB1.png
[5.884s] -- Installing: /home/sharmin/Desktop/iot/soccer_bot/install/ydlidar_sdk/share/YDLIDAR_SDK/doc/howto/images/csharp_build.png
[5.886s] -- Installing: /home/sharmin/Desktop/iot/soccer_bot/install/ydlidar_sdk/share/YDLIDAR_SDK/doc/howto/images/sdk_init.png
[5.890s] -- Installing: /home/sharmin/Desktop/iot/soccer_bot/install/ydlidar_sdk/share/YDLIDAR_SDK/doc/howto/images/sdk_scanning.png
[5.891s] -- Installing: /home/sharmin/Desktop/iot/soccer_bot/install/ydlidar_sdk/share/YDLIDAR_SDK/doc/howto/images/vscode
[5.896s] -- Installing: /home/sharmin/Desktop/iot/soccer_bot/install/ydlidar_sdk/share/YDLIDAR_SDK/doc/howto/images/vscode/run_tasks.jpg
[5.903s] -- Installing: /home/sharmin/Desktop/iot/soccer_bot/install/ydlidar_sdk/share/YDLIDAR_SDK/doc/howto/images/vscode/tasks.png
[5.914s] -- Installing: /home/sharmin/Desktop/iot/soccer_bot/install/ydlidar_sdk/share/YDLIDAR_SDK/doc/howto/images/ttyUSB0.png
[5.917s] -- Installing: /home/sharmin/Desktop/iot/soccer_bot/install/ydlidar_sdk/share/YDLIDAR_SDK/doc/howto/images/sequence.png
[5.919s] -- Installing: /home/sharmin/Desktop/iot/soccer_bot/install/ydlidar_sdk/share/YDLIDAR_SDK/doc/howto/images/csharp_project.png
[5.920s] -- Installing: /home/sharmin/Desktop/iot/soccer_bot/install/ydlidar_sdk/share/YDLIDAR_SDK/doc/howto/images/cpack.png
[5.922s] -- Installing: /home/sharmin/Desktop/iot/soccer_bot/install/ydlidar_sdk/share/YDLIDAR_SDK/doc/howto/images/ydlidar_lidar_monitor.png
[5.929s] -- Installing: /home/sharmin/Desktop/iot/soccer_bot/install/ydlidar_sdk/share/YDLIDAR_SDK/doc/howto/how_to_build_and_debug_using_vscode.md
[5.929s] -- Installing: /home/sharmin/Desktop/iot/soccer_bot/install/ydlidar_sdk/share/YDLIDAR_SDK/doc/howto/how_to_build_and_install.md
[5.931s] -- Installing: /home/sharmin/Desktop/iot/soccer_bot/install/ydlidar_sdk/share/YDLIDAR_SDK/doc/howto/how_to_create_a_csharp_project.md
[5.935s] -- Installing: /home/sharmin/Desktop/iot/soccer_bot/install/ydlidar_sdk/share/YDLIDAR_SDK/doc/howto/how_to_create_a_pull.md
[5.936s] -- Installing: /home/sharmin/Desktop/iot/soccer_bot/install/ydlidar_sdk/share/YDLIDAR_SDK/doc/howto/how_to_gerenrate_vs_project_by_cmake.md
[5.938s] -- Installing: /home/sharmin/Desktop/iot/soccer_bot/install/ydlidar_sdk/share/YDLIDAR_SDK/doc/howto/how_to_create_a_udev_rules.md
[5.941s] -- Installing: /home/sharmin/Desktop/iot/soccer_bot/install/ydlidar_sdk/share/YDLIDAR_SDK/doc/tutorials
[5.942s] -- Installing: /home/sharmin/Desktop/iot/soccer_bot/install/ydlidar_sdk/share/YDLIDAR_SDK/doc/tutorials/writing_lidar_tutorial_c++.md
[5.945s] -- Installing: /home/sharmin/Desktop/iot/soccer_bot/install/ydlidar_sdk/share/YDLIDAR_SDK/doc/tutorials/writing_lidar_tutorial_c.md
[5.945s] -- Installing: /home/sharmin/Desktop/iot/soccer_bot/install/ydlidar_sdk/share/YDLIDAR_SDK/doc/tutorials/writing_lidar_network_adapter_tutorial_c++.md
[5.950s] -- Installing: /home/sharmin/Desktop/iot/soccer_bot/install/ydlidar_sdk/share/YDLIDAR_SDK/doc/tutorials/examine_the_simple_lidar_tutorial.md
[5.950s] -- Installing: /home/sharmin/Desktop/iot/soccer_bot/install/ydlidar_sdk/share/YDLIDAR_SDK/doc/tutorials/writing_lidar_tutorial_python.md
[5.957s] -- Installing: /home/sharmin/Desktop/iot/soccer_bot/install/ydlidar_sdk/share/YDLIDAR_SDK/doc/YDLIDAR_SDK_API_for_Developers.md
[5.957s] -- Installing: /home/sharmin/Desktop/iot/soccer_bot/install/ydlidar_sdk/share/YDLIDAR_SDK/doc/Dataset.md
[5.958s] -- Installing: /home/sharmin/Desktop/iot/soccer_bot/install/ydlidar_sdk/share/YDLIDAR_SDK/doc/images
[5.964s] -- Installing: /home/sharmin/Desktop/iot/soccer_bot/install/ydlidar_sdk/share/YDLIDAR_SDK/doc/images/communication_mechanism.png
[5.967s] -- Installing: /home/sharmin/Desktop/iot/soccer_bot/install/ydlidar_sdk/share/YDLIDAR_SDK/doc/images/angle_q2.png
[5.968s] -- Installing: /home/sharmin/Desktop/iot/soccer_bot/install/ydlidar_sdk/share/YDLIDAR_SDK/doc/images/frame_intensity.png
[5.971s] -- Installing: /home/sharmin/Desktop/iot/soccer_bot/install/ydlidar_sdk/share/YDLIDAR_SDK/doc/images/sdk_architecture.png
[5.977s] -- Installing: /home/sharmin/Desktop/iot/soccer_bot/install/ydlidar_sdk/share/YDLIDAR_SDK/doc/images/frame.png
[5.978s] -- Installing: /home/sharmin/Desktop/iot/soccer_bot/install/ydlidar_sdk/share/YDLIDAR_SDK/doc/images/EAI.png
[5.979s] -- Installing: /home/sharmin/Desktop/iot/soccer_bot/install/ydlidar_sdk/share/YDLIDAR_SDK/doc/images/sdk_init.png
[5.984s] -- Installing: /home/sharmin/Desktop/iot/soccer_bot/install/ydlidar_sdk/share/YDLIDAR_SDK/doc/images/sdk_scanning.png
[5.986s] -- Installing: /home/sharmin/Desktop/iot/soccer_bot/install/ydlidar_sdk/share/YDLIDAR_SDK/doc/images/YDLidar.png
[5.990s] -- Installing: /home/sharmin/Desktop/iot/soccer_bot/install/ydlidar_sdk/share/YDLIDAR_SDK/doc/images/system_workflow.png
[5.991s] -- Installing: /home/sharmin/Desktop/iot/soccer_bot/install/ydlidar_sdk/share/YDLIDAR_SDK/doc/images/sequence.png
[5.995s] -- Installing: /home/sharmin/Desktop/iot/soccer_bot/install/ydlidar_sdk/share/YDLIDAR_SDK/doc/images/FlowChart.png
[5.996s] -- Installing: /home/sharmin/Desktop/iot/soccer_bot/install/ydlidar_sdk/share/YDLIDAR_SDK/doc/images/YDLidar.jpg
[6.002s] -- Installing: /home/sharmin/Desktop/iot/soccer_bot/install/ydlidar_sdk/share/YDLIDAR_SDK/doc/Tutorials.md
[6.003s] -- Installing: /home/sharmin/Desktop/iot/soccer_bot/install/ydlidar_sdk/share/YDLIDAR_SDK/doc/quickstart
[6.004s] -- Installing: /home/sharmin/Desktop/iot/soccer_bot/install/ydlidar_sdk/share/YDLIDAR_SDK/doc/quickstart/README.md
[6.012s] -- Installing: /home/sharmin/Desktop/iot/soccer_bot/install/ydlidar_sdk/share/YDLIDAR_SDK/doc/quickstart/ydlidar_sdk_software_installation_guide.md
[6.012s] -- Installing: /home/sharmin/Desktop/iot/soccer_bot/install/ydlidar_sdk/share/YDLIDAR_SDK/doc/SDK.pdf
[6.027s] -- Installing: /home/sharmin/Desktop/iot/soccer_bot/install/ydlidar_sdk/share/YDLIDAR_SDK/doc/YDLidar-SDK-Communication-Protocol.md
[6.034s] -- Installing: /home/sharmin/Desktop/iot/soccer_bot/install/ydlidar_sdk/share/YDLIDAR_SDK/doc/YDLidar-SDK-Communication-Protocol.pdf
[6.036s] -- Installing: /home/sharmin/Desktop/iot/soccer_bot/install/ydlidar_sdk/startup/initenv.sh
[6.056s] -- Installing: /home/sharmin/Desktop/iot/soccer_bot/install/ydlidar_sdk/bin/et_test
[6.070s] -- Installing: /home/sharmin/Desktop/iot/soccer_bot/install/ydlidar_sdk/bin/gs_ota
[6.080s] -- Installing: /home/sharmin/Desktop/iot/soccer_bot/install/ydlidar_sdk/bin/gs_restart
[6.093s] -- Installing: /home/sharmin/Desktop/iot/soccer_bot/install/ydlidar_sdk/bin/gs_test
[6.103s] -- Installing: /home/sharmin/Desktop/iot/soccer_bot/install/ydlidar_sdk/bin/gs_test2
[6.116s] -- Installing: /home/sharmin/Desktop/iot/soccer_bot/install/ydlidar_sdk/bin/scl_test
[6.130s] -- Installing: /home/sharmin/Desktop/iot/soccer_bot/install/ydlidar_sdk/bin/sdm18_test
[6.139s] -- Installing: /home/sharmin/Desktop/iot/soccer_bot/install/ydlidar_sdk/bin/sdm_test
[6.152s] -- Installing: /home/sharmin/Desktop/iot/soccer_bot/install/ydlidar_sdk/bin/tea_test
[6.165s] -- Installing: /home/sharmin/Desktop/iot/soccer_bot/install/ydlidar_sdk/bin/tia_test
[6.177s] -- Installing: /home/sharmin/Desktop/iot/soccer_bot/install/ydlidar_sdk/bin/tmini-sh_test
[6.190s] -- Installing: /home/sharmin/Desktop/iot/soccer_bot/install/ydlidar_sdk/bin/tmini_test
[6.196s] -- Installing: /home/sharmin/Desktop/iot/soccer_bot/install/ydlidar_sdk/bin/tof_test
[6.215s] -- Installing: /home/sharmin/Desktop/iot/soccer_bot/install/ydlidar_sdk/bin/tri_and_gs_test
[6.224s] -- Installing: /home/sharmin/Desktop/iot/soccer_bot/install/ydlidar_sdk/bin/tri_restart
[6.232s] -- Installing: /home/sharmin/Desktop/iot/soccer_bot/install/ydlidar_sdk/bin/tri_test
[6.243s] -- Installing: /home/sharmin/Desktop/iot/soccer_bot/install/ydlidar_sdk/bin/lidar_c_api_test
[6.259s] -- Installing: /home/sharmin/Desktop/iot/soccer_bot/install/ydlidar_sdk/lib/python3/dist-packages/_ydlidar.so
[6.277s] -- Installing: /home/sharmin/Desktop/iot/soccer_bot/install/ydlidar_sdk/lib/python3/dist-packages/ydlidar.py
[6.279s] -- Installing: /home/sharmin/Desktop/iot/soccer_bot/install/ydlidar_sdk/bin/etlidar_test.py
[6.280s] -- Installing: /home/sharmin/Desktop/iot/soccer_bot/install/ydlidar_sdk/bin/gs_test.py
[6.285s] -- Installing: /home/sharmin/Desktop/iot/soccer_bot/install/ydlidar_sdk/bin/plot_tof_test.py
[6.286s] -- Installing: /home/sharmin/Desktop/iot/soccer_bot/install/ydlidar_sdk/bin/plot_ydlidar_test.py
[6.286s] -- Installing: /home/sharmin/Desktop/iot/soccer_bot/install/ydlidar_sdk/bin/tea_test.py
[6.294s] -- Installing: /home/sharmin/Desktop/iot/soccer_bot/install/ydlidar_sdk/bin/test.py
[6.295s] -- Installing: /home/sharmin/Desktop/iot/soccer_bot/install/ydlidar_sdk/bin/tminiplus_test.py
[6.295s] -- Installing: /home/sharmin/Desktop/iot/soccer_bot/install/ydlidar_sdk/bin/tof_test.py
[6.300s] -- Installing: /home/sharmin/Desktop/iot/soccer_bot/install/ydlidar_sdk/bin/tri_test.py
[6.310s] Invoked command in '/home/sharmin/Desktop/iot/soccer_bot/build/ydlidar_sdk' returned '0': /usr/bin/cmake --install /home/sharmin/Desktop/iot/soccer_bot/build/ydlidar_sdk
