[0.650s] DEBUG:colcon:Command line arguments: ['/usr/bin/colcon', 'build', '--packages-select', 'ydlidar_ros2_driver', 'soccer_vision', '--symlink-install']
[0.651s] DEBUG:colcon:Parsed command line arguments: Namespace(log_base=None, log_level=None, verb_name='build', build_base='build', install_base='install', merge_install=False, symlink_install=True, test_result_base=None, continue_on_error=False, executor='parallel', parallel_workers=2, event_handlers=None, ignore_user_meta=False, metas=['./colcon.meta'], base_paths=['.'], packages_ignore=None, packages_ignore_regex=None, paths=None, packages_up_to=None, packages_up_to_regex=None, packages_above=None, packages_above_and_dependencies=None, packages_above_depth=None, packages_select_by_dep=None, packages_skip_by_dep=None, packages_skip_up_to=None, packages_select_build_failed=False, packages_skip_build_finished=False, packages_select_test_failures=False, packages_skip_test_passed=False, packages_select=['ydlidar_ros2_driver', 'soccer_vision'], packages_skip=None, packages_select_regex=None, packages_skip_regex=None, packages_start=None, packages_end=None, allow_overriding=[], cmake_args=None, cmake_target=None, cmake_target_skip_unavailable=False, cmake_clean_cache=False, cmake_clean_first=False, cmake_force_configure=False, ament_cmake_args=None, catkin_cmake_args=None, catkin_skip_building_tests=False, verb_parser=<colcon_defaults.argument_parser.defaults.DefaultArgumentsDecorator object at 0x7348875c93d0>, verb_extension=<colcon_core.verb.build.BuildVerb object at 0x7348875c8c20>, main=<bound method BuildVerb.main of <colcon_core.verb.build.BuildVerb object at 0x7348875c8c20>>)
[0.838s] Level 1:colcon.colcon_core.package_discovery:discover_packages(colcon_meta) check parameters
[0.839s] Level 1:colcon.colcon_core.package_discovery:discover_packages(recursive) check parameters
[0.839s] Level 1:colcon.colcon_core.package_discovery:discover_packages(ignore) check parameters
[0.839s] Level 1:colcon.colcon_core.package_discovery:discover_packages(path) check parameters
[0.839s] Level 1:colcon.colcon_core.package_discovery:discover_packages(colcon_meta) discover
[0.840s] Level 1:colcon.colcon_core.package_discovery:discover_packages(recursive) discover
[0.840s] INFO:colcon.colcon_core.package_discovery:Crawling recursively for packages in '/home/sharmin/Desktop/iot/soccer_bot'
[0.840s] Level 1:colcon.colcon_core.package_identification:_identify(.) by extensions ['ignore', 'ignore_ament_install']
[0.841s] Level 1:colcon.colcon_core.package_identification:_identify(.) by extension 'ignore'
[0.841s] Level 1:colcon.colcon_core.package_identification:_identify(.) by extension 'ignore_ament_install'
[0.841s] Level 1:colcon.colcon_core.package_identification:_identify(.) by extensions ['colcon_pkg']
[0.841s] Level 1:colcon.colcon_core.package_identification:_identify(.) by extension 'colcon_pkg'
[0.842s] Level 1:colcon.colcon_core.package_identification:_identify(.) by extensions ['colcon_meta']
[0.842s] Level 1:colcon.colcon_core.package_identification:_identify(.) by extension 'colcon_meta'
[0.842s] Level 1:colcon.colcon_core.package_identification:_identify(.) by extensions ['ros']
[0.842s] Level 1:colcon.colcon_core.package_identification:_identify(.) by extension 'ros'
[0.967s] Level 1:colcon.colcon_core.package_identification:_identify(.) by extensions ['cmake', 'python']
[0.967s] Level 1:colcon.colcon_core.package_identification:_identify(.) by extension 'cmake'
[0.968s] Level 1:colcon.colcon_core.package_identification:_identify(.) by extension 'python'
[0.968s] Level 1:colcon.colcon_core.package_identification:_identify(.) by extensions ['python_setup_py']
[0.968s] Level 1:colcon.colcon_core.package_identification:_identify(.) by extension 'python_setup_py'
[0.968s] Level 1:colcon.colcon_core.package_identification:_identify(build) by extensions ['ignore', 'ignore_ament_install']
[0.969s] Level 1:colcon.colcon_core.package_identification:_identify(build) by extension 'ignore'
[0.969s] Level 1:colcon.colcon_core.package_identification:_identify(build) ignored
[0.969s] Level 1:colcon.colcon_core.package_identification:_identify(docs) by extensions ['ignore', 'ignore_ament_install']
[0.970s] Level 1:colcon.colcon_core.package_identification:_identify(docs) by extension 'ignore'
[0.970s] Level 1:colcon.colcon_core.package_identification:_identify(docs) by extension 'ignore_ament_install'
[0.970s] Level 1:colcon.colcon_core.package_identification:_identify(docs) by extensions ['colcon_pkg']
[0.970s] Level 1:colcon.colcon_core.package_identification:_identify(docs) by extension 'colcon_pkg'
[0.970s] Level 1:colcon.colcon_core.package_identification:_identify(docs) by extensions ['colcon_meta']
[0.971s] Level 1:colcon.colcon_core.package_identification:_identify(docs) by extension 'colcon_meta'
[0.971s] Level 1:colcon.colcon_core.package_identification:_identify(docs) by extensions ['ros']
[0.971s] Level 1:colcon.colcon_core.package_identification:_identify(docs) by extension 'ros'
[0.971s] Level 1:colcon.colcon_core.package_identification:_identify(docs) by extensions ['cmake', 'python']
[0.971s] Level 1:colcon.colcon_core.package_identification:_identify(docs) by extension 'cmake'
[0.972s] Level 1:colcon.colcon_core.package_identification:_identify(docs) by extension 'python'
[0.972s] Level 1:colcon.colcon_core.package_identification:_identify(docs) by extensions ['python_setup_py']
[0.972s] Level 1:colcon.colcon_core.package_identification:_identify(docs) by extension 'python_setup_py'
[0.972s] Level 1:colcon.colcon_core.package_identification:_identify(install) by extensions ['ignore', 'ignore_ament_install']
[0.973s] Level 1:colcon.colcon_core.package_identification:_identify(install) by extension 'ignore'
[0.973s] Level 1:colcon.colcon_core.package_identification:_identify(install) ignored
[0.973s] Level 1:colcon.colcon_core.package_identification:_identify(log) by extensions ['ignore', 'ignore_ament_install']
[0.973s] Level 1:colcon.colcon_core.package_identification:_identify(log) by extension 'ignore'
[0.974s] Level 1:colcon.colcon_core.package_identification:_identify(log) ignored
[0.974s] Level 1:colcon.colcon_core.package_identification:_identify(scripts) by extensions ['ignore', 'ignore_ament_install']
[0.974s] Level 1:colcon.colcon_core.package_identification:_identify(scripts) by extension 'ignore'
[0.975s] Level 1:colcon.colcon_core.package_identification:_identify(scripts) by extension 'ignore_ament_install'
[0.975s] Level 1:colcon.colcon_core.package_identification:_identify(scripts) by extensions ['colcon_pkg']
[0.975s] Level 1:colcon.colcon_core.package_identification:_identify(scripts) by extension 'colcon_pkg'
[0.975s] Level 1:colcon.colcon_core.package_identification:_identify(scripts) by extensions ['colcon_meta']
[0.975s] Level 1:colcon.colcon_core.package_identification:_identify(scripts) by extension 'colcon_meta'
[0.975s] Level 1:colcon.colcon_core.package_identification:_identify(scripts) by extensions ['ros']
[0.975s] Level 1:colcon.colcon_core.package_identification:_identify(scripts) by extension 'ros'
[0.976s] Level 1:colcon.colcon_core.package_identification:_identify(scripts) by extensions ['cmake', 'python']
[0.976s] Level 1:colcon.colcon_core.package_identification:_identify(scripts) by extension 'cmake'
[0.976s] Level 1:colcon.colcon_core.package_identification:_identify(scripts) by extension 'python'
[0.976s] Level 1:colcon.colcon_core.package_identification:_identify(scripts) by extensions ['python_setup_py']
[0.976s] Level 1:colcon.colcon_core.package_identification:_identify(scripts) by extension 'python_setup_py'
[0.977s] Level 1:colcon.colcon_core.package_identification:_identify(scripts/soccer_bot_docker) by extensions ['ignore', 'ignore_ament_install']
[0.977s] Level 1:colcon.colcon_core.package_identification:_identify(scripts/soccer_bot_docker) by extension 'ignore'
[0.977s] Level 1:colcon.colcon_core.package_identification:_identify(scripts/soccer_bot_docker) by extension 'ignore_ament_install'
[0.978s] Level 1:colcon.colcon_core.package_identification:_identify(scripts/soccer_bot_docker) by extensions ['colcon_pkg']
[0.978s] Level 1:colcon.colcon_core.package_identification:_identify(scripts/soccer_bot_docker) by extension 'colcon_pkg'
[0.978s] Level 1:colcon.colcon_core.package_identification:_identify(scripts/soccer_bot_docker) by extensions ['colcon_meta']
[0.978s] Level 1:colcon.colcon_core.package_identification:_identify(scripts/soccer_bot_docker) by extension 'colcon_meta'
[0.978s] Level 1:colcon.colcon_core.package_identification:_identify(scripts/soccer_bot_docker) by extensions ['ros']
[0.978s] Level 1:colcon.colcon_core.package_identification:_identify(scripts/soccer_bot_docker) by extension 'ros'
[0.979s] Level 1:colcon.colcon_core.package_identification:_identify(scripts/soccer_bot_docker) by extensions ['cmake', 'python']
[0.979s] Level 1:colcon.colcon_core.package_identification:_identify(scripts/soccer_bot_docker) by extension 'cmake'
[0.979s] Level 1:colcon.colcon_core.package_identification:_identify(scripts/soccer_bot_docker) by extension 'python'
[0.979s] Level 1:colcon.colcon_core.package_identification:_identify(scripts/soccer_bot_docker) by extensions ['python_setup_py']
[0.979s] Level 1:colcon.colcon_core.package_identification:_identify(scripts/soccer_bot_docker) by extension 'python_setup_py'
[0.980s] Level 1:colcon.colcon_core.package_identification:_identify(src) by extensions ['ignore', 'ignore_ament_install']
[0.980s] Level 1:colcon.colcon_core.package_identification:_identify(src) by extension 'ignore'
[0.980s] Level 1:colcon.colcon_core.package_identification:_identify(src) by extension 'ignore_ament_install'
[0.980s] Level 1:colcon.colcon_core.package_identification:_identify(src) by extensions ['colcon_pkg']
[0.981s] Level 1:colcon.colcon_core.package_identification:_identify(src) by extension 'colcon_pkg'
[0.981s] Level 1:colcon.colcon_core.package_identification:_identify(src) by extensions ['colcon_meta']
[0.981s] Level 1:colcon.colcon_core.package_identification:_identify(src) by extension 'colcon_meta'
[0.981s] Level 1:colcon.colcon_core.package_identification:_identify(src) by extensions ['ros']
[0.981s] Level 1:colcon.colcon_core.package_identification:_identify(src) by extension 'ros'
[0.982s] Level 1:colcon.colcon_core.package_identification:_identify(src) by extensions ['cmake', 'python']
[0.982s] Level 1:colcon.colcon_core.package_identification:_identify(src) by extension 'cmake'
[0.982s] Level 1:colcon.colcon_core.package_identification:_identify(src) by extension 'python'
[0.982s] Level 1:colcon.colcon_core.package_identification:_identify(src) by extensions ['python_setup_py']
[0.982s] Level 1:colcon.colcon_core.package_identification:_identify(src) by extension 'python_setup_py'
[0.983s] Level 1:colcon.colcon_core.package_identification:_identify(src/YDLidar-SDK) by extensions ['ignore', 'ignore_ament_install']
[0.983s] Level 1:colcon.colcon_core.package_identification:_identify(src/YDLidar-SDK) by extension 'ignore'
[0.983s] Level 1:colcon.colcon_core.package_identification:_identify(src/YDLidar-SDK) by extension 'ignore_ament_install'
[0.983s] Level 1:colcon.colcon_core.package_identification:_identify(src/YDLidar-SDK) by extensions ['colcon_pkg']
[0.984s] Level 1:colcon.colcon_core.package_identification:_identify(src/YDLidar-SDK) by extension 'colcon_pkg'
[0.984s] Level 1:colcon.colcon_core.package_identification:_identify(src/YDLidar-SDK) by extensions ['colcon_meta']
[0.984s] Level 1:colcon.colcon_core.package_identification:_identify(src/YDLidar-SDK) by extension 'colcon_meta'
[0.984s] Level 1:colcon.colcon_core.package_identification:_identify(src/YDLidar-SDK) by extensions ['ros']
[0.984s] Level 1:colcon.colcon_core.package_identification:_identify(src/YDLidar-SDK) by extension 'ros'
[0.985s] Level 1:colcon.colcon_core.package_identification:_identify(src/YDLidar-SDK) by extensions ['cmake', 'python']
[0.985s] Level 1:colcon.colcon_core.package_identification:_identify(src/YDLidar-SDK) by extension 'cmake'
[1.122s] Level 1:colcon.colcon_core.package_identification:_identify(src/YDLidar-SDK) by extension 'python'
[1.123s] DEBUG:colcon.colcon_core.package_identification:Package 'src/YDLidar-SDK' with type 'cmake' and name 'ydlidar_sdk'
[1.123s] Level 1:colcon.colcon_core.package_identification:_identify(src/camera_vision) by extensions ['ignore', 'ignore_ament_install']
[1.123s] Level 1:colcon.colcon_core.package_identification:_identify(src/camera_vision) by extension 'ignore'
[1.123s] Level 1:colcon.colcon_core.package_identification:_identify(src/camera_vision) by extension 'ignore_ament_install'
[1.124s] Level 1:colcon.colcon_core.package_identification:_identify(src/camera_vision) by extensions ['colcon_pkg']
[1.124s] Level 1:colcon.colcon_core.package_identification:_identify(src/camera_vision) by extension 'colcon_pkg'
[1.124s] Level 1:colcon.colcon_core.package_identification:_identify(src/camera_vision) by extensions ['colcon_meta']
[1.124s] Level 1:colcon.colcon_core.package_identification:_identify(src/camera_vision) by extension 'colcon_meta'
[1.124s] Level 1:colcon.colcon_core.package_identification:_identify(src/camera_vision) by extensions ['ros']
[1.124s] Level 1:colcon.colcon_core.package_identification:_identify(src/camera_vision) by extension 'ros'
[1.125s] Level 1:colcon.colcon_core.package_identification:_identify(src/camera_vision) by extensions ['cmake', 'python']
[1.125s] Level 1:colcon.colcon_core.package_identification:_identify(src/camera_vision) by extension 'cmake'
[1.125s] Level 1:colcon.colcon_core.package_identification:_identify(src/camera_vision) by extension 'python'
[1.125s] Level 1:colcon.colcon_core.package_identification:_identify(src/camera_vision) by extensions ['python_setup_py']
[1.125s] Level 1:colcon.colcon_core.package_identification:_identify(src/camera_vision) by extension 'python_setup_py'
[1.126s] Level 1:colcon.colcon_core.package_identification:_identify(src/core_brain) by extensions ['ignore', 'ignore_ament_install']
[1.126s] Level 1:colcon.colcon_core.package_identification:_identify(src/core_brain) by extension 'ignore'
[1.126s] Level 1:colcon.colcon_core.package_identification:_identify(src/core_brain) by extension 'ignore_ament_install'
[1.127s] Level 1:colcon.colcon_core.package_identification:_identify(src/core_brain) by extensions ['colcon_pkg']
[1.127s] Level 1:colcon.colcon_core.package_identification:_identify(src/core_brain) by extension 'colcon_pkg'
[1.127s] Level 1:colcon.colcon_core.package_identification:_identify(src/core_brain) by extensions ['colcon_meta']
[1.127s] Level 1:colcon.colcon_core.package_identification:_identify(src/core_brain) by extension 'colcon_meta'
[1.127s] Level 1:colcon.colcon_core.package_identification:_identify(src/core_brain) by extensions ['ros']
[1.127s] Level 1:colcon.colcon_core.package_identification:_identify(src/core_brain) by extension 'ros'
[1.128s] Level 1:colcon.colcon_core.package_identification:_identify(src/core_brain) by extensions ['cmake', 'python']
[1.128s] Level 1:colcon.colcon_core.package_identification:_identify(src/core_brain) by extension 'cmake'
[1.128s] Level 1:colcon.colcon_core.package_identification:_identify(src/core_brain) by extension 'python'
[1.128s] Level 1:colcon.colcon_core.package_identification:_identify(src/core_brain) by extensions ['python_setup_py']
[1.128s] Level 1:colcon.colcon_core.package_identification:_identify(src/core_brain) by extension 'python_setup_py'
[1.129s] Level 1:colcon.colcon_core.package_identification:_identify(src/motor_control) by extensions ['ignore', 'ignore_ament_install']
[1.129s] Level 1:colcon.colcon_core.package_identification:_identify(src/motor_control) by extension 'ignore'
[1.129s] Level 1:colcon.colcon_core.package_identification:_identify(src/motor_control) by extension 'ignore_ament_install'
[1.130s] Level 1:colcon.colcon_core.package_identification:_identify(src/motor_control) by extensions ['colcon_pkg']
[1.130s] Level 1:colcon.colcon_core.package_identification:_identify(src/motor_control) by extension 'colcon_pkg'
[1.130s] Level 1:colcon.colcon_core.package_identification:_identify(src/motor_control) by extensions ['colcon_meta']
[1.130s] Level 1:colcon.colcon_core.package_identification:_identify(src/motor_control) by extension 'colcon_meta'
[1.130s] Level 1:colcon.colcon_core.package_identification:_identify(src/motor_control) by extensions ['ros']
[1.130s] Level 1:colcon.colcon_core.package_identification:_identify(src/motor_control) by extension 'ros'
[1.131s] Level 1:colcon.colcon_core.package_identification:_identify(src/motor_control) by extensions ['cmake', 'python']
[1.131s] Level 1:colcon.colcon_core.package_identification:_identify(src/motor_control) by extension 'cmake'
[1.131s] Level 1:colcon.colcon_core.package_identification:_identify(src/motor_control) by extension 'python'
[1.131s] Level 1:colcon.colcon_core.package_identification:_identify(src/motor_control) by extensions ['python_setup_py']
[1.131s] Level 1:colcon.colcon_core.package_identification:_identify(src/motor_control) by extension 'python_setup_py'
[1.132s] Level 1:colcon.colcon_core.package_identification:_identify(src/soccer_navigation) by extensions ['ignore', 'ignore_ament_install']
[1.132s] Level 1:colcon.colcon_core.package_identification:_identify(src/soccer_navigation) by extension 'ignore'
[1.132s] Level 1:colcon.colcon_core.package_identification:_identify(src/soccer_navigation) by extension 'ignore_ament_install'
[1.132s] Level 1:colcon.colcon_core.package_identification:_identify(src/soccer_navigation) by extensions ['colcon_pkg']
[1.133s] Level 1:colcon.colcon_core.package_identification:_identify(src/soccer_navigation) by extension 'colcon_pkg'
[1.133s] Level 1:colcon.colcon_core.package_identification:_identify(src/soccer_navigation) by extensions ['colcon_meta']
[1.133s] Level 1:colcon.colcon_core.package_identification:_identify(src/soccer_navigation) by extension 'colcon_meta'
[1.133s] Level 1:colcon.colcon_core.package_identification:_identify(src/soccer_navigation) by extensions ['ros']
[1.133s] Level 1:colcon.colcon_core.package_identification:_identify(src/soccer_navigation) by extension 'ros'
[1.141s] DEBUG:colcon.colcon_core.package_identification:Package 'src/soccer_navigation' with type 'ros.ament_python' and name 'soccer_navigation'
[1.142s] Level 1:colcon.colcon_core.package_identification:_identify(src/soccer_vision) by extensions ['ignore', 'ignore_ament_install']
[1.142s] Level 1:colcon.colcon_core.package_identification:_identify(src/soccer_vision) by extension 'ignore'
[1.142s] Level 1:colcon.colcon_core.package_identification:_identify(src/soccer_vision) by extension 'ignore_ament_install'
[1.143s] Level 1:colcon.colcon_core.package_identification:_identify(src/soccer_vision) by extensions ['colcon_pkg']
[1.143s] Level 1:colcon.colcon_core.package_identification:_identify(src/soccer_vision) by extension 'colcon_pkg'
[1.143s] Level 1:colcon.colcon_core.package_identification:_identify(src/soccer_vision) by extensions ['colcon_meta']
[1.143s] Level 1:colcon.colcon_core.package_identification:_identify(src/soccer_vision) by extension 'colcon_meta'
[1.143s] Level 1:colcon.colcon_core.package_identification:_identify(src/soccer_vision) by extensions ['ros']
[1.143s] Level 1:colcon.colcon_core.package_identification:_identify(src/soccer_vision) by extension 'ros'
[1.146s] DEBUG:colcon.colcon_core.package_identification:Package 'src/soccer_vision' with type 'ros.ament_python' and name 'soccer_vision'
[1.147s] Level 1:colcon.colcon_core.package_identification:_identify(src/ydlidar_ros2_driver) by extensions ['ignore', 'ignore_ament_install']
[1.147s] Level 1:colcon.colcon_core.package_identification:_identify(src/ydlidar_ros2_driver) by extension 'ignore'
[1.147s] Level 1:colcon.colcon_core.package_identification:_identify(src/ydlidar_ros2_driver) by extension 'ignore_ament_install'
[1.148s] Level 1:colcon.colcon_core.package_identification:_identify(src/ydlidar_ros2_driver) by extensions ['colcon_pkg']
[1.148s] Level 1:colcon.colcon_core.package_identification:_identify(src/ydlidar_ros2_driver) by extension 'colcon_pkg'
[1.148s] Level 1:colcon.colcon_core.package_identification:_identify(src/ydlidar_ros2_driver) by extensions ['colcon_meta']
[1.148s] Level 1:colcon.colcon_core.package_identification:_identify(src/ydlidar_ros2_driver) by extension 'colcon_meta'
[1.149s] Level 1:colcon.colcon_core.package_identification:_identify(src/ydlidar_ros2_driver) by extensions ['ros']
[1.149s] Level 1:colcon.colcon_core.package_identification:_identify(src/ydlidar_ros2_driver) by extension 'ros'
[1.152s] DEBUG:colcon.colcon_core.package_identification:Package 'src/ydlidar_ros2_driver' with type 'ros.ament_cmake' and name 'ydlidar_ros2_driver'
[1.152s] Level 1:colcon.colcon_core.package_discovery:discover_packages(recursive) using defaults
[1.153s] Level 1:colcon.colcon_core.package_discovery:discover_packages(ignore) discover
[1.153s] Level 1:colcon.colcon_core.package_discovery:discover_packages(ignore) using defaults
[1.153s] Level 1:colcon.colcon_core.package_discovery:discover_packages(path) discover
[1.153s] Level 1:colcon.colcon_core.package_discovery:discover_packages(path) using defaults
[1.234s] INFO:colcon.colcon_core.package_selection:Skipping not selected package 'soccer_navigation' in 'src/soccer_navigation'
[1.235s] INFO:colcon.colcon_core.package_selection:Skipping not selected package 'ydlidar_sdk' in 'src/YDLidar-SDK'
[1.236s] Level 1:colcon.colcon_core.package_discovery:discover_packages(prefix_path) check parameters
[1.237s] Level 1:colcon.colcon_core.package_discovery:discover_packages(prefix_path) discover
[1.253s] DEBUG:colcon.colcon_installed_package_information.package_discovery:Found 287 installed packages in /opt/ros/jazzy
[1.261s] Level 1:colcon.colcon_core.package_discovery:discover_packages(prefix_path) using defaults
[1.532s] Level 5:colcon.colcon_core.verb:set package 'soccer_vision' build argument 'cmake_args' from command line to 'None'
[1.533s] Level 5:colcon.colcon_core.verb:set package 'soccer_vision' build argument 'cmake_target' from command line to 'None'
[1.533s] Level 5:colcon.colcon_core.verb:set package 'soccer_vision' build argument 'cmake_target_skip_unavailable' from command line to 'False'
[1.533s] Level 5:colcon.colcon_core.verb:set package 'soccer_vision' build argument 'cmake_clean_cache' from command line to 'False'
[1.533s] Level 5:colcon.colcon_core.verb:set package 'soccer_vision' build argument 'cmake_clean_first' from command line to 'False'
[1.533s] Level 5:colcon.colcon_core.verb:set package 'soccer_vision' build argument 'cmake_force_configure' from command line to 'False'
[1.533s] Level 5:colcon.colcon_core.verb:set package 'soccer_vision' build argument 'ament_cmake_args' from command line to 'None'
[1.533s] Level 5:colcon.colcon_core.verb:set package 'soccer_vision' build argument 'catkin_cmake_args' from command line to 'None'
[1.533s] Level 5:colcon.colcon_core.verb:set package 'soccer_vision' build argument 'catkin_skip_building_tests' from command line to 'False'
[1.535s] DEBUG:colcon.colcon_core.verb:Building package 'soccer_vision' with the following arguments: {'ament_cmake_args': None, 'build_base': '/home/sharmin/Desktop/iot/soccer_bot/build/soccer_vision', 'catkin_cmake_args': None, 'catkin_skip_building_tests': False, 'cmake_args': None, 'cmake_clean_cache': False, 'cmake_clean_first': False, 'cmake_force_configure': False, 'cmake_target': None, 'cmake_target_skip_unavailable': False, 'install_base': '/home/sharmin/Desktop/iot/soccer_bot/install/soccer_vision', 'merge_install': False, 'path': '/home/sharmin/Desktop/iot/soccer_bot/src/soccer_vision', 'symlink_install': True, 'test_result_base': None}
[1.536s] Level 5:colcon.colcon_core.verb:set package 'ydlidar_ros2_driver' build argument 'cmake_args' from command line to 'None'
[1.537s] Level 5:colcon.colcon_core.verb:set package 'ydlidar_ros2_driver' build argument 'cmake_target' from command line to 'None'
[1.537s] Level 5:colcon.colcon_core.verb:set package 'ydlidar_ros2_driver' build argument 'cmake_target_skip_unavailable' from command line to 'False'
[1.537s] Level 5:colcon.colcon_core.verb:set package 'ydlidar_ros2_driver' build argument 'cmake_clean_cache' from command line to 'False'
[1.537s] Level 5:colcon.colcon_core.verb:set package 'ydlidar_ros2_driver' build argument 'cmake_clean_first' from command line to 'False'
[1.537s] Level 5:colcon.colcon_core.verb:set package 'ydlidar_ros2_driver' build argument 'cmake_force_configure' from command line to 'False'
[1.537s] Level 5:colcon.colcon_core.verb:set package 'ydlidar_ros2_driver' build argument 'ament_cmake_args' from command line to 'None'
[1.537s] Level 5:colcon.colcon_core.verb:set package 'ydlidar_ros2_driver' build argument 'catkin_cmake_args' from command line to 'None'
[1.537s] Level 5:colcon.colcon_core.verb:set package 'ydlidar_ros2_driver' build argument 'catkin_skip_building_tests' from command line to 'False'
[1.538s] DEBUG:colcon.colcon_core.verb:Building package 'ydlidar_ros2_driver' with the following arguments: {'ament_cmake_args': None, 'build_base': '/home/sharmin/Desktop/iot/soccer_bot/build/ydlidar_ros2_driver', 'catkin_cmake_args': None, 'catkin_skip_building_tests': False, 'cmake_args': None, 'cmake_clean_cache': False, 'cmake_clean_first': False, 'cmake_force_configure': False, 'cmake_target': None, 'cmake_target_skip_unavailable': False, 'install_base': '/home/sharmin/Desktop/iot/soccer_bot/install/ydlidar_ros2_driver', 'merge_install': False, 'path': '/home/sharmin/Desktop/iot/soccer_bot/src/ydlidar_ros2_driver', 'symlink_install': True, 'test_result_base': None}
[1.538s] INFO:colcon.colcon_core.executor:Executing jobs using 'parallel' executor
[1.541s] DEBUG:colcon.colcon_parallel_executor.executor.parallel:run_until_complete
[1.543s] INFO:colcon.colcon_ros.task.ament_python.build:Building ROS package in '/home/sharmin/Desktop/iot/soccer_bot/src/soccer_vision' with build type 'ament_python'
[1.543s] Level 1:colcon.colcon_core.shell:create_environment_hook('soccer_vision', 'ament_prefix_path')
[1.557s] INFO:colcon.colcon_core.plugin_system:Skipping extension 'colcon_core.shell.bat': Not used on non-Windows systems
[1.558s] INFO:colcon.colcon_core.shell:Creating environment hook '/home/sharmin/Desktop/iot/soccer_bot/install/soccer_vision/share/soccer_vision/hook/ament_prefix_path.ps1'
[1.561s] INFO:colcon.colcon_core.shell:Creating environment descriptor '/home/sharmin/Desktop/iot/soccer_bot/install/soccer_vision/share/soccer_vision/hook/ament_prefix_path.dsv'
[1.563s] INFO:colcon.colcon_core.shell:Creating environment hook '/home/sharmin/Desktop/iot/soccer_bot/install/soccer_vision/share/soccer_vision/hook/ament_prefix_path.sh'
[1.567s] INFO:colcon.colcon_core.shell:Skip shell extension 'powershell' for command environment: Not usable outside of PowerShell
[1.567s] DEBUG:colcon.colcon_core.shell:Skip shell extension 'dsv' for command environment
[1.588s] INFO:colcon.colcon_ros.task.ament_cmake.build:Building ROS package in '/home/sharmin/Desktop/iot/soccer_bot/src/ydlidar_ros2_driver' with build type 'ament_cmake'
[1.589s] INFO:colcon.colcon_cmake.task.cmake.build:Building CMake package in '/home/sharmin/Desktop/iot/soccer_bot/src/ydlidar_ros2_driver'
[1.591s] INFO:colcon.colcon_core.shell:Skip shell extension 'powershell' for command environment: Not usable outside of PowerShell
[1.593s] DEBUG:colcon.colcon_core.shell:Skip shell extension 'dsv' for command environment
[3.733s] INFO:colcon.colcon_core.task.python.build:Building Python package in '/home/sharmin/Desktop/iot/soccer_bot/src/soccer_vision'
[3.734s] INFO:colcon.colcon_core.shell:Skip shell extension 'powershell' for command environment: Not usable outside of PowerShell
[3.734s] DEBUG:colcon.colcon_core.shell:Skip shell extension 'dsv' for command environment
[3.788s] DEBUG:colcon.colcon_core.event_handler.log_command:Invoking command in '/home/sharmin/Desktop/iot/soccer_bot/build/ydlidar_ros2_driver': CMAKE_PREFIX_PATH=${CMAKE_PREFIX_PATH}:/opt/ros/jazzy /usr/bin/cmake /home/sharmin/Desktop/iot/soccer_bot/src/ydlidar_ros2_driver -DAMENT_CMAKE_SYMLINK_INSTALL=1 -DCMAKE_INSTALL_PREFIX=/home/sharmin/Desktop/iot/soccer_bot/install/ydlidar_ros2_driver
[11.625s] DEBUG:colcon.colcon_core.event_handler.log_command:Invoked command in '/home/sharmin/Desktop/iot/soccer_bot/build/ydlidar_ros2_driver' returned '0': CMAKE_PREFIX_PATH=${CMAKE_PREFIX_PATH}:/opt/ros/jazzy /usr/bin/cmake /home/sharmin/Desktop/iot/soccer_bot/src/ydlidar_ros2_driver -DAMENT_CMAKE_SYMLINK_INSTALL=1 -DCMAKE_INSTALL_PREFIX=/home/sharmin/Desktop/iot/soccer_bot/install/ydlidar_ros2_driver
[11.627s] DEBUG:colcon.colcon_core.event_handler.log_command:Invoking command in '/home/sharmin/Desktop/iot/soccer_bot/build/ydlidar_ros2_driver': CMAKE_PREFIX_PATH=${CMAKE_PREFIX_PATH}:/opt/ros/jazzy /usr/bin/cmake --build /home/sharmin/Desktop/iot/soccer_bot/build/ydlidar_ros2_driver -- -j2 -l2
[13.359s] DEBUG:colcon.colcon_core.task.python.build:Available setuptools commands: develop, install_lib, bdist_dumb, build_ext, sdist, alias, bdist_egg, upload_docs, editable_wheel, saveopts, easy_install, clean, install, install_data, compile_catalog, bdist_rpm, bdist, setopt, build, build_clib, bdist_wheel, egg_info, symlink_data, register, init_catalog, extract_messages, install_headers, build_scripts, dist_info, upload, test, install_egg_info, install_scripts, rotate, build_py, update_catalog, check
[17.941s] DEBUG:colcon.colcon_core.task.python.build:Available setuptools 'develop' options: --build-directory, --allow-hosts, --upgrade, --multi-version, --verbose, --quiet, --index-url, --no-deps, --site-dirs, --version, --no-find-links, --force-installation-into-system-dir, --exclude-scripts, --always-copy, --install-dir, --find-links, --prefix, --dry-run, --user, --no-user-cfg, --script-dir, --install-layout, --help, --editable, --zip-ok, --local-snapshots-ok, --record, --uninstall, --egg-path, --always-unzip, --optimize
[17.942s] DEBUG:colcon.colcon_core.task.python.build:While undoing a previous installation files outside the Python library path are being ignored: /home/sharmin/Desktop/iot/soccer_bot/install/soccer_vision/share/ament_index/resource_index/packages/soccer_vision
[17.945s] DEBUG:colcon.colcon_core.task.python.build:While undoing a previous installation files outside the Python library path are being ignored: /home/sharmin/Desktop/iot/soccer_bot/install/soccer_vision/share/soccer_vision/package.xml
[17.946s] DEBUG:colcon.colcon_core.task.python.build:While undoing a previous installation files outside the Python library path are being ignored: /home/sharmin/Desktop/iot/soccer_bot/install/soccer_vision/bin/ball_tracker
[17.946s] DEBUG:colcon.colcon_core.task.python.build:While undoing a previous installation files outside the Python library path are being ignored: /home/sharmin/Desktop/iot/soccer_bot/install/soccer_vision/bin/camera_hub
[17.964s] DEBUG:colcon.colcon_core.event_handler.log_command:Invoking command in '/home/sharmin/Desktop/iot/soccer_bot/build/soccer_vision': PYTHONPATH=/home/sharmin/Desktop/iot/soccer_bot/build/soccer_vision/prefix_override:/usr/lib/python3/dist-packages/colcon_core/task/python/colcon_distutils_commands:/home/sharmin/Desktop/iot/soccer_bot/install/soccer_vision/lib/python3.12/site-packages:${PYTHONPATH} /usr/bin/python3 -W ignore:setup.py install is deprecated -W ignore:easy_install command is deprecated setup.py develop --editable --build-directory /home/sharmin/Desktop/iot/soccer_bot/build/soccer_vision/build --no-deps symlink_data --force
[30.570s] Level 1:colcon.colcon_core.shell:create_environment_hook('soccer_vision', 'pythonpath_develop')
[30.571s] INFO:colcon.colcon_core.shell:Creating environment hook '/home/sharmin/Desktop/iot/soccer_bot/build/soccer_vision/share/soccer_vision/hook/pythonpath_develop.ps1'
[30.577s] DEBUG:colcon.colcon_core.event_handler.log_command:Invoked command in '/home/sharmin/Desktop/iot/soccer_bot/build/soccer_vision' returned '0': PYTHONPATH=/home/sharmin/Desktop/iot/soccer_bot/build/soccer_vision/prefix_override:/usr/lib/python3/dist-packages/colcon_core/task/python/colcon_distutils_commands:/home/sharmin/Desktop/iot/soccer_bot/install/soccer_vision/lib/python3.12/site-packages:${PYTHONPATH} /usr/bin/python3 -W ignore:setup.py install is deprecated -W ignore:easy_install command is deprecated setup.py develop --editable --build-directory /home/sharmin/Desktop/iot/soccer_bot/build/soccer_vision/build --no-deps symlink_data --force
[30.579s] INFO:colcon.colcon_core.shell:Creating environment descriptor '/home/sharmin/Desktop/iot/soccer_bot/build/soccer_vision/share/soccer_vision/hook/pythonpath_develop.dsv'
[30.583s] INFO:colcon.colcon_core.shell:Creating environment hook '/home/sharmin/Desktop/iot/soccer_bot/build/soccer_vision/share/soccer_vision/hook/pythonpath_develop.sh'
[30.601s] Level 1:colcon.colcon_core.environment:checking '/home/sharmin/Desktop/iot/soccer_bot/install/soccer_vision' for CMake module files
[30.608s] Level 1:colcon.colcon_core.environment:checking '/home/sharmin/Desktop/iot/soccer_bot/install/soccer_vision' for CMake config files
[30.615s] Level 1:colcon.colcon_core.environment:checking '/home/sharmin/Desktop/iot/soccer_bot/install/soccer_vision/lib'
[30.617s] Level 1:colcon.colcon_core.environment:checking '/home/sharmin/Desktop/iot/soccer_bot/install/soccer_vision/bin'
[30.617s] Level 1:colcon.colcon_core.shell:create_environment_hook('soccer_vision', 'path')
[30.618s] INFO:colcon.colcon_core.shell:Creating environment hook '/home/sharmin/Desktop/iot/soccer_bot/install/soccer_vision/share/soccer_vision/hook/path.ps1'
[30.620s] INFO:colcon.colcon_core.shell:Creating environment descriptor '/home/sharmin/Desktop/iot/soccer_bot/install/soccer_vision/share/soccer_vision/hook/path.dsv'
[30.623s] INFO:colcon.colcon_core.shell:Creating environment hook '/home/sharmin/Desktop/iot/soccer_bot/install/soccer_vision/share/soccer_vision/hook/path.sh'
[30.625s] Level 1:colcon.colcon_core.environment:checking '/home/sharmin/Desktop/iot/soccer_bot/install/soccer_vision/lib/pkgconfig/soccer_vision.pc'
[30.626s] Level 1:colcon.colcon_core.environment:checking '/home/sharmin/Desktop/iot/soccer_bot/install/soccer_vision/lib/python3.12/site-packages'
[30.628s] Level 1:colcon.colcon_core.shell:create_environment_hook('soccer_vision', 'pythonpath')
[30.629s] INFO:colcon.colcon_core.shell:Creating environment hook '/home/sharmin/Desktop/iot/soccer_bot/install/soccer_vision/share/soccer_vision/hook/pythonpath.ps1'
[30.638s] INFO:colcon.colcon_core.shell:Creating environment descriptor '/home/sharmin/Desktop/iot/soccer_bot/install/soccer_vision/share/soccer_vision/hook/pythonpath.dsv'
[30.648s] INFO:colcon.colcon_core.shell:Creating environment hook '/home/sharmin/Desktop/iot/soccer_bot/install/soccer_vision/share/soccer_vision/hook/pythonpath.sh'
[30.661s] Level 1:colcon.colcon_core.environment:checking '/home/sharmin/Desktop/iot/soccer_bot/install/soccer_vision/bin'
[30.661s] Level 1:colcon.colcon_core.shell:create_environment_hook('soccer_vision', 'pythonscriptspath')
[30.662s] INFO:colcon.colcon_core.shell:Creating environment hook '/home/sharmin/Desktop/iot/soccer_bot/install/soccer_vision/share/soccer_vision/hook/pythonscriptspath.ps1'
[30.667s] INFO:colcon.colcon_core.shell:Creating environment descriptor '/home/sharmin/Desktop/iot/soccer_bot/install/soccer_vision/share/soccer_vision/hook/pythonscriptspath.dsv'
[30.671s] INFO:colcon.colcon_core.shell:Creating environment hook '/home/sharmin/Desktop/iot/soccer_bot/install/soccer_vision/share/soccer_vision/hook/pythonscriptspath.sh'
[30.673s] Level 1:colcon.colcon_core.environment:create_environment_scripts_only(soccer_vision)
[30.675s] INFO:colcon.colcon_core.shell:Creating package script '/home/sharmin/Desktop/iot/soccer_bot/install/soccer_vision/share/soccer_vision/package.ps1'
[30.682s] INFO:colcon.colcon_core.shell:Creating package descriptor '/home/sharmin/Desktop/iot/soccer_bot/install/soccer_vision/share/soccer_vision/package.dsv'
[30.685s] INFO:colcon.colcon_core.shell:Creating package script '/home/sharmin/Desktop/iot/soccer_bot/install/soccer_vision/share/soccer_vision/package.sh'
[30.689s] INFO:colcon.colcon_core.shell:Creating package script '/home/sharmin/Desktop/iot/soccer_bot/install/soccer_vision/share/soccer_vision/package.bash'
[30.693s] INFO:colcon.colcon_core.shell:Creating package script '/home/sharmin/Desktop/iot/soccer_bot/install/soccer_vision/share/soccer_vision/package.zsh'
[30.696s] Level 1:colcon.colcon_core.environment:create_file_with_runtime_dependencies(/home/sharmin/Desktop/iot/soccer_bot/install/soccer_vision/share/colcon-core/packages/soccer_vision)
[57.719s] DEBUG:colcon.colcon_core.event_handler.log_command:Invoked command in '/home/sharmin/Desktop/iot/soccer_bot/build/ydlidar_ros2_driver' returned '0': CMAKE_PREFIX_PATH=${CMAKE_PREFIX_PATH}:/opt/ros/jazzy /usr/bin/cmake --build /home/sharmin/Desktop/iot/soccer_bot/build/ydlidar_ros2_driver -- -j2 -l2
[57.779s] DEBUG:colcon.colcon_core.event_handler.log_command:Invoking command in '/home/sharmin/Desktop/iot/soccer_bot/build/ydlidar_ros2_driver': CMAKE_PREFIX_PATH=${CMAKE_PREFIX_PATH}:/opt/ros/jazzy /usr/bin/cmake --install /home/sharmin/Desktop/iot/soccer_bot/build/ydlidar_ros2_driver
[59.227s] Level 1:colcon.colcon_core.environment:create_environment_scripts_only(ydlidar_ros2_driver)
[59.228s] Level 1:colcon.colcon_core.environment:checking '/home/sharmin/Desktop/iot/soccer_bot/install/ydlidar_ros2_driver' for CMake module files
[59.233s] DEBUG:colcon.colcon_core.event_handler.log_command:Invoked command in '/home/sharmin/Desktop/iot/soccer_bot/build/ydlidar_ros2_driver' returned '0': CMAKE_PREFIX_PATH=${CMAKE_PREFIX_PATH}:/opt/ros/jazzy /usr/bin/cmake --install /home/sharmin/Desktop/iot/soccer_bot/build/ydlidar_ros2_driver
[59.238s] Level 1:colcon.colcon_core.environment:checking '/home/sharmin/Desktop/iot/soccer_bot/install/ydlidar_ros2_driver' for CMake config files
[59.242s] Level 1:colcon.colcon_core.shell:create_environment_hook('ydlidar_ros2_driver', 'cmake_prefix_path')
[59.245s] INFO:colcon.colcon_core.shell:Creating environment hook '/home/sharmin/Desktop/iot/soccer_bot/install/ydlidar_ros2_driver/share/ydlidar_ros2_driver/hook/cmake_prefix_path.ps1'
[59.249s] INFO:colcon.colcon_core.shell:Creating environment descriptor '/home/sharmin/Desktop/iot/soccer_bot/install/ydlidar_ros2_driver/share/ydlidar_ros2_driver/hook/cmake_prefix_path.dsv'
[59.253s] INFO:colcon.colcon_core.shell:Creating environment hook '/home/sharmin/Desktop/iot/soccer_bot/install/ydlidar_ros2_driver/share/ydlidar_ros2_driver/hook/cmake_prefix_path.sh'
[59.261s] Level 1:colcon.colcon_core.environment:checking '/home/sharmin/Desktop/iot/soccer_bot/install/ydlidar_ros2_driver/lib'
[59.261s] Level 1:colcon.colcon_core.environment:checking '/home/sharmin/Desktop/iot/soccer_bot/install/ydlidar_ros2_driver/bin'
[59.262s] Level 1:colcon.colcon_core.environment:checking '/home/sharmin/Desktop/iot/soccer_bot/install/ydlidar_ros2_driver/lib/pkgconfig/ydlidar_ros2_driver.pc'
[59.265s] Level 1:colcon.colcon_core.environment:checking '/home/sharmin/Desktop/iot/soccer_bot/install/ydlidar_ros2_driver/lib/python3.12/site-packages'
[59.266s] Level 1:colcon.colcon_core.environment:checking '/home/sharmin/Desktop/iot/soccer_bot/install/ydlidar_ros2_driver/bin'
[59.270s] INFO:colcon.colcon_core.shell:Creating package script '/home/sharmin/Desktop/iot/soccer_bot/install/ydlidar_ros2_driver/share/ydlidar_ros2_driver/package.ps1'
[59.277s] INFO:colcon.colcon_core.shell:Creating package descriptor '/home/sharmin/Desktop/iot/soccer_bot/install/ydlidar_ros2_driver/share/ydlidar_ros2_driver/package.dsv'
[59.282s] INFO:colcon.colcon_core.shell:Creating package script '/home/sharmin/Desktop/iot/soccer_bot/install/ydlidar_ros2_driver/share/ydlidar_ros2_driver/package.sh'
[59.286s] INFO:colcon.colcon_core.shell:Creating package script '/home/sharmin/Desktop/iot/soccer_bot/install/ydlidar_ros2_driver/share/ydlidar_ros2_driver/package.bash'
[59.290s] INFO:colcon.colcon_core.shell:Creating package script '/home/sharmin/Desktop/iot/soccer_bot/install/ydlidar_ros2_driver/share/ydlidar_ros2_driver/package.zsh'
[59.297s] Level 1:colcon.colcon_core.environment:create_file_with_runtime_dependencies(/home/sharmin/Desktop/iot/soccer_bot/install/ydlidar_ros2_driver/share/colcon-core/packages/ydlidar_ros2_driver)
[59.300s] Level 1:colcon.colcon_core.environment:create_environment_scripts_only(ydlidar_ros2_driver)
[59.303s] Level 1:colcon.colcon_core.environment:checking '/home/sharmin/Desktop/iot/soccer_bot/install/ydlidar_ros2_driver' for CMake module files
[59.308s] Level 1:colcon.colcon_core.environment:checking '/home/sharmin/Desktop/iot/soccer_bot/install/ydlidar_ros2_driver' for CMake config files
[59.310s] Level 1:colcon.colcon_core.shell:create_environment_hook('ydlidar_ros2_driver', 'cmake_prefix_path')
[59.311s] INFO:colcon.colcon_core.shell:Creating environment hook '/home/sharmin/Desktop/iot/soccer_bot/install/ydlidar_ros2_driver/share/ydlidar_ros2_driver/hook/cmake_prefix_path.ps1'
[59.313s] INFO:colcon.colcon_core.shell:Creating environment descriptor '/home/sharmin/Desktop/iot/soccer_bot/install/ydlidar_ros2_driver/share/ydlidar_ros2_driver/hook/cmake_prefix_path.dsv'
[59.316s] INFO:colcon.colcon_core.shell:Creating environment hook '/home/sharmin/Desktop/iot/soccer_bot/install/ydlidar_ros2_driver/share/ydlidar_ros2_driver/hook/cmake_prefix_path.sh'
[59.320s] Level 1:colcon.colcon_core.environment:checking '/home/sharmin/Desktop/iot/soccer_bot/install/ydlidar_ros2_driver/lib'
[59.321s] Level 1:colcon.colcon_core.environment:checking '/home/sharmin/Desktop/iot/soccer_bot/install/ydlidar_ros2_driver/bin'
[59.322s] Level 1:colcon.colcon_core.environment:checking '/home/sharmin/Desktop/iot/soccer_bot/install/ydlidar_ros2_driver/lib/pkgconfig/ydlidar_ros2_driver.pc'
[59.323s] Level 1:colcon.colcon_core.environment:checking '/home/sharmin/Desktop/iot/soccer_bot/install/ydlidar_ros2_driver/lib/python3.12/site-packages'
[59.325s] Level 1:colcon.colcon_core.environment:checking '/home/sharmin/Desktop/iot/soccer_bot/install/ydlidar_ros2_driver/bin'
[59.326s] INFO:colcon.colcon_core.shell:Creating package script '/home/sharmin/Desktop/iot/soccer_bot/install/ydlidar_ros2_driver/share/ydlidar_ros2_driver/package.ps1'
[59.329s] INFO:colcon.colcon_core.shell:Creating package descriptor '/home/sharmin/Desktop/iot/soccer_bot/install/ydlidar_ros2_driver/share/ydlidar_ros2_driver/package.dsv'
[59.333s] INFO:colcon.colcon_core.shell:Creating package script '/home/sharmin/Desktop/iot/soccer_bot/install/ydlidar_ros2_driver/share/ydlidar_ros2_driver/package.sh'
[59.335s] INFO:colcon.colcon_core.shell:Creating package script '/home/sharmin/Desktop/iot/soccer_bot/install/ydlidar_ros2_driver/share/ydlidar_ros2_driver/package.bash'
[59.337s] INFO:colcon.colcon_core.shell:Creating package script '/home/sharmin/Desktop/iot/soccer_bot/install/ydlidar_ros2_driver/share/ydlidar_ros2_driver/package.zsh'
[59.340s] Level 1:colcon.colcon_core.environment:create_file_with_runtime_dependencies(/home/sharmin/Desktop/iot/soccer_bot/install/ydlidar_ros2_driver/share/colcon-core/packages/ydlidar_ros2_driver)
[59.343s] DEBUG:colcon.colcon_parallel_executor.executor.parallel:closing loop
[59.343s] DEBUG:colcon.colcon_parallel_executor.executor.parallel:loop closed
[59.343s] DEBUG:colcon.colcon_parallel_executor.executor.parallel:run_until_complete finished with '0'
[59.344s] DEBUG:colcon.colcon_core.event_reactor:joining thread
[59.389s] INFO:colcon.colcon_core.plugin_system:Skipping extension 'colcon_notification.desktop_notification.terminal_notifier': Not used on non-Darwin systems
[59.390s] INFO:colcon.colcon_core.plugin_system:Skipping extension 'colcon_notification.desktop_notification.win32': Not used on non-Windows systems
[59.390s] INFO:colcon.colcon_notification.desktop_notification:Sending desktop notification using 'notify2'
[59.436s] DEBUG:colcon.colcon_core.event_reactor:joined thread
[59.444s] INFO:colcon.colcon_core.shell:Creating prefix script '/home/sharmin/Desktop/iot/soccer_bot/install/local_setup.ps1'
[59.455s] INFO:colcon.colcon_core.shell:Creating prefix util module '/home/sharmin/Desktop/iot/soccer_bot/install/_local_setup_util_ps1.py'
[59.477s] INFO:colcon.colcon_core.shell:Creating prefix chain script '/home/sharmin/Desktop/iot/soccer_bot/install/setup.ps1'
[59.485s] INFO:colcon.colcon_core.shell:Creating prefix script '/home/sharmin/Desktop/iot/soccer_bot/install/local_setup.sh'
[59.491s] INFO:colcon.colcon_core.shell:Creating prefix util module '/home/sharmin/Desktop/iot/soccer_bot/install/_local_setup_util_sh.py'
[59.497s] INFO:colcon.colcon_core.shell:Creating prefix chain script '/home/sharmin/Desktop/iot/soccer_bot/install/setup.sh'
[59.505s] INFO:colcon.colcon_core.shell:Creating prefix script '/home/sharmin/Desktop/iot/soccer_bot/install/local_setup.bash'
[59.511s] INFO:colcon.colcon_core.shell:Creating prefix chain script '/home/sharmin/Desktop/iot/soccer_bot/install/setup.bash'
[59.521s] INFO:colcon.colcon_core.shell:Creating prefix script '/home/sharmin/Desktop/iot/soccer_bot/install/local_setup.zsh'
[59.528s] INFO:colcon.colcon_core.shell:Creating prefix chain script '/home/sharmin/Desktop/iot/soccer_bot/install/setup.zsh'
