[14.083s] Invoking command in '/home/sharmin/Desktop/iot/soccer_bot/src/soccer_vision': PYTHONPATH=/home/sharmin/Desktop/iot/soccer_bot/build/soccer_vision/prefix_override:/usr/lib/python3/dist-packages/colcon_core/task/python/colcon_distutils_commands:/home/sharmin/Desktop/iot/soccer_bot/install/soccer_vision/lib/python3.12/site-packages:${PYTHONPATH} /usr/bin/python3 -W ignore:setup.py install is deprecated -W ignore:easy_install command is deprecated setup.py egg_info --egg-base ../../build/soccer_vision build --build-base /home/sharmin/Desktop/iot/soccer_bot/build/soccer_vision/build install --record /home/sharmin/Desktop/iot/soccer_bot/build/soccer_vision/install.log --single-version-externally-managed install_data
[20.668s] running egg_info
[21.299s] writing ../../build/soccer_vision/soccer_vision.egg-info/PKG-INFO
[21.309s] writing dependency_links to ../../build/soccer_vision/soccer_vision.egg-info/dependency_links.txt
[21.314s] writing entry points to ../../build/soccer_vision/soccer_vision.egg-info/entry_points.txt
[21.315s] writing requirements to ../../build/soccer_vision/soccer_vision.egg-info/requires.txt
[21.321s] writing top-level names to ../../build/soccer_vision/soccer_vision.egg-info/top_level.txt
[22.769s] reading manifest file '../../build/soccer_vision/soccer_vision.egg-info/SOURCES.txt'
[22.779s] writing manifest file '../../build/soccer_vision/soccer_vision.egg-info/SOURCES.txt'
[22.781s] running build
[22.789s] running build_py
[22.792s] running install
[22.895s] running install_lib
[23.487s] running install_data
[23.492s] running install_egg_info
[24.158s] removing '/home/sharmin/Desktop/iot/soccer_bot/install/soccer_vision/lib/python3.12/site-packages/soccer_vision-0.0.0-py3.12.egg-info' (and everything under it)
[24.167s] Copying ../../build/soccer_vision/soccer_vision.egg-info to /home/sharmin/Desktop/iot/soccer_bot/install/soccer_vision/lib/python3.12/site-packages/soccer_vision-0.0.0-py3.12.egg-info
[24.189s] running install_scripts
[27.811s] Installing ball_tracker script to /home/sharmin/Desktop/iot/soccer_bot/install/soccer_vision/bin
[27.817s] Installing camera_hub script to /home/sharmin/Desktop/iot/soccer_bot/install/soccer_vision/bin
[27.820s] writing list of installed files to '/home/sharmin/Desktop/iot/soccer_bot/build/soccer_vision/install.log'
[28.230s] Invoked command in '/home/sharmin/Desktop/iot/soccer_bot/src/soccer_vision' returned '0': PYTHONPATH=/home/sharmin/Desktop/iot/soccer_bot/build/soccer_vision/prefix_override:/usr/lib/python3/dist-packages/colcon_core/task/python/colcon_distutils_commands:/home/sharmin/Desktop/iot/soccer_bot/install/soccer_vision/lib/python3.12/site-packages:${PYTHONPATH} /usr/bin/python3 -W ignore:setup.py install is deprecated -W ignore:easy_install command is deprecated setup.py egg_info --egg-base ../../build/soccer_vision build --build-base /home/sharmin/Desktop/iot/soccer_bot/build/soccer_vision/build install --record /home/sharmin/Desktop/iot/soccer_bot/build/soccer_vision/install.log --single-version-externally-managed install_data
