[0.057s] Invoking command in '/home/sharmin/Desktop/iot/soccer_bot/build/ydlidar_ros2_driver': CMAKE_PREFIX_PATH=${CMAKE_PREFIX_PATH}:/opt/ros/jazzy /usr/bin/cmake /home/sharmin/Desktop/iot/soccer_bot/src/ydlidar_ros2_driver -DCMAKE_INSTALL_PREFIX=/home/sharmin/Desktop/iot/soccer_bot/install/ydlidar_ros2_driver
[0.445s] -- The C compiler identification is GNU 13.3.0
[0.957s] -- The CXX compiler identification is GNU 13.3.0
[1.033s] -- Detecting C compiler ABI info
[1.557s] -- Detecting C compiler ABI info - done
[1.632s] -- Check for working C compiler: /usr/bin/cc - skipped
[1.633s] -- Detecting C compile features
[1.636s] -- Detecting C compile features - done
[1.673s] -- Detecting CXX compiler ABI info
[2.298s] -- Detecting CXX compiler ABI info - done
[2.381s] -- Check for working CXX compiler: /usr/bin/c++ - skipped
[2.388s] -- Detecting CXX compile features
[2.392s] -- Detecting CXX compile features - done
[2.423s] -- Found ament_cmake: 2.5.6 (/opt/ros/jazzy/share/ament_cmake/cmake)
[3.463s] -- Found Python3: /usr/bin/python3 (found version "3.12.3") found components: Interpreter 
[4.332s] -- Found rclcpp: 28.1.21 (/opt/ros/jazzy/share/rclcpp/cmake)
[4.626s] -- Found rosidl_generator_c: 4.6.9 (/opt/ros/jazzy/share/rosidl_generator_c/cmake)
[4.867s] -- Found rosidl_generator_cpp: 4.6.9 (/opt/ros/jazzy/share/rosidl_generator_cpp/cmake)
[5.014s] -- Using all available rosidl_typesupport_c: rosidl_typesupport_fastrtps_c;rosidl_typesupport_introspection_c
[5.158s] -- Using all available rosidl_typesupport_cpp: rosidl_typesupport_fastrtps_cpp;rosidl_typesupport_introspection_cpp
[6.014s] -- Found rmw_implementation_cmake: 7.3.3 (/opt/ros/jazzy/share/rmw_implementation_cmake/cmake)
[6.052s] -- Found rmw_fastrtps_cpp: 8.4.4 (/opt/ros/jazzy/share/rmw_fastrtps_cpp/cmake)
[6.592s] -- Found OpenSSL: /usr/lib/x86_64-linux-gnu/libcrypto.so (found version "3.0.13")  
[6.693s] -- Found FastRTPS: /opt/ros/jazzy/include (Required is at least version "2.13") 
[6.838s] -- Using RMW implementation 'rmw_fastrtps_cpp' as default
[7.624s] -- Found sensor_msgs: 5.3.8 (/opt/ros/jazzy/share/sensor_msgs/cmake)
[8.187s] -- Found visualization_msgs: 5.3.8 (/opt/ros/jazzy/share/visualization_msgs/cmake)
[8.422s] -- Found std_srvs: 5.3.8 (/opt/ros/jazzy/share/std_srvs/cmake)
[8.660s] -- Found ament_lint_auto: 0.17.5 (/opt/ros/jazzy/share/ament_lint_auto/cmake)
[9.546s] -- Added test 'copyright' to check source files copyright and LICENSE
[9.591s] -- Added test 'cppcheck' to perform static code analysis on C / C++ code
[9.609s] -- Configured cppcheck include dirs: /home/sharmin/Desktop/iot/soccer_bot/src/ydlidar_ros2_driver/src
[9.610s] -- Configured cppcheck exclude dirs and/or files: 
[9.632s] -- Added test 'cpplint' to check C / C++ code against the Google style
[9.632s] -- Configured cpplint exclude dirs and/or files: 
[9.639s] -- Added test 'flake8' to check Python code syntax and style conventions
[9.639s] -- Configured 'flake8' exclude dirs and/or files: 
[9.646s] -- Added test 'lint_cmake' to check CMake code style
[9.652s] -- Added test 'pep257' to check Python code against some of the docstring style conventions in PEP 257
[9.676s] -- Added test 'uncrustify' to check C / C++ code style
[9.679s] -- Configured uncrustify additional arguments: 
[9.685s] -- Added test 'xmllint' to check XML markup files
[9.701s] -- Configuring done (9.6s)
[9.813s] -- Generating done (0.1s)
[9.841s] -- Build files have been written to: /home/sharmin/Desktop/iot/soccer_bot/build/ydlidar_ros2_driver
[9.889s] Invoked command in '/home/sharmin/Desktop/iot/soccer_bot/build/ydlidar_ros2_driver' returned '0': CMAKE_PREFIX_PATH=${CMAKE_PREFIX_PATH}:/opt/ros/jazzy /usr/bin/cmake /home/sharmin/Desktop/iot/soccer_bot/src/ydlidar_ros2_driver -DCMAKE_INSTALL_PREFIX=/home/sharmin/Desktop/iot/soccer_bot/install/ydlidar_ros2_driver
[9.891s] Invoking command in '/home/sharmin/Desktop/iot/soccer_bot/build/ydlidar_ros2_driver': CMAKE_PREFIX_PATH=${CMAKE_PREFIX_PATH}:/opt/ros/jazzy /usr/bin/cmake --build /home/sharmin/Desktop/iot/soccer_bot/build/ydlidar_ros2_driver -- -j2 -l2
[10.102s] [ 25%] [32mBuilding CXX object CMakeFiles/ydlidar_ros2_driver_node.dir/src/ydlidar_ros2_driver_node.cpp.o[0m
[29.180s] [01m[K/home/sharmin/Desktop/iot/soccer_bot/src/ydlidar_ros2_driver/src/ydlidar_ros2_driver_node.cpp:[m[K In function ‘[01m[Kint[01;32m[K main[m[K(int, char**)[m[K’:
[29.182s] [01m[K/home/sharmin/Desktop/iot/soccer_bot/src/ydlidar_ros2_driver/src/ydlidar_ros2_driver_node.cpp:44:26:[m[K [01;31m[Kerror: [m[Kno matching function for call to ‘[01m[Krclcpp::Node::declare_parameter(const char [5])[m[K’
[29.184s]    44 |   [01;31m[Knode->declare_parameter("port")[m[K;
[29.188s]       |   [01;31m[K~~~~~~~~~~~~~~~~~~~~~~~^~~~~~~~[m[K
[29.188s] In file included from [01m[K/opt/ros/jazzy/include/rclcpp/rclcpp/executors/single_threaded_executor.hpp:28[m[K,
[29.189s]                  from [01m[K/opt/ros/jazzy/include/rclcpp/rclcpp/executors.hpp:22[m[K,
[29.190s]                  from [01m[K/opt/ros/jazzy/include/rclcpp/rclcpp/rclcpp.hpp:176[m[K,
[29.191s]                  from [01m[K/home/sharmin/Desktop/iot/soccer_bot/src/ydlidar_ros2_driver/src/ydlidar_ros2_driver_node.cpp:23[m[K:
[29.192s] [01m[K/opt/ros/jazzy/include/rclcpp/rclcpp/node.hpp:500:3:[m[K [01;36m[Knote: [m[Kcandidate: ‘[01m[Ktemplate<class ParameterT> auto rclcpp::Node::[01;32m[Kdeclare_parameter[m[K(const std::string&, const ParameterT&, const rcl_interfaces::msg::ParameterDescriptor&, bool)[m[K’
[29.196s]   500 |   [01;36m[Kdeclare_parameter[m[K(
[29.199s]       |   [01;36m[K^~~~~~~~~~~~~~~~~[m[K
[29.200s] [01m[K/opt/ros/jazzy/include/rclcpp/rclcpp/node.hpp:500:3:[m[K [01;36m[Knote: [m[K  template argument deduction/substitution failed:
[29.200s] [01m[K/home/sharmin/Desktop/iot/soccer_bot/src/ydlidar_ros2_driver/src/ydlidar_ros2_driver_node.cpp:44:26:[m[K [01;36m[Knote: [m[K  candidate expects 4 arguments, 1 provided
[29.201s]    44 |   [01;36m[Knode->declare_parameter("port")[m[K;
[29.204s]       |   [01;36m[K~~~~~~~~~~~~~~~~~~~~~~~^~~~~~~~[m[K
[29.209s] [01m[K/opt/ros/jazzy/include/rclcpp/rclcpp/node.hpp:513:3:[m[K [01;36m[Knote: [m[Kcandidate: ‘[01m[Ktemplate<class ParameterT> auto rclcpp::Node::[01;32m[Kdeclare_parameter[m[K(const std::string&, const rcl_interfaces::msg::ParameterDescriptor&, bool)[m[K’
[29.210s]   513 |   [01;36m[Kdeclare_parameter[m[K(
[29.210s]       |   [01;36m[K^~~~~~~~~~~~~~~~~[m[K
[29.211s] [01m[K/opt/ros/jazzy/include/rclcpp/rclcpp/node.hpp:513:3:[m[K [01;36m[Knote: [m[K  template argument deduction/substitution failed:
[29.214s] [01m[K/home/sharmin/Desktop/iot/soccer_bot/src/ydlidar_ros2_driver/src/ydlidar_ros2_driver_node.cpp:44:26:[m[K [01;36m[Knote: [m[K  couldn’t deduce template parameter ‘[01m[KParameterT[m[K’
[29.215s]    44 |   [01;36m[Knode->declare_parameter("port")[m[K;
[29.218s]       |   [01;36m[K~~~~~~~~~~~~~~~~~~~~~~~^~~~~~~~[m[K
[29.220s] [01m[K/opt/ros/jazzy/include/rclcpp/rclcpp/node.hpp:445:3:[m[K [01;36m[Knote: [m[Kcandidate: ‘[01m[Kconst rclcpp::ParameterValue& rclcpp::Node::[01;32m[Kdeclare_parameter[m[K(const std::string&, const rclcpp::ParameterValue&, const rcl_interfaces::msg::ParameterDescriptor&, bool)[m[K’
[29.221s]   445 |   [01;36m[Kdeclare_parameter[m[K(
[29.223s]       |   [01;36m[K^~~~~~~~~~~~~~~~~[m[K
[29.223s] [01m[K/opt/ros/jazzy/include/rclcpp/rclcpp/node.hpp:445:3:[m[K [01;36m[Knote: [m[K  candidate expects 4 arguments, 1 provided
[29.224s] [01m[K/opt/ros/jazzy/include/rclcpp/rclcpp/node.hpp:470:3:[m[K [01;36m[Knote: [m[Kcandidate: ‘[01m[Kconst rclcpp::ParameterValue& rclcpp::Node::[01;32m[Kdeclare_parameter[m[K(const std::string&, rclcpp::ParameterType, const rcl_interfaces::msg::ParameterDescriptor&, bool)[m[K’
[29.224s]   470 |   [01;36m[Kdeclare_parameter[m[K(
[29.227s]       |   [01;36m[K^~~~~~~~~~~~~~~~~[m[K
[29.228s] [01m[K/opt/ros/jazzy/include/rclcpp/rclcpp/node.hpp:470:3:[m[K [01;36m[Knote: [m[K  candidate expects 4 arguments, 1 provided
[29.228s] [01m[K/home/sharmin/Desktop/iot/soccer_bot/src/ydlidar_ros2_driver/src/ydlidar_ros2_driver_node.cpp:51:26:[m[K [01;31m[Kerror: [m[Kno matching function for call to ‘[01m[Krclcpp::Node::declare_parameter(const char [13])[m[K’
[29.231s]    51 |   [01;31m[Knode->declare_parameter("ignore_array")[m[K;
[29.231s]       |   [01;31m[K~~~~~~~~~~~~~~~~~~~~~~~^~~~~~~~~~~~~~~~[m[K
[29.236s] [01m[K/opt/ros/jazzy/include/rclcpp/rclcpp/node.hpp:500:3:[m[K [01;36m[Knote: [m[Kcandidate: ‘[01m[Ktemplate<class ParameterT> auto rclcpp::Node::[01;32m[Kdeclare_parameter[m[K(const std::string&, const ParameterT&, const rcl_interfaces::msg::ParameterDescriptor&, bool)[m[K’
[29.238s]   500 |   [01;36m[Kdeclare_parameter[m[K(
[29.239s]       |   [01;36m[K^~~~~~~~~~~~~~~~~[m[K
[29.243s] [01m[K/opt/ros/jazzy/include/rclcpp/rclcpp/node.hpp:500:3:[m[K [01;36m[Knote: [m[K  template argument deduction/substitution failed:
[29.243s] [01m[K/home/sharmin/Desktop/iot/soccer_bot/src/ydlidar_ros2_driver/src/ydlidar_ros2_driver_node.cpp:51:26:[m[K [01;36m[Knote: [m[K  candidate expects 4 arguments, 1 provided
[29.245s]    51 |   [01;36m[Knode->declare_parameter("ignore_array")[m[K;
[29.245s]       |   [01;36m[K~~~~~~~~~~~~~~~~~~~~~~~^~~~~~~~~~~~~~~~[m[K
[29.249s] [01m[K/opt/ros/jazzy/include/rclcpp/rclcpp/node.hpp:513:3:[m[K [01;36m[Knote: [m[Kcandidate: ‘[01m[Ktemplate<class ParameterT> auto rclcpp::Node::[01;32m[Kdeclare_parameter[m[K(const std::string&, const rcl_interfaces::msg::ParameterDescriptor&, bool)[m[K’
[29.249s]   513 |   [01;36m[Kdeclare_parameter[m[K(
[29.250s]       |   [01;36m[K^~~~~~~~~~~~~~~~~[m[K
[29.252s] [01m[K/opt/ros/jazzy/include/rclcpp/rclcpp/node.hpp:513:3:[m[K [01;36m[Knote: [m[K  template argument deduction/substitution failed:
[29.253s] [01m[K/home/sharmin/Desktop/iot/soccer_bot/src/ydlidar_ros2_driver/src/ydlidar_ros2_driver_node.cpp:51:26:[m[K [01;36m[Knote: [m[K  couldn’t deduce template parameter ‘[01m[KParameterT[m[K’
[29.254s]    51 |   [01;36m[Knode->declare_parameter("ignore_array")[m[K;
[29.257s]       |   [01;36m[K~~~~~~~~~~~~~~~~~~~~~~~^~~~~~~~~~~~~~~~[m[K
[29.257s] [01m[K/opt/ros/jazzy/include/rclcpp/rclcpp/node.hpp:445:3:[m[K [01;36m[Knote: [m[Kcandidate: ‘[01m[Kconst rclcpp::ParameterValue& rclcpp::Node::[01;32m[Kdeclare_parameter[m[K(const std::string&, const rclcpp::ParameterValue&, const rcl_interfaces::msg::ParameterDescriptor&, bool)[m[K’
[29.258s]   445 |   [01;36m[Kdeclare_parameter[m[K(
[29.258s]       |   [01;36m[K^~~~~~~~~~~~~~~~~[m[K
[29.259s] [01m[K/opt/ros/jazzy/include/rclcpp/rclcpp/node.hpp:445:3:[m[K [01;36m[Knote: [m[K  candidate expects 4 arguments, 1 provided
[29.261s] [01m[K/opt/ros/jazzy/include/rclcpp/rclcpp/node.hpp:470:3:[m[K [01;36m[Knote: [m[Kcandidate: ‘[01m[Kconst rclcpp::ParameterValue& rclcpp::Node::[01;32m[Kdeclare_parameter[m[K(const std::string&, rclcpp::ParameterType, const rcl_interfaces::msg::ParameterDescriptor&, bool)[m[K’
[29.264s]   470 |   [01;36m[Kdeclare_parameter[m[K(
[29.264s]       |   [01;36m[K^~~~~~~~~~~~~~~~~[m[K
[29.265s] [01m[K/opt/ros/jazzy/include/rclcpp/rclcpp/node.hpp:470:3:[m[K [01;36m[Knote: [m[K  candidate expects 4 arguments, 1 provided
[29.267s] [01m[K/home/sharmin/Desktop/iot/soccer_bot/src/ydlidar_ros2_driver/src/ydlidar_ros2_driver_node.cpp:56:26:[m[K [01;31m[Kerror: [m[Kno matching function for call to ‘[01m[Krclcpp::Node::declare_parameter(const char [9])[m[K’
[29.269s]    56 |   [01;31m[Knode->declare_parameter("frame_id")[m[K;
[29.272s]       |   [01;31m[K~~~~~~~~~~~~~~~~~~~~~~~^~~~~~~~~~~~[m[K
[29.273s] [01m[K/opt/ros/jazzy/include/rclcpp/rclcpp/node.hpp:500:3:[m[K [01;36m[Knote: [m[Kcandidate: ‘[01m[Ktemplate<class ParameterT> auto rclcpp::Node::[01;32m[Kdeclare_parameter[m[K(const std::string&, const ParameterT&, const rcl_interfaces::msg::ParameterDescriptor&, bool)[m[K’
[29.274s]   500 |   [01;36m[Kdeclare_parameter[m[K(
[29.278s]       |   [01;36m[K^~~~~~~~~~~~~~~~~[m[K
[29.279s] [01m[K/opt/ros/jazzy/include/rclcpp/rclcpp/node.hpp:500:3:[m[K [01;36m[Knote: [m[K  template argument deduction/substitution failed:
[29.280s] [01m[K/home/sharmin/Desktop/iot/soccer_bot/src/ydlidar_ros2_driver/src/ydlidar_ros2_driver_node.cpp:56:26:[m[K [01;36m[Knote: [m[K  candidate expects 4 arguments, 1 provided
[29.283s]    56 |   [01;36m[Knode->declare_parameter("frame_id")[m[K;
[29.284s]       |   [01;36m[K~~~~~~~~~~~~~~~~~~~~~~~^~~~~~~~~~~~[m[K
[29.285s] [01m[K/opt/ros/jazzy/include/rclcpp/rclcpp/node.hpp:513:3:[m[K [01;36m[Knote: [m[Kcandidate: ‘[01m[Ktemplate<class ParameterT> auto rclcpp::Node::[01;32m[Kdeclare_parameter[m[K(const std::string&, const rcl_interfaces::msg::ParameterDescriptor&, bool)[m[K’
[29.288s]   513 |   [01;36m[Kdeclare_parameter[m[K(
[29.288s]       |   [01;36m[K^~~~~~~~~~~~~~~~~[m[K
[29.289s] [01m[K/opt/ros/jazzy/include/rclcpp/rclcpp/node.hpp:513:3:[m[K [01;36m[Knote: [m[K  template argument deduction/substitution failed:
[29.292s] [01m[K/home/sharmin/Desktop/iot/soccer_bot/src/ydlidar_ros2_driver/src/ydlidar_ros2_driver_node.cpp:56:26:[m[K [01;36m[Knote: [m[K  couldn’t deduce template parameter ‘[01m[KParameterT[m[K’
[29.292s]    56 |   [01;36m[Knode->declare_parameter("frame_id")[m[K;
[29.293s]       |   [01;36m[K~~~~~~~~~~~~~~~~~~~~~~~^~~~~~~~~~~~[m[K
[29.293s] [01m[K/opt/ros/jazzy/include/rclcpp/rclcpp/node.hpp:445:3:[m[K [01;36m[Knote: [m[Kcandidate: ‘[01m[Kconst rclcpp::ParameterValue& rclcpp::Node::[01;32m[Kdeclare_parameter[m[K(const std::string&, const rclcpp::ParameterValue&, const rcl_interfaces::msg::ParameterDescriptor&, bool)[m[K’
[29.294s]   445 |   [01;36m[Kdeclare_parameter[m[K(
[29.294s]       |   [01;36m[K^~~~~~~~~~~~~~~~~[m[K
[29.297s] [01m[K/opt/ros/jazzy/include/rclcpp/rclcpp/node.hpp:445:3:[m[K [01;36m[Knote: [m[K  candidate expects 4 arguments, 1 provided
[29.298s] [01m[K/opt/ros/jazzy/include/rclcpp/rclcpp/node.hpp:470:3:[m[K [01;36m[Knote: [m[Kcandidate: ‘[01m[Kconst rclcpp::ParameterValue& rclcpp::Node::[01;32m[Kdeclare_parameter[m[K(const std::string&, rclcpp::ParameterType, const rcl_interfaces::msg::ParameterDescriptor&, bool)[m[K’
[29.299s]   470 |   [01;36m[Kdeclare_parameter[m[K(
[29.302s]       |   [01;36m[K^~~~~~~~~~~~~~~~~[m[K
[29.302s] [01m[K/opt/ros/jazzy/include/rclcpp/rclcpp/node.hpp:470:3:[m[K [01;36m[Knote: [m[K  candidate expects 4 arguments, 1 provided
[29.303s] [01m[K/home/sharmin/Desktop/iot/soccer_bot/src/ydlidar_ros2_driver/src/ydlidar_ros2_driver_node.cpp:62:26:[m[K [01;31m[Kerror: [m[Kno matching function for call to ‘[01m[Krclcpp::Node::declare_parameter(const char [9])[m[K’
[29.307s]    62 |   [01;31m[Knode->declare_parameter("baudrate")[m[K;
[29.309s]       |   [01;31m[K~~~~~~~~~~~~~~~~~~~~~~~^~~~~~~~~~~~[m[K
[29.310s] [01m[K/opt/ros/jazzy/include/rclcpp/rclcpp/node.hpp:500:3:[m[K [01;36m[Knote: [m[Kcandidate: ‘[01m[Ktemplate<class ParameterT> auto rclcpp::Node::[01;32m[Kdeclare_parameter[m[K(const std::string&, const ParameterT&, const rcl_interfaces::msg::ParameterDescriptor&, bool)[m[K’
[29.311s]   500 |   [01;36m[Kdeclare_parameter[m[K(
[29.314s]       |   [01;36m[K^~~~~~~~~~~~~~~~~[m[K
[29.314s] [01m[K/opt/ros/jazzy/include/rclcpp/rclcpp/node.hpp:500:3:[m[K [01;36m[Knote: [m[K  template argument deduction/substitution failed:
[29.315s] [01m[K/home/sharmin/Desktop/iot/soccer_bot/src/ydlidar_ros2_driver/src/ydlidar_ros2_driver_node.cpp:62:26:[m[K [01;36m[Knote: [m[K  candidate expects 4 arguments, 1 provided
[29.315s]    62 |   [01;36m[Knode->declare_parameter("baudrate")[m[K;
[29.320s]       |   [01;36m[K~~~~~~~~~~~~~~~~~~~~~~~^~~~~~~~~~~~[m[K
[29.320s] [01m[K/opt/ros/jazzy/include/rclcpp/rclcpp/node.hpp:513:3:[m[K [01;36m[Knote: [m[Kcandidate: ‘[01m[Ktemplate<class ParameterT> auto rclcpp::Node::[01;32m[Kdeclare_parameter[m[K(const std::string&, const rcl_interfaces::msg::ParameterDescriptor&, bool)[m[K’
[29.321s]   513 |   [01;36m[Kdeclare_parameter[m[K(
[29.322s]       |   [01;36m[K^~~~~~~~~~~~~~~~~[m[K
[29.323s] [01m[K/opt/ros/jazzy/include/rclcpp/rclcpp/node.hpp:513:3:[m[K [01;36m[Knote: [m[K  template argument deduction/substitution failed:
[29.324s] [01m[K/home/sharmin/Desktop/iot/soccer_bot/src/ydlidar_ros2_driver/src/ydlidar_ros2_driver_node.cpp:62:26:[m[K [01;36m[Knote: [m[K  couldn’t deduce template parameter ‘[01m[KParameterT[m[K’
[29.324s]    62 |   [01;36m[Knode->declare_parameter("baudrate")[m[K;
[29.326s]       |   [01;36m[K~~~~~~~~~~~~~~~~~~~~~~~^~~~~~~~~~~~[m[K
[29.327s] [01m[K/opt/ros/jazzy/include/rclcpp/rclcpp/node.hpp:445:3:[m[K [01;36m[Knote: [m[Kcandidate: ‘[01m[Kconst rclcpp::ParameterValue& rclcpp::Node::[01;32m[Kdeclare_parameter[m[K(const std::string&, const rclcpp::ParameterValue&, const rcl_interfaces::msg::ParameterDescriptor&, bool)[m[K’
[29.327s]   445 |   [01;36m[Kdeclare_parameter[m[K(
[29.328s]       |   [01;36m[K^~~~~~~~~~~~~~~~~[m[K
[29.331s] [01m[K/opt/ros/jazzy/include/rclcpp/rclcpp/node.hpp:445:3:[m[K [01;36m[Knote: [m[K  candidate expects 4 arguments, 1 provided
[29.332s] [01m[K/opt/ros/jazzy/include/rclcpp/rclcpp/node.hpp:470:3:[m[K [01;36m[Knote: [m[Kcandidate: ‘[01m[Kconst rclcpp::ParameterValue& rclcpp::Node::[01;32m[Kdeclare_parameter[m[K(const std::string&, rclcpp::ParameterType, const rcl_interfaces::msg::ParameterDescriptor&, bool)[m[K’
[29.332s]   470 |   [01;36m[Kdeclare_parameter[m[K(
[29.333s]       |   [01;36m[K^~~~~~~~~~~~~~~~~[m[K
[29.336s] [01m[K/opt/ros/jazzy/include/rclcpp/rclcpp/node.hpp:470:3:[m[K [01;36m[Knote: [m[K  candidate expects 4 arguments, 1 provided
[29.337s] [01m[K/home/sharmin/Desktop/iot/soccer_bot/src/ydlidar_ros2_driver/src/ydlidar_ros2_driver_node.cpp:67:26:[m[K [01;31m[Kerror: [m[Kno matching function for call to ‘[01m[Krclcpp::Node::declare_parameter(const char [11])[m[K’
[29.337s]    67 |   [01;31m[Knode->declare_parameter("lidar_type")[m[K;
[29.338s]       |   [01;31m[K~~~~~~~~~~~~~~~~~~~~~~~^~~~~~~~~~~~~~[m[K
[29.340s] [01m[K/opt/ros/jazzy/include/rclcpp/rclcpp/node.hpp:500:3:[m[K [01;36m[Knote: [m[Kcandidate: ‘[01m[Ktemplate<class ParameterT> auto rclcpp::Node::[01;32m[Kdeclare_parameter[m[K(const std::string&, const ParameterT&, const rcl_interfaces::msg::ParameterDescriptor&, bool)[m[K’
[29.341s]   500 |   [01;36m[Kdeclare_parameter[m[K(
[29.344s]       |   [01;36m[K^~~~~~~~~~~~~~~~~[m[K
[29.344s] [01m[K/opt/ros/jazzy/include/rclcpp/rclcpp/node.hpp:500:3:[m[K [01;36m[Knote: [m[K  template argument deduction/substitution failed:
[29.345s] [01m[K/home/sharmin/Desktop/iot/soccer_bot/src/ydlidar_ros2_driver/src/ydlidar_ros2_driver_node.cpp:67:26:[m[K [01;36m[Knote: [m[K  candidate expects 4 arguments, 1 provided
[29.345s]    67 |   [01;36m[Knode->declare_parameter("lidar_type")[m[K;
[29.346s]       |   [01;36m[K~~~~~~~~~~~~~~~~~~~~~~~^~~~~~~~~~~~~~[m[K
[29.346s] [01m[K/opt/ros/jazzy/include/rclcpp/rclcpp/node.hpp:513:3:[m[K [01;36m[Knote: [m[Kcandidate: ‘[01m[Ktemplate<class ParameterT> auto rclcpp::Node::[01;32m[Kdeclare_parameter[m[K(const std::string&, const rcl_interfaces::msg::ParameterDescriptor&, bool)[m[K’
[29.349s]   513 |   [01;36m[Kdeclare_parameter[m[K(
[29.349s]       |   [01;36m[K^~~~~~~~~~~~~~~~~[m[K
[29.350s] [01m[K/opt/ros/jazzy/include/rclcpp/rclcpp/node.hpp:513:3:[m[K [01;36m[Knote: [m[K  template argument deduction/substitution failed:
[29.350s] [01m[K/home/sharmin/Desktop/iot/soccer_bot/src/ydlidar_ros2_driver/src/ydlidar_ros2_driver_node.cpp:67:26:[m[K [01;36m[Knote: [m[K  couldn’t deduce template parameter ‘[01m[KParameterT[m[K’
[29.353s]    67 |   [01;36m[Knode->declare_parameter("lidar_type")[m[K;
[29.353s]       |   [01;36m[K~~~~~~~~~~~~~~~~~~~~~~~^~~~~~~~~~~~~~[m[K
[29.354s] [01m[K/opt/ros/jazzy/include/rclcpp/rclcpp/node.hpp:445:3:[m[K [01;36m[Knote: [m[Kcandidate: ‘[01m[Kconst rclcpp::ParameterValue& rclcpp::Node::[01;32m[Kdeclare_parameter[m[K(const std::string&, const rclcpp::ParameterValue&, const rcl_interfaces::msg::ParameterDescriptor&, bool)[m[K’
[29.356s]   445 |   [01;36m[Kdeclare_parameter[m[K(
[29.357s]       |   [01;36m[K^~~~~~~~~~~~~~~~~[m[K
[29.357s] [01m[K/opt/ros/jazzy/include/rclcpp/rclcpp/node.hpp:445:3:[m[K [01;36m[Knote: [m[K  candidate expects 4 arguments, 1 provided
[29.358s] [01m[K/opt/ros/jazzy/include/rclcpp/rclcpp/node.hpp:470:3:[m[K [01;36m[Knote: [m[Kcandidate: ‘[01m[Kconst rclcpp::ParameterValue& rclcpp::Node::[01;32m[Kdeclare_parameter[m[K(const std::string&, rclcpp::ParameterType, const rcl_interfaces::msg::ParameterDescriptor&, bool)[m[K’
[29.360s]   470 |   [01;36m[Kdeclare_parameter[m[K(
[29.361s]       |   [01;36m[K^~~~~~~~~~~~~~~~~[m[K
[29.361s] [01m[K/opt/ros/jazzy/include/rclcpp/rclcpp/node.hpp:470:3:[m[K [01;36m[Knote: [m[K  candidate expects 4 arguments, 1 provided
[29.362s] [01m[K/home/sharmin/Desktop/iot/soccer_bot/src/ydlidar_ros2_driver/src/ydlidar_ros2_driver_node.cpp:72:26:[m[K [01;31m[Kerror: [m[Kno matching function for call to ‘[01m[Krclcpp::Node::declare_parameter(const char [12])[m[K’
[29.365s]    72 |   [01;31m[Knode->declare_parameter("device_type")[m[K;
[29.365s]       |   [01;31m[K~~~~~~~~~~~~~~~~~~~~~~~^~~~~~~~~~~~~~~[m[K
[29.366s] [01m[K/opt/ros/jazzy/include/rclcpp/rclcpp/node.hpp:500:3:[m[K [01;36m[Knote: [m[Kcandidate: ‘[01m[Ktemplate<class ParameterT> auto rclcpp::Node::[01;32m[Kdeclare_parameter[m[K(const std::string&, const ParameterT&, const rcl_interfaces::msg::ParameterDescriptor&, bool)[m[K’
[29.366s]   500 |   [01;36m[Kdeclare_parameter[m[K(
[29.369s]       |   [01;36m[K^~~~~~~~~~~~~~~~~[m[K
[29.369s] [01m[K/opt/ros/jazzy/include/rclcpp/rclcpp/node.hpp:500:3:[m[K [01;36m[Knote: [m[K  template argument deduction/substitution failed:
[29.370s] [01m[K/home/sharmin/Desktop/iot/soccer_bot/src/ydlidar_ros2_driver/src/ydlidar_ros2_driver_node.cpp:72:26:[m[K [01;36m[Knote: [m[K  candidate expects 4 arguments, 1 provided
[29.372s]    72 |   [01;36m[Knode->declare_parameter("device_type")[m[K;
[29.373s]       |   [01;36m[K~~~~~~~~~~~~~~~~~~~~~~~^~~~~~~~~~~~~~~[m[K
[29.373s] [01m[K/opt/ros/jazzy/include/rclcpp/rclcpp/node.hpp:513:3:[m[K [01;36m[Knote: [m[Kcandidate: ‘[01m[Ktemplate<class ParameterT> auto rclcpp::Node::[01;32m[Kdeclare_parameter[m[K(const std::string&, const rcl_interfaces::msg::ParameterDescriptor&, bool)[m[K’
[29.374s]   513 |   [01;36m[Kdeclare_parameter[m[K(
[29.376s]       |   [01;36m[K^~~~~~~~~~~~~~~~~[m[K
[29.377s] [01m[K/opt/ros/jazzy/include/rclcpp/rclcpp/node.hpp:513:3:[m[K [01;36m[Knote: [m[K  template argument deduction/substitution failed:
[29.378s] [01m[K/home/sharmin/Desktop/iot/soccer_bot/src/ydlidar_ros2_driver/src/ydlidar_ros2_driver_node.cpp:72:26:[m[K [01;36m[Knote: [m[K  couldn’t deduce template parameter ‘[01m[KParameterT[m[K’
[29.380s]    72 |   [01;36m[Knode->declare_parameter("device_type")[m[K;
[29.381s]       |   [01;36m[K~~~~~~~~~~~~~~~~~~~~~~~^~~~~~~~~~~~~~~[m[K
[29.381s] [01m[K/opt/ros/jazzy/include/rclcpp/rclcpp/node.hpp:445:3:[m[K [01;36m[Knote: [m[Kcandidate: ‘[01m[Kconst rclcpp::ParameterValue& rclcpp::Node::[01;32m[Kdeclare_parameter[m[K(const std::string&, const rclcpp::ParameterValue&, const rcl_interfaces::msg::ParameterDescriptor&, bool)[m[K’
[29.382s]   445 |   [01;36m[Kdeclare_parameter[m[K(
[29.384s]       |   [01;36m[K^~~~~~~~~~~~~~~~~[m[K
[29.385s] [01m[K/opt/ros/jazzy/include/rclcpp/rclcpp/node.hpp:445:3:[m[K [01;36m[Knote: [m[K  candidate expects 4 arguments, 1 provided
[29.386s] [01m[K/opt/ros/jazzy/include/rclcpp/rclcpp/node.hpp:470:3:[m[K [01;36m[Knote: [m[Kcandidate: ‘[01m[Kconst rclcpp::ParameterValue& rclcpp::Node::[01;32m[Kdeclare_parameter[m[K(const std::string&, rclcpp::ParameterType, const rcl_interfaces::msg::ParameterDescriptor&, bool)[m[K’
[29.388s]   470 |   [01;36m[Kdeclare_parameter[m[K(
[29.389s]       |   [01;36m[K^~~~~~~~~~~~~~~~~[m[K
[29.389s] [01m[K/opt/ros/jazzy/include/rclcpp/rclcpp/node.hpp:470:3:[m[K [01;36m[Knote: [m[K  candidate expects 4 arguments, 1 provided
[29.390s] [01m[K/home/sharmin/Desktop/iot/soccer_bot/src/ydlidar_ros2_driver/src/ydlidar_ros2_driver_node.cpp:77:26:[m[K [01;31m[Kerror: [m[Kno matching function for call to ‘[01m[Krclcpp::Node::declare_parameter(const char [12])[m[K’
[29.393s]    77 |   [01;31m[Knode->declare_parameter("sample_rate")[m[K;
[29.393s]       |   [01;31m[K~~~~~~~~~~~~~~~~~~~~~~~^~~~~~~~~~~~~~~[m[K
[29.394s] [01m[K/opt/ros/jazzy/include/rclcpp/rclcpp/node.hpp:500:3:[m[K [01;36m[Knote: [m[Kcandidate: ‘[01m[Ktemplate<class ParameterT> auto rclcpp::Node::[01;32m[Kdeclare_parameter[m[K(const std::string&, const ParameterT&, const rcl_interfaces::msg::ParameterDescriptor&, bool)[m[K’
[29.397s]   500 |   [01;36m[Kdeclare_parameter[m[K(
[29.398s]       |   [01;36m[K^~~~~~~~~~~~~~~~~[m[K
[29.398s] [01m[K/opt/ros/jazzy/include/rclcpp/rclcpp/node.hpp:500:3:[m[K [01;36m[Knote: [m[K  template argument deduction/substitution failed:
[29.401s] [01m[K/home/sharmin/Desktop/iot/soccer_bot/src/ydlidar_ros2_driver/src/ydlidar_ros2_driver_node.cpp:77:26:[m[K [01;36m[Knote: [m[K  candidate expects 4 arguments, 1 provided
[29.401s]    77 |   [01;36m[Knode->declare_parameter("sample_rate")[m[K;
[29.402s]       |   [01;36m[K~~~~~~~~~~~~~~~~~~~~~~~^~~~~~~~~~~~~~~[m[K
[29.404s] [01m[K/opt/ros/jazzy/include/rclcpp/rclcpp/node.hpp:513:3:[m[K [01;36m[Knote: [m[Kcandidate: ‘[01m[Ktemplate<class ParameterT> auto rclcpp::Node::[01;32m[Kdeclare_parameter[m[K(const std::string&, const rcl_interfaces::msg::ParameterDescriptor&, bool)[m[K’
[29.405s]   513 |   [01;36m[Kdeclare_parameter[m[K(
[29.405s]       |   [01;36m[K^~~~~~~~~~~~~~~~~[m[K
[29.409s] [01m[K/opt/ros/jazzy/include/rclcpp/rclcpp/node.hpp:513:3:[m[K [01;36m[Knote: [m[K  template argument deduction/substitution failed:
[29.409s] [01m[K/home/sharmin/Desktop/iot/soccer_bot/src/ydlidar_ros2_driver/src/ydlidar_ros2_driver_node.cpp:77:26:[m[K [01;36m[Knote: [m[K  couldn’t deduce template parameter ‘[01m[KParameterT[m[K’
[29.410s]    77 |   [01;36m[Knode->declare_parameter("sample_rate")[m[K;
[29.413s]       |   [01;36m[K~~~~~~~~~~~~~~~~~~~~~~~^~~~~~~~~~~~~~~[m[K
[29.413s] [01m[K/opt/ros/jazzy/include/rclcpp/rclcpp/node.hpp:445:3:[m[K [01;36m[Knote: [m[Kcandidate: ‘[01m[Kconst rclcpp::ParameterValue& rclcpp::Node::[01;32m[Kdeclare_parameter[m[K(const std::string&, const rclcpp::ParameterValue&, const rcl_interfaces::msg::ParameterDescriptor&, bool)[m[K’
[29.417s]   445 |   [01;36m[Kdeclare_parameter[m[K(
[29.418s]       |   [01;36m[K^~~~~~~~~~~~~~~~~[m[K
[29.420s] [01m[K/opt/ros/jazzy/include/rclcpp/rclcpp/node.hpp:445:3:[m[K [01;36m[Knote: [m[K  candidate expects 4 arguments, 1 provided
[29.421s] [01m[K/opt/ros/jazzy/include/rclcpp/rclcpp/node.hpp:470:3:[m[K [01;36m[Knote: [m[Kcandidate: ‘[01m[Kconst rclcpp::ParameterValue& rclcpp::Node::[01;32m[Kdeclare_parameter[m[K(const std::string&, rclcpp::ParameterType, const rcl_interfaces::msg::ParameterDescriptor&, bool)[m[K’
[29.422s]   470 |   [01;36m[Kdeclare_parameter[m[K(
[29.423s]       |   [01;36m[K^~~~~~~~~~~~~~~~~[m[K
[29.423s] [01m[K/opt/ros/jazzy/include/rclcpp/rclcpp/node.hpp:470:3:[m[K [01;36m[Knote: [m[K  candidate expects 4 arguments, 1 provided
[29.424s] [01m[K/home/sharmin/Desktop/iot/soccer_bot/src/ydlidar_ros2_driver/src/ydlidar_ros2_driver_node.cpp:82:26:[m[K [01;31m[Kerror: [m[Kno matching function for call to ‘[01m[Krclcpp::Node::declare_parameter(const char [21])[m[K’
[29.427s]    82 |   [01;31m[Knode->declare_parameter("abnormal_check_count")[m[K;
[29.427s]       |   [01;31m[K~~~~~~~~~~~~~~~~~~~~~~~^~~~~~~~~~~~~~~~~~~~~~~~[m[K
[29.428s] [01m[K/opt/ros/jazzy/include/rclcpp/rclcpp/node.hpp:500:3:[m[K [01;36m[Knote: [m[Kcandidate: ‘[01m[Ktemplate<class ParameterT> auto rclcpp::Node::[01;32m[Kdeclare_parameter[m[K(const std::string&, const ParameterT&, const rcl_interfaces::msg::ParameterDescriptor&, bool)[m[K’
[29.430s]   500 |   [01;36m[Kdeclare_parameter[m[K(
[29.431s]       |   [01;36m[K^~~~~~~~~~~~~~~~~[m[K
[29.431s] [01m[K/opt/ros/jazzy/include/rclcpp/rclcpp/node.hpp:500:3:[m[K [01;36m[Knote: [m[K  template argument deduction/substitution failed:
[29.432s] [01m[K/home/sharmin/Desktop/iot/soccer_bot/src/ydlidar_ros2_driver/src/ydlidar_ros2_driver_node.cpp:82:26:[m[K [01;36m[Knote: [m[K  candidate expects 4 arguments, 1 provided
[29.436s]    82 |   [01;36m[Knode->declare_parameter("abnormal_check_count")[m[K;
[29.437s]       |   [01;36m[K~~~~~~~~~~~~~~~~~~~~~~~^~~~~~~~~~~~~~~~~~~~~~~~[m[K
[29.437s] [01m[K/opt/ros/jazzy/include/rclcpp/rclcpp/node.hpp:513:3:[m[K [01;36m[Knote: [m[Kcandidate: ‘[01m[Ktemplate<class ParameterT> auto rclcpp::Node::[01;32m[Kdeclare_parameter[m[K(const std::string&, const rcl_interfaces::msg::ParameterDescriptor&, bool)[m[K’
[29.438s]   513 |   [01;36m[Kdeclare_parameter[m[K(
[29.441s]       |   [01;36m[K^~~~~~~~~~~~~~~~~[m[K
[29.441s] [01m[K/opt/ros/jazzy/include/rclcpp/rclcpp/node.hpp:513:3:[m[K [01;36m[Knote: [m[K  template argument deduction/substitution failed:
[29.442s] [01m[K/home/sharmin/Desktop/iot/soccer_bot/src/ydlidar_ros2_driver/src/ydlidar_ros2_driver_node.cpp:82:26:[m[K [01;36m[Knote: [m[K  couldn’t deduce template parameter ‘[01m[KParameterT[m[K’
[29.442s]    82 |   [01;36m[Knode->declare_parameter("abnormal_check_count")[m[K;
[29.445s]       |   [01;36m[K~~~~~~~~~~~~~~~~~~~~~~~^~~~~~~~~~~~~~~~~~~~~~~~[m[K
[29.445s] [01m[K/opt/ros/jazzy/include/rclcpp/rclcpp/node.hpp:445:3:[m[K [01;36m[Knote: [m[Kcandidate: ‘[01m[Kconst rclcpp::ParameterValue& rclcpp::Node::[01;32m[Kdeclare_parameter[m[K(const std::string&, const rclcpp::ParameterValue&, const rcl_interfaces::msg::ParameterDescriptor&, bool)[m[K’
[29.446s]   445 |   [01;36m[Kdeclare_parameter[m[K(
[29.447s]       |   [01;36m[K^~~~~~~~~~~~~~~~~[m[K
[29.449s] [01m[K/opt/ros/jazzy/include/rclcpp/rclcpp/node.hpp:445:3:[m[K [01;36m[Knote: [m[K  candidate expects 4 arguments, 1 provided
[29.449s] [01m[K/opt/ros/jazzy/include/rclcpp/rclcpp/node.hpp:470:3:[m[K [01;36m[Knote: [m[Kcandidate: ‘[01m[Kconst rclcpp::ParameterValue& rclcpp::Node::[01;32m[Kdeclare_parameter[m[K(const std::string&, rclcpp::ParameterType, const rcl_interfaces::msg::ParameterDescriptor&, bool)[m[K’
[29.450s]   470 |   [01;36m[Kdeclare_parameter[m[K(
[29.454s]       |   [01;36m[K^~~~~~~~~~~~~~~~~[m[K
[29.455s] [01m[K/opt/ros/jazzy/include/rclcpp/rclcpp/node.hpp:470:3:[m[K [01;36m[Knote: [m[K  candidate expects 4 arguments, 1 provided
[29.457s] [01m[K/home/sharmin/Desktop/iot/soccer_bot/src/ydlidar_ros2_driver/src/ydlidar_ros2_driver_node.cpp:88:26:[m[K [01;31m[Kerror: [m[Kno matching function for call to ‘[01m[Krclcpp::Node::declare_parameter(const char [14])[m[K’
[29.458s]    88 |   [01;31m[Knode->declare_parameter("intensity_bit")[m[K;
[29.460s]       |   [01;31m[K~~~~~~~~~~~~~~~~~~~~~~~^~~~~~~~~~~~~~~~~[m[K
[29.462s] [01m[K/opt/ros/jazzy/include/rclcpp/rclcpp/node.hpp:500:3:[m[K [01;36m[Knote: [m[Kcandidate: ‘[01m[Ktemplate<class ParameterT> auto rclcpp::Node::[01;32m[Kdeclare_parameter[m[K(const std::string&, const ParameterT&, const rcl_interfaces::msg::ParameterDescriptor&, bool)[m[K’
[29.463s]   500 |   [01;36m[Kdeclare_parameter[m[K(
[29.463s]       |   [01;36m[K^~~~~~~~~~~~~~~~~[m[K
[29.464s] [01m[K/opt/ros/jazzy/include/rclcpp/rclcpp/node.hpp:500:3:[m[K [01;36m[Knote: [m[K  template argument deduction/substitution failed:
[29.465s] [01m[K/home/sharmin/Desktop/iot/soccer_bot/src/ydlidar_ros2_driver/src/ydlidar_ros2_driver_node.cpp:88:26:[m[K [01;36m[Knote: [m[K  candidate expects 4 arguments, 1 provided
[29.465s]    88 |   [01;36m[Knode->declare_parameter("intensity_bit")[m[K;
[29.468s]       |   [01;36m[K~~~~~~~~~~~~~~~~~~~~~~~^~~~~~~~~~~~~~~~~[m[K
[29.468s] [01m[K/opt/ros/jazzy/include/rclcpp/rclcpp/node.hpp:513:3:[m[K [01;36m[Knote: [m[Kcandidate: ‘[01m[Ktemplate<class ParameterT> auto rclcpp::Node::[01;32m[Kdeclare_parameter[m[K(const std::string&, const rcl_interfaces::msg::ParameterDescriptor&, bool)[m[K’
[29.469s]   513 |   [01;36m[Kdeclare_parameter[m[K(
[29.471s]       |   [01;36m[K^~~~~~~~~~~~~~~~~[m[K
[29.472s] [01m[K/opt/ros/jazzy/include/rclcpp/rclcpp/node.hpp:513:3:[m[K [01;36m[Knote: [m[K  template argument deduction/substitution failed:
[29.472s] [01m[K/home/sharmin/Desktop/iot/soccer_bot/src/ydlidar_ros2_driver/src/ydlidar_ros2_driver_node.cpp:88:26:[m[K [01;36m[Knote: [m[K  couldn’t deduce template parameter ‘[01m[KParameterT[m[K’
[29.473s]    88 |   [01;36m[Knode->declare_parameter("intensity_bit")[m[K;
[29.475s]       |   [01;36m[K~~~~~~~~~~~~~~~~~~~~~~~^~~~~~~~~~~~~~~~~[m[K
[29.476s] [01m[K/opt/ros/jazzy/include/rclcpp/rclcpp/node.hpp:445:3:[m[K [01;36m[Knote: [m[Kcandidate: ‘[01m[Kconst rclcpp::ParameterValue& rclcpp::Node::[01;32m[Kdeclare_parameter[m[K(const std::string&, const rclcpp::ParameterValue&, const rcl_interfaces::msg::ParameterDescriptor&, bool)[m[K’
[29.476s]   445 |   [01;36m[Kdeclare_parameter[m[K(
[29.477s]       |   [01;36m[K^~~~~~~~~~~~~~~~~[m[K
[29.480s] [01m[K/opt/ros/jazzy/include/rclcpp/rclcpp/node.hpp:445:3:[m[K [01;36m[Knote: [m[K  candidate expects 4 arguments, 1 provided
[29.480s] [01m[K/opt/ros/jazzy/include/rclcpp/rclcpp/node.hpp:470:3:[m[K [01;36m[Knote: [m[Kcandidate: ‘[01m[Kconst rclcpp::ParameterValue& rclcpp::Node::[01;32m[Kdeclare_parameter[m[K(const std::string&, rclcpp::ParameterType, const rcl_interfaces::msg::ParameterDescriptor&, bool)[m[K’
[29.481s]   470 |   [01;36m[Kdeclare_parameter[m[K(
[29.484s]       |   [01;36m[K^~~~~~~~~~~~~~~~~[m[K
[29.484s] [01m[K/opt/ros/jazzy/include/rclcpp/rclcpp/node.hpp:470:3:[m[K [01;36m[Knote: [m[K  candidate expects 4 arguments, 1 provided
[29.485s] [01m[K/home/sharmin/Desktop/iot/soccer_bot/src/ydlidar_ros2_driver/src/ydlidar_ros2_driver_node.cpp:95:26:[m[K [01;31m[Kerror: [m[Kno matching function for call to ‘[01m[Krclcpp::Node::declare_parameter(const char [17])[m[K’
[29.488s]    95 |   [01;31m[Knode->declare_parameter("fixed_resolution")[m[K;
[29.488s]       |   [01;31m[K~~~~~~~~~~~~~~~~~~~~~~~^~~~~~~~~~~~~~~~~~~~[m[K
[29.489s] [01m[K/opt/ros/jazzy/include/rclcpp/rclcpp/node.hpp:500:3:[m[K [01;36m[Knote: [m[Kcandidate: ‘[01m[Ktemplate<class ParameterT> auto rclcpp::Node::[01;32m[Kdeclare_parameter[m[K(const std::string&, const ParameterT&, const rcl_interfaces::msg::ParameterDescriptor&, bool)[m[K’
[29.489s]   500 |   [01;36m[Kdeclare_parameter[m[K(
[29.492s]       |   [01;36m[K^~~~~~~~~~~~~~~~~[m[K
[29.492s] [01m[K/opt/ros/jazzy/include/rclcpp/rclcpp/node.hpp:500:3:[m[K [01;36m[Knote: [m[K  template argument deduction/substitution failed:
[29.495s] [01m[K/home/sharmin/Desktop/iot/soccer_bot/src/ydlidar_ros2_driver/src/ydlidar_ros2_driver_node.cpp:95:26:[m[K [01;36m[Knote: [m[K  candidate expects 4 arguments, 1 provided
[29.496s]    95 |   [01;36m[Knode->declare_parameter("fixed_resolution")[m[K;
[29.497s]       |   [01;36m[K~~~~~~~~~~~~~~~~~~~~~~~^~~~~~~~~~~~~~~~~~~~[m[K
[29.499s] [01m[K/opt/ros/jazzy/include/rclcpp/rclcpp/node.hpp:513:3:[m[K [01;36m[Knote: [m[Kcandidate: ‘[01m[Ktemplate<class ParameterT> auto rclcpp::Node::[01;32m[Kdeclare_parameter[m[K(const std::string&, const rcl_interfaces::msg::ParameterDescriptor&, bool)[m[K’
[29.500s]   513 |   [01;36m[Kdeclare_parameter[m[K(
[29.501s]       |   [01;36m[K^~~~~~~~~~~~~~~~~[m[K
[29.501s] [01m[K/opt/ros/jazzy/include/rclcpp/rclcpp/node.hpp:513:3:[m[K [01;36m[Knote: [m[K  template argument deduction/substitution failed:
[29.504s] [01m[K/home/sharmin/Desktop/iot/soccer_bot/src/ydlidar_ros2_driver/src/ydlidar_ros2_driver_node.cpp:95:26:[m[K [01;36m[Knote: [m[K  couldn’t deduce template parameter ‘[01m[KParameterT[m[K’
[29.504s]    95 |   [01;36m[Knode->declare_parameter("fixed_resolution")[m[K;
[29.505s]       |   [01;36m[K~~~~~~~~~~~~~~~~~~~~~~~^~~~~~~~~~~~~~~~~~~~[m[K
[29.507s] [01m[K/opt/ros/jazzy/include/rclcpp/rclcpp/node.hpp:445:3:[m[K [01;36m[Knote: [m[Kcandidate: ‘[01m[Kconst rclcpp::ParameterValue& rclcpp::Node::[01;32m[Kdeclare_parameter[m[K(const std::string&, const rclcpp::ParameterValue&, const rcl_interfaces::msg::ParameterDescriptor&, bool)[m[K’
[29.508s]   445 |   [01;36m[Kdeclare_parameter[m[K(
[29.509s]       |   [01;36m[K^~~~~~~~~~~~~~~~~[m[K
[29.511s] [01m[K/opt/ros/jazzy/include/rclcpp/rclcpp/node.hpp:445:3:[m[K [01;36m[Knote: [m[K  candidate expects 4 arguments, 1 provided
[29.512s] [01m[K/opt/ros/jazzy/include/rclcpp/rclcpp/node.hpp:470:3:[m[K [01;36m[Knote: [m[Kcandidate: ‘[01m[Kconst rclcpp::ParameterValue& rclcpp::Node::[01;32m[Kdeclare_parameter[m[K(const std::string&, rclcpp::ParameterType, const rcl_interfaces::msg::ParameterDescriptor&, bool)[m[K’
[29.512s]   470 |   [01;36m[Kdeclare_parameter[m[K(
[29.513s]       |   [01;36m[K^~~~~~~~~~~~~~~~~[m[K
[29.516s] [01m[K/opt/ros/jazzy/include/rclcpp/rclcpp/node.hpp:470:3:[m[K [01;36m[Knote: [m[K  candidate expects 4 arguments, 1 provided
[29.516s] [01m[K/home/sharmin/Desktop/iot/soccer_bot/src/ydlidar_ros2_driver/src/ydlidar_ros2_driver_node.cpp:100:26:[m[K [01;31m[Kerror: [m[Kno matching function for call to ‘[01m[Krclcpp::Node::declare_parameter(const char [10])[m[K’
[29.517s]   100 |   [01;31m[Knode->declare_parameter("reversion")[m[K;
[29.519s]       |   [01;31m[K~~~~~~~~~~~~~~~~~~~~~~~^~~~~~~~~~~~~[m[K
[29.520s] [01m[K/opt/ros/jazzy/include/rclcpp/rclcpp/node.hpp:500:3:[m[K [01;36m[Knote: [m[Kcandidate: ‘[01m[Ktemplate<class ParameterT> auto rclcpp::Node::[01;32m[Kdeclare_parameter[m[K(const std::string&, const ParameterT&, const rcl_interfaces::msg::ParameterDescriptor&, bool)[m[K’
[29.520s]   500 |   [01;36m[Kdeclare_parameter[m[K(
[29.521s]       |   [01;36m[K^~~~~~~~~~~~~~~~~[m[K
[29.524s] [01m[K/opt/ros/jazzy/include/rclcpp/rclcpp/node.hpp:500:3:[m[K [01;36m[Knote: [m[K  template argument deduction/substitution failed:
[29.524s] [01m[K/home/sharmin/Desktop/iot/soccer_bot/src/ydlidar_ros2_driver/src/ydlidar_ros2_driver_node.cpp:100:26:[m[K [01;36m[Knote: [m[K  candidate expects 4 arguments, 1 provided
[29.527s]   100 |   [01;36m[Knode->declare_parameter("reversion")[m[K;
[29.528s]       |   [01;36m[K~~~~~~~~~~~~~~~~~~~~~~~^~~~~~~~~~~~~[m[K
[29.528s] [01m[K/opt/ros/jazzy/include/rclcpp/rclcpp/node.hpp:513:3:[m[K [01;36m[Knote: [m[Kcandidate: ‘[01m[Ktemplate<class ParameterT> auto rclcpp::Node::[01;32m[Kdeclare_parameter[m[K(const std::string&, const rcl_interfaces::msg::ParameterDescriptor&, bool)[m[K’
[29.529s]   513 |   [01;36m[Kdeclare_parameter[m[K(
[29.531s]       |   [01;36m[K^~~~~~~~~~~~~~~~~[m[K
[29.532s] [01m[K/opt/ros/jazzy/include/rclcpp/rclcpp/node.hpp:513:3:[m[K [01;36m[Knote: [m[K  template argument deduction/substitution failed:
[29.533s] [01m[K/home/sharmin/Desktop/iot/soccer_bot/src/ydlidar_ros2_driver/src/ydlidar_ros2_driver_node.cpp:100:26:[m[K [01;36m[Knote: [m[K  couldn’t deduce template parameter ‘[01m[KParameterT[m[K’
[29.533s]   100 |   [01;36m[Knode->declare_parameter("reversion")[m[K;
[29.536s]       |   [01;36m[K~~~~~~~~~~~~~~~~~~~~~~~^~~~~~~~~~~~~[m[K
[29.536s] [01m[K/opt/ros/jazzy/include/rclcpp/rclcpp/node.hpp:445:3:[m[K [01;36m[Knote: [m[Kcandidate: ‘[01m[Kconst rclcpp::ParameterValue& rclcpp::Node::[01;32m[Kdeclare_parameter[m[K(const std::string&, const rclcpp::ParameterValue&, const rcl_interfaces::msg::ParameterDescriptor&, bool)[m[K’
[29.539s]   445 |   [01;36m[Kdeclare_parameter[m[K(
[29.539s]       |   [01;36m[K^~~~~~~~~~~~~~~~~[m[K
[29.540s] [01m[K/opt/ros/jazzy/include/rclcpp/rclcpp/node.hpp:445:3:[m[K [01;36m[Knote: [m[K  candidate expects 4 arguments, 1 provided
[29.540s] [01m[K/opt/ros/jazzy/include/rclcpp/rclcpp/node.hpp:470:3:[m[K [01;36m[Knote: [m[Kcandidate: ‘[01m[Kconst rclcpp::ParameterValue& rclcpp::Node::[01;32m[Kdeclare_parameter[m[K(const std::string&, rclcpp::ParameterType, const rcl_interfaces::msg::ParameterDescriptor&, bool)[m[K’
[29.541s]   470 |   [01;36m[Kdeclare_parameter[m[K(
[29.544s]       |   [01;36m[K^~~~~~~~~~~~~~~~~[m[K
[29.544s] [01m[K/opt/ros/jazzy/include/rclcpp/rclcpp/node.hpp:470:3:[m[K [01;36m[Knote: [m[K  candidate expects 4 arguments, 1 provided
[29.545s] [01m[K/home/sharmin/Desktop/iot/soccer_bot/src/ydlidar_ros2_driver/src/ydlidar_ros2_driver_node.cpp:105:26:[m[K [01;31m[Kerror: [m[Kno matching function for call to ‘[01m[Krclcpp::Node::declare_parameter(const char [9])[m[K’
[29.545s]   105 |   [01;31m[Knode->declare_parameter("inverted")[m[K;
[29.548s]       |   [01;31m[K~~~~~~~~~~~~~~~~~~~~~~~^~~~~~~~~~~~[m[K
[29.548s] [01m[K/opt/ros/jazzy/include/rclcpp/rclcpp/node.hpp:500:3:[m[K [01;36m[Knote: [m[Kcandidate: ‘[01m[Ktemplate<class ParameterT> auto rclcpp::Node::[01;32m[Kdeclare_parameter[m[K(const std::string&, const ParameterT&, const rcl_interfaces::msg::ParameterDescriptor&, bool)[m[K’
[29.549s]   500 |   [01;36m[Kdeclare_parameter[m[K(
[29.551s]       |   [01;36m[K^~~~~~~~~~~~~~~~~[m[K
[29.552s] [01m[K/opt/ros/jazzy/include/rclcpp/rclcpp/node.hpp:500:3:[m[K [01;36m[Knote: [m[K  template argument deduction/substitution failed:
[29.552s] [01m[K/home/sharmin/Desktop/iot/soccer_bot/src/ydlidar_ros2_driver/src/ydlidar_ros2_driver_node.cpp:105:26:[m[K [01;36m[Knote: [m[K  candidate expects 4 arguments, 1 provided
[29.553s]   105 |   [01;36m[Knode->declare_parameter("inverted")[m[K;
[29.556s]       |   [01;36m[K~~~~~~~~~~~~~~~~~~~~~~~^~~~~~~~~~~~[m[K
[29.556s] [01m[K/opt/ros/jazzy/include/rclcpp/rclcpp/node.hpp:513:3:[m[K [01;36m[Knote: [m[Kcandidate: ‘[01m[Ktemplate<class ParameterT> auto rclcpp::Node::[01;32m[Kdeclare_parameter[m[K(const std::string&, const rcl_interfaces::msg::ParameterDescriptor&, bool)[m[K’
[29.557s]   513 |   [01;36m[Kdeclare_parameter[m[K(
[29.557s]       |   [01;36m[K^~~~~~~~~~~~~~~~~[m[K
[29.560s] [01m[K/opt/ros/jazzy/include/rclcpp/rclcpp/node.hpp:513:3:[m[K [01;36m[Knote: [m[K  template argument deduction/substitution failed:
[29.560s] [01m[K/home/sharmin/Desktop/iot/soccer_bot/src/ydlidar_ros2_driver/src/ydlidar_ros2_driver_node.cpp:105:26:[m[K [01;36m[Knote: [m[K  couldn’t deduce template parameter ‘[01m[KParameterT[m[K’
[29.561s]   105 |   [01;36m[Knode->declare_parameter("inverted")[m[K;
[29.563s]       |   [01;36m[K~~~~~~~~~~~~~~~~~~~~~~~^~~~~~~~~~~~[m[K
[29.564s] [01m[K/opt/ros/jazzy/include/rclcpp/rclcpp/node.hpp:445:3:[m[K [01;36m[Knote: [m[Kcandidate: ‘[01m[Kconst rclcpp::ParameterValue& rclcpp::Node::[01;32m[Kdeclare_parameter[m[K(const std::string&, const rclcpp::ParameterValue&, const rcl_interfaces::msg::ParameterDescriptor&, bool)[m[K’
[29.564s]   445 |   [01;36m[Kdeclare_parameter[m[K(
[29.565s]       |   [01;36m[K^~~~~~~~~~~~~~~~~[m[K
[29.567s] [01m[K/opt/ros/jazzy/include/rclcpp/rclcpp/node.hpp:445:3:[m[K [01;36m[Knote: [m[K  candidate expects 4 arguments, 1 provided
[29.568s] [01m[K/opt/ros/jazzy/include/rclcpp/rclcpp/node.hpp:470:3:[m[K [01;36m[Knote: [m[Kcandidate: ‘[01m[Kconst rclcpp::ParameterValue& rclcpp::Node::[01;32m[Kdeclare_parameter[m[K(const std::string&, rclcpp::ParameterType, const rcl_interfaces::msg::ParameterDescriptor&, bool)[m[K’
[29.568s]   470 |   [01;36m[Kdeclare_parameter[m[K(
[29.569s]       |   [01;36m[K^~~~~~~~~~~~~~~~~[m[K
[29.572s] [01m[K/opt/ros/jazzy/include/rclcpp/rclcpp/node.hpp:470:3:[m[K [01;36m[Knote: [m[K  candidate expects 4 arguments, 1 provided
[29.572s] [01m[K/home/sharmin/Desktop/iot/soccer_bot/src/ydlidar_ros2_driver/src/ydlidar_ros2_driver_node.cpp:109:26:[m[K [01;31m[Kerror: [m[Kno matching function for call to ‘[01m[Krclcpp::Node::declare_parameter(const char [15])[m[K’
[29.573s]   109 |   [01;31m[Knode->declare_parameter("auto_reconnect")[m[K;
[29.573s]       |   [01;31m[K~~~~~~~~~~~~~~~~~~~~~~~^~~~~~~~~~~~~~~~~~[m[K
[29.576s] [01m[K/opt/ros/jazzy/include/rclcpp/rclcpp/node.hpp:500:3:[m[K [01;36m[Knote: [m[Kcandidate: ‘[01m[Ktemplate<class ParameterT> auto rclcpp::Node::[01;32m[Kdeclare_parameter[m[K(const std::string&, const ParameterT&, const rcl_interfaces::msg::ParameterDescriptor&, bool)[m[K’
[29.576s]   500 |   [01;36m[Kdeclare_parameter[m[K(
[29.577s]       |   [01;36m[K^~~~~~~~~~~~~~~~~[m[K
[29.577s] [01m[K/opt/ros/jazzy/include/rclcpp/rclcpp/node.hpp:500:3:[m[K [01;36m[Knote: [m[K  template argument deduction/substitution failed:
[29.580s] [01m[K/home/sharmin/Desktop/iot/soccer_bot/src/ydlidar_ros2_driver/src/ydlidar_ros2_driver_node.cpp:109:26:[m[K [01;36m[Knote: [m[K  candidate expects 4 arguments, 1 provided
[29.580s]   109 |   [01;36m[Knode->declare_parameter("auto_reconnect")[m[K;
[29.581s]       |   [01;36m[K~~~~~~~~~~~~~~~~~~~~~~~^~~~~~~~~~~~~~~~~~[m[K
[29.581s] [01m[K/opt/ros/jazzy/include/rclcpp/rclcpp/node.hpp:513:3:[m[K [01;36m[Knote: [m[Kcandidate: ‘[01m[Ktemplate<class ParameterT> auto rclcpp::Node::[01;32m[Kdeclare_parameter[m[K(const std::string&, const rcl_interfaces::msg::ParameterDescriptor&, bool)[m[K’
[29.584s]   513 |   [01;36m[Kdeclare_parameter[m[K(
[29.584s]       |   [01;36m[K^~~~~~~~~~~~~~~~~[m[K
[29.588s] [01m[K/opt/ros/jazzy/include/rclcpp/rclcpp/node.hpp:513:3:[m[K [01;36m[Knote: [m[K  template argument deduction/substitution failed:
[29.588s] [01m[K/home/sharmin/Desktop/iot/soccer_bot/src/ydlidar_ros2_driver/src/ydlidar_ros2_driver_node.cpp:109:26:[m[K [01;36m[Knote: [m[K  couldn’t deduce template parameter ‘[01m[KParameterT[m[K’
[29.589s]   109 |   [01;36m[Knode->declare_parameter("auto_reconnect")[m[K;
[29.592s]       |   [01;36m[K~~~~~~~~~~~~~~~~~~~~~~~^~~~~~~~~~~~~~~~~~[m[K
[29.592s] [01m[K/opt/ros/jazzy/include/rclcpp/rclcpp/node.hpp:445:3:[m[K [01;36m[Knote: [m[Kcandidate: ‘[01m[Kconst rclcpp::ParameterValue& rclcpp::Node::[01;32m[Kdeclare_parameter[m[K(const std::string&, const rclcpp::ParameterValue&, const rcl_interfaces::msg::ParameterDescriptor&, bool)[m[K’
[29.593s]   445 |   [01;36m[Kdeclare_parameter[m[K(
[29.595s]       |   [01;36m[K^~~~~~~~~~~~~~~~~[m[K
[29.596s] [01m[K/opt/ros/jazzy/include/rclcpp/rclcpp/node.hpp:445:3:[m[K [01;36m[Knote: [m[K  candidate expects 4 arguments, 1 provided
[29.597s] [01m[K/opt/ros/jazzy/include/rclcpp/rclcpp/node.hpp:470:3:[m[K [01;36m[Knote: [m[Kcandidate: ‘[01m[Kconst rclcpp::ParameterValue& rclcpp::Node::[01;32m[Kdeclare_parameter[m[K(const std::string&, rclcpp::ParameterType, const rcl_interfaces::msg::ParameterDescriptor&, bool)[m[K’
[29.600s]   470 |   [01;36m[Kdeclare_parameter[m[K(
[29.600s]       |   [01;36m[K^~~~~~~~~~~~~~~~~[m[K
[29.601s] [01m[K/opt/ros/jazzy/include/rclcpp/rclcpp/node.hpp:470:3:[m[K [01;36m[Knote: [m[K  candidate expects 4 arguments, 1 provided
[29.601s] [01m[K/home/sharmin/Desktop/iot/soccer_bot/src/ydlidar_ros2_driver/src/ydlidar_ros2_driver_node.cpp:114:26:[m[K [01;31m[Kerror: [m[Kno matching function for call to ‘[01m[Krclcpp::Node::declare_parameter(const char [16])[m[K’
[29.604s]   114 |   [01;31m[Knode->declare_parameter("isSingleChannel")[m[K;
[29.604s]       |   [01;31m[K~~~~~~~~~~~~~~~~~~~~~~~^~~~~~~~~~~~~~~~~~~[m[K
[29.607s] [01m[K/opt/ros/jazzy/include/rclcpp/rclcpp/node.hpp:500:3:[m[K [01;36m[Knote: [m[Kcandidate: ‘[01m[Ktemplate<class ParameterT> auto rclcpp::Node::[01;32m[Kdeclare_parameter[m[K(const std::string&, const ParameterT&, const rcl_interfaces::msg::ParameterDescriptor&, bool)[m[K’
[29.608s]   500 |   [01;36m[Kdeclare_parameter[m[K(
[29.609s]       |   [01;36m[K^~~~~~~~~~~~~~~~~[m[K
[29.612s] [01m[K/opt/ros/jazzy/include/rclcpp/rclcpp/node.hpp:500:3:[m[K [01;36m[Knote: [m[K  template argument deduction/substitution failed:
[29.612s] [01m[K/home/sharmin/Desktop/iot/soccer_bot/src/ydlidar_ros2_driver/src/ydlidar_ros2_driver_node.cpp:114:26:[m[K [01;36m[Knote: [m[K  candidate expects 4 arguments, 1 provided
[29.613s]   114 |   [01;36m[Knode->declare_parameter("isSingleChannel")[m[K;
[29.615s]       |   [01;36m[K~~~~~~~~~~~~~~~~~~~~~~~^~~~~~~~~~~~~~~~~~~[m[K
[29.616s] [01m[K/opt/ros/jazzy/include/rclcpp/rclcpp/node.hpp:513:3:[m[K [01;36m[Knote: [m[Kcandidate: ‘[01m[Ktemplate<class ParameterT> auto rclcpp::Node::[01;32m[Kdeclare_parameter[m[K(const std::string&, const rcl_interfaces::msg::ParameterDescriptor&, bool)[m[K’
[29.617s]   513 |   [01;36m[Kdeclare_parameter[m[K(
[29.620s]       |   [01;36m[K^~~~~~~~~~~~~~~~~[m[K
[29.620s] [01m[K/opt/ros/jazzy/include/rclcpp/rclcpp/node.hpp:513:3:[m[K [01;36m[Knote: [m[K  template argument deduction/substitution failed:
[29.621s] [01m[K/home/sharmin/Desktop/iot/soccer_bot/src/ydlidar_ros2_driver/src/ydlidar_ros2_driver_node.cpp:114:26:[m[K [01;36m[Knote: [m[K  couldn’t deduce template parameter ‘[01m[KParameterT[m[K’
[29.621s]   114 |   [01;36m[Knode->declare_parameter("isSingleChannel")[m[K;
[29.624s]       |   [01;36m[K~~~~~~~~~~~~~~~~~~~~~~~^~~~~~~~~~~~~~~~~~~[m[K
[29.626s] [01m[K/opt/ros/jazzy/include/rclcpp/rclcpp/node.hpp:445:3:[m[K [01;36m[Knote: [m[Kcandidate: ‘[01m[Kconst rclcpp::ParameterValue& rclcpp::Node::[01;32m[Kdeclare_parameter[m[K(const std::string&, const rclcpp::ParameterValue&, const rcl_interfaces::msg::ParameterDescriptor&, bool)[m[K’
[29.628s]   445 |   [01;36m[Kdeclare_parameter[m[K(
[29.628s]       |   [01;36m[K^~~~~~~~~~~~~~~~~[m[K
[29.631s] [01m[K/opt/ros/jazzy/include/rclcpp/rclcpp/node.hpp:445:3:[m[K [01;36m[Knote: [m[K  candidate expects 4 arguments, 1 provided
[29.631s] [01m[K/opt/ros/jazzy/include/rclcpp/rclcpp/node.hpp:470:3:[m[K [01;36m[Knote: [m[Kcandidate: ‘[01m[Kconst rclcpp::ParameterValue& rclcpp::Node::[01;32m[Kdeclare_parameter[m[K(const std::string&, rclcpp::ParameterType, const rcl_interfaces::msg::ParameterDescriptor&, bool)[m[K’
[29.632s]   470 |   [01;36m[Kdeclare_parameter[m[K(
[29.634s]       |   [01;36m[K^~~~~~~~~~~~~~~~~[m[K
[29.635s] [01m[K/opt/ros/jazzy/include/rclcpp/rclcpp/node.hpp:470:3:[m[K [01;36m[Knote: [m[K  candidate expects 4 arguments, 1 provided
[29.635s] [01m[K/home/sharmin/Desktop/iot/soccer_bot/src/ydlidar_ros2_driver/src/ydlidar_ros2_driver_node.cpp:119:26:[m[K [01;31m[Kerror: [m[Kno matching function for call to ‘[01m[Krclcpp::Node::declare_parameter(const char [10])[m[K’
[29.636s]   119 |   [01;31m[Knode->declare_parameter("intensity")[m[K;
[29.637s]       |   [01;31m[K~~~~~~~~~~~~~~~~~~~~~~~^~~~~~~~~~~~~[m[K
[29.637s] [01m[K/opt/ros/jazzy/include/rclcpp/rclcpp/node.hpp:500:3:[m[K [01;36m[Knote: [m[Kcandidate: ‘[01m[Ktemplate<class ParameterT> auto rclcpp::Node::[01;32m[Kdeclare_parameter[m[K(const std::string&, const ParameterT&, const rcl_interfaces::msg::ParameterDescriptor&, bool)[m[K’
[29.638s]   500 |   [01;36m[Kdeclare_parameter[m[K(
[29.641s]       |   [01;36m[K^~~~~~~~~~~~~~~~~[m[K
[29.641s] [01m[K/opt/ros/jazzy/include/rclcpp/rclcpp/node.hpp:500:3:[m[K [01;36m[Knote: [m[K  template argument deduction/substitution failed:
[29.642s] [01m[K/home/sharmin/Desktop/iot/soccer_bot/src/ydlidar_ros2_driver/src/ydlidar_ros2_driver_node.cpp:119:26:[m[K [01;36m[Knote: [m[K  candidate expects 4 arguments, 1 provided
[29.644s]   119 |   [01;36m[Knode->declare_parameter("intensity")[m[K;
[29.645s]       |   [01;36m[K~~~~~~~~~~~~~~~~~~~~~~~^~~~~~~~~~~~~[m[K
[29.645s] [01m[K/opt/ros/jazzy/include/rclcpp/rclcpp/node.hpp:513:3:[m[K [01;36m[Knote: [m[Kcandidate: ‘[01m[Ktemplate<class ParameterT> auto rclcpp::Node::[01;32m[Kdeclare_parameter[m[K(const std::string&, const rcl_interfaces::msg::ParameterDescriptor&, bool)[m[K’
[29.646s]   513 |   [01;36m[Kdeclare_parameter[m[K(
[29.649s]       |   [01;36m[K^~~~~~~~~~~~~~~~~[m[K
[29.649s] [01m[K/opt/ros/jazzy/include/rclcpp/rclcpp/node.hpp:513:3:[m[K [01;36m[Knote: [m[K  template argument deduction/substitution failed:
[29.650s] [01m[K/home/sharmin/Desktop/iot/soccer_bot/src/ydlidar_ros2_driver/src/ydlidar_ros2_driver_node.cpp:119:26:[m[K [01;36m[Knote: [m[K  couldn’t deduce template parameter ‘[01m[KParameterT[m[K’
[29.650s]   119 |   [01;36m[Knode->declare_parameter("intensity")[m[K;
[29.653s]       |   [01;36m[K~~~~~~~~~~~~~~~~~~~~~~~^~~~~~~~~~~~~[m[K
[29.653s] [01m[K/opt/ros/jazzy/include/rclcpp/rclcpp/node.hpp:445:3:[m[K [01;36m[Knote: [m[Kcandidate: ‘[01m[Kconst rclcpp::ParameterValue& rclcpp::Node::[01;32m[Kdeclare_parameter[m[K(const std::string&, const rclcpp::ParameterValue&, const rcl_interfaces::msg::ParameterDescriptor&, bool)[m[K’
[29.654s]   445 |   [01;36m[Kdeclare_parameter[m[K(
[29.656s]       |   [01;36m[K^~~~~~~~~~~~~~~~~[m[K
[29.657s] [01m[K/opt/ros/jazzy/include/rclcpp/rclcpp/node.hpp:445:3:[m[K [01;36m[Knote: [m[K  candidate expects 4 arguments, 1 provided
[29.657s] [01m[K/opt/ros/jazzy/include/rclcpp/rclcpp/node.hpp:470:3:[m[K [01;36m[Knote: [m[Kcandidate: ‘[01m[Kconst rclcpp::ParameterValue& rclcpp::Node::[01;32m[Kdeclare_parameter[m[K(const std::string&, rclcpp::ParameterType, const rcl_interfaces::msg::ParameterDescriptor&, bool)[m[K’
[29.658s]   470 |   [01;36m[Kdeclare_parameter[m[K(
[29.661s]       |   [01;36m[K^~~~~~~~~~~~~~~~~[m[K
[29.661s] [01m[K/opt/ros/jazzy/include/rclcpp/rclcpp/node.hpp:470:3:[m[K [01;36m[Knote: [m[K  candidate expects 4 arguments, 1 provided
[29.662s] [01m[K/home/sharmin/Desktop/iot/soccer_bot/src/ydlidar_ros2_driver/src/ydlidar_ros2_driver_node.cpp:124:26:[m[K [01;31m[Kerror: [m[Kno matching function for call to ‘[01m[Krclcpp::Node::declare_parameter(const char [18])[m[K’
[29.664s]   124 |   [01;31m[Knode->declare_parameter("support_motor_dtr")[m[K;
[29.665s]       |   [01;31m[K~~~~~~~~~~~~~~~~~~~~~~~^~~~~~~~~~~~~~~~~~~~~[m[K
[29.665s] [01m[K/opt/ros/jazzy/include/rclcpp/rclcpp/node.hpp:500:3:[m[K [01;36m[Knote: [m[Kcandidate: ‘[01m[Ktemplate<class ParameterT> auto rclcpp::Node::[01;32m[Kdeclare_parameter[m[K(const std::string&, const ParameterT&, const rcl_interfaces::msg::ParameterDescriptor&, bool)[m[K’
[29.666s]   500 |   [01;36m[Kdeclare_parameter[m[K(
[29.668s]       |   [01;36m[K^~~~~~~~~~~~~~~~~[m[K
[29.669s] [01m[K/opt/ros/jazzy/include/rclcpp/rclcpp/node.hpp:500:3:[m[K [01;36m[Knote: [m[K  template argument deduction/substitution failed:
[29.669s] [01m[K/home/sharmin/Desktop/iot/soccer_bot/src/ydlidar_ros2_driver/src/ydlidar_ros2_driver_node.cpp:124:26:[m[K [01;36m[Knote: [m[K  candidate expects 4 arguments, 1 provided
[29.670s]   124 |   [01;36m[Knode->declare_parameter("support_motor_dtr")[m[K;
[29.673s]       |   [01;36m[K~~~~~~~~~~~~~~~~~~~~~~~^~~~~~~~~~~~~~~~~~~~~[m[K
[29.673s] [01m[K/opt/ros/jazzy/include/rclcpp/rclcpp/node.hpp:513:3:[m[K [01;36m[Knote: [m[Kcandidate: ‘[01m[Ktemplate<class ParameterT> auto rclcpp::Node::[01;32m[Kdeclare_parameter[m[K(const std::string&, const rcl_interfaces::msg::ParameterDescriptor&, bool)[m[K’
[29.674s]   513 |   [01;36m[Kdeclare_parameter[m[K(
[29.674s]       |   [01;36m[K^~~~~~~~~~~~~~~~~[m[K
[29.677s] [01m[K/opt/ros/jazzy/include/rclcpp/rclcpp/node.hpp:513:3:[m[K [01;36m[Knote: [m[K  template argument deduction/substitution failed:
[29.677s] [01m[K/home/sharmin/Desktop/iot/soccer_bot/src/ydlidar_ros2_driver/src/ydlidar_ros2_driver_node.cpp:124:26:[m[K [01;36m[Knote: [m[K  couldn’t deduce template parameter ‘[01m[KParameterT[m[K’
[29.678s]   124 |   [01;36m[Knode->declare_parameter("support_motor_dtr")[m[K;
[29.680s]       |   [01;36m[K~~~~~~~~~~~~~~~~~~~~~~~^~~~~~~~~~~~~~~~~~~~~[m[K
[29.681s] [01m[K/opt/ros/jazzy/include/rclcpp/rclcpp/node.hpp:445:3:[m[K [01;36m[Knote: [m[Kcandidate: ‘[01m[Kconst rclcpp::ParameterValue& rclcpp::Node::[01;32m[Kdeclare_parameter[m[K(const std::string&, const rclcpp::ParameterValue&, const rcl_interfaces::msg::ParameterDescriptor&, bool)[m[K’
[29.681s]   445 |   [01;36m[Kdeclare_parameter[m[K(
[29.682s]       |   [01;36m[K^~~~~~~~~~~~~~~~~[m[K
[29.685s] [01m[K/opt/ros/jazzy/include/rclcpp/rclcpp/node.hpp:445:3:[m[K [01;36m[Knote: [m[K  candidate expects 4 arguments, 1 provided
[29.685s] [01m[K/opt/ros/jazzy/include/rclcpp/rclcpp/node.hpp:470:3:[m[K [01;36m[Knote: [m[Kcandidate: ‘[01m[Kconst rclcpp::ParameterValue& rclcpp::Node::[01;32m[Kdeclare_parameter[m[K(const std::string&, rclcpp::ParameterType, const rcl_interfaces::msg::ParameterDescriptor&, bool)[m[K’
[29.686s]   470 |   [01;36m[Kdeclare_parameter[m[K(
[29.686s]       |   [01;36m[K^~~~~~~~~~~~~~~~~[m[K
[29.689s] [01m[K/opt/ros/jazzy/include/rclcpp/rclcpp/node.hpp:470:3:[m[K [01;36m[Knote: [m[K  candidate expects 4 arguments, 1 provided
[29.690s] [01m[K/home/sharmin/Desktop/iot/soccer_bot/src/ydlidar_ros2_driver/src/ydlidar_ros2_driver_node.cpp:129:26:[m[K [01;31m[Kerror: [m[Kno matching function for call to ‘[01m[Krclcpp::Node::declare_parameter(const char [6])[m[K’
[29.693s]   129 |   [01;31m[Knode->declare_parameter("debug")[m[K;
[29.694s]       |   [01;31m[K~~~~~~~~~~~~~~~~~~~~~~~^~~~~~~~~[m[K
[29.696s] [01m[K/opt/ros/jazzy/include/rclcpp/rclcpp/node.hpp:500:3:[m[K [01;36m[Knote: [m[Kcandidate: ‘[01m[Ktemplate<class ParameterT> auto rclcpp::Node::[01;32m[Kdeclare_parameter[m[K(const std::string&, const ParameterT&, const rcl_interfaces::msg::ParameterDescriptor&, bool)[m[K’
[29.697s]   500 |   [01;36m[Kdeclare_parameter[m[K(
[29.698s]       |   [01;36m[K^~~~~~~~~~~~~~~~~[m[K
[29.700s] [01m[K/opt/ros/jazzy/include/rclcpp/rclcpp/node.hpp:500:3:[m[K [01;36m[Knote: [m[K  template argument deduction/substitution failed:
[29.701s] [01m[K/home/sharmin/Desktop/iot/soccer_bot/src/ydlidar_ros2_driver/src/ydlidar_ros2_driver_node.cpp:129:26:[m[K [01;36m[Knote: [m[K  candidate expects 4 arguments, 1 provided
[29.702s]   129 |   [01;36m[Knode->declare_parameter("debug")[m[K;
[29.704s]       |   [01;36m[K~~~~~~~~~~~~~~~~~~~~~~~^~~~~~~~~[m[K
[29.705s] [01m[K/opt/ros/jazzy/include/rclcpp/rclcpp/node.hpp:513:3:[m[K [01;36m[Knote: [m[Kcandidate: ‘[01m[Ktemplate<class ParameterT> auto rclcpp::Node::[01;32m[Kdeclare_parameter[m[K(const std::string&, const rcl_interfaces::msg::ParameterDescriptor&, bool)[m[K’
[29.705s]   513 |   [01;36m[Kdeclare_parameter[m[K(
[29.706s]       |   [01;36m[K^~~~~~~~~~~~~~~~~[m[K
[29.709s] [01m[K/opt/ros/jazzy/include/rclcpp/rclcpp/node.hpp:513:3:[m[K [01;36m[Knote: [m[K  template argument deduction/substitution failed:
[29.710s] [01m[K/home/sharmin/Desktop/iot/soccer_bot/src/ydlidar_ros2_driver/src/ydlidar_ros2_driver_node.cpp:129:26:[m[K [01;36m[Knote: [m[K  couldn’t deduce template parameter ‘[01m[KParameterT[m[K’
[29.712s]   129 |   [01;36m[Knode->declare_parameter("debug")[m[K;
[29.713s]       |   [01;36m[K~~~~~~~~~~~~~~~~~~~~~~~^~~~~~~~~[m[K
[29.713s] [01m[K/opt/ros/jazzy/include/rclcpp/rclcpp/node.hpp:445:3:[m[K [01;36m[Knote: [m[Kcandidate: ‘[01m[Kconst rclcpp::ParameterValue& rclcpp::Node::[01;32m[Kdeclare_parameter[m[K(const std::string&, const rclcpp::ParameterValue&, const rcl_interfaces::msg::ParameterDescriptor&, bool)[m[K’
[29.714s]   445 |   [01;36m[Kdeclare_parameter[m[K(
[29.716s]       |   [01;36m[K^~~~~~~~~~~~~~~~~[m[K
[29.717s] [01m[K/opt/ros/jazzy/include/rclcpp/rclcpp/node.hpp:445:3:[m[K [01;36m[Knote: [m[K  candidate expects 4 arguments, 1 provided
[29.718s] [01m[K/opt/ros/jazzy/include/rclcpp/rclcpp/node.hpp:470:3:[m[K [01;36m[Knote: [m[Kcandidate: ‘[01m[Kconst rclcpp::ParameterValue& rclcpp::Node::[01;32m[Kdeclare_parameter[m[K(const std::string&, rclcpp::ParameterType, const rcl_interfaces::msg::ParameterDescriptor&, bool)[m[K’
[29.718s]   470 |   [01;36m[Kdeclare_parameter[m[K(
[29.721s]       |   [01;36m[K^~~~~~~~~~~~~~~~~[m[K
[29.721s] [01m[K/opt/ros/jazzy/include/rclcpp/rclcpp/node.hpp:470:3:[m[K [01;36m[Knote: [m[K  candidate expects 4 arguments, 1 provided
[29.722s] [01m[K/home/sharmin/Desktop/iot/soccer_bot/src/ydlidar_ros2_driver/src/ydlidar_ros2_driver_node.cpp:136:26:[m[K [01;31m[Kerror: [m[Kno matching function for call to ‘[01m[Krclcpp::Node::declare_parameter(const char [10])[m[K’
[29.724s]   136 |   [01;31m[Knode->declare_parameter("angle_max")[m[K;
[29.725s]       |   [01;31m[K~~~~~~~~~~~~~~~~~~~~~~~^~~~~~~~~~~~~[m[K
[29.726s] [01m[K/opt/ros/jazzy/include/rclcpp/rclcpp/node.hpp:500:3:[m[K [01;36m[Knote: [m[Kcandidate: ‘[01m[Ktemplate<class ParameterT> auto rclcpp::Node::[01;32m[Kdeclare_parameter[m[K(const std::string&, const ParameterT&, const rcl_interfaces::msg::ParameterDescriptor&, bool)[m[K’
[29.728s]   500 |   [01;36m[Kdeclare_parameter[m[K(
[29.729s]       |   [01;36m[K^~~~~~~~~~~~~~~~~[m[K
[29.729s] [01m[K/opt/ros/jazzy/include/rclcpp/rclcpp/node.hpp:500:3:[m[K [01;36m[Knote: [m[K  template argument deduction/substitution failed:
[29.730s] [01m[K/home/sharmin/Desktop/iot/soccer_bot/src/ydlidar_ros2_driver/src/ydlidar_ros2_driver_node.cpp:136:26:[m[K [01;36m[Knote: [m[K  candidate expects 4 arguments, 1 provided
[29.733s]   136 |   [01;36m[Knode->declare_parameter("angle_max")[m[K;
[29.733s]       |   [01;36m[K~~~~~~~~~~~~~~~~~~~~~~~^~~~~~~~~~~~~[m[K
[29.734s] [01m[K/opt/ros/jazzy/include/rclcpp/rclcpp/node.hpp:513:3:[m[K [01;36m[Knote: [m[Kcandidate: ‘[01m[Ktemplate<class ParameterT> auto rclcpp::Node::[01;32m[Kdeclare_parameter[m[K(const std::string&, const rcl_interfaces::msg::ParameterDescriptor&, bool)[m[K’
[29.737s]   513 |   [01;36m[Kdeclare_parameter[m[K(
[29.737s]       |   [01;36m[K^~~~~~~~~~~~~~~~~[m[K
[29.738s] [01m[K/opt/ros/jazzy/include/rclcpp/rclcpp/node.hpp:513:3:[m[K [01;36m[Knote: [m[K  template argument deduction/substitution failed:
[29.741s] [01m[K/home/sharmin/Desktop/iot/soccer_bot/src/ydlidar_ros2_driver/src/ydlidar_ros2_driver_node.cpp:136:26:[m[K [01;36m[Knote: [m[K  couldn’t deduce template parameter ‘[01m[KParameterT[m[K’
[29.741s]   136 |   [01;36m[Knode->declare_parameter("angle_max")[m[K;
[29.742s]       |   [01;36m[K~~~~~~~~~~~~~~~~~~~~~~~^~~~~~~~~~~~~[m[K
[29.745s] [01m[K/opt/ros/jazzy/include/rclcpp/rclcpp/node.hpp:445:3:[m[K [01;36m[Knote: [m[Kcandidate: ‘[01m[Kconst rclcpp::ParameterValue& rclcpp::Node::[01;32m[Kdeclare_parameter[m[K(const std::string&, const rclcpp::ParameterValue&, const rcl_interfaces::msg::ParameterDescriptor&, bool)[m[K’
[29.745s]   445 |   [01;36m[Kdeclare_parameter[m[K(
[29.746s]       |   [01;36m[K^~~~~~~~~~~~~~~~~[m[K
[29.748s] [01m[K/opt/ros/jazzy/include/rclcpp/rclcpp/node.hpp:445:3:[m[K [01;36m[Knote: [m[K  candidate expects 4 arguments, 1 provided
[29.749s] [01m[K/opt/ros/jazzy/include/rclcpp/rclcpp/node.hpp:470:3:[m[K [01;36m[Knote: [m[Kcandidate: ‘[01m[Kconst rclcpp::ParameterValue& rclcpp::Node::[01;32m[Kdeclare_parameter[m[K(const std::string&, rclcpp::ParameterType, const rcl_interfaces::msg::ParameterDescriptor&, bool)[m[K’
[29.749s]   470 |   [01;36m[Kdeclare_parameter[m[K(
[29.750s]       |   [01;36m[K^~~~~~~~~~~~~~~~~[m[K
[29.752s] [01m[K/opt/ros/jazzy/include/rclcpp/rclcpp/node.hpp:470:3:[m[K [01;36m[Knote: [m[K  candidate expects 4 arguments, 1 provided
[29.753s] [01m[K/home/sharmin/Desktop/iot/soccer_bot/src/ydlidar_ros2_driver/src/ydlidar_ros2_driver_node.cpp:140:26:[m[K [01;31m[Kerror: [m[Kno matching function for call to ‘[01m[Krclcpp::Node::declare_parameter(const char [10])[m[K’
[29.753s]   140 |   [01;31m[Knode->declare_parameter("angle_min")[m[K;
[29.754s]       |   [01;31m[K~~~~~~~~~~~~~~~~~~~~~~~^~~~~~~~~~~~~[m[K
[29.757s] [01m[K/opt/ros/jazzy/include/rclcpp/rclcpp/node.hpp:500:3:[m[K [01;36m[Knote: [m[Kcandidate: ‘[01m[Ktemplate<class ParameterT> auto rclcpp::Node::[01;32m[Kdeclare_parameter[m[K(const std::string&, const ParameterT&, const rcl_interfaces::msg::ParameterDescriptor&, bool)[m[K’
[29.757s]   500 |   [01;36m[Kdeclare_parameter[m[K(
[29.758s]       |   [01;36m[K^~~~~~~~~~~~~~~~~[m[K
[29.758s] [01m[K/opt/ros/jazzy/include/rclcpp/rclcpp/node.hpp:500:3:[m[K [01;36m[Knote: [m[K  template argument deduction/substitution failed:
[29.761s] [01m[K/home/sharmin/Desktop/iot/soccer_bot/src/ydlidar_ros2_driver/src/ydlidar_ros2_driver_node.cpp:140:26:[m[K [01;36m[Knote: [m[K  candidate expects 4 arguments, 1 provided
[29.761s]   140 |   [01;36m[Knode->declare_parameter("angle_min")[m[K;
[29.762s]       |   [01;36m[K~~~~~~~~~~~~~~~~~~~~~~~^~~~~~~~~~~~~[m[K
[29.762s] [01m[K/opt/ros/jazzy/include/rclcpp/rclcpp/node.hpp:513:3:[m[K [01;36m[Knote: [m[Kcandidate: ‘[01m[Ktemplate<class ParameterT> auto rclcpp::Node::[01;32m[Kdeclare_parameter[m[K(const std::string&, const rcl_interfaces::msg::ParameterDescriptor&, bool)[m[K’
[29.765s]   513 |   [01;36m[Kdeclare_parameter[m[K(
[29.765s]       |   [01;36m[K^~~~~~~~~~~~~~~~~[m[K
[29.766s] [01m[K/opt/ros/jazzy/include/rclcpp/rclcpp/node.hpp:513:3:[m[K [01;36m[Knote: [m[K  template argument deduction/substitution failed:
[29.768s] [01m[K/home/sharmin/Desktop/iot/soccer_bot/src/ydlidar_ros2_driver/src/ydlidar_ros2_driver_node.cpp:140:26:[m[K [01;36m[Knote: [m[K  couldn’t deduce template parameter ‘[01m[KParameterT[m[K’
[29.769s]   140 |   [01;36m[Knode->declare_parameter("angle_min")[m[K;
[29.769s]       |   [01;36m[K~~~~~~~~~~~~~~~~~~~~~~~^~~~~~~~~~~~~[m[K
[29.770s] [01m[K/opt/ros/jazzy/include/rclcpp/rclcpp/node.hpp:445:3:[m[K [01;36m[Knote: [m[Kcandidate: ‘[01m[Kconst rclcpp::ParameterValue& rclcpp::Node::[01;32m[Kdeclare_parameter[m[K(const std::string&, const rclcpp::ParameterValue&, const rcl_interfaces::msg::ParameterDescriptor&, bool)[m[K’
[29.772s]   445 |   [01;36m[Kdeclare_parameter[m[K(
[29.773s]       |   [01;36m[K^~~~~~~~~~~~~~~~~[m[K
[29.773s] [01m[K/opt/ros/jazzy/include/rclcpp/rclcpp/node.hpp:445:3:[m[K [01;36m[Knote: [m[K  candidate expects 4 arguments, 1 provided
[29.774s] [01m[K/opt/ros/jazzy/include/rclcpp/rclcpp/node.hpp:470:3:[m[K [01;36m[Knote: [m[Kcandidate: ‘[01m[Kconst rclcpp::ParameterValue& rclcpp::Node::[01;32m[Kdeclare_parameter[m[K(const std::string&, rclcpp::ParameterType, const rcl_interfaces::msg::ParameterDescriptor&, bool)[m[K’
[29.776s]   470 |   [01;36m[Kdeclare_parameter[m[K(
[29.777s]       |   [01;36m[K^~~~~~~~~~~~~~~~~[m[K
[29.777s] [01m[K/opt/ros/jazzy/include/rclcpp/rclcpp/node.hpp:470:3:[m[K [01;36m[Knote: [m[K  candidate expects 4 arguments, 1 provided
[29.778s] [01m[K/home/sharmin/Desktop/iot/soccer_bot/src/ydlidar_ros2_driver/src/ydlidar_ros2_driver_node.cpp:145:26:[m[K [01;31m[Kerror: [m[Kno matching function for call to ‘[01m[Krclcpp::Node::declare_parameter(const char [10])[m[K’
[29.780s]   145 |   [01;31m[Knode->declare_parameter("range_max")[m[K;
[29.781s]       |   [01;31m[K~~~~~~~~~~~~~~~~~~~~~~~^~~~~~~~~~~~~[m[K
[29.781s] [01m[K/opt/ros/jazzy/include/rclcpp/rclcpp/node.hpp:500:3:[m[K [01;36m[Knote: [m[Kcandidate: ‘[01m[Ktemplate<class ParameterT> auto rclcpp::Node::[01;32m[Kdeclare_parameter[m[K(const std::string&, const ParameterT&, const rcl_interfaces::msg::ParameterDescriptor&, bool)[m[K’
[29.782s]   500 |   [01;36m[Kdeclare_parameter[m[K(
[29.785s]       |   [01;36m[K^~~~~~~~~~~~~~~~~[m[K
[29.785s] [01m[K/opt/ros/jazzy/include/rclcpp/rclcpp/node.hpp:500:3:[m[K [01;36m[Knote: [m[K  template argument deduction/substitution failed:
[29.786s] [01m[K/home/sharmin/Desktop/iot/soccer_bot/src/ydlidar_ros2_driver/src/ydlidar_ros2_driver_node.cpp:145:26:[m[K [01;36m[Knote: [m[K  candidate expects 4 arguments, 1 provided
[29.786s]   145 |   [01;36m[Knode->declare_parameter("range_max")[m[K;
[29.789s]       |   [01;36m[K~~~~~~~~~~~~~~~~~~~~~~~^~~~~~~~~~~~~[m[K
[29.789s] [01m[K/opt/ros/jazzy/include/rclcpp/rclcpp/node.hpp:513:3:[m[K [01;36m[Knote: [m[Kcandidate: ‘[01m[Ktemplate<class ParameterT> auto rclcpp::Node::[01;32m[Kdeclare_parameter[m[K(const std::string&, const rcl_interfaces::msg::ParameterDescriptor&, bool)[m[K’
[29.790s]   513 |   [01;36m[Kdeclare_parameter[m[K(
[29.790s]       |   [01;36m[K^~~~~~~~~~~~~~~~~[m[K
[29.793s] [01m[K/opt/ros/jazzy/include/rclcpp/rclcpp/node.hpp:513:3:[m[K [01;36m[Knote: [m[K  template argument deduction/substitution failed:
[29.793s] [01m[K/home/sharmin/Desktop/iot/soccer_bot/src/ydlidar_ros2_driver/src/ydlidar_ros2_driver_node.cpp:145:26:[m[K [01;36m[Knote: [m[K  couldn’t deduce template parameter ‘[01m[KParameterT[m[K’
[29.794s]   145 |   [01;36m[Knode->declare_parameter("range_max")[m[K;
[29.796s]       |   [01;36m[K~~~~~~~~~~~~~~~~~~~~~~~^~~~~~~~~~~~~[m[K
[29.797s] [01m[K/opt/ros/jazzy/include/rclcpp/rclcpp/node.hpp:445:3:[m[K [01;36m[Knote: [m[Kcandidate: ‘[01m[Kconst rclcpp::ParameterValue& rclcpp::Node::[01;32m[Kdeclare_parameter[m[K(const std::string&, const rclcpp::ParameterValue&, const rcl_interfaces::msg::ParameterDescriptor&, bool)[m[K’
[29.797s]   445 |   [01;36m[Kdeclare_parameter[m[K(
[29.798s]       |   [01;36m[K^~~~~~~~~~~~~~~~~[m[K
[29.800s] [01m[K/opt/ros/jazzy/include/rclcpp/rclcpp/node.hpp:445:3:[m[K [01;36m[Knote: [m[K  candidate expects 4 arguments, 1 provided
[29.801s] [01m[K/opt/ros/jazzy/include/rclcpp/rclcpp/node.hpp:470:3:[m[K [01;36m[Knote: [m[Kcandidate: ‘[01m[Kconst rclcpp::ParameterValue& rclcpp::Node::[01;32m[Kdeclare_parameter[m[K(const std::string&, rclcpp::ParameterType, const rcl_interfaces::msg::ParameterDescriptor&, bool)[m[K’
[29.801s]   470 |   [01;36m[Kdeclare_parameter[m[K(
[29.802s]       |   [01;36m[K^~~~~~~~~~~~~~~~~[m[K
[29.804s] [01m[K/opt/ros/jazzy/include/rclcpp/rclcpp/node.hpp:470:3:[m[K [01;36m[Knote: [m[K  candidate expects 4 arguments, 1 provided
[29.805s] [01m[K/home/sharmin/Desktop/iot/soccer_bot/src/ydlidar_ros2_driver/src/ydlidar_ros2_driver_node.cpp:149:26:[m[K [01;31m[Kerror: [m[Kno matching function for call to ‘[01m[Krclcpp::Node::declare_parameter(const char [10])[m[K’
[29.805s]   149 |   [01;31m[Knode->declare_parameter("range_min")[m[K;
[29.806s]       |   [01;31m[K~~~~~~~~~~~~~~~~~~~~~~~^~~~~~~~~~~~~[m[K
[29.808s] [01m[K/opt/ros/jazzy/include/rclcpp/rclcpp/node.hpp:500:3:[m[K [01;36m[Knote: [m[Kcandidate: ‘[01m[Ktemplate<class ParameterT> auto rclcpp::Node::[01;32m[Kdeclare_parameter[m[K(const std::string&, const ParameterT&, const rcl_interfaces::msg::ParameterDescriptor&, bool)[m[K’
[29.809s]   500 |   [01;36m[Kdeclare_parameter[m[K(
[29.812s]       |   [01;36m[K^~~~~~~~~~~~~~~~~[m[K
[29.812s] [01m[K/opt/ros/jazzy/include/rclcpp/rclcpp/node.hpp:500:3:[m[K [01;36m[Knote: [m[K  template argument deduction/substitution failed:
[29.813s] [01m[K/home/sharmin/Desktop/iot/soccer_bot/src/ydlidar_ros2_driver/src/ydlidar_ros2_driver_node.cpp:149:26:[m[K [01;36m[Knote: [m[K  candidate expects 4 arguments, 1 provided
[29.813s]   149 |   [01;36m[Knode->declare_parameter("range_min")[m[K;
[29.814s]       |   [01;36m[K~~~~~~~~~~~~~~~~~~~~~~~^~~~~~~~~~~~~[m[K
[29.816s] [01m[K/opt/ros/jazzy/include/rclcpp/rclcpp/node.hpp:513:3:[m[K [01;36m[Knote: [m[Kcandidate: ‘[01m[Ktemplate<class ParameterT> auto rclcpp::Node::[01;32m[Kdeclare_parameter[m[K(const std::string&, const rcl_interfaces::msg::ParameterDescriptor&, bool)[m[K’
[29.817s]   513 |   [01;36m[Kdeclare_parameter[m[K(
[29.817s]       |   [01;36m[K^~~~~~~~~~~~~~~~~[m[K
[29.818s] [01m[K/opt/ros/jazzy/include/rclcpp/rclcpp/node.hpp:513:3:[m[K [01;36m[Knote: [m[K  template argument deduction/substitution failed:
[29.820s] [01m[K/home/sharmin/Desktop/iot/soccer_bot/src/ydlidar_ros2_driver/src/ydlidar_ros2_driver_node.cpp:149:26:[m[K [01;36m[Knote: [m[K  couldn’t deduce template parameter ‘[01m[KParameterT[m[K’
[29.821s]   149 |   [01;36m[Knode->declare_parameter("range_min")[m[K;
[29.821s]       |   [01;36m[K~~~~~~~~~~~~~~~~~~~~~~~^~~~~~~~~~~~~[m[K
[29.826s] [01m[K/opt/ros/jazzy/include/rclcpp/rclcpp/node.hpp:445:3:[m[K [01;36m[Knote: [m[Kcandidate: ‘[01m[Kconst rclcpp::ParameterValue& rclcpp::Node::[01;32m[Kdeclare_parameter[m[K(const std::string&, const rclcpp::ParameterValue&, const rcl_interfaces::msg::ParameterDescriptor&, bool)[m[K’
[29.827s]   445 |   [01;36m[Kdeclare_parameter[m[K(
[29.827s]       |   [01;36m[K^~~~~~~~~~~~~~~~~[m[K
[29.828s] [01m[K/opt/ros/jazzy/include/rclcpp/rclcpp/node.hpp:445:3:[m[K [01;36m[Knote: [m[K  candidate expects 4 arguments, 1 provided
[29.832s] [01m[K/opt/ros/jazzy/include/rclcpp/rclcpp/node.hpp:470:3:[m[K [01;36m[Knote: [m[Kcandidate: ‘[01m[Kconst rclcpp::ParameterValue& rclcpp::Node::[01;32m[Kdeclare_parameter[m[K(const std::string&, rclcpp::ParameterType, const rcl_interfaces::msg::ParameterDescriptor&, bool)[m[K’
[29.833s]   470 |   [01;36m[Kdeclare_parameter[m[K(
[29.833s]       |   [01;36m[K^~~~~~~~~~~~~~~~~[m[K
[29.834s] [01m[K/opt/ros/jazzy/include/rclcpp/rclcpp/node.hpp:470:3:[m[K [01;36m[Knote: [m[K  candidate expects 4 arguments, 1 provided
[29.839s] [01m[K/home/sharmin/Desktop/iot/soccer_bot/src/ydlidar_ros2_driver/src/ydlidar_ros2_driver_node.cpp:154:26:[m[K [01;31m[Kerror: [m[Kno matching function for call to ‘[01m[Krclcpp::Node::declare_parameter(const char [10])[m[K’
[29.839s]   154 |   [01;31m[Knode->declare_parameter("frequency")[m[K;
[29.840s]       |   [01;31m[K~~~~~~~~~~~~~~~~~~~~~~~^~~~~~~~~~~~~[m[K
[29.843s] [01m[K/opt/ros/jazzy/include/rclcpp/rclcpp/node.hpp:500:3:[m[K [01;36m[Knote: [m[Kcandidate: ‘[01m[Ktemplate<class ParameterT> auto rclcpp::Node::[01;32m[Kdeclare_parameter[m[K(const std::string&, const ParameterT&, const rcl_interfaces::msg::ParameterDescriptor&, bool)[m[K’
[29.843s]   500 |   [01;36m[Kdeclare_parameter[m[K(
[29.844s]       |   [01;36m[K^~~~~~~~~~~~~~~~~[m[K
[29.845s] [01m[K/opt/ros/jazzy/include/rclcpp/rclcpp/node.hpp:500:3:[m[K [01;36m[Knote: [m[K  template argument deduction/substitution failed:
[29.846s] [01m[K/home/sharmin/Desktop/iot/soccer_bot/src/ydlidar_ros2_driver/src/ydlidar_ros2_driver_node.cpp:154:26:[m[K [01;36m[Knote: [m[K  candidate expects 4 arguments, 1 provided
[29.846s]   154 |   [01;36m[Knode->declare_parameter("frequency")[m[K;
[29.847s]       |   [01;36m[K~~~~~~~~~~~~~~~~~~~~~~~^~~~~~~~~~~~~[m[K
[29.850s] [01m[K/opt/ros/jazzy/include/rclcpp/rclcpp/node.hpp:513:3:[m[K [01;36m[Knote: [m[Kcandidate: ‘[01m[Ktemplate<class ParameterT> auto rclcpp::Node::[01;32m[Kdeclare_parameter[m[K(const std::string&, const rcl_interfaces::msg::ParameterDescriptor&, bool)[m[K’
[29.851s]   513 |   [01;36m[Kdeclare_parameter[m[K(
[29.851s]       |   [01;36m[K^~~~~~~~~~~~~~~~~[m[K
[29.852s] [01m[K/opt/ros/jazzy/include/rclcpp/rclcpp/node.hpp:513:3:[m[K [01;36m[Knote: [m[K  template argument deduction/substitution failed:
[29.855s] [01m[K/home/sharmin/Desktop/iot/soccer_bot/src/ydlidar_ros2_driver/src/ydlidar_ros2_driver_node.cpp:154:26:[m[K [01;36m[Knote: [m[K  couldn’t deduce template parameter ‘[01m[KParameterT[m[K’
[29.855s]   154 |   [01;36m[Knode->declare_parameter("frequency")[m[K;
[29.855s]       |   [01;36m[K~~~~~~~~~~~~~~~~~~~~~~~^~~~~~~~~~~~~[m[K
[29.856s] [01m[K/opt/ros/jazzy/include/rclcpp/rclcpp/node.hpp:445:3:[m[K [01;36m[Knote: [m[Kcandidate: ‘[01m[Kconst rclcpp::ParameterValue& rclcpp::Node::[01;32m[Kdeclare_parameter[m[K(const std::string&, const rclcpp::ParameterValue&, const rcl_interfaces::msg::ParameterDescriptor&, bool)[m[K’
[29.859s]   445 |   [01;36m[Kdeclare_parameter[m[K(
[29.859s]       |   [01;36m[K^~~~~~~~~~~~~~~~~[m[K
[29.859s] [01m[K/opt/ros/jazzy/include/rclcpp/rclcpp/node.hpp:445:3:[m[K [01;36m[Knote: [m[K  candidate expects 4 arguments, 1 provided
[29.860s] [01m[K/opt/ros/jazzy/include/rclcpp/rclcpp/node.hpp:470:3:[m[K [01;36m[Knote: [m[Kcandidate: ‘[01m[Kconst rclcpp::ParameterValue& rclcpp::Node::[01;32m[Kdeclare_parameter[m[K(const std::string&, rclcpp::ParameterType, const rcl_interfaces::msg::ParameterDescriptor&, bool)[m[K’
[29.863s]   470 |   [01;36m[Kdeclare_parameter[m[K(
[29.863s]       |   [01;36m[K^~~~~~~~~~~~~~~~~[m[K
[29.864s] [01m[K/opt/ros/jazzy/include/rclcpp/rclcpp/node.hpp:470:3:[m[K [01;36m[Knote: [m[K  candidate expects 4 arguments, 1 provided
[29.864s] [01m[K/home/sharmin/Desktop/iot/soccer_bot/src/ydlidar_ros2_driver/src/ydlidar_ros2_driver_node.cpp:159:26:[m[K [01;31m[Kerror: [m[Kno matching function for call to ‘[01m[Krclcpp::Node::declare_parameter(const char [21])[m[K’
[29.867s]   159 |   [01;31m[Knode->declare_parameter("invalid_range_is_inf")[m[K;
[29.867s]       |   [01;31m[K~~~~~~~~~~~~~~~~~~~~~~~^~~~~~~~~~~~~~~~~~~~~~~~[m[K
[29.868s] [01m[K/opt/ros/jazzy/include/rclcpp/rclcpp/node.hpp:500:3:[m[K [01;36m[Knote: [m[Kcandidate: ‘[01m[Ktemplate<class ParameterT> auto rclcpp::Node::[01;32m[Kdeclare_parameter[m[K(const std::string&, const ParameterT&, const rcl_interfaces::msg::ParameterDescriptor&, bool)[m[K’
[29.868s]   500 |   [01;36m[Kdeclare_parameter[m[K(
[29.871s]       |   [01;36m[K^~~~~~~~~~~~~~~~~[m[K
[29.871s] [01m[K/opt/ros/jazzy/include/rclcpp/rclcpp/node.hpp:500:3:[m[K [01;36m[Knote: [m[K  template argument deduction/substitution failed:
[29.872s] [01m[K/home/sharmin/Desktop/iot/soccer_bot/src/ydlidar_ros2_driver/src/ydlidar_ros2_driver_node.cpp:159:26:[m[K [01;36m[Knote: [m[K  candidate expects 4 arguments, 1 provided
[29.872s]   159 |   [01;36m[Knode->declare_parameter("invalid_range_is_inf")[m[K;
[29.875s]       |   [01;36m[K~~~~~~~~~~~~~~~~~~~~~~~^~~~~~~~~~~~~~~~~~~~~~~~[m[K
[29.875s] [01m[K/opt/ros/jazzy/include/rclcpp/rclcpp/node.hpp:513:3:[m[K [01;36m[Knote: [m[Kcandidate: ‘[01m[Ktemplate<class ParameterT> auto rclcpp::Node::[01;32m[Kdeclare_parameter[m[K(const std::string&, const rcl_interfaces::msg::ParameterDescriptor&, bool)[m[K’
[29.876s]   513 |   [01;36m[Kdeclare_parameter[m[K(
[29.876s]       |   [01;36m[K^~~~~~~~~~~~~~~~~[m[K
[29.879s] [01m[K/opt/ros/jazzy/include/rclcpp/rclcpp/node.hpp:513:3:[m[K [01;36m[Knote: [m[K  template argument deduction/substitution failed:
[29.879s] [01m[K/home/sharmin/Desktop/iot/soccer_bot/src/ydlidar_ros2_driver/src/ydlidar_ros2_driver_node.cpp:159:26:[m[K [01;36m[Knote: [m[K  couldn’t deduce template parameter ‘[01m[KParameterT[m[K’
[29.880s]   159 |   [01;36m[Knode->declare_parameter("invalid_range_is_inf")[m[K;
[29.882s]       |   [01;36m[K~~~~~~~~~~~~~~~~~~~~~~~^~~~~~~~~~~~~~~~~~~~~~~~[m[K
[29.883s] [01m[K/opt/ros/jazzy/include/rclcpp/rclcpp/node.hpp:445:3:[m[K [01;36m[Knote: [m[Kcandidate: ‘[01m[Kconst rclcpp::ParameterValue& rclcpp::Node::[01;32m[Kdeclare_parameter[m[K(const std::string&, const rclcpp::ParameterValue&, const rcl_interfaces::msg::ParameterDescriptor&, bool)[m[K’
[29.883s]   445 |   [01;36m[Kdeclare_parameter[m[K(
[29.884s]       |   [01;36m[K^~~~~~~~~~~~~~~~~[m[K
[29.886s] [01m[K/opt/ros/jazzy/include/rclcpp/rclcpp/node.hpp:445:3:[m[K [01;36m[Knote: [m[K  candidate expects 4 arguments, 1 provided
[29.887s] [01m[K/opt/ros/jazzy/include/rclcpp/rclcpp/node.hpp:470:3:[m[K [01;36m[Knote: [m[Kcandidate: ‘[01m[Kconst rclcpp::ParameterValue& rclcpp::Node::[01;32m[Kdeclare_parameter[m[K(const std::string&, rclcpp::ParameterType, const rcl_interfaces::msg::ParameterDescriptor&, bool)[m[K’
[29.888s]   470 |   [01;36m[Kdeclare_parameter[m[K(
[29.891s]       |   [01;36m[K^~~~~~~~~~~~~~~~~[m[K
[29.891s] [01m[K/opt/ros/jazzy/include/rclcpp/rclcpp/node.hpp:470:3:[m[K [01;36m[Knote: [m[K  candidate expects 4 arguments, 1 provided
[29.892s] [01m[K/home/sharmin/Desktop/iot/soccer_bot/src/ydlidar_ros2_driver/src/ydlidar_ros2_driver_node.cpp:168:28:[m[K [01;31m[Kerror: [m[Kno matching function for call to ‘[01m[Krclcpp::Node::declare_parameter(const char [8])[m[K’
[29.892s]   168 |     [01;31m[Knode->declare_parameter("m1_mode")[m[K;
[29.895s]       |     [01;31m[K~~~~~~~~~~~~~~~~~~~~~~~^~~~~~~~~~~[m[K
[29.895s] [01m[K/opt/ros/jazzy/include/rclcpp/rclcpp/node.hpp:500:3:[m[K [01;36m[Knote: [m[Kcandidate: ‘[01m[Ktemplate<class ParameterT> auto rclcpp::Node::[01;32m[Kdeclare_parameter[m[K(const std::string&, const ParameterT&, const rcl_interfaces::msg::ParameterDescriptor&, bool)[m[K’
[29.896s]   500 |   [01;36m[Kdeclare_parameter[m[K(
[29.896s]       |   [01;36m[K^~~~~~~~~~~~~~~~~[m[K
[29.899s] [01m[K/opt/ros/jazzy/include/rclcpp/rclcpp/node.hpp:500:3:[m[K [01;36m[Knote: [m[K  template argument deduction/substitution failed:
[29.899s] [01m[K/home/sharmin/Desktop/iot/soccer_bot/src/ydlidar_ros2_driver/src/ydlidar_ros2_driver_node.cpp:168:28:[m[K [01;36m[Knote: [m[K  candidate expects 4 arguments, 1 provided
[29.900s]   168 |     [01;36m[Knode->declare_parameter("m1_mode")[m[K;
[29.900s]       |     [01;36m[K~~~~~~~~~~~~~~~~~~~~~~~^~~~~~~~~~~[m[K
[29.903s] [01m[K/opt/ros/jazzy/include/rclcpp/rclcpp/node.hpp:513:3:[m[K [01;36m[Knote: [m[Kcandidate: ‘[01m[Ktemplate<class ParameterT> auto rclcpp::Node::[01;32m[Kdeclare_parameter[m[K(const std::string&, const rcl_interfaces::msg::ParameterDescriptor&, bool)[m[K’
[29.903s]   513 |   [01;36m[Kdeclare_parameter[m[K(
[29.904s]       |   [01;36m[K^~~~~~~~~~~~~~~~~[m[K
[29.904s] [01m[K/opt/ros/jazzy/include/rclcpp/rclcpp/node.hpp:513:3:[m[K [01;36m[Knote: [m[K  template argument deduction/substitution failed:
[29.907s] [01m[K/home/sharmin/Desktop/iot/soccer_bot/src/ydlidar_ros2_driver/src/ydlidar_ros2_driver_node.cpp:168:28:[m[K [01;36m[Knote: [m[K  couldn’t deduce template parameter ‘[01m[KParameterT[m[K’
[29.907s]   168 |     [01;36m[Knode->declare_parameter("m1_mode")[m[K;
[29.908s]       |     [01;36m[K~~~~~~~~~~~~~~~~~~~~~~~^~~~~~~~~~~[m[K
[29.910s] [01m[K/opt/ros/jazzy/include/rclcpp/rclcpp/node.hpp:445:3:[m[K [01;36m[Knote: [m[Kcandidate: ‘[01m[Kconst rclcpp::ParameterValue& rclcpp::Node::[01;32m[Kdeclare_parameter[m[K(const std::string&, const rclcpp::ParameterValue&, const rcl_interfaces::msg::ParameterDescriptor&, bool)[m[K’
[29.914s]   445 |   [01;36m[Kdeclare_parameter[m[K(
[29.914s]       |   [01;36m[K^~~~~~~~~~~~~~~~~[m[K
[29.915s] [01m[K/opt/ros/jazzy/include/rclcpp/rclcpp/node.hpp:445:3:[m[K [01;36m[Knote: [m[K  candidate expects 4 arguments, 1 provided
[29.915s] [01m[K/opt/ros/jazzy/include/rclcpp/rclcpp/node.hpp:470:3:[m[K [01;36m[Knote: [m[Kcandidate: ‘[01m[Kconst rclcpp::ParameterValue& rclcpp::Node::[01;32m[Kdeclare_parameter[m[K(const std::string&, rclcpp::ParameterType, const rcl_interfaces::msg::ParameterDescriptor&, bool)[m[K’
[29.916s]   470 |   [01;36m[Kdeclare_parameter[m[K(
[29.918s]       |   [01;36m[K^~~~~~~~~~~~~~~~~[m[K
[29.919s] [01m[K/opt/ros/jazzy/include/rclcpp/rclcpp/node.hpp:470:3:[m[K [01;36m[Knote: [m[K  candidate expects 4 arguments, 1 provided
[29.919s] [01m[K/home/sharmin/Desktop/iot/soccer_bot/src/ydlidar_ros2_driver/src/ydlidar_ros2_driver_node.cpp:172:28:[m[K [01;31m[Kerror: [m[Kno matching function for call to ‘[01m[Krclcpp::Node::declare_parameter(const char [8])[m[K’
[29.920s]   172 |     [01;31m[Knode->declare_parameter("m2_mode")[m[K;
[29.922s]       |     [01;31m[K~~~~~~~~~~~~~~~~~~~~~~~^~~~~~~~~~~[m[K
[29.923s] [01m[K/opt/ros/jazzy/include/rclcpp/rclcpp/node.hpp:500:3:[m[K [01;36m[Knote: [m[Kcandidate: ‘[01m[Ktemplate<class ParameterT> auto rclcpp::Node::[01;32m[Kdeclare_parameter[m[K(const std::string&, const ParameterT&, const rcl_interfaces::msg::ParameterDescriptor&, bool)[m[K’
[29.923s]   500 |   [01;36m[Kdeclare_parameter[m[K(
[29.924s]       |   [01;36m[K^~~~~~~~~~~~~~~~~[m[K
[29.927s] [01m[K/opt/ros/jazzy/include/rclcpp/rclcpp/node.hpp:500:3:[m[K [01;36m[Knote: [m[K  template argument deduction/substitution failed:
[29.930s] [01m[K/home/sharmin/Desktop/iot/soccer_bot/src/ydlidar_ros2_driver/src/ydlidar_ros2_driver_node.cpp:172:28:[m[K [01;36m[Knote: [m[K  candidate expects 4 arguments, 1 provided
[29.931s]   172 |     [01;36m[Knode->declare_parameter("m2_mode")[m[K;
[29.931s]       |     [01;36m[K~~~~~~~~~~~~~~~~~~~~~~~^~~~~~~~~~~[m[K
[29.932s] [01m[K/opt/ros/jazzy/include/rclcpp/rclcpp/node.hpp:513:3:[m[K [01;36m[Knote: [m[Kcandidate: ‘[01m[Ktemplate<class ParameterT> auto rclcpp::Node::[01;32m[Kdeclare_parameter[m[K(const std::string&, const rcl_interfaces::msg::ParameterDescriptor&, bool)[m[K’
[29.932s]   513 |   [01;36m[Kdeclare_parameter[m[K(
[29.933s]       |   [01;36m[K^~~~~~~~~~~~~~~~~[m[K
[29.936s] [01m[K/opt/ros/jazzy/include/rclcpp/rclcpp/node.hpp:513:3:[m[K [01;36m[Knote: [m[K  template argument deduction/substitution failed:
[29.936s] [01m[K/home/sharmin/Desktop/iot/soccer_bot/src/ydlidar_ros2_driver/src/ydlidar_ros2_driver_node.cpp:172:28:[m[K [01;36m[Knote: [m[K  couldn’t deduce template parameter ‘[01m[KParameterT[m[K’
[29.938s]   172 |     [01;36m[Knode->declare_parameter("m2_mode")[m[K;
[29.939s]       |     [01;36m[K~~~~~~~~~~~~~~~~~~~~~~~^~~~~~~~~~~[m[K
[29.941s] [01m[K/opt/ros/jazzy/include/rclcpp/rclcpp/node.hpp:445:3:[m[K [01;36m[Knote: [m[Kcandidate: ‘[01m[Kconst rclcpp::ParameterValue& rclcpp::Node::[01;32m[Kdeclare_parameter[m[K(const std::string&, const rclcpp::ParameterValue&, const rcl_interfaces::msg::ParameterDescriptor&, bool)[m[K’
[29.941s]   445 |   [01;36m[Kdeclare_parameter[m[K(
[29.942s]       |   [01;36m[K^~~~~~~~~~~~~~~~~[m[K
[29.943s] [01m[K/opt/ros/jazzy/include/rclcpp/rclcpp/node.hpp:445:3:[m[K [01;36m[Knote: [m[K  candidate expects 4 arguments, 1 provided
[29.944s] [01m[K/opt/ros/jazzy/include/rclcpp/rclcpp/node.hpp:470:3:[m[K [01;36m[Knote: [m[Kcandidate: ‘[01m[Kconst rclcpp::ParameterValue& rclcpp::Node::[01;32m[Kdeclare_parameter[m[K(const std::string&, rclcpp::ParameterType, const rcl_interfaces::msg::ParameterDescriptor&, bool)[m[K’
[29.946s]   470 |   [01;36m[Kdeclare_parameter[m[K(
[29.947s]       |   [01;36m[K^~~~~~~~~~~~~~~~~[m[K
[29.948s] [01m[K/opt/ros/jazzy/include/rclcpp/rclcpp/node.hpp:470:3:[m[K [01;36m[Knote: [m[K  candidate expects 4 arguments, 1 provided
[29.950s] [01m[K/home/sharmin/Desktop/iot/soccer_bot/src/ydlidar_ros2_driver/src/ydlidar_ros2_driver_node.cpp:176:28:[m[K [01;31m[Kerror: [m[Kno matching function for call to ‘[01m[Krclcpp::Node::declare_parameter(const char [8])[m[K’
[29.952s]   176 |     [01;31m[Knode->declare_parameter("m3_mode")[m[K;
[29.955s]       |     [01;31m[K~~~~~~~~~~~~~~~~~~~~~~~^~~~~~~~~~~[m[K
[29.956s] [01m[K/opt/ros/jazzy/include/rclcpp/rclcpp/node.hpp:500:3:[m[K [01;36m[Knote: [m[Kcandidate: ‘[01m[Ktemplate<class ParameterT> auto rclcpp::Node::[01;32m[Kdeclare_parameter[m[K(const std::string&, const ParameterT&, const rcl_interfaces::msg::ParameterDescriptor&, bool)[m[K’
[29.956s]   500 |   [01;36m[Kdeclare_parameter[m[K(
[29.957s]       |   [01;36m[K^~~~~~~~~~~~~~~~~[m[K
[29.957s] [01m[K/opt/ros/jazzy/include/rclcpp/rclcpp/node.hpp:500:3:[m[K [01;36m[Knote: [m[K  template argument deduction/substitution failed:
[29.958s] [01m[K/home/sharmin/Desktop/iot/soccer_bot/src/ydlidar_ros2_driver/src/ydlidar_ros2_driver_node.cpp:176:28:[m[K [01;36m[Knote: [m[K  candidate expects 4 arguments, 1 provided
[29.961s]   176 |     [01;36m[Knode->declare_parameter("m3_mode")[m[K;
[29.961s]       |     [01;36m[K~~~~~~~~~~~~~~~~~~~~~~~^~~~~~~~~~~[m[K
[29.962s] [01m[K/opt/ros/jazzy/include/rclcpp/rclcpp/node.hpp:513:3:[m[K [01;36m[Knote: [m[Kcandidate: ‘[01m[Ktemplate<class ParameterT> auto rclcpp::Node::[01;32m[Kdeclare_parameter[m[K(const std::string&, const rcl_interfaces::msg::ParameterDescriptor&, bool)[m[K’
[29.964s]   513 |   [01;36m[Kdeclare_parameter[m[K(
[29.965s]       |   [01;36m[K^~~~~~~~~~~~~~~~~[m[K
[29.965s] [01m[K/opt/ros/jazzy/include/rclcpp/rclcpp/node.hpp:513:3:[m[K [01;36m[Knote: [m[K  template argument deduction/substitution failed:
[29.966s] [01m[K/home/sharmin/Desktop/iot/soccer_bot/src/ydlidar_ros2_driver/src/ydlidar_ros2_driver_node.cpp:176:28:[m[K [01;36m[Knote: [m[K  couldn’t deduce template parameter ‘[01m[KParameterT[m[K’
[29.969s]   176 |     [01;36m[Knode->declare_parameter("m3_mode")[m[K;
[29.969s]       |     [01;36m[K~~~~~~~~~~~~~~~~~~~~~~~^~~~~~~~~~~[m[K
[29.972s] [01m[K/opt/ros/jazzy/include/rclcpp/rclcpp/node.hpp:445:3:[m[K [01;36m[Knote: [m[Kcandidate: ‘[01m[Kconst rclcpp::ParameterValue& rclcpp::Node::[01;32m[Kdeclare_parameter[m[K(const std::string&, const rclcpp::ParameterValue&, const rcl_interfaces::msg::ParameterDescriptor&, bool)[m[K’
[29.973s]   445 |   [01;36m[Kdeclare_parameter[m[K(
[29.973s]       |   [01;36m[K^~~~~~~~~~~~~~~~~[m[K
[29.976s] [01m[K/opt/ros/jazzy/include/rclcpp/rclcpp/node.hpp:445:3:[m[K [01;36m[Knote: [m[K  candidate expects 4 arguments, 1 provided
[29.977s] [01m[K/opt/ros/jazzy/include/rclcpp/rclcpp/node.hpp:470:3:[m[K [01;36m[Knote: [m[Kcandidate: ‘[01m[Kconst rclcpp::ParameterValue& rclcpp::Node::[01;32m[Kdeclare_parameter[m[K(const std::string&, rclcpp::ParameterType, const rcl_interfaces::msg::ParameterDescriptor&, bool)[m[K’
[29.977s]   470 |   [01;36m[Kdeclare_parameter[m[K(
[29.978s]       |   [01;36m[K^~~~~~~~~~~~~~~~~[m[K
[29.981s] [01m[K/opt/ros/jazzy/include/rclcpp/rclcpp/node.hpp:470:3:[m[K [01;36m[Knote: [m[K  candidate expects 4 arguments, 1 provided
[29.981s] [01m[K/home/sharmin/Desktop/iot/soccer_bot/src/ydlidar_ros2_driver/src/ydlidar_ros2_driver_node.cpp:[m[K In lambda function:
[29.981s] [01m[K/home/sharmin/Desktop/iot/soccer_bot/src/ydlidar_ros2_driver/src/ydlidar_ros2_driver_node.cpp:190:54:[m[K [01;35m[Kwarning: [m[Kunused parameter ‘[01m[Krequest_header[m[K’ [[01;35m[K]8;;https://gcc.gnu.org/onlinedocs/gcc/Warning-Options.html#index-Wunused-parameter-Wunused-parameter]8;;[m[K]
[29.982s]   190 |     [&laser]([01;35m[Kconst std::shared_ptr<rmw_request_id_t> request_header[m[K,
[29.985s]       |              [01;35m[K~~~~~~~~~~~~~~~~~~~~~~~~~~~~~~~~~~~~~~~~^~~~~~~~~~~~~~[m[K
[29.985s] [01m[K/home/sharmin/Desktop/iot/soccer_bot/src/ydlidar_ros2_driver/src/ydlidar_ros2_driver_node.cpp:191:56:[m[K [01;35m[Kwarning: [m[Kunused parameter ‘[01m[Kreq[m[K’ [[01;35m[K]8;;https://gcc.gnu.org/onlinedocs/gcc/Warning-Options.html#index-Wunused-parameter-Wunused-parameter]8;;[m[K]
[29.985s]   191 |   [01;35m[Kconst std::shared_ptr<std_srvs::srv::Empty::Request> req[m[K,
[29.986s]       |   [01;35m[K~~~~~~~~~~~~~~~~~~~~~~~~~~~~~~~~~~~~~~~~~~~~~~~~~~~~~^~~[m[K
[29.989s] [01m[K/home/sharmin/Desktop/iot/soccer_bot/src/ydlidar_ros2_driver/src/ydlidar_ros2_driver_node.cpp:192:51:[m[K [01;35m[Kwarning: [m[Kunused parameter ‘[01m[Kresponse[m[K’ [[01;35m[K]8;;https://gcc.gnu.org/onlinedocs/gcc/Warning-Options.html#index-Wunused-parameter-Wunused-parameter]8;;[m[K]
[29.990s]   192 |   [01;35m[Kstd::shared_ptr<std_srvs::srv::Empty::Response> response[m[K) -> bool
[29.993s]       |   [01;35m[K~~~~~~~~~~~~~~~~~~~~~~~~~~~~~~~~~~~~~~~~~~~~~~~~^~~~~~~~[m[K
[29.993s] [01m[K/home/sharmin/Desktop/iot/soccer_bot/src/ydlidar_ros2_driver/src/ydlidar_ros2_driver_node.cpp:[m[K In lambda function:
[29.994s] [01m[K/home/sharmin/Desktop/iot/soccer_bot/src/ydlidar_ros2_driver/src/ydlidar_ros2_driver_node.cpp:200:54:[m[K [01;35m[Kwarning: [m[Kunused parameter ‘[01m[Krequest_header[m[K’ [[01;35m[K]8;;https://gcc.gnu.org/onlinedocs/gcc/Warning-Options.html#index-Wunused-parameter-Wunused-parameter]8;;[m[K]
[29.997s]   200 |     [&laser]([01;35m[Kconst std::shared_ptr<rmw_request_id_t> request_header[m[K,
[29.997s]       |              [01;35m[K~~~~~~~~~~~~~~~~~~~~~~~~~~~~~~~~~~~~~~~~^~~~~~~~~~~~~~[m[K
[29.998s] [01m[K/home/sharmin/Desktop/iot/soccer_bot/src/ydlidar_ros2_driver/src/ydlidar_ros2_driver_node.cpp:201:56:[m[K [01;35m[Kwarning: [m[Kunused parameter ‘[01m[Kreq[m[K’ [[01;35m[K]8;;https://gcc.gnu.org/onlinedocs/gcc/Warning-Options.html#index-Wunused-parameter-Wunused-parameter]8;;[m[K]
[30.000s]   201 |   [01;35m[Kconst std::shared_ptr<std_srvs::srv::Empty::Request> req[m[K,
[30.001s]       |   [01;35m[K~~~~~~~~~~~~~~~~~~~~~~~~~~~~~~~~~~~~~~~~~~~~~~~~~~~~~^~~[m[K
[30.002s] [01m[K/home/sharmin/Desktop/iot/soccer_bot/src/ydlidar_ros2_driver/src/ydlidar_ros2_driver_node.cpp:202:51:[m[K [01;35m[Kwarning: [m[Kunused parameter ‘[01m[Kresponse[m[K’ [[01;35m[K]8;;https://gcc.gnu.org/onlinedocs/gcc/Warning-Options.html#index-Wunused-parameter-Wunused-parameter]8;;[m[K]
[30.004s]   202 |   [01;35m[Kstd::shared_ptr<std_srvs::srv::Empty::Response> response[m[K) -> bool
[30.005s]       |   [01;35m[K~~~~~~~~~~~~~~~~~~~~~~~~~~~~~~~~~~~~~~~~~~~~~~~~^~~~~~~~[m[K
[30.006s] [01m[K/home/sharmin/Desktop/iot/soccer_bot/src/ydlidar_ros2_driver/src/ydlidar_ros2_driver_node.cpp:[m[K In function ‘[01m[Kint[01;32m[K main[m[K(int, char**)[m[K’:
[30.006s] [01m[K/home/sharmin/Desktop/iot/soccer_bot/src/ydlidar_ros2_driver/src/ydlidar_ros2_driver_node.cpp:235:21:[m[K [01;35m[Kwarning: [m[Kunused variable ‘[01m[Kp[m[K’ [[01;35m[K]8;;https://gcc.gnu.org/onlinedocs/gcc/Warning-Options.html#index-Wunused-variable-Wunused-variable]8;;[m[K]
[30.009s]   235 |         const auto& [01;35m[Kp[m[K = scan.points.at(i);
[30.009s]       |                     [01;35m[K^[m[K
[36.677s] gmake[2]: *** [CMakeFiles/ydlidar_ros2_driver_node.dir/build.make:76: CMakeFiles/ydlidar_ros2_driver_node.dir/src/ydlidar_ros2_driver_node.cpp.o] Error 1
[36.681s] gmake[1]: *** [CMakeFiles/Makefile2:139: CMakeFiles/ydlidar_ros2_driver_node.dir/all] Error 2
[36.681s] gmake: *** [Makefile:146: all] Error 2
[36.685s] Invoked command in '/home/sharmin/Desktop/iot/soccer_bot/build/ydlidar_ros2_driver' returned '2': CMAKE_PREFIX_PATH=${CMAKE_PREFIX_PATH}:/opt/ros/jazzy /usr/bin/cmake --build /home/sharmin/Desktop/iot/soccer_bot/build/ydlidar_ros2_driver -- -j2 -l2
