[0.735s] DEBUG:colcon:Command line arguments: ['/usr/bin/colcon', 'build', '--packages-select', 'soccer_vision']
[0.735s] DEBUG:colcon:Parsed command line arguments: Namespace(log_base=None, log_level=None, verb_name='build', build_base='build', install_base='install', merge_install=False, symlink_install=False, test_result_base=None, continue_on_error=False, executor='parallel', parallel_workers=2, event_handlers=None, ignore_user_meta=False, metas=['./colcon.meta'], base_paths=['.'], packages_ignore=None, packages_ignore_regex=None, paths=None, packages_up_to=None, packages_up_to_regex=None, packages_above=None, packages_above_and_dependencies=None, packages_above_depth=None, packages_select_by_dep=None, packages_skip_by_dep=None, packages_skip_up_to=None, packages_select_build_failed=False, packages_skip_build_finished=False, packages_select_test_failures=False, packages_skip_test_passed=False, packages_select=['soccer_vision'], packages_skip=None, packages_select_regex=None, packages_skip_regex=None, packages_start=None, packages_end=None, allow_overriding=[], cmake_args=None, cmake_target=None, cmake_target_skip_unavailable=False, cmake_clean_cache=False, cmake_clean_first=False, cmake_force_configure=False, ament_cmake_args=None, catkin_cmake_args=None, catkin_skip_building_tests=False, verb_parser=<colcon_defaults.argument_parser.defaults.DefaultArgumentsDecorator object at 0x733e6f8ccce0>, verb_extension=<colcon_core.verb.build.BuildVerb object at 0x733e6f8cc9b0>, main=<bound method BuildVerb.main of <colcon_core.verb.build.BuildVerb object at 0x733e6f8cc9b0>>)
[0.945s] Level 1:colcon.colcon_core.package_discovery:discover_packages(colcon_meta) check parameters
[0.945s] Level 1:colcon.colcon_core.package_discovery:discover_packages(recursive) check parameters
[0.945s] Level 1:colcon.colcon_core.package_discovery:discover_packages(ignore) check parameters
[0.945s] Level 1:colcon.colcon_core.package_discovery:discover_packages(path) check parameters
[0.946s] Level 1:colcon.colcon_core.package_discovery:discover_packages(colcon_meta) discover
[0.946s] Level 1:colcon.colcon_core.package_discovery:discover_packages(recursive) discover
[0.946s] INFO:colcon.colcon_core.package_discovery:Crawling recursively for packages in '/home/sharmin/Desktop/iot/soccer_bot'
[0.947s] Level 1:colcon.colcon_core.package_identification:_identify(.) by extensions ['ignore', 'ignore_ament_install']
[0.947s] Level 1:colcon.colcon_core.package_identification:_identify(.) by extension 'ignore'
[0.947s] Level 1:colcon.colcon_core.package_identification:_identify(.) by extension 'ignore_ament_install'
[0.948s] Level 1:colcon.colcon_core.package_identification:_identify(.) by extensions ['colcon_pkg']
[0.948s] Level 1:colcon.colcon_core.package_identification:_identify(.) by extension 'colcon_pkg'
[0.949s] Level 1:colcon.colcon_core.package_identification:_identify(.) by extensions ['colcon_meta']
[0.949s] Level 1:colcon.colcon_core.package_identification:_identify(.) by extension 'colcon_meta'
[0.949s] Level 1:colcon.colcon_core.package_identification:_identify(.) by extensions ['ros']
[0.949s] Level 1:colcon.colcon_core.package_identification:_identify(.) by extension 'ros'
[1.083s] Level 1:colcon.colcon_core.package_identification:_identify(.) by extensions ['cmake', 'python']
[1.083s] Level 1:colcon.colcon_core.package_identification:_identify(.) by extension 'cmake'
[1.084s] Level 1:colcon.colcon_core.package_identification:_identify(.) by extension 'python'
[1.084s] Level 1:colcon.colcon_core.package_identification:_identify(.) by extensions ['python_setup_py']
[1.084s] Level 1:colcon.colcon_core.package_identification:_identify(.) by extension 'python_setup_py'
[1.085s] Level 1:colcon.colcon_core.package_identification:_identify(build) by extensions ['ignore', 'ignore_ament_install']
[1.085s] Level 1:colcon.colcon_core.package_identification:_identify(build) by extension 'ignore'
[1.085s] Level 1:colcon.colcon_core.package_identification:_identify(build) ignored
[1.086s] Level 1:colcon.colcon_core.package_identification:_identify(docs) by extensions ['ignore', 'ignore_ament_install']
[1.086s] Level 1:colcon.colcon_core.package_identification:_identify(docs) by extension 'ignore'
[1.087s] Level 1:colcon.colcon_core.package_identification:_identify(docs) by extension 'ignore_ament_install'
[1.087s] Level 1:colcon.colcon_core.package_identification:_identify(docs) by extensions ['colcon_pkg']
[1.087s] Level 1:colcon.colcon_core.package_identification:_identify(docs) by extension 'colcon_pkg'
[1.088s] Level 1:colcon.colcon_core.package_identification:_identify(docs) by extensions ['colcon_meta']
[1.088s] Level 1:colcon.colcon_core.package_identification:_identify(docs) by extension 'colcon_meta'
[1.088s] Level 1:colcon.colcon_core.package_identification:_identify(docs) by extensions ['ros']
[1.088s] Level 1:colcon.colcon_core.package_identification:_identify(docs) by extension 'ros'
[1.089s] Level 1:colcon.colcon_core.package_identification:_identify(docs) by extensions ['cmake', 'python']
[1.089s] Level 1:colcon.colcon_core.package_identification:_identify(docs) by extension 'cmake'
[1.089s] Level 1:colcon.colcon_core.package_identification:_identify(docs) by extension 'python'
[1.089s] Level 1:colcon.colcon_core.package_identification:_identify(docs) by extensions ['python_setup_py']
[1.090s] Level 1:colcon.colcon_core.package_identification:_identify(docs) by extension 'python_setup_py'
[1.090s] Level 1:colcon.colcon_core.package_identification:_identify(install) by extensions ['ignore', 'ignore_ament_install']
[1.091s] Level 1:colcon.colcon_core.package_identification:_identify(install) by extension 'ignore'
[1.091s] Level 1:colcon.colcon_core.package_identification:_identify(install) ignored
[1.092s] Level 1:colcon.colcon_core.package_identification:_identify(log) by extensions ['ignore', 'ignore_ament_install']
[1.092s] Level 1:colcon.colcon_core.package_identification:_identify(log) by extension 'ignore'
[1.092s] Level 1:colcon.colcon_core.package_identification:_identify(log) ignored
[1.093s] Level 1:colcon.colcon_core.package_identification:_identify(scripts) by extensions ['ignore', 'ignore_ament_install']
[1.093s] Level 1:colcon.colcon_core.package_identification:_identify(scripts) by extension 'ignore'
[1.093s] Level 1:colcon.colcon_core.package_identification:_identify(scripts) by extension 'ignore_ament_install'
[1.094s] Level 1:colcon.colcon_core.package_identification:_identify(scripts) by extensions ['colcon_pkg']
[1.094s] Level 1:colcon.colcon_core.package_identification:_identify(scripts) by extension 'colcon_pkg'
[1.094s] Level 1:colcon.colcon_core.package_identification:_identify(scripts) by extensions ['colcon_meta']
[1.095s] Level 1:colcon.colcon_core.package_identification:_identify(scripts) by extension 'colcon_meta'
[1.095s] Level 1:colcon.colcon_core.package_identification:_identify(scripts) by extensions ['ros']
[1.095s] Level 1:colcon.colcon_core.package_identification:_identify(scripts) by extension 'ros'
[1.095s] Level 1:colcon.colcon_core.package_identification:_identify(scripts) by extensions ['cmake', 'python']
[1.095s] Level 1:colcon.colcon_core.package_identification:_identify(scripts) by extension 'cmake'
[1.096s] Level 1:colcon.colcon_core.package_identification:_identify(scripts) by extension 'python'
[1.096s] Level 1:colcon.colcon_core.package_identification:_identify(scripts) by extensions ['python_setup_py']
[1.096s] Level 1:colcon.colcon_core.package_identification:_identify(scripts) by extension 'python_setup_py'
[1.097s] Level 1:colcon.colcon_core.package_identification:_identify(scripts/soccer_bot_docker) by extensions ['ignore', 'ignore_ament_install']
[1.097s] Level 1:colcon.colcon_core.package_identification:_identify(scripts/soccer_bot_docker) by extension 'ignore'
[1.097s] Level 1:colcon.colcon_core.package_identification:_identify(scripts/soccer_bot_docker) by extension 'ignore_ament_install'
[1.098s] Level 1:colcon.colcon_core.package_identification:_identify(scripts/soccer_bot_docker) by extensions ['colcon_pkg']
[1.098s] Level 1:colcon.colcon_core.package_identification:_identify(scripts/soccer_bot_docker) by extension 'colcon_pkg'
[1.098s] Level 1:colcon.colcon_core.package_identification:_identify(scripts/soccer_bot_docker) by extensions ['colcon_meta']
[1.098s] Level 1:colcon.colcon_core.package_identification:_identify(scripts/soccer_bot_docker) by extension 'colcon_meta'
[1.098s] Level 1:colcon.colcon_core.package_identification:_identify(scripts/soccer_bot_docker) by extensions ['ros']
[1.099s] Level 1:colcon.colcon_core.package_identification:_identify(scripts/soccer_bot_docker) by extension 'ros'
[1.099s] Level 1:colcon.colcon_core.package_identification:_identify(scripts/soccer_bot_docker) by extensions ['cmake', 'python']
[1.099s] Level 1:colcon.colcon_core.package_identification:_identify(scripts/soccer_bot_docker) by extension 'cmake'
[1.099s] Level 1:colcon.colcon_core.package_identification:_identify(scripts/soccer_bot_docker) by extension 'python'
[1.100s] Level 1:colcon.colcon_core.package_identification:_identify(scripts/soccer_bot_docker) by extensions ['python_setup_py']
[1.100s] Level 1:colcon.colcon_core.package_identification:_identify(scripts/soccer_bot_docker) by extension 'python_setup_py'
[1.100s] Level 1:colcon.colcon_core.package_identification:_identify(src) by extensions ['ignore', 'ignore_ament_install']
[1.101s] Level 1:colcon.colcon_core.package_identification:_identify(src) by extension 'ignore'
[1.101s] Level 1:colcon.colcon_core.package_identification:_identify(src) by extension 'ignore_ament_install'
[1.101s] Level 1:colcon.colcon_core.package_identification:_identify(src) by extensions ['colcon_pkg']
[1.102s] Level 1:colcon.colcon_core.package_identification:_identify(src) by extension 'colcon_pkg'
[1.102s] Level 1:colcon.colcon_core.package_identification:_identify(src) by extensions ['colcon_meta']
[1.102s] Level 1:colcon.colcon_core.package_identification:_identify(src) by extension 'colcon_meta'
[1.102s] Level 1:colcon.colcon_core.package_identification:_identify(src) by extensions ['ros']
[1.102s] Level 1:colcon.colcon_core.package_identification:_identify(src) by extension 'ros'
[1.103s] Level 1:colcon.colcon_core.package_identification:_identify(src) by extensions ['cmake', 'python']
[1.103s] Level 1:colcon.colcon_core.package_identification:_identify(src) by extension 'cmake'
[1.103s] Level 1:colcon.colcon_core.package_identification:_identify(src) by extension 'python'
[1.104s] Level 1:colcon.colcon_core.package_identification:_identify(src) by extensions ['python_setup_py']
[1.104s] Level 1:colcon.colcon_core.package_identification:_identify(src) by extension 'python_setup_py'
[1.104s] Level 1:colcon.colcon_core.package_identification:_identify(src/YDLidar-SDK) by extensions ['ignore', 'ignore_ament_install']
[1.105s] Level 1:colcon.colcon_core.package_identification:_identify(src/YDLidar-SDK) by extension 'ignore'
[1.105s] Level 1:colcon.colcon_core.package_identification:_identify(src/YDLidar-SDK) by extension 'ignore_ament_install'
[1.106s] Level 1:colcon.colcon_core.package_identification:_identify(src/YDLidar-SDK) by extensions ['colcon_pkg']
[1.106s] Level 1:colcon.colcon_core.package_identification:_identify(src/YDLidar-SDK) by extension 'colcon_pkg'
[1.106s] Level 1:colcon.colcon_core.package_identification:_identify(src/YDLidar-SDK) by extensions ['colcon_meta']
[1.106s] Level 1:colcon.colcon_core.package_identification:_identify(src/YDLidar-SDK) by extension 'colcon_meta'
[1.107s] Level 1:colcon.colcon_core.package_identification:_identify(src/YDLidar-SDK) by extensions ['ros']
[1.107s] Level 1:colcon.colcon_core.package_identification:_identify(src/YDLidar-SDK) by extension 'ros'
[1.107s] Level 1:colcon.colcon_core.package_identification:_identify(src/YDLidar-SDK) by extensions ['cmake', 'python']
[1.108s] Level 1:colcon.colcon_core.package_identification:_identify(src/YDLidar-SDK) by extension 'cmake'
[1.233s] Level 1:colcon.colcon_core.package_identification:_identify(src/YDLidar-SDK) by extension 'python'
[1.234s] DEBUG:colcon.colcon_core.package_identification:Package 'src/YDLidar-SDK' with type 'cmake' and name 'ydlidar_sdk'
[1.234s] Level 1:colcon.colcon_core.package_identification:_identify(src/camera_vision) by extensions ['ignore', 'ignore_ament_install']
[1.235s] Level 1:colcon.colcon_core.package_identification:_identify(src/camera_vision) by extension 'ignore'
[1.235s] Level 1:colcon.colcon_core.package_identification:_identify(src/camera_vision) by extension 'ignore_ament_install'
[1.235s] Level 1:colcon.colcon_core.package_identification:_identify(src/camera_vision) by extensions ['colcon_pkg']
[1.236s] Level 1:colcon.colcon_core.package_identification:_identify(src/camera_vision) by extension 'colcon_pkg'
[1.236s] Level 1:colcon.colcon_core.package_identification:_identify(src/camera_vision) by extensions ['colcon_meta']
[1.236s] Level 1:colcon.colcon_core.package_identification:_identify(src/camera_vision) by extension 'colcon_meta'
[1.236s] Level 1:colcon.colcon_core.package_identification:_identify(src/camera_vision) by extensions ['ros']
[1.237s] Level 1:colcon.colcon_core.package_identification:_identify(src/camera_vision) by extension 'ros'
[1.237s] Level 1:colcon.colcon_core.package_identification:_identify(src/camera_vision) by extensions ['cmake', 'python']
[1.237s] Level 1:colcon.colcon_core.package_identification:_identify(src/camera_vision) by extension 'cmake'
[1.237s] Level 1:colcon.colcon_core.package_identification:_identify(src/camera_vision) by extension 'python'
[1.238s] Level 1:colcon.colcon_core.package_identification:_identify(src/camera_vision) by extensions ['python_setup_py']
[1.238s] Level 1:colcon.colcon_core.package_identification:_identify(src/camera_vision) by extension 'python_setup_py'
[1.238s] Level 1:colcon.colcon_core.package_identification:_identify(src/core_brain) by extensions ['ignore', 'ignore_ament_install']
[1.239s] Level 1:colcon.colcon_core.package_identification:_identify(src/core_brain) by extension 'ignore'
[1.239s] Level 1:colcon.colcon_core.package_identification:_identify(src/core_brain) by extension 'ignore_ament_install'
[1.239s] Level 1:colcon.colcon_core.package_identification:_identify(src/core_brain) by extensions ['colcon_pkg']
[1.239s] Level 1:colcon.colcon_core.package_identification:_identify(src/core_brain) by extension 'colcon_pkg'
[1.240s] Level 1:colcon.colcon_core.package_identification:_identify(src/core_brain) by extensions ['colcon_meta']
[1.240s] Level 1:colcon.colcon_core.package_identification:_identify(src/core_brain) by extension 'colcon_meta'
[1.240s] Level 1:colcon.colcon_core.package_identification:_identify(src/core_brain) by extensions ['ros']
[1.240s] Level 1:colcon.colcon_core.package_identification:_identify(src/core_brain) by extension 'ros'
[1.241s] Level 1:colcon.colcon_core.package_identification:_identify(src/core_brain) by extensions ['cmake', 'python']
[1.241s] Level 1:colcon.colcon_core.package_identification:_identify(src/core_brain) by extension 'cmake'
[1.241s] Level 1:colcon.colcon_core.package_identification:_identify(src/core_brain) by extension 'python'
[1.242s] Level 1:colcon.colcon_core.package_identification:_identify(src/core_brain) by extensions ['python_setup_py']
[1.242s] Level 1:colcon.colcon_core.package_identification:_identify(src/core_brain) by extension 'python_setup_py'
[1.242s] Level 1:colcon.colcon_core.package_identification:_identify(src/motor_control) by extensions ['ignore', 'ignore_ament_install']
[1.243s] Level 1:colcon.colcon_core.package_identification:_identify(src/motor_control) by extension 'ignore'
[1.243s] Level 1:colcon.colcon_core.package_identification:_identify(src/motor_control) by extension 'ignore_ament_install'
[1.244s] Level 1:colcon.colcon_core.package_identification:_identify(src/motor_control) by extensions ['colcon_pkg']
[1.244s] Level 1:colcon.colcon_core.package_identification:_identify(src/motor_control) by extension 'colcon_pkg'
[1.244s] Level 1:colcon.colcon_core.package_identification:_identify(src/motor_control) by extensions ['colcon_meta']
[1.244s] Level 1:colcon.colcon_core.package_identification:_identify(src/motor_control) by extension 'colcon_meta'
[1.245s] Level 1:colcon.colcon_core.package_identification:_identify(src/motor_control) by extensions ['ros']
[1.245s] Level 1:colcon.colcon_core.package_identification:_identify(src/motor_control) by extension 'ros'
[1.245s] Level 1:colcon.colcon_core.package_identification:_identify(src/motor_control) by extensions ['cmake', 'python']
[1.246s] Level 1:colcon.colcon_core.package_identification:_identify(src/motor_control) by extension 'cmake'
[1.246s] Level 1:colcon.colcon_core.package_identification:_identify(src/motor_control) by extension 'python'
[1.247s] Level 1:colcon.colcon_core.package_identification:_identify(src/motor_control) by extensions ['python_setup_py']
[1.247s] Level 1:colcon.colcon_core.package_identification:_identify(src/motor_control) by extension 'python_setup_py'
[1.248s] Level 1:colcon.colcon_core.package_identification:_identify(src/soccer_navigation) by extensions ['ignore', 'ignore_ament_install']
[1.248s] Level 1:colcon.colcon_core.package_identification:_identify(src/soccer_navigation) by extension 'ignore'
[1.249s] Level 1:colcon.colcon_core.package_identification:_identify(src/soccer_navigation) by extension 'ignore_ament_install'
[1.249s] Level 1:colcon.colcon_core.package_identification:_identify(src/soccer_navigation) by extensions ['colcon_pkg']
[1.249s] Level 1:colcon.colcon_core.package_identification:_identify(src/soccer_navigation) by extension 'colcon_pkg'
[1.249s] Level 1:colcon.colcon_core.package_identification:_identify(src/soccer_navigation) by extensions ['colcon_meta']
[1.250s] Level 1:colcon.colcon_core.package_identification:_identify(src/soccer_navigation) by extension 'colcon_meta'
[1.250s] Level 1:colcon.colcon_core.package_identification:_identify(src/soccer_navigation) by extensions ['ros']
[1.250s] Level 1:colcon.colcon_core.package_identification:_identify(src/soccer_navigation) by extension 'ros'
[1.261s] DEBUG:colcon.colcon_core.package_identification:Package 'src/soccer_navigation' with type 'ros.ament_python' and name 'soccer_navigation'
[1.262s] Level 1:colcon.colcon_core.package_identification:_identify(src/soccer_vision) by extensions ['ignore', 'ignore_ament_install']
[1.262s] Level 1:colcon.colcon_core.package_identification:_identify(src/soccer_vision) by extension 'ignore'
[1.263s] Level 1:colcon.colcon_core.package_identification:_identify(src/soccer_vision) by extension 'ignore_ament_install'
[1.264s] Level 1:colcon.colcon_core.package_identification:_identify(src/soccer_vision) by extensions ['colcon_pkg']
[1.264s] Level 1:colcon.colcon_core.package_identification:_identify(src/soccer_vision) by extension 'colcon_pkg'
[1.264s] Level 1:colcon.colcon_core.package_identification:_identify(src/soccer_vision) by extensions ['colcon_meta']
[1.264s] Level 1:colcon.colcon_core.package_identification:_identify(src/soccer_vision) by extension 'colcon_meta'
[1.264s] Level 1:colcon.colcon_core.package_identification:_identify(src/soccer_vision) by extensions ['ros']
[1.265s] Level 1:colcon.colcon_core.package_identification:_identify(src/soccer_vision) by extension 'ros'
[1.269s] DEBUG:colcon.colcon_core.package_identification:Package 'src/soccer_vision' with type 'ros.ament_python' and name 'soccer_vision'
[1.269s] Level 1:colcon.colcon_core.package_identification:_identify(src/ydlidar_ros2_driver) by extensions ['ignore', 'ignore_ament_install']
[1.270s] Level 1:colcon.colcon_core.package_identification:_identify(src/ydlidar_ros2_driver) by extension 'ignore'
[1.270s] Level 1:colcon.colcon_core.package_identification:_identify(src/ydlidar_ros2_driver) by extension 'ignore_ament_install'
[1.271s] Level 1:colcon.colcon_core.package_identification:_identify(src/ydlidar_ros2_driver) by extensions ['colcon_pkg']
[1.271s] Level 1:colcon.colcon_core.package_identification:_identify(src/ydlidar_ros2_driver) by extension 'colcon_pkg'
[1.271s] Level 1:colcon.colcon_core.package_identification:_identify(src/ydlidar_ros2_driver) by extensions ['colcon_meta']
[1.271s] Level 1:colcon.colcon_core.package_identification:_identify(src/ydlidar_ros2_driver) by extension 'colcon_meta'
[1.272s] Level 1:colcon.colcon_core.package_identification:_identify(src/ydlidar_ros2_driver) by extensions ['ros']
[1.272s] Level 1:colcon.colcon_core.package_identification:_identify(src/ydlidar_ros2_driver) by extension 'ros'
[1.276s] DEBUG:colcon.colcon_core.package_identification:Package 'src/ydlidar_ros2_driver' with type 'ros.ament_cmake' and name 'ydlidar_ros2_driver'
[1.276s] Level 1:colcon.colcon_core.package_discovery:discover_packages(recursive) using defaults
[1.277s] Level 1:colcon.colcon_core.package_discovery:discover_packages(ignore) discover
[1.277s] Level 1:colcon.colcon_core.package_discovery:discover_packages(ignore) using defaults
[1.277s] Level 1:colcon.colcon_core.package_discovery:discover_packages(path) discover
[1.278s] Level 1:colcon.colcon_core.package_discovery:discover_packages(path) using defaults
[1.365s] INFO:colcon.colcon_core.package_selection:Skipping not selected package 'soccer_navigation' in 'src/soccer_navigation'
[1.365s] INFO:colcon.colcon_core.package_selection:Skipping not selected package 'ydlidar_ros2_driver' in 'src/ydlidar_ros2_driver'
[1.365s] INFO:colcon.colcon_core.package_selection:Skipping not selected package 'ydlidar_sdk' in 'src/YDLidar-SDK'
[1.367s] Level 1:colcon.colcon_core.package_discovery:discover_packages(prefix_path) check parameters
[1.367s] Level 1:colcon.colcon_core.package_discovery:discover_packages(prefix_path) discover
[1.386s] DEBUG:colcon.colcon_installed_package_information.package_discovery:Found 287 installed packages in /opt/ros/jazzy
[1.395s] Level 1:colcon.colcon_core.package_discovery:discover_packages(prefix_path) using defaults
[1.704s] Level 5:colcon.colcon_core.verb:set package 'soccer_vision' build argument 'cmake_args' from command line to 'None'
[1.705s] Level 5:colcon.colcon_core.verb:set package 'soccer_vision' build argument 'cmake_target' from command line to 'None'
[1.705s] Level 5:colcon.colcon_core.verb:set package 'soccer_vision' build argument 'cmake_target_skip_unavailable' from command line to 'False'
[1.705s] Level 5:colcon.colcon_core.verb:set package 'soccer_vision' build argument 'cmake_clean_cache' from command line to 'False'
[1.705s] Level 5:colcon.colcon_core.verb:set package 'soccer_vision' build argument 'cmake_clean_first' from command line to 'False'
[1.705s] Level 5:colcon.colcon_core.verb:set package 'soccer_vision' build argument 'cmake_force_configure' from command line to 'False'
[1.705s] Level 5:colcon.colcon_core.verb:set package 'soccer_vision' build argument 'ament_cmake_args' from command line to 'None'
[1.706s] Level 5:colcon.colcon_core.verb:set package 'soccer_vision' build argument 'catkin_cmake_args' from command line to 'None'
[1.706s] Level 5:colcon.colcon_core.verb:set package 'soccer_vision' build argument 'catkin_skip_building_tests' from command line to 'False'
[1.706s] DEBUG:colcon.colcon_core.verb:Building package 'soccer_vision' with the following arguments: {'ament_cmake_args': None, 'build_base': '/home/sharmin/Desktop/iot/soccer_bot/build/soccer_vision', 'catkin_cmake_args': None, 'catkin_skip_building_tests': False, 'cmake_args': None, 'cmake_clean_cache': False, 'cmake_clean_first': False, 'cmake_force_configure': False, 'cmake_target': None, 'cmake_target_skip_unavailable': False, 'install_base': '/home/sharmin/Desktop/iot/soccer_bot/install/soccer_vision', 'merge_install': False, 'path': '/home/sharmin/Desktop/iot/soccer_bot/src/soccer_vision', 'symlink_install': False, 'test_result_base': None}
[1.707s] INFO:colcon.colcon_core.executor:Executing jobs using 'parallel' executor
[1.714s] DEBUG:colcon.colcon_parallel_executor.executor.parallel:run_until_complete
[1.716s] INFO:colcon.colcon_ros.task.ament_python.build:Building ROS package in '/home/sharmin/Desktop/iot/soccer_bot/src/soccer_vision' with build type 'ament_python'
[1.718s] Level 1:colcon.colcon_core.shell:create_environment_hook('soccer_vision', 'ament_prefix_path')
[1.728s] INFO:colcon.colcon_core.plugin_system:Skipping extension 'colcon_core.shell.bat': Not used on non-Windows systems
[1.729s] INFO:colcon.colcon_core.shell:Creating environment hook '/home/sharmin/Desktop/iot/soccer_bot/install/soccer_vision/share/soccer_vision/hook/ament_prefix_path.ps1'
[1.732s] INFO:colcon.colcon_core.shell:Creating environment descriptor '/home/sharmin/Desktop/iot/soccer_bot/install/soccer_vision/share/soccer_vision/hook/ament_prefix_path.dsv'
[1.735s] INFO:colcon.colcon_core.shell:Creating environment hook '/home/sharmin/Desktop/iot/soccer_bot/install/soccer_vision/share/soccer_vision/hook/ament_prefix_path.sh'
[1.739s] INFO:colcon.colcon_core.shell:Skip shell extension 'powershell' for command environment: Not usable outside of PowerShell
[1.739s] DEBUG:colcon.colcon_core.shell:Skip shell extension 'dsv' for command environment
[3.869s] INFO:colcon.colcon_core.task.python.build:Building Python package in '/home/sharmin/Desktop/iot/soccer_bot/src/soccer_vision'
[3.870s] INFO:colcon.colcon_core.shell:Skip shell extension 'powershell' for command environment: Not usable outside of PowerShell
[3.870s] DEBUG:colcon.colcon_core.shell:Skip shell extension 'dsv' for command environment
[10.657s] DEBUG:colcon.colcon_core.task.python.build:Available setuptools commands: check, bdist, bdist_egg, build_py, easy_install, compile_catalog, extract_messages, dist_info, symlink_data, test, install_scripts, init_catalog, install_lib, build_scripts, build_ext, sdist, rotate, alias, bdist_wheel, setopt, bdist_rpm, upload_docs, install_data, update_catalog, install_egg_info, clean, editable_wheel, install_headers, upload, build, saveopts, register, develop, build_clib, egg_info, install, bdist_dumb
[10.668s] DEBUG:colcon.colcon_core.event_handler.log_command:Invoking command in '/home/sharmin/Desktop/iot/soccer_bot/src/soccer_vision': PYTHONPATH=/home/sharmin/Desktop/iot/soccer_bot/build/soccer_vision/prefix_override:/usr/lib/python3/dist-packages/colcon_core/task/python/colcon_distutils_commands:/home/sharmin/Desktop/iot/soccer_bot/install/soccer_vision/lib/python3.12/site-packages:${PYTHONPATH} /usr/bin/python3 -W ignore:setup.py install is deprecated -W ignore:easy_install command is deprecated setup.py egg_info --egg-base ../../build/soccer_vision build --build-base /home/sharmin/Desktop/iot/soccer_bot/build/soccer_vision/build install --record /home/sharmin/Desktop/iot/soccer_bot/build/soccer_vision/install.log --install-scripts $base/lib/soccer_vision --single-version-externally-managed install_data
[16.100s] DEBUG:colcon.colcon_core.event_handler.log_command:Invoked command in '/home/sharmin/Desktop/iot/soccer_bot/src/soccer_vision' returned '0': PYTHONPATH=/home/sharmin/Desktop/iot/soccer_bot/build/soccer_vision/prefix_override:/usr/lib/python3/dist-packages/colcon_core/task/python/colcon_distutils_commands:/home/sharmin/Desktop/iot/soccer_bot/install/soccer_vision/lib/python3.12/site-packages:${PYTHONPATH} /usr/bin/python3 -W ignore:setup.py install is deprecated -W ignore:easy_install command is deprecated setup.py egg_info --egg-base ../../build/soccer_vision build --build-base /home/sharmin/Desktop/iot/soccer_bot/build/soccer_vision/build install --record /home/sharmin/Desktop/iot/soccer_bot/build/soccer_vision/install.log --install-scripts $base/lib/soccer_vision --single-version-externally-managed install_data
[16.193s] Level 1:colcon.colcon_core.environment:checking '/home/sharmin/Desktop/iot/soccer_bot/install/soccer_vision' for CMake module files
[16.220s] Level 1:colcon.colcon_core.environment:checking '/home/sharmin/Desktop/iot/soccer_bot/install/soccer_vision' for CMake config files
[16.230s] Level 1:colcon.colcon_core.environment:checking '/home/sharmin/Desktop/iot/soccer_bot/install/soccer_vision/lib'
[16.231s] Level 1:colcon.colcon_core.environment:checking '/home/sharmin/Desktop/iot/soccer_bot/install/soccer_vision/bin'
[16.232s] Level 1:colcon.colcon_core.environment:checking '/home/sharmin/Desktop/iot/soccer_bot/install/soccer_vision/lib/pkgconfig/soccer_vision.pc'
[16.235s] Level 1:colcon.colcon_core.environment:checking '/home/sharmin/Desktop/iot/soccer_bot/install/soccer_vision/lib/python3.12/site-packages'
[16.235s] Level 1:colcon.colcon_core.shell:create_environment_hook('soccer_vision', 'pythonpath')
[16.236s] INFO:colcon.colcon_core.shell:Creating environment hook '/home/sharmin/Desktop/iot/soccer_bot/install/soccer_vision/share/soccer_vision/hook/pythonpath.ps1'
[16.241s] INFO:colcon.colcon_core.shell:Creating environment descriptor '/home/sharmin/Desktop/iot/soccer_bot/install/soccer_vision/share/soccer_vision/hook/pythonpath.dsv'
[16.242s] INFO:colcon.colcon_core.shell:Creating environment hook '/home/sharmin/Desktop/iot/soccer_bot/install/soccer_vision/share/soccer_vision/hook/pythonpath.sh'
[16.251s] Level 1:colcon.colcon_core.environment:checking '/home/sharmin/Desktop/iot/soccer_bot/install/soccer_vision/bin'
[16.253s] Level 1:colcon.colcon_core.environment:create_environment_scripts_only(soccer_vision)
[16.257s] INFO:colcon.colcon_core.shell:Creating package script '/home/sharmin/Desktop/iot/soccer_bot/install/soccer_vision/share/soccer_vision/package.ps1'
[16.268s] INFO:colcon.colcon_core.shell:Creating package descriptor '/home/sharmin/Desktop/iot/soccer_bot/install/soccer_vision/share/soccer_vision/package.dsv'
[16.274s] INFO:colcon.colcon_core.shell:Creating package script '/home/sharmin/Desktop/iot/soccer_bot/install/soccer_vision/share/soccer_vision/package.sh'
[16.287s] INFO:colcon.colcon_core.shell:Creating package script '/home/sharmin/Desktop/iot/soccer_bot/install/soccer_vision/share/soccer_vision/package.bash'
[16.290s] INFO:colcon.colcon_core.shell:Creating package script '/home/sharmin/Desktop/iot/soccer_bot/install/soccer_vision/share/soccer_vision/package.zsh'
[16.293s] Level 1:colcon.colcon_core.environment:create_file_with_runtime_dependencies(/home/sharmin/Desktop/iot/soccer_bot/install/soccer_vision/share/colcon-core/packages/soccer_vision)
[16.294s] DEBUG:colcon.colcon_parallel_executor.executor.parallel:closing loop
[16.299s] DEBUG:colcon.colcon_parallel_executor.executor.parallel:loop closed
[16.299s] DEBUG:colcon.colcon_parallel_executor.executor.parallel:run_until_complete finished with '0'
[16.300s] DEBUG:colcon.colcon_core.event_reactor:joining thread
[16.321s] INFO:colcon.colcon_core.plugin_system:Skipping extension 'colcon_notification.desktop_notification.terminal_notifier': Not used on non-Darwin systems
[16.322s] INFO:colcon.colcon_core.plugin_system:Skipping extension 'colcon_notification.desktop_notification.win32': Not used on non-Windows systems
[16.322s] INFO:colcon.colcon_notification.desktop_notification:Sending desktop notification using 'notify2'
[16.431s] DEBUG:colcon.colcon_core.event_reactor:joined thread
[16.432s] INFO:colcon.colcon_core.shell:Creating prefix script '/home/sharmin/Desktop/iot/soccer_bot/install/local_setup.ps1'
[16.447s] INFO:colcon.colcon_core.shell:Creating prefix util module '/home/sharmin/Desktop/iot/soccer_bot/install/_local_setup_util_ps1.py'
[16.481s] INFO:colcon.colcon_core.shell:Creating prefix chain script '/home/sharmin/Desktop/iot/soccer_bot/install/setup.ps1'
[16.504s] INFO:colcon.colcon_core.shell:Creating prefix script '/home/sharmin/Desktop/iot/soccer_bot/install/local_setup.sh'
[16.528s] INFO:colcon.colcon_core.shell:Creating prefix util module '/home/sharmin/Desktop/iot/soccer_bot/install/_local_setup_util_sh.py'
[16.538s] INFO:colcon.colcon_core.shell:Creating prefix chain script '/home/sharmin/Desktop/iot/soccer_bot/install/setup.sh'
[16.552s] INFO:colcon.colcon_core.shell:Creating prefix script '/home/sharmin/Desktop/iot/soccer_bot/install/local_setup.bash'
[16.562s] INFO:colcon.colcon_core.shell:Creating prefix chain script '/home/sharmin/Desktop/iot/soccer_bot/install/setup.bash'
[16.576s] INFO:colcon.colcon_core.shell:Creating prefix script '/home/sharmin/Desktop/iot/soccer_bot/install/local_setup.zsh'
[16.580s] INFO:colcon.colcon_core.shell:Creating prefix chain script '/home/sharmin/Desktop/iot/soccer_bot/install/setup.zsh'
