[2.066s] DEBUG:colcon:Command line arguments: ['/usr/bin/colcon', 'build']
[2.066s] DEBUG:colcon:Parsed command line arguments: Namespace(log_base=None, log_level=None, verb_name='build', build_base='build', install_base='install', merge_install=False, symlink_install=False, test_result_base=None, continue_on_error=False, executor='parallel', parallel_workers=2, event_handlers=None, ignore_user_meta=False, metas=['./colcon.meta'], base_paths=['.'], packages_ignore=None, packages_ignore_regex=None, paths=None, packages_up_to=None, packages_up_to_regex=None, packages_above=None, packages_above_and_dependencies=None, packages_above_depth=None, packages_select_by_dep=None, packages_skip_by_dep=None, packages_skip_up_to=None, packages_select_build_failed=False, packages_skip_build_finished=False, packages_select_test_failures=False, packages_skip_test_passed=False, packages_select=None, packages_skip=None, packages_select_regex=None, packages_skip_regex=None, packages_start=None, packages_end=None, allow_overriding=[], cmake_args=None, cmake_target=None, cmake_target_skip_unavailable=False, cmake_clean_cache=False, cmake_clean_first=False, cmake_force_configure=False, ament_cmake_args=None, catkin_cmake_args=None, catkin_skip_building_tests=False, verb_parser=<colcon_defaults.argument_parser.defaults.DefaultArgumentsDecorator object at 0x79a9655b4e30>, verb_extension=<colcon_core.verb.build.BuildVerb object at 0x79a9655b4aa0>, main=<bound method BuildVerb.main of <colcon_core.verb.build.BuildVerb object at 0x79a9655b4aa0>>)
[2.296s] Level 1:colcon.colcon_core.package_discovery:discover_packages(colcon_meta) check parameters
[2.297s] Level 1:colcon.colcon_core.package_discovery:discover_packages(recursive) check parameters
[2.297s] Level 1:colcon.colcon_core.package_discovery:discover_packages(ignore) check parameters
[2.297s] Level 1:colcon.colcon_core.package_discovery:discover_packages(path) check parameters
[2.297s] Level 1:colcon.colcon_core.package_discovery:discover_packages(colcon_meta) discover
[2.297s] Level 1:colcon.colcon_core.package_discovery:discover_packages(recursive) discover
[2.297s] INFO:colcon.colcon_core.package_discovery:Crawling recursively for packages in '/home/sharmin/Desktop/iot/soccer_bot'
[2.298s] Level 1:colcon.colcon_core.package_identification:_identify(.) by extensions ['ignore', 'ignore_ament_install']
[2.298s] Level 1:colcon.colcon_core.package_identification:_identify(.) by extension 'ignore'
[2.299s] Level 1:colcon.colcon_core.package_identification:_identify(.) by extension 'ignore_ament_install'
[2.299s] Level 1:colcon.colcon_core.package_identification:_identify(.) by extensions ['colcon_pkg']
[2.299s] Level 1:colcon.colcon_core.package_identification:_identify(.) by extension 'colcon_pkg'
[2.299s] Level 1:colcon.colcon_core.package_identification:_identify(.) by extensions ['colcon_meta']
[2.300s] Level 1:colcon.colcon_core.package_identification:_identify(.) by extension 'colcon_meta'
[2.300s] Level 1:colcon.colcon_core.package_identification:_identify(.) by extensions ['ros']
[2.300s] Level 1:colcon.colcon_core.package_identification:_identify(.) by extension 'ros'
[2.462s] Level 1:colcon.colcon_core.package_identification:_identify(.) by extensions ['cmake', 'python']
[2.462s] Level 1:colcon.colcon_core.package_identification:_identify(.) by extension 'cmake'
[2.463s] Level 1:colcon.colcon_core.package_identification:_identify(.) by extension 'python'
[2.463s] Level 1:colcon.colcon_core.package_identification:_identify(.) by extensions ['python_setup_py']
[2.463s] Level 1:colcon.colcon_core.package_identification:_identify(.) by extension 'python_setup_py'
[2.464s] Level 1:colcon.colcon_core.package_identification:_identify(build) by extensions ['ignore', 'ignore_ament_install']
[2.465s] Level 1:colcon.colcon_core.package_identification:_identify(build) by extension 'ignore'
[2.465s] Level 1:colcon.colcon_core.package_identification:_identify(build) ignored
[2.467s] Level 1:colcon.colcon_core.package_identification:_identify(docs) by extensions ['ignore', 'ignore_ament_install']
[2.468s] Level 1:colcon.colcon_core.package_identification:_identify(docs) by extension 'ignore'
[2.468s] Level 1:colcon.colcon_core.package_identification:_identify(docs) by extension 'ignore_ament_install'
[2.469s] Level 1:colcon.colcon_core.package_identification:_identify(docs) by extensions ['colcon_pkg']
[2.469s] Level 1:colcon.colcon_core.package_identification:_identify(docs) by extension 'colcon_pkg'
[2.470s] Level 1:colcon.colcon_core.package_identification:_identify(docs) by extensions ['colcon_meta']
[2.470s] Level 1:colcon.colcon_core.package_identification:_identify(docs) by extension 'colcon_meta'
[2.471s] Level 1:colcon.colcon_core.package_identification:_identify(docs) by extensions ['ros']
[2.471s] Level 1:colcon.colcon_core.package_identification:_identify(docs) by extension 'ros'
[2.472s] Level 1:colcon.colcon_core.package_identification:_identify(docs) by extensions ['cmake', 'python']
[2.472s] Level 1:colcon.colcon_core.package_identification:_identify(docs) by extension 'cmake'
[2.473s] Level 1:colcon.colcon_core.package_identification:_identify(docs) by extension 'python'
[2.473s] Level 1:colcon.colcon_core.package_identification:_identify(docs) by extensions ['python_setup_py']
[2.474s] Level 1:colcon.colcon_core.package_identification:_identify(docs) by extension 'python_setup_py'
[2.474s] Level 1:colcon.colcon_core.package_identification:_identify(install) by extensions ['ignore', 'ignore_ament_install']
[2.475s] Level 1:colcon.colcon_core.package_identification:_identify(install) by extension 'ignore'
[2.476s] Level 1:colcon.colcon_core.package_identification:_identify(install) ignored
[2.476s] Level 1:colcon.colcon_core.package_identification:_identify(log) by extensions ['ignore', 'ignore_ament_install']
[2.477s] Level 1:colcon.colcon_core.package_identification:_identify(log) by extension 'ignore'
[2.477s] Level 1:colcon.colcon_core.package_identification:_identify(log) ignored
[2.478s] Level 1:colcon.colcon_core.package_identification:_identify(scripts) by extensions ['ignore', 'ignore_ament_install']
[2.479s] Level 1:colcon.colcon_core.package_identification:_identify(scripts) by extension 'ignore'
[2.479s] Level 1:colcon.colcon_core.package_identification:_identify(scripts) by extension 'ignore_ament_install'
[2.480s] Level 1:colcon.colcon_core.package_identification:_identify(scripts) by extensions ['colcon_pkg']
[2.480s] Level 1:colcon.colcon_core.package_identification:_identify(scripts) by extension 'colcon_pkg'
[2.481s] Level 1:colcon.colcon_core.package_identification:_identify(scripts) by extensions ['colcon_meta']
[2.481s] Level 1:colcon.colcon_core.package_identification:_identify(scripts) by extension 'colcon_meta'
[2.481s] Level 1:colcon.colcon_core.package_identification:_identify(scripts) by extensions ['ros']
[2.481s] Level 1:colcon.colcon_core.package_identification:_identify(scripts) by extension 'ros'
[2.482s] Level 1:colcon.colcon_core.package_identification:_identify(scripts) by extensions ['cmake', 'python']
[2.483s] Level 1:colcon.colcon_core.package_identification:_identify(scripts) by extension 'cmake'
[2.483s] Level 1:colcon.colcon_core.package_identification:_identify(scripts) by extension 'python'
[2.483s] Level 1:colcon.colcon_core.package_identification:_identify(scripts) by extensions ['python_setup_py']
[2.483s] Level 1:colcon.colcon_core.package_identification:_identify(scripts) by extension 'python_setup_py'
[2.484s] Level 1:colcon.colcon_core.package_identification:_identify(scripts/soccer_bot_docker) by extensions ['ignore', 'ignore_ament_install']
[2.485s] Level 1:colcon.colcon_core.package_identification:_identify(scripts/soccer_bot_docker) by extension 'ignore'
[2.485s] Level 1:colcon.colcon_core.package_identification:_identify(scripts/soccer_bot_docker) by extension 'ignore_ament_install'
[2.485s] Level 1:colcon.colcon_core.package_identification:_identify(scripts/soccer_bot_docker) by extensions ['colcon_pkg']
[2.485s] Level 1:colcon.colcon_core.package_identification:_identify(scripts/soccer_bot_docker) by extension 'colcon_pkg'
[2.486s] Level 1:colcon.colcon_core.package_identification:_identify(scripts/soccer_bot_docker) by extensions ['colcon_meta']
[2.486s] Level 1:colcon.colcon_core.package_identification:_identify(scripts/soccer_bot_docker) by extension 'colcon_meta'
[2.486s] Level 1:colcon.colcon_core.package_identification:_identify(scripts/soccer_bot_docker) by extensions ['ros']
[2.486s] Level 1:colcon.colcon_core.package_identification:_identify(scripts/soccer_bot_docker) by extension 'ros'
[2.486s] Level 1:colcon.colcon_core.package_identification:_identify(scripts/soccer_bot_docker) by extensions ['cmake', 'python']
[2.487s] Level 1:colcon.colcon_core.package_identification:_identify(scripts/soccer_bot_docker) by extension 'cmake'
[2.487s] Level 1:colcon.colcon_core.package_identification:_identify(scripts/soccer_bot_docker) by extension 'python'
[2.487s] Level 1:colcon.colcon_core.package_identification:_identify(scripts/soccer_bot_docker) by extensions ['python_setup_py']
[2.487s] Level 1:colcon.colcon_core.package_identification:_identify(scripts/soccer_bot_docker) by extension 'python_setup_py'
[2.487s] Level 1:colcon.colcon_core.package_identification:_identify(src) by extensions ['ignore', 'ignore_ament_install']
[2.488s] Level 1:colcon.colcon_core.package_identification:_identify(src) by extension 'ignore'
[2.488s] Level 1:colcon.colcon_core.package_identification:_identify(src) by extension 'ignore_ament_install'
[2.488s] Level 1:colcon.colcon_core.package_identification:_identify(src) by extensions ['colcon_pkg']
[2.488s] Level 1:colcon.colcon_core.package_identification:_identify(src) by extension 'colcon_pkg'
[2.489s] Level 1:colcon.colcon_core.package_identification:_identify(src) by extensions ['colcon_meta']
[2.489s] Level 1:colcon.colcon_core.package_identification:_identify(src) by extension 'colcon_meta'
[2.489s] Level 1:colcon.colcon_core.package_identification:_identify(src) by extensions ['ros']
[2.489s] Level 1:colcon.colcon_core.package_identification:_identify(src) by extension 'ros'
[2.489s] Level 1:colcon.colcon_core.package_identification:_identify(src) by extensions ['cmake', 'python']
[2.489s] Level 1:colcon.colcon_core.package_identification:_identify(src) by extension 'cmake'
[2.490s] Level 1:colcon.colcon_core.package_identification:_identify(src) by extension 'python'
[2.490s] Level 1:colcon.colcon_core.package_identification:_identify(src) by extensions ['python_setup_py']
[2.490s] Level 1:colcon.colcon_core.package_identification:_identify(src) by extension 'python_setup_py'
[2.490s] Level 1:colcon.colcon_core.package_identification:_identify(src/YDLidar-SDK) by extensions ['ignore', 'ignore_ament_install']
[2.491s] Level 1:colcon.colcon_core.package_identification:_identify(src/YDLidar-SDK) by extension 'ignore'
[2.491s] Level 1:colcon.colcon_core.package_identification:_identify(src/YDLidar-SDK) by extension 'ignore_ament_install'
[2.491s] Level 1:colcon.colcon_core.package_identification:_identify(src/YDLidar-SDK) by extensions ['colcon_pkg']
[2.491s] Level 1:colcon.colcon_core.package_identification:_identify(src/YDLidar-SDK) by extension 'colcon_pkg'
[2.492s] Level 1:colcon.colcon_core.package_identification:_identify(src/YDLidar-SDK) by extensions ['colcon_meta']
[2.492s] Level 1:colcon.colcon_core.package_identification:_identify(src/YDLidar-SDK) by extension 'colcon_meta'
[2.492s] Level 1:colcon.colcon_core.package_identification:_identify(src/YDLidar-SDK) by extensions ['ros']
[2.492s] Level 1:colcon.colcon_core.package_identification:_identify(src/YDLidar-SDK) by extension 'ros'
[2.492s] Level 1:colcon.colcon_core.package_identification:_identify(src/YDLidar-SDK) by extensions ['cmake', 'python']
[2.493s] Level 1:colcon.colcon_core.package_identification:_identify(src/YDLidar-SDK) by extension 'cmake'
[2.600s] Level 1:colcon.colcon_core.package_identification:_identify(src/YDLidar-SDK) by extension 'python'
[2.600s] DEBUG:colcon.colcon_core.package_identification:Package 'src/YDLidar-SDK' with type 'cmake' and name 'ydlidar_sdk'
[2.604s] Level 1:colcon.colcon_core.package_identification:_identify(src/camera_vision) by extensions ['ignore', 'ignore_ament_install']
[2.604s] Level 1:colcon.colcon_core.package_identification:_identify(src/camera_vision) by extension 'ignore'
[2.604s] Level 1:colcon.colcon_core.package_identification:_identify(src/camera_vision) by extension 'ignore_ament_install'
[2.605s] Level 1:colcon.colcon_core.package_identification:_identify(src/camera_vision) by extensions ['colcon_pkg']
[2.605s] Level 1:colcon.colcon_core.package_identification:_identify(src/camera_vision) by extension 'colcon_pkg'
[2.605s] Level 1:colcon.colcon_core.package_identification:_identify(src/camera_vision) by extensions ['colcon_meta']
[2.605s] Level 1:colcon.colcon_core.package_identification:_identify(src/camera_vision) by extension 'colcon_meta'
[2.605s] Level 1:colcon.colcon_core.package_identification:_identify(src/camera_vision) by extensions ['ros']
[2.606s] Level 1:colcon.colcon_core.package_identification:_identify(src/camera_vision) by extension 'ros'
[2.606s] Level 1:colcon.colcon_core.package_identification:_identify(src/camera_vision) by extensions ['cmake', 'python']
[2.606s] Level 1:colcon.colcon_core.package_identification:_identify(src/camera_vision) by extension 'cmake'
[2.606s] Level 1:colcon.colcon_core.package_identification:_identify(src/camera_vision) by extension 'python'
[2.606s] Level 1:colcon.colcon_core.package_identification:_identify(src/camera_vision) by extensions ['python_setup_py']
[2.607s] Level 1:colcon.colcon_core.package_identification:_identify(src/camera_vision) by extension 'python_setup_py'
[2.608s] Level 1:colcon.colcon_core.package_identification:_identify(src/core_brain) by extensions ['ignore', 'ignore_ament_install']
[2.609s] Level 1:colcon.colcon_core.package_identification:_identify(src/core_brain) by extension 'ignore'
[2.609s] Level 1:colcon.colcon_core.package_identification:_identify(src/core_brain) by extension 'ignore_ament_install'
[2.609s] Level 1:colcon.colcon_core.package_identification:_identify(src/core_brain) by extensions ['colcon_pkg']
[2.609s] Level 1:colcon.colcon_core.package_identification:_identify(src/core_brain) by extension 'colcon_pkg'
[2.610s] Level 1:colcon.colcon_core.package_identification:_identify(src/core_brain) by extensions ['colcon_meta']
[2.610s] Level 1:colcon.colcon_core.package_identification:_identify(src/core_brain) by extension 'colcon_meta'
[2.610s] Level 1:colcon.colcon_core.package_identification:_identify(src/core_brain) by extensions ['ros']
[2.610s] Level 1:colcon.colcon_core.package_identification:_identify(src/core_brain) by extension 'ros'
[2.610s] Level 1:colcon.colcon_core.package_identification:_identify(src/core_brain) by extensions ['cmake', 'python']
[2.611s] Level 1:colcon.colcon_core.package_identification:_identify(src/core_brain) by extension 'cmake'
[2.611s] Level 1:colcon.colcon_core.package_identification:_identify(src/core_brain) by extension 'python'
[2.611s] Level 1:colcon.colcon_core.package_identification:_identify(src/core_brain) by extensions ['python_setup_py']
[2.611s] Level 1:colcon.colcon_core.package_identification:_identify(src/core_brain) by extension 'python_setup_py'
[2.613s] Level 1:colcon.colcon_core.package_identification:_identify(src/motor_control) by extensions ['ignore', 'ignore_ament_install']
[2.613s] Level 1:colcon.colcon_core.package_identification:_identify(src/motor_control) by extension 'ignore'
[2.614s] Level 1:colcon.colcon_core.package_identification:_identify(src/motor_control) by extension 'ignore_ament_install'
[2.614s] Level 1:colcon.colcon_core.package_identification:_identify(src/motor_control) by extensions ['colcon_pkg']
[2.614s] Level 1:colcon.colcon_core.package_identification:_identify(src/motor_control) by extension 'colcon_pkg'
[2.614s] Level 1:colcon.colcon_core.package_identification:_identify(src/motor_control) by extensions ['colcon_meta']
[2.614s] Level 1:colcon.colcon_core.package_identification:_identify(src/motor_control) by extension 'colcon_meta'
[2.615s] Level 1:colcon.colcon_core.package_identification:_identify(src/motor_control) by extensions ['ros']
[2.615s] Level 1:colcon.colcon_core.package_identification:_identify(src/motor_control) by extension 'ros'
[2.615s] Level 1:colcon.colcon_core.package_identification:_identify(src/motor_control) by extensions ['cmake', 'python']
[2.615s] Level 1:colcon.colcon_core.package_identification:_identify(src/motor_control) by extension 'cmake'
[2.615s] Level 1:colcon.colcon_core.package_identification:_identify(src/motor_control) by extension 'python'
[2.616s] Level 1:colcon.colcon_core.package_identification:_identify(src/motor_control) by extensions ['python_setup_py']
[2.616s] Level 1:colcon.colcon_core.package_identification:_identify(src/motor_control) by extension 'python_setup_py'
[2.618s] Level 1:colcon.colcon_core.package_identification:_identify(src/soccer_navigation) by extensions ['ignore', 'ignore_ament_install']
[2.618s] Level 1:colcon.colcon_core.package_identification:_identify(src/soccer_navigation) by extension 'ignore'
[2.618s] Level 1:colcon.colcon_core.package_identification:_identify(src/soccer_navigation) by extension 'ignore_ament_install'
[2.619s] Level 1:colcon.colcon_core.package_identification:_identify(src/soccer_navigation) by extensions ['colcon_pkg']
[2.619s] Level 1:colcon.colcon_core.package_identification:_identify(src/soccer_navigation) by extension 'colcon_pkg'
[2.619s] Level 1:colcon.colcon_core.package_identification:_identify(src/soccer_navigation) by extensions ['colcon_meta']
[2.619s] Level 1:colcon.colcon_core.package_identification:_identify(src/soccer_navigation) by extension 'colcon_meta'
[2.619s] Level 1:colcon.colcon_core.package_identification:_identify(src/soccer_navigation) by extensions ['ros']
[2.619s] Level 1:colcon.colcon_core.package_identification:_identify(src/soccer_navigation) by extension 'ros'
[2.632s] DEBUG:colcon.colcon_core.package_identification:Package 'src/soccer_navigation' with type 'ros.ament_python' and name 'soccer_navigation'
[2.633s] Level 1:colcon.colcon_core.package_identification:_identify(src/soccer_vision) by extensions ['ignore', 'ignore_ament_install']
[2.633s] Level 1:colcon.colcon_core.package_identification:_identify(src/soccer_vision) by extension 'ignore'
[2.633s] Level 1:colcon.colcon_core.package_identification:_identify(src/soccer_vision) by extension 'ignore_ament_install'
[2.633s] Level 1:colcon.colcon_core.package_identification:_identify(src/soccer_vision) by extensions ['colcon_pkg']
[2.634s] Level 1:colcon.colcon_core.package_identification:_identify(src/soccer_vision) by extension 'colcon_pkg'
[2.634s] Level 1:colcon.colcon_core.package_identification:_identify(src/soccer_vision) by extensions ['colcon_meta']
[2.634s] Level 1:colcon.colcon_core.package_identification:_identify(src/soccer_vision) by extension 'colcon_meta'
[2.634s] Level 1:colcon.colcon_core.package_identification:_identify(src/soccer_vision) by extensions ['ros']
[2.634s] Level 1:colcon.colcon_core.package_identification:_identify(src/soccer_vision) by extension 'ros'
[2.638s] DEBUG:colcon.colcon_core.package_identification:Package 'src/soccer_vision' with type 'ros.ament_python' and name 'soccer_vision'
[2.639s] Level 1:colcon.colcon_core.package_identification:_identify(src/ydlidar_ros2_driver) by extensions ['ignore', 'ignore_ament_install']
[2.639s] Level 1:colcon.colcon_core.package_identification:_identify(src/ydlidar_ros2_driver) by extension 'ignore'
[2.639s] Level 1:colcon.colcon_core.package_identification:_identify(src/ydlidar_ros2_driver) by extension 'ignore_ament_install'
[2.640s] Level 1:colcon.colcon_core.package_identification:_identify(src/ydlidar_ros2_driver) by extensions ['colcon_pkg']
[2.640s] Level 1:colcon.colcon_core.package_identification:_identify(src/ydlidar_ros2_driver) by extension 'colcon_pkg'
[2.640s] Level 1:colcon.colcon_core.package_identification:_identify(src/ydlidar_ros2_driver) by extensions ['colcon_meta']
[2.640s] Level 1:colcon.colcon_core.package_identification:_identify(src/ydlidar_ros2_driver) by extension 'colcon_meta'
[2.640s] Level 1:colcon.colcon_core.package_identification:_identify(src/ydlidar_ros2_driver) by extensions ['ros']
[2.641s] Level 1:colcon.colcon_core.package_identification:_identify(src/ydlidar_ros2_driver) by extension 'ros'
[2.643s] DEBUG:colcon.colcon_core.package_identification:Package 'src/ydlidar_ros2_driver' with type 'ros.ament_cmake' and name 'ydlidar_ros2_driver'
[2.643s] Level 1:colcon.colcon_core.package_discovery:discover_packages(recursive) using defaults
[2.644s] Level 1:colcon.colcon_core.package_discovery:discover_packages(ignore) discover
[2.644s] Level 1:colcon.colcon_core.package_discovery:discover_packages(ignore) using defaults
[2.644s] Level 1:colcon.colcon_core.package_discovery:discover_packages(path) discover
[2.644s] Level 1:colcon.colcon_core.package_discovery:discover_packages(path) using defaults
[2.774s] Level 1:colcon.colcon_core.package_discovery:discover_packages(prefix_path) check parameters
[2.774s] Level 1:colcon.colcon_core.package_discovery:discover_packages(prefix_path) discover
[2.799s] DEBUG:colcon.colcon_installed_package_information.package_discovery:Found 287 installed packages in /opt/ros/jazzy
[2.807s] Level 1:colcon.colcon_core.package_discovery:discover_packages(prefix_path) using defaults
[3.061s] Level 5:colcon.colcon_core.verb:set package 'soccer_navigation' build argument 'cmake_args' from command line to 'None'
[3.062s] Level 5:colcon.colcon_core.verb:set package 'soccer_navigation' build argument 'cmake_target' from command line to 'None'
[3.062s] Level 5:colcon.colcon_core.verb:set package 'soccer_navigation' build argument 'cmake_target_skip_unavailable' from command line to 'False'
[3.062s] Level 5:colcon.colcon_core.verb:set package 'soccer_navigation' build argument 'cmake_clean_cache' from command line to 'False'
[3.062s] Level 5:colcon.colcon_core.verb:set package 'soccer_navigation' build argument 'cmake_clean_first' from command line to 'False'
[3.062s] Level 5:colcon.colcon_core.verb:set package 'soccer_navigation' build argument 'cmake_force_configure' from command line to 'False'
[3.062s] Level 5:colcon.colcon_core.verb:set package 'soccer_navigation' build argument 'ament_cmake_args' from command line to 'None'
[3.062s] Level 5:colcon.colcon_core.verb:set package 'soccer_navigation' build argument 'catkin_cmake_args' from command line to 'None'
[3.062s] Level 5:colcon.colcon_core.verb:set package 'soccer_navigation' build argument 'catkin_skip_building_tests' from command line to 'False'
[3.062s] DEBUG:colcon.colcon_core.verb:Building package 'soccer_navigation' with the following arguments: {'ament_cmake_args': None, 'build_base': '/home/sharmin/Desktop/iot/soccer_bot/build/soccer_navigation', 'catkin_cmake_args': None, 'catkin_skip_building_tests': False, 'cmake_args': None, 'cmake_clean_cache': False, 'cmake_clean_first': False, 'cmake_force_configure': False, 'cmake_target': None, 'cmake_target_skip_unavailable': False, 'install_base': '/home/sharmin/Desktop/iot/soccer_bot/install/soccer_navigation', 'merge_install': False, 'path': '/home/sharmin/Desktop/iot/soccer_bot/src/soccer_navigation', 'symlink_install': False, 'test_result_base': None}
[3.064s] Level 5:colcon.colcon_core.verb:set package 'soccer_vision' build argument 'cmake_args' from command line to 'None'
[3.064s] Level 5:colcon.colcon_core.verb:set package 'soccer_vision' build argument 'cmake_target' from command line to 'None'
[3.064s] Level 5:colcon.colcon_core.verb:set package 'soccer_vision' build argument 'cmake_target_skip_unavailable' from command line to 'False'
[3.064s] Level 5:colcon.colcon_core.verb:set package 'soccer_vision' build argument 'cmake_clean_cache' from command line to 'False'
[3.064s] Level 5:colcon.colcon_core.verb:set package 'soccer_vision' build argument 'cmake_clean_first' from command line to 'False'
[3.064s] Level 5:colcon.colcon_core.verb:set package 'soccer_vision' build argument 'cmake_force_configure' from command line to 'False'
[3.065s] Level 5:colcon.colcon_core.verb:set package 'soccer_vision' build argument 'ament_cmake_args' from command line to 'None'
[3.065s] Level 5:colcon.colcon_core.verb:set package 'soccer_vision' build argument 'catkin_cmake_args' from command line to 'None'
[3.065s] Level 5:colcon.colcon_core.verb:set package 'soccer_vision' build argument 'catkin_skip_building_tests' from command line to 'False'
[3.065s] DEBUG:colcon.colcon_core.verb:Building package 'soccer_vision' with the following arguments: {'ament_cmake_args': None, 'build_base': '/home/sharmin/Desktop/iot/soccer_bot/build/soccer_vision', 'catkin_cmake_args': None, 'catkin_skip_building_tests': False, 'cmake_args': None, 'cmake_clean_cache': False, 'cmake_clean_first': False, 'cmake_force_configure': False, 'cmake_target': None, 'cmake_target_skip_unavailable': False, 'install_base': '/home/sharmin/Desktop/iot/soccer_bot/install/soccer_vision', 'merge_install': False, 'path': '/home/sharmin/Desktop/iot/soccer_bot/src/soccer_vision', 'symlink_install': False, 'test_result_base': None}
[3.066s] Level 5:colcon.colcon_core.verb:set package 'ydlidar_ros2_driver' build argument 'cmake_args' from command line to 'None'
[3.066s] Level 5:colcon.colcon_core.verb:set package 'ydlidar_ros2_driver' build argument 'cmake_target' from command line to 'None'
[3.067s] Level 5:colcon.colcon_core.verb:set package 'ydlidar_ros2_driver' build argument 'cmake_target_skip_unavailable' from command line to 'False'
[3.067s] Level 5:colcon.colcon_core.verb:set package 'ydlidar_ros2_driver' build argument 'cmake_clean_cache' from command line to 'False'
[3.067s] Level 5:colcon.colcon_core.verb:set package 'ydlidar_ros2_driver' build argument 'cmake_clean_first' from command line to 'False'
[3.067s] Level 5:colcon.colcon_core.verb:set package 'ydlidar_ros2_driver' build argument 'cmake_force_configure' from command line to 'False'
[3.067s] Level 5:colcon.colcon_core.verb:set package 'ydlidar_ros2_driver' build argument 'ament_cmake_args' from command line to 'None'
[3.067s] Level 5:colcon.colcon_core.verb:set package 'ydlidar_ros2_driver' build argument 'catkin_cmake_args' from command line to 'None'
[3.067s] Level 5:colcon.colcon_core.verb:set package 'ydlidar_ros2_driver' build argument 'catkin_skip_building_tests' from command line to 'False'
[3.067s] DEBUG:colcon.colcon_core.verb:Building package 'ydlidar_ros2_driver' with the following arguments: {'ament_cmake_args': None, 'build_base': '/home/sharmin/Desktop/iot/soccer_bot/build/ydlidar_ros2_driver', 'catkin_cmake_args': None, 'catkin_skip_building_tests': False, 'cmake_args': None, 'cmake_clean_cache': False, 'cmake_clean_first': False, 'cmake_force_configure': False, 'cmake_target': None, 'cmake_target_skip_unavailable': False, 'install_base': '/home/sharmin/Desktop/iot/soccer_bot/install/ydlidar_ros2_driver', 'merge_install': False, 'path': '/home/sharmin/Desktop/iot/soccer_bot/src/ydlidar_ros2_driver', 'symlink_install': False, 'test_result_base': None}
[3.069s] Level 5:colcon.colcon_core.verb:set package 'ydlidar_sdk' build argument 'cmake_args' from command line to 'None'
[3.069s] Level 5:colcon.colcon_core.verb:set package 'ydlidar_sdk' build argument 'cmake_target' from command line to 'None'
[3.069s] Level 5:colcon.colcon_core.verb:set package 'ydlidar_sdk' build argument 'cmake_target_skip_unavailable' from command line to 'False'
[3.069s] Level 5:colcon.colcon_core.verb:set package 'ydlidar_sdk' build argument 'cmake_clean_cache' from command line to 'False'
[3.069s] Level 5:colcon.colcon_core.verb:set package 'ydlidar_sdk' build argument 'cmake_clean_first' from command line to 'False'
[3.069s] Level 5:colcon.colcon_core.verb:set package 'ydlidar_sdk' build argument 'cmake_force_configure' from command line to 'False'
[3.069s] Level 5:colcon.colcon_core.verb:set package 'ydlidar_sdk' build argument 'ament_cmake_args' from command line to 'None'
[3.069s] Level 5:colcon.colcon_core.verb:set package 'ydlidar_sdk' build argument 'catkin_cmake_args' from command line to 'None'
[3.070s] Level 5:colcon.colcon_core.verb:set package 'ydlidar_sdk' build argument 'catkin_skip_building_tests' from command line to 'False'
[3.070s] DEBUG:colcon.colcon_core.verb:Building package 'ydlidar_sdk' with the following arguments: {'ament_cmake_args': None, 'build_base': '/home/sharmin/Desktop/iot/soccer_bot/build/ydlidar_sdk', 'catkin_cmake_args': None, 'catkin_skip_building_tests': False, 'cmake_args': None, 'cmake_clean_cache': False, 'cmake_clean_first': False, 'cmake_force_configure': False, 'cmake_target': None, 'cmake_target_skip_unavailable': False, 'install_base': '/home/sharmin/Desktop/iot/soccer_bot/install/ydlidar_sdk', 'merge_install': False, 'path': '/home/sharmin/Desktop/iot/soccer_bot/src/YDLidar-SDK', 'symlink_install': False, 'test_result_base': None}
[3.070s] INFO:colcon.colcon_core.executor:Executing jobs using 'parallel' executor
[3.073s] DEBUG:colcon.colcon_parallel_executor.executor.parallel:run_until_complete
[3.073s] INFO:colcon.colcon_ros.task.ament_python.build:Building ROS package in '/home/sharmin/Desktop/iot/soccer_bot/src/soccer_navigation' with build type 'ament_python'
[3.074s] Level 1:colcon.colcon_core.shell:create_environment_hook('soccer_navigation', 'ament_prefix_path')
[3.096s] INFO:colcon.colcon_core.plugin_system:Skipping extension 'colcon_core.shell.bat': Not used on non-Windows systems
[3.097s] INFO:colcon.colcon_core.shell:Creating environment hook '/home/sharmin/Desktop/iot/soccer_bot/install/soccer_navigation/share/soccer_navigation/hook/ament_prefix_path.ps1'
[3.105s] INFO:colcon.colcon_core.shell:Creating environment descriptor '/home/sharmin/Desktop/iot/soccer_bot/install/soccer_navigation/share/soccer_navigation/hook/ament_prefix_path.dsv'
[3.109s] INFO:colcon.colcon_core.shell:Creating environment hook '/home/sharmin/Desktop/iot/soccer_bot/install/soccer_navigation/share/soccer_navigation/hook/ament_prefix_path.sh'
[3.113s] INFO:colcon.colcon_core.shell:Skip shell extension 'powershell' for command environment: Not usable outside of PowerShell
[3.114s] DEBUG:colcon.colcon_core.shell:Skip shell extension 'dsv' for command environment
[3.132s] INFO:colcon.colcon_ros.task.ament_python.build:Building ROS package in '/home/sharmin/Desktop/iot/soccer_bot/src/soccer_vision' with build type 'ament_python'
[3.132s] Level 1:colcon.colcon_core.shell:create_environment_hook('soccer_vision', 'ament_prefix_path')
[3.133s] INFO:colcon.colcon_core.shell:Creating environment hook '/home/sharmin/Desktop/iot/soccer_bot/install/soccer_vision/share/soccer_vision/hook/ament_prefix_path.ps1'
[3.141s] INFO:colcon.colcon_core.shell:Creating environment descriptor '/home/sharmin/Desktop/iot/soccer_bot/install/soccer_vision/share/soccer_vision/hook/ament_prefix_path.dsv'
[3.146s] INFO:colcon.colcon_core.shell:Creating environment hook '/home/sharmin/Desktop/iot/soccer_bot/install/soccer_vision/share/soccer_vision/hook/ament_prefix_path.sh'
[3.154s] INFO:colcon.colcon_core.shell:Skip shell extension 'powershell' for command environment: Not usable outside of PowerShell
[3.154s] DEBUG:colcon.colcon_core.shell:Skip shell extension 'dsv' for command environment
[4.643s] INFO:colcon.colcon_core.task.python.build:Building Python package in '/home/sharmin/Desktop/iot/soccer_bot/src/soccer_navigation'
[4.643s] INFO:colcon.colcon_core.shell:Skip shell extension 'powershell' for command environment: Not usable outside of PowerShell
[4.643s] DEBUG:colcon.colcon_core.shell:Skip shell extension 'dsv' for command environment
[5.980s] INFO:colcon.colcon_core.task.python.build:Building Python package in '/home/sharmin/Desktop/iot/soccer_bot/src/soccer_vision'
[5.980s] INFO:colcon.colcon_core.shell:Skip shell extension 'powershell' for command environment: Not usable outside of PowerShell
[5.981s] DEBUG:colcon.colcon_core.shell:Skip shell extension 'dsv' for command environment
[13.005s] DEBUG:colcon.colcon_core.task.python.build:Available setuptools commands: saveopts, bdist_wheel, update_catalog, rotate, clean, develop, init_catalog, upload, egg_info, install_scripts, install_headers, bdist_egg, bdist_dumb, editable_wheel, bdist, register, compile_catalog, upload_docs, build_scripts, build, alias, install_data, sdist, build_ext, build_py, install, test, extract_messages, install_egg_info, dist_info, check, build_clib, bdist_rpm, install_lib, setopt, symlink_data, easy_install
[13.015s] DEBUG:colcon.colcon_core.event_handler.log_command:Invoking command in '/home/sharmin/Desktop/iot/soccer_bot/src/soccer_navigation': PYTHONPATH=/home/sharmin/Desktop/iot/soccer_bot/build/soccer_navigation/prefix_override:/usr/lib/python3/dist-packages/colcon_core/task/python/colcon_distutils_commands:/home/sharmin/Desktop/iot/soccer_bot/install/soccer_navigation/lib/python3.12/site-packages:${PYTHONPATH} /usr/bin/python3 -W ignore:setup.py install is deprecated -W ignore:easy_install command is deprecated setup.py egg_info --egg-base ../../build/soccer_navigation build --build-base /home/sharmin/Desktop/iot/soccer_bot/build/soccer_navigation/build install --record /home/sharmin/Desktop/iot/soccer_bot/build/soccer_navigation/install.log --single-version-externally-managed install_data
[13.072s] DEBUG:colcon.colcon_core.task.python.build:Available setuptools commands: saveopts, bdist_wheel, update_catalog, rotate, clean, develop, init_catalog, upload, egg_info, install_scripts, install_headers, bdist_egg, bdist_dumb, editable_wheel, bdist, register, compile_catalog, upload_docs, build_scripts, build, alias, install_data, sdist, build_ext, build_py, install, test, extract_messages, install_egg_info, dist_info, check, build_clib, bdist_rpm, install_lib, setopt, symlink_data, easy_install
[13.085s] DEBUG:colcon.colcon_core.event_handler.log_command:Invoking command in '/home/sharmin/Desktop/iot/soccer_bot/src/soccer_vision': PYTHONPATH=/home/sharmin/Desktop/iot/soccer_bot/build/soccer_vision/prefix_override:/usr/lib/python3/dist-packages/colcon_core/task/python/colcon_distutils_commands:/home/sharmin/Desktop/iot/soccer_bot/install/soccer_vision/lib/python3.12/site-packages:${PYTHONPATH} /usr/bin/python3 -W ignore:setup.py install is deprecated -W ignore:easy_install command is deprecated setup.py egg_info --egg-base ../../build/soccer_vision build --build-base /home/sharmin/Desktop/iot/soccer_bot/build/soccer_vision/build install --record /home/sharmin/Desktop/iot/soccer_bot/build/soccer_vision/install.log --single-version-externally-managed install_data
[18.460s] DEBUG:colcon.colcon_core.event_handler.log_command:Invoked command in '/home/sharmin/Desktop/iot/soccer_bot/src/soccer_vision' returned '0': PYTHONPATH=/home/sharmin/Desktop/iot/soccer_bot/build/soccer_vision/prefix_override:/usr/lib/python3/dist-packages/colcon_core/task/python/colcon_distutils_commands:/home/sharmin/Desktop/iot/soccer_bot/install/soccer_vision/lib/python3.12/site-packages:${PYTHONPATH} /usr/bin/python3 -W ignore:setup.py install is deprecated -W ignore:easy_install command is deprecated setup.py egg_info --egg-base ../../build/soccer_vision build --build-base /home/sharmin/Desktop/iot/soccer_bot/build/soccer_vision/build install --record /home/sharmin/Desktop/iot/soccer_bot/build/soccer_vision/install.log --single-version-externally-managed install_data
[18.490s] Level 1:colcon.colcon_core.environment:checking '/home/sharmin/Desktop/iot/soccer_bot/install/soccer_vision' for CMake module files
[18.504s] Level 1:colcon.colcon_core.environment:checking '/home/sharmin/Desktop/iot/soccer_bot/install/soccer_vision' for CMake config files
[18.514s] Level 1:colcon.colcon_core.environment:checking '/home/sharmin/Desktop/iot/soccer_bot/install/soccer_vision/lib'
[18.514s] Level 1:colcon.colcon_core.environment:checking '/home/sharmin/Desktop/iot/soccer_bot/install/soccer_vision/bin'
[18.519s] Level 1:colcon.colcon_core.shell:create_environment_hook('soccer_vision', 'path')
[18.520s] INFO:colcon.colcon_core.shell:Creating environment hook '/home/sharmin/Desktop/iot/soccer_bot/install/soccer_vision/share/soccer_vision/hook/path.ps1'
[18.525s] INFO:colcon.colcon_core.shell:Creating environment descriptor '/home/sharmin/Desktop/iot/soccer_bot/install/soccer_vision/share/soccer_vision/hook/path.dsv'
[18.531s] INFO:colcon.colcon_core.shell:Creating environment hook '/home/sharmin/Desktop/iot/soccer_bot/install/soccer_vision/share/soccer_vision/hook/path.sh'
[18.537s] Level 1:colcon.colcon_core.environment:checking '/home/sharmin/Desktop/iot/soccer_bot/install/soccer_vision/lib/pkgconfig/soccer_vision.pc'
[18.538s] Level 1:colcon.colcon_core.environment:checking '/home/sharmin/Desktop/iot/soccer_bot/install/soccer_vision/lib/python3.12/site-packages'
[18.543s] Level 1:colcon.colcon_core.shell:create_environment_hook('soccer_vision', 'pythonpath')
[18.544s] INFO:colcon.colcon_core.shell:Creating environment hook '/home/sharmin/Desktop/iot/soccer_bot/install/soccer_vision/share/soccer_vision/hook/pythonpath.ps1'
[18.551s] INFO:colcon.colcon_core.shell:Creating environment descriptor '/home/sharmin/Desktop/iot/soccer_bot/install/soccer_vision/share/soccer_vision/hook/pythonpath.dsv'
[18.557s] INFO:colcon.colcon_core.shell:Creating environment hook '/home/sharmin/Desktop/iot/soccer_bot/install/soccer_vision/share/soccer_vision/hook/pythonpath.sh'
[18.568s] Level 1:colcon.colcon_core.environment:checking '/home/sharmin/Desktop/iot/soccer_bot/install/soccer_vision/bin'
[18.568s] Level 1:colcon.colcon_core.shell:create_environment_hook('soccer_vision', 'pythonscriptspath')
[18.572s] INFO:colcon.colcon_core.shell:Creating environment hook '/home/sharmin/Desktop/iot/soccer_bot/install/soccer_vision/share/soccer_vision/hook/pythonscriptspath.ps1'
[18.577s] INFO:colcon.colcon_core.shell:Creating environment descriptor '/home/sharmin/Desktop/iot/soccer_bot/install/soccer_vision/share/soccer_vision/hook/pythonscriptspath.dsv'
[18.582s] INFO:colcon.colcon_core.shell:Creating environment hook '/home/sharmin/Desktop/iot/soccer_bot/install/soccer_vision/share/soccer_vision/hook/pythonscriptspath.sh'
[18.588s] Level 1:colcon.colcon_core.environment:create_environment_scripts_only(soccer_vision)
[18.593s] INFO:colcon.colcon_core.shell:Creating package script '/home/sharmin/Desktop/iot/soccer_bot/install/soccer_vision/share/soccer_vision/package.ps1'
[18.610s] INFO:colcon.colcon_core.shell:Creating package descriptor '/home/sharmin/Desktop/iot/soccer_bot/install/soccer_vision/share/soccer_vision/package.dsv'
[18.622s] INFO:colcon.colcon_core.shell:Creating package script '/home/sharmin/Desktop/iot/soccer_bot/install/soccer_vision/share/soccer_vision/package.sh'
[18.632s] INFO:colcon.colcon_core.shell:Creating package script '/home/sharmin/Desktop/iot/soccer_bot/install/soccer_vision/share/soccer_vision/package.bash'
[18.642s] INFO:colcon.colcon_core.shell:Creating package script '/home/sharmin/Desktop/iot/soccer_bot/install/soccer_vision/share/soccer_vision/package.zsh'
[18.649s] Level 1:colcon.colcon_core.environment:create_file_with_runtime_dependencies(/home/sharmin/Desktop/iot/soccer_bot/install/soccer_vision/share/colcon-core/packages/soccer_vision)
[18.657s] INFO:colcon.colcon_ros.task.ament_cmake.build:Building ROS package in '/home/sharmin/Desktop/iot/soccer_bot/src/ydlidar_ros2_driver' with build type 'ament_cmake'
[18.657s] INFO:colcon.colcon_cmake.task.cmake.build:Building CMake package in '/home/sharmin/Desktop/iot/soccer_bot/src/ydlidar_ros2_driver'
[18.658s] INFO:colcon.colcon_core.shell:Skip shell extension 'powershell' for command environment: Not usable outside of PowerShell
[18.660s] DEBUG:colcon.colcon_core.shell:Skip shell extension 'dsv' for command environment
[18.717s] DEBUG:colcon.colcon_core.event_handler.log_command:Invoking command in '/home/sharmin/Desktop/iot/soccer_bot/build/ydlidar_ros2_driver': CMAKE_PREFIX_PATH=${CMAKE_PREFIX_PATH}:/opt/ros/jazzy /usr/bin/cmake /home/sharmin/Desktop/iot/soccer_bot/src/ydlidar_ros2_driver -DCMAKE_INSTALL_PREFIX=/home/sharmin/Desktop/iot/soccer_bot/install/ydlidar_ros2_driver
[19.087s] Level 1:colcon.colcon_core.environment:checking '/home/sharmin/Desktop/iot/soccer_bot/install/soccer_navigation' for CMake module files
[19.088s] DEBUG:colcon.colcon_core.event_handler.log_command:Invoked command in '/home/sharmin/Desktop/iot/soccer_bot/src/soccer_navigation' returned '0': PYTHONPATH=/home/sharmin/Desktop/iot/soccer_bot/build/soccer_navigation/prefix_override:/usr/lib/python3/dist-packages/colcon_core/task/python/colcon_distutils_commands:/home/sharmin/Desktop/iot/soccer_bot/install/soccer_navigation/lib/python3.12/site-packages:${PYTHONPATH} /usr/bin/python3 -W ignore:setup.py install is deprecated -W ignore:easy_install command is deprecated setup.py egg_info --egg-base ../../build/soccer_navigation build --build-base /home/sharmin/Desktop/iot/soccer_bot/build/soccer_navigation/build install --record /home/sharmin/Desktop/iot/soccer_bot/build/soccer_navigation/install.log --single-version-externally-managed install_data
[19.090s] Level 1:colcon.colcon_core.environment:checking '/home/sharmin/Desktop/iot/soccer_bot/install/soccer_navigation' for CMake config files
[19.102s] Level 1:colcon.colcon_core.environment:checking '/home/sharmin/Desktop/iot/soccer_bot/install/soccer_navigation/lib'
[19.102s] Level 1:colcon.colcon_core.environment:checking '/home/sharmin/Desktop/iot/soccer_bot/install/soccer_navigation/bin'
[19.103s] Level 1:colcon.colcon_core.shell:create_environment_hook('soccer_navigation', 'path')
[19.103s] INFO:colcon.colcon_core.shell:Creating environment hook '/home/sharmin/Desktop/iot/soccer_bot/install/soccer_navigation/share/soccer_navigation/hook/path.ps1'
[19.108s] INFO:colcon.colcon_core.shell:Creating environment descriptor '/home/sharmin/Desktop/iot/soccer_bot/install/soccer_navigation/share/soccer_navigation/hook/path.dsv'
[19.109s] INFO:colcon.colcon_core.shell:Creating environment hook '/home/sharmin/Desktop/iot/soccer_bot/install/soccer_navigation/share/soccer_navigation/hook/path.sh'
[19.112s] Level 1:colcon.colcon_core.environment:checking '/home/sharmin/Desktop/iot/soccer_bot/install/soccer_navigation/lib/pkgconfig/soccer_navigation.pc'
[19.113s] Level 1:colcon.colcon_core.environment:checking '/home/sharmin/Desktop/iot/soccer_bot/install/soccer_navigation/lib/python3.12/site-packages'
[19.113s] Level 1:colcon.colcon_core.shell:create_environment_hook('soccer_navigation', 'pythonpath')
[19.114s] INFO:colcon.colcon_core.shell:Creating environment hook '/home/sharmin/Desktop/iot/soccer_bot/install/soccer_navigation/share/soccer_navigation/hook/pythonpath.ps1'
[19.116s] INFO:colcon.colcon_core.shell:Creating environment descriptor '/home/sharmin/Desktop/iot/soccer_bot/install/soccer_navigation/share/soccer_navigation/hook/pythonpath.dsv'
[19.118s] INFO:colcon.colcon_core.shell:Creating environment hook '/home/sharmin/Desktop/iot/soccer_bot/install/soccer_navigation/share/soccer_navigation/hook/pythonpath.sh'
[19.121s] Level 1:colcon.colcon_core.environment:checking '/home/sharmin/Desktop/iot/soccer_bot/install/soccer_navigation/bin'
[19.122s] Level 1:colcon.colcon_core.shell:create_environment_hook('soccer_navigation', 'pythonscriptspath')
[19.122s] INFO:colcon.colcon_core.shell:Creating environment hook '/home/sharmin/Desktop/iot/soccer_bot/install/soccer_navigation/share/soccer_navigation/hook/pythonscriptspath.ps1'
[19.124s] INFO:colcon.colcon_core.shell:Creating environment descriptor '/home/sharmin/Desktop/iot/soccer_bot/install/soccer_navigation/share/soccer_navigation/hook/pythonscriptspath.dsv'
[19.430s] INFO:colcon.colcon_core.shell:Creating environment hook '/home/sharmin/Desktop/iot/soccer_bot/install/soccer_navigation/share/soccer_navigation/hook/pythonscriptspath.sh'
[19.433s] Level 1:colcon.colcon_core.environment:create_environment_scripts_only(soccer_navigation)
[19.434s] INFO:colcon.colcon_core.shell:Creating package script '/home/sharmin/Desktop/iot/soccer_bot/install/soccer_navigation/share/soccer_navigation/package.ps1'
[19.438s] INFO:colcon.colcon_core.shell:Creating package descriptor '/home/sharmin/Desktop/iot/soccer_bot/install/soccer_navigation/share/soccer_navigation/package.dsv'
[19.441s] INFO:colcon.colcon_core.shell:Creating package script '/home/sharmin/Desktop/iot/soccer_bot/install/soccer_navigation/share/soccer_navigation/package.sh'
[19.444s] INFO:colcon.colcon_core.shell:Creating package script '/home/sharmin/Desktop/iot/soccer_bot/install/soccer_navigation/share/soccer_navigation/package.bash'
[19.446s] INFO:colcon.colcon_core.shell:Creating package script '/home/sharmin/Desktop/iot/soccer_bot/install/soccer_navigation/share/soccer_navigation/package.zsh'
[19.447s] Level 1:colcon.colcon_core.environment:create_file_with_runtime_dependencies(/home/sharmin/Desktop/iot/soccer_bot/install/soccer_navigation/share/colcon-core/packages/soccer_navigation)
[19.449s] INFO:colcon.colcon_cmake.task.cmake.build:Building CMake package in '/home/sharmin/Desktop/iot/soccer_bot/src/YDLidar-SDK'
[19.449s] INFO:colcon.colcon_core.shell:Skip shell extension 'powershell' for command environment: Not usable outside of PowerShell
[19.450s] DEBUG:colcon.colcon_core.shell:Skip shell extension 'dsv' for command environment
[19.543s] DEBUG:colcon.colcon_core.event_handler.log_command:Invoking command in '/home/sharmin/Desktop/iot/soccer_bot/build/ydlidar_sdk': /usr/bin/cmake /home/sharmin/Desktop/iot/soccer_bot/src/YDLidar-SDK -DCMAKE_INSTALL_PREFIX=/home/sharmin/Desktop/iot/soccer_bot/install/ydlidar_sdk
[23.765s] DEBUG:colcon.colcon_core.event_handler.log_command:Invoked command in '/home/sharmin/Desktop/iot/soccer_bot/build/ydlidar_sdk' returned '0': /usr/bin/cmake /home/sharmin/Desktop/iot/soccer_bot/src/YDLidar-SDK -DCMAKE_INSTALL_PREFIX=/home/sharmin/Desktop/iot/soccer_bot/install/ydlidar_sdk
[23.772s] DEBUG:colcon.colcon_core.event_handler.log_command:Invoking command in '/home/sharmin/Desktop/iot/soccer_bot/build/ydlidar_sdk': /usr/bin/cmake --build /home/sharmin/Desktop/iot/soccer_bot/build/ydlidar_sdk -- -j2 -l2
[28.549s] DEBUG:colcon.colcon_core.event_handler.log_command:Invoked command in '/home/sharmin/Desktop/iot/soccer_bot/build/ydlidar_ros2_driver' returned '0': CMAKE_PREFIX_PATH=${CMAKE_PREFIX_PATH}:/opt/ros/jazzy /usr/bin/cmake /home/sharmin/Desktop/iot/soccer_bot/src/ydlidar_ros2_driver -DCMAKE_INSTALL_PREFIX=/home/sharmin/Desktop/iot/soccer_bot/install/ydlidar_ros2_driver
[28.551s] DEBUG:colcon.colcon_core.event_handler.log_command:Invoking command in '/home/sharmin/Desktop/iot/soccer_bot/build/ydlidar_ros2_driver': CMAKE_PREFIX_PATH=${CMAKE_PREFIX_PATH}:/opt/ros/jazzy /usr/bin/cmake --build /home/sharmin/Desktop/iot/soccer_bot/build/ydlidar_ros2_driver -- -j2 -l2
[55.345s] DEBUG:colcon.colcon_core.event_handler.log_command:Invoked command in '/home/sharmin/Desktop/iot/soccer_bot/build/ydlidar_ros2_driver' returned '2': CMAKE_PREFIX_PATH=${CMAKE_PREFIX_PATH}:/opt/ros/jazzy /usr/bin/cmake --build /home/sharmin/Desktop/iot/soccer_bot/build/ydlidar_ros2_driver -- -j2 -l2
[55.347s] Level 1:colcon.colcon_core.environment:create_environment_scripts_only(ydlidar_ros2_driver)
[55.348s] Level 1:colcon.colcon_core.environment:checking '/home/sharmin/Desktop/iot/soccer_bot/install/ydlidar_ros2_driver' for CMake module files
[55.350s] Level 1:colcon.colcon_core.environment:checking '/home/sharmin/Desktop/iot/soccer_bot/install/ydlidar_ros2_driver' for CMake config files
[55.351s] Level 1:colcon.colcon_core.environment:checking '/home/sharmin/Desktop/iot/soccer_bot/install/ydlidar_ros2_driver/bin'
[55.352s] Level 1:colcon.colcon_core.environment:checking '/home/sharmin/Desktop/iot/soccer_bot/install/ydlidar_ros2_driver/lib/pkgconfig/ydlidar_ros2_driver.pc'
[55.353s] Level 1:colcon.colcon_core.environment:checking '/home/sharmin/Desktop/iot/soccer_bot/install/ydlidar_ros2_driver/lib/python3.12/site-packages'
[55.355s] Level 1:colcon.colcon_core.environment:checking '/home/sharmin/Desktop/iot/soccer_bot/install/ydlidar_ros2_driver/bin'
[55.356s] INFO:colcon.colcon_core.shell:Creating package script '/home/sharmin/Desktop/iot/soccer_bot/install/ydlidar_ros2_driver/share/ydlidar_ros2_driver/package.ps1'
[55.359s] INFO:colcon.colcon_core.shell:Creating package descriptor '/home/sharmin/Desktop/iot/soccer_bot/install/ydlidar_ros2_driver/share/ydlidar_ros2_driver/package.dsv'
[55.362s] INFO:colcon.colcon_core.shell:Creating package script '/home/sharmin/Desktop/iot/soccer_bot/install/ydlidar_ros2_driver/share/ydlidar_ros2_driver/package.sh'
[55.364s] INFO:colcon.colcon_core.shell:Creating package script '/home/sharmin/Desktop/iot/soccer_bot/install/ydlidar_ros2_driver/share/ydlidar_ros2_driver/package.bash'
[55.367s] INFO:colcon.colcon_core.shell:Creating package script '/home/sharmin/Desktop/iot/soccer_bot/install/ydlidar_ros2_driver/share/ydlidar_ros2_driver/package.zsh'
[55.369s] Level 1:colcon.colcon_core.environment:create_file_with_runtime_dependencies(/home/sharmin/Desktop/iot/soccer_bot/install/ydlidar_ros2_driver/share/colcon-core/packages/ydlidar_ros2_driver)
[160.414s] DEBUG:colcon.colcon_parallel_executor.executor.parallel:closing loop
[160.414s] DEBUG:colcon.colcon_parallel_executor.executor.parallel:loop closed
[160.415s] DEBUG:colcon.colcon_parallel_executor.executor.parallel:run_until_complete finished with '2'
[160.415s] DEBUG:colcon.colcon_core.event_reactor:joining thread
[160.446s] INFO:colcon.colcon_core.plugin_system:Skipping extension 'colcon_notification.desktop_notification.terminal_notifier': Not used on non-Darwin systems
[160.446s] INFO:colcon.colcon_core.plugin_system:Skipping extension 'colcon_notification.desktop_notification.win32': Not used on non-Windows systems
[160.446s] INFO:colcon.colcon_notification.desktop_notification:Sending desktop notification using 'notify2'
[160.514s] DEBUG:colcon.colcon_core.event_reactor:joined thread
[160.514s] INFO:colcon.colcon_core.shell:Creating prefix script '/home/sharmin/Desktop/iot/soccer_bot/install/local_setup.ps1'
[160.519s] INFO:colcon.colcon_core.shell:Creating prefix util module '/home/sharmin/Desktop/iot/soccer_bot/install/_local_setup_util_ps1.py'
[160.525s] INFO:colcon.colcon_core.shell:Creating prefix chain script '/home/sharmin/Desktop/iot/soccer_bot/install/setup.ps1'
[160.530s] INFO:colcon.colcon_core.shell:Creating prefix script '/home/sharmin/Desktop/iot/soccer_bot/install/local_setup.sh'
[160.533s] INFO:colcon.colcon_core.shell:Creating prefix util module '/home/sharmin/Desktop/iot/soccer_bot/install/_local_setup_util_sh.py'
[160.536s] INFO:colcon.colcon_core.shell:Creating prefix chain script '/home/sharmin/Desktop/iot/soccer_bot/install/setup.sh'
[160.547s] INFO:colcon.colcon_core.shell:Creating prefix script '/home/sharmin/Desktop/iot/soccer_bot/install/local_setup.bash'
[160.550s] INFO:colcon.colcon_core.shell:Creating prefix chain script '/home/sharmin/Desktop/iot/soccer_bot/install/setup.bash'
[160.560s] INFO:colcon.colcon_core.shell:Creating prefix script '/home/sharmin/Desktop/iot/soccer_bot/install/local_setup.zsh'
[160.563s] INFO:colcon.colcon_core.shell:Creating prefix chain script '/home/sharmin/Desktop/iot/soccer_bot/install/setup.zsh'
