[1.874s] DEBUG:colcon:Command line arguments: ['/usr/bin/colcon', 'build']
[1.874s] DEBUG:colcon:Parsed command line arguments: Namespace(log_base=None, log_level=None, verb_name='build', build_base='build', install_base='install', merge_install=False, symlink_install=False, test_result_base=None, continue_on_error=False, executor='parallel', parallel_workers=2, event_handlers=None, ignore_user_meta=False, metas=['./colcon.meta'], base_paths=['.'], packages_ignore=None, packages_ignore_regex=None, paths=None, packages_up_to=None, packages_up_to_regex=None, packages_above=None, packages_above_and_dependencies=None, packages_above_depth=None, packages_select_by_dep=None, packages_skip_by_dep=None, packages_skip_up_to=None, packages_select_build_failed=False, packages_skip_build_finished=False, packages_select_test_failures=False, packages_skip_test_passed=False, packages_select=None, packages_skip=None, packages_select_regex=None, packages_skip_regex=None, packages_start=None, packages_end=None, allow_overriding=[], cmake_args=None, cmake_target=None, cmake_target_skip_unavailable=False, cmake_clean_cache=False, cmake_clean_first=False, cmake_force_configure=False, ament_cmake_args=None, catkin_cmake_args=None, catkin_skip_building_tests=False, verb_parser=<colcon_defaults.argument_parser.defaults.DefaultArgumentsDecorator object at 0x77ac2f3c5040>, verb_extension=<colcon_core.verb.build.BuildVerb object at 0x77ac2f3c4410>, main=<bound method BuildVerb.main of <colcon_core.verb.build.BuildVerb object at 0x77ac2f3c4410>>)
[2.433s] Level 1:colcon.colcon_core.package_discovery:discover_packages(colcon_meta) check parameters
[2.437s] Level 1:colcon.colcon_core.package_discovery:discover_packages(recursive) check parameters
[2.437s] Level 1:colcon.colcon_core.package_discovery:discover_packages(ignore) check parameters
[2.437s] Level 1:colcon.colcon_core.package_discovery:discover_packages(path) check parameters
[2.437s] Level 1:colcon.colcon_core.package_discovery:discover_packages(colcon_meta) discover
[2.441s] Level 1:colcon.colcon_core.package_discovery:discover_packages(recursive) discover
[2.441s] INFO:colcon.colcon_core.package_discovery:Crawling recursively for packages in '/home/sharmin/Desktop/iot/soccer_bot'
[2.441s] Level 1:colcon.colcon_core.package_identification:_identify(.) by extensions ['ignore', 'ignore_ament_install']
[2.446s] Level 1:colcon.colcon_core.package_identification:_identify(.) by extension 'ignore'
[2.446s] Level 1:colcon.colcon_core.package_identification:_identify(.) by extension 'ignore_ament_install'
[2.446s] Level 1:colcon.colcon_core.package_identification:_identify(.) by extensions ['colcon_pkg']
[2.447s] Level 1:colcon.colcon_core.package_identification:_identify(.) by extension 'colcon_pkg'
[2.447s] Level 1:colcon.colcon_core.package_identification:_identify(.) by extensions ['colcon_meta']
[2.447s] Level 1:colcon.colcon_core.package_identification:_identify(.) by extension 'colcon_meta'
[2.447s] Level 1:colcon.colcon_core.package_identification:_identify(.) by extensions ['ros']
[2.447s] Level 1:colcon.colcon_core.package_identification:_identify(.) by extension 'ros'
[2.630s] Level 1:colcon.colcon_core.package_identification:_identify(.) by extensions ['cmake', 'python']
[2.630s] Level 1:colcon.colcon_core.package_identification:_identify(.) by extension 'cmake'
[2.631s] Level 1:colcon.colcon_core.package_identification:_identify(.) by extension 'python'
[2.631s] Level 1:colcon.colcon_core.package_identification:_identify(.) by extensions ['python_setup_py']
[2.631s] Level 1:colcon.colcon_core.package_identification:_identify(.) by extension 'python_setup_py'
[2.631s] Level 1:colcon.colcon_core.package_identification:_identify(build) by extensions ['ignore', 'ignore_ament_install']
[2.632s] Level 1:colcon.colcon_core.package_identification:_identify(build) by extension 'ignore'
[2.632s] Level 1:colcon.colcon_core.package_identification:_identify(build) ignored
[2.633s] Level 1:colcon.colcon_core.package_identification:_identify(docs) by extensions ['ignore', 'ignore_ament_install']
[2.633s] Level 1:colcon.colcon_core.package_identification:_identify(docs) by extension 'ignore'
[2.633s] Level 1:colcon.colcon_core.package_identification:_identify(docs) by extension 'ignore_ament_install'
[2.634s] Level 1:colcon.colcon_core.package_identification:_identify(docs) by extensions ['colcon_pkg']
[2.634s] Level 1:colcon.colcon_core.package_identification:_identify(docs) by extension 'colcon_pkg'
[2.634s] Level 1:colcon.colcon_core.package_identification:_identify(docs) by extensions ['colcon_meta']
[2.634s] Level 1:colcon.colcon_core.package_identification:_identify(docs) by extension 'colcon_meta'
[2.634s] Level 1:colcon.colcon_core.package_identification:_identify(docs) by extensions ['ros']
[2.634s] Level 1:colcon.colcon_core.package_identification:_identify(docs) by extension 'ros'
[2.635s] Level 1:colcon.colcon_core.package_identification:_identify(docs) by extensions ['cmake', 'python']
[2.635s] Level 1:colcon.colcon_core.package_identification:_identify(docs) by extension 'cmake'
[2.635s] Level 1:colcon.colcon_core.package_identification:_identify(docs) by extension 'python'
[2.635s] Level 1:colcon.colcon_core.package_identification:_identify(docs) by extensions ['python_setup_py']
[2.636s] Level 1:colcon.colcon_core.package_identification:_identify(docs) by extension 'python_setup_py'
[2.636s] Level 1:colcon.colcon_core.package_identification:_identify(install) by extensions ['ignore', 'ignore_ament_install']
[2.636s] Level 1:colcon.colcon_core.package_identification:_identify(install) by extension 'ignore'
[2.637s] Level 1:colcon.colcon_core.package_identification:_identify(install) ignored
[2.637s] Level 1:colcon.colcon_core.package_identification:_identify(log) by extensions ['ignore', 'ignore_ament_install']
[2.637s] Level 1:colcon.colcon_core.package_identification:_identify(log) by extension 'ignore'
[2.638s] Level 1:colcon.colcon_core.package_identification:_identify(log) ignored
[2.638s] Level 1:colcon.colcon_core.package_identification:_identify(scripts) by extensions ['ignore', 'ignore_ament_install']
[2.638s] Level 1:colcon.colcon_core.package_identification:_identify(scripts) by extension 'ignore'
[2.639s] Level 1:colcon.colcon_core.package_identification:_identify(scripts) by extension 'ignore_ament_install'
[2.639s] Level 1:colcon.colcon_core.package_identification:_identify(scripts) by extensions ['colcon_pkg']
[2.639s] Level 1:colcon.colcon_core.package_identification:_identify(scripts) by extension 'colcon_pkg'
[2.639s] Level 1:colcon.colcon_core.package_identification:_identify(scripts) by extensions ['colcon_meta']
[2.639s] Level 1:colcon.colcon_core.package_identification:_identify(scripts) by extension 'colcon_meta'
[2.640s] Level 1:colcon.colcon_core.package_identification:_identify(scripts) by extensions ['ros']
[2.640s] Level 1:colcon.colcon_core.package_identification:_identify(scripts) by extension 'ros'
[2.640s] Level 1:colcon.colcon_core.package_identification:_identify(scripts) by extensions ['cmake', 'python']
[2.640s] Level 1:colcon.colcon_core.package_identification:_identify(scripts) by extension 'cmake'
[2.641s] Level 1:colcon.colcon_core.package_identification:_identify(scripts) by extension 'python'
[2.641s] Level 1:colcon.colcon_core.package_identification:_identify(scripts) by extensions ['python_setup_py']
[2.641s] Level 1:colcon.colcon_core.package_identification:_identify(scripts) by extension 'python_setup_py'
[2.642s] Level 1:colcon.colcon_core.package_identification:_identify(src) by extensions ['ignore', 'ignore_ament_install']
[2.642s] Level 1:colcon.colcon_core.package_identification:_identify(src) by extension 'ignore'
[2.642s] Level 1:colcon.colcon_core.package_identification:_identify(src) by extension 'ignore_ament_install'
[2.643s] Level 1:colcon.colcon_core.package_identification:_identify(src) by extensions ['colcon_pkg']
[2.643s] Level 1:colcon.colcon_core.package_identification:_identify(src) by extension 'colcon_pkg'
[2.643s] Level 1:colcon.colcon_core.package_identification:_identify(src) by extensions ['colcon_meta']
[2.643s] Level 1:colcon.colcon_core.package_identification:_identify(src) by extension 'colcon_meta'
[2.643s] Level 1:colcon.colcon_core.package_identification:_identify(src) by extensions ['ros']
[2.643s] Level 1:colcon.colcon_core.package_identification:_identify(src) by extension 'ros'
[2.644s] Level 1:colcon.colcon_core.package_identification:_identify(src) by extensions ['cmake', 'python']
[2.644s] Level 1:colcon.colcon_core.package_identification:_identify(src) by extension 'cmake'
[2.644s] Level 1:colcon.colcon_core.package_identification:_identify(src) by extension 'python'
[2.644s] Level 1:colcon.colcon_core.package_identification:_identify(src) by extensions ['python_setup_py']
[2.645s] Level 1:colcon.colcon_core.package_identification:_identify(src) by extension 'python_setup_py'
[2.645s] Level 1:colcon.colcon_core.package_identification:_identify(src/camera_vision) by extensions ['ignore', 'ignore_ament_install']
[2.646s] Level 1:colcon.colcon_core.package_identification:_identify(src/camera_vision) by extension 'ignore'
[2.646s] Level 1:colcon.colcon_core.package_identification:_identify(src/camera_vision) by extension 'ignore_ament_install'
[2.647s] Level 1:colcon.colcon_core.package_identification:_identify(src/camera_vision) by extensions ['colcon_pkg']
[2.647s] Level 1:colcon.colcon_core.package_identification:_identify(src/camera_vision) by extension 'colcon_pkg'
[2.648s] Level 1:colcon.colcon_core.package_identification:_identify(src/camera_vision) by extensions ['colcon_meta']
[2.648s] Level 1:colcon.colcon_core.package_identification:_identify(src/camera_vision) by extension 'colcon_meta'
[2.648s] Level 1:colcon.colcon_core.package_identification:_identify(src/camera_vision) by extensions ['ros']
[2.648s] Level 1:colcon.colcon_core.package_identification:_identify(src/camera_vision) by extension 'ros'
[2.649s] Level 1:colcon.colcon_core.package_identification:_identify(src/camera_vision) by extensions ['cmake', 'python']
[2.649s] Level 1:colcon.colcon_core.package_identification:_identify(src/camera_vision) by extension 'cmake'
[2.649s] Level 1:colcon.colcon_core.package_identification:_identify(src/camera_vision) by extension 'python'
[2.649s] Level 1:colcon.colcon_core.package_identification:_identify(src/camera_vision) by extensions ['python_setup_py']
[2.649s] Level 1:colcon.colcon_core.package_identification:_identify(src/camera_vision) by extension 'python_setup_py'
[2.650s] Level 1:colcon.colcon_core.package_identification:_identify(src/core_brain) by extensions ['ignore', 'ignore_ament_install']
[2.650s] Level 1:colcon.colcon_core.package_identification:_identify(src/core_brain) by extension 'ignore'
[2.650s] Level 1:colcon.colcon_core.package_identification:_identify(src/core_brain) by extension 'ignore_ament_install'
[2.651s] Level 1:colcon.colcon_core.package_identification:_identify(src/core_brain) by extensions ['colcon_pkg']
[2.651s] Level 1:colcon.colcon_core.package_identification:_identify(src/core_brain) by extension 'colcon_pkg'
[2.651s] Level 1:colcon.colcon_core.package_identification:_identify(src/core_brain) by extensions ['colcon_meta']
[2.651s] Level 1:colcon.colcon_core.package_identification:_identify(src/core_brain) by extension 'colcon_meta'
[2.652s] Level 1:colcon.colcon_core.package_identification:_identify(src/core_brain) by extensions ['ros']
[2.652s] Level 1:colcon.colcon_core.package_identification:_identify(src/core_brain) by extension 'ros'
[2.653s] Level 1:colcon.colcon_core.package_identification:_identify(src/core_brain) by extensions ['cmake', 'python']
[2.653s] Level 1:colcon.colcon_core.package_identification:_identify(src/core_brain) by extension 'cmake'
[2.653s] Level 1:colcon.colcon_core.package_identification:_identify(src/core_brain) by extension 'python'
[2.653s] Level 1:colcon.colcon_core.package_identification:_identify(src/core_brain) by extensions ['python_setup_py']
[2.654s] Level 1:colcon.colcon_core.package_identification:_identify(src/core_brain) by extension 'python_setup_py'
[2.654s] Level 1:colcon.colcon_core.package_identification:_identify(src/lidar_navigation) by extensions ['ignore', 'ignore_ament_install']
[2.654s] Level 1:colcon.colcon_core.package_identification:_identify(src/lidar_navigation) by extension 'ignore'
[2.655s] Level 1:colcon.colcon_core.package_identification:_identify(src/lidar_navigation) by extension 'ignore_ament_install'
[2.656s] Level 1:colcon.colcon_core.package_identification:_identify(src/lidar_navigation) by extensions ['colcon_pkg']
[2.656s] Level 1:colcon.colcon_core.package_identification:_identify(src/lidar_navigation) by extension 'colcon_pkg'
[2.656s] Level 1:colcon.colcon_core.package_identification:_identify(src/lidar_navigation) by extensions ['colcon_meta']
[2.656s] Level 1:colcon.colcon_core.package_identification:_identify(src/lidar_navigation) by extension 'colcon_meta'
[2.657s] Level 1:colcon.colcon_core.package_identification:_identify(src/lidar_navigation) by extensions ['ros']
[2.657s] Level 1:colcon.colcon_core.package_identification:_identify(src/lidar_navigation) by extension 'ros'
[2.657s] Level 1:colcon.colcon_core.package_identification:_identify(src/lidar_navigation) by extensions ['cmake', 'python']
[2.657s] Level 1:colcon.colcon_core.package_identification:_identify(src/lidar_navigation) by extension 'cmake'
[2.658s] Level 1:colcon.colcon_core.package_identification:_identify(src/lidar_navigation) by extension 'python'
[2.658s] Level 1:colcon.colcon_core.package_identification:_identify(src/lidar_navigation) by extensions ['python_setup_py']
[2.658s] Level 1:colcon.colcon_core.package_identification:_identify(src/lidar_navigation) by extension 'python_setup_py'
[2.661s] Level 1:colcon.colcon_core.package_identification:_identify(src/motor_control) by extensions ['ignore', 'ignore_ament_install']
[2.661s] Level 1:colcon.colcon_core.package_identification:_identify(src/motor_control) by extension 'ignore'
[2.662s] Level 1:colcon.colcon_core.package_identification:_identify(src/motor_control) by extension 'ignore_ament_install'
[2.665s] Level 1:colcon.colcon_core.package_identification:_identify(src/motor_control) by extensions ['colcon_pkg']
[2.665s] Level 1:colcon.colcon_core.package_identification:_identify(src/motor_control) by extension 'colcon_pkg'
[2.665s] Level 1:colcon.colcon_core.package_identification:_identify(src/motor_control) by extensions ['colcon_meta']
[2.665s] Level 1:colcon.colcon_core.package_identification:_identify(src/motor_control) by extension 'colcon_meta'
[2.665s] Level 1:colcon.colcon_core.package_identification:_identify(src/motor_control) by extensions ['ros']
[2.666s] Level 1:colcon.colcon_core.package_identification:_identify(src/motor_control) by extension 'ros'
[2.669s] Level 1:colcon.colcon_core.package_identification:_identify(src/motor_control) by extensions ['cmake', 'python']
[2.669s] Level 1:colcon.colcon_core.package_identification:_identify(src/motor_control) by extension 'cmake'
[2.669s] Level 1:colcon.colcon_core.package_identification:_identify(src/motor_control) by extension 'python'
[2.669s] Level 1:colcon.colcon_core.package_identification:_identify(src/motor_control) by extensions ['python_setup_py']
[2.670s] Level 1:colcon.colcon_core.package_identification:_identify(src/motor_control) by extension 'python_setup_py'
[2.673s] Level 1:colcon.colcon_core.package_identification:_identify(src/soccer_vision) by extensions ['ignore', 'ignore_ament_install']
[2.673s] Level 1:colcon.colcon_core.package_identification:_identify(src/soccer_vision) by extension 'ignore'
[2.674s] Level 1:colcon.colcon_core.package_identification:_identify(src/soccer_vision) by extension 'ignore_ament_install'
[2.674s] Level 1:colcon.colcon_core.package_identification:_identify(src/soccer_vision) by extensions ['colcon_pkg']
[2.676s] Level 1:colcon.colcon_core.package_identification:_identify(src/soccer_vision) by extension 'colcon_pkg'
[2.677s] Level 1:colcon.colcon_core.package_identification:_identify(src/soccer_vision) by extensions ['colcon_meta']
[2.677s] Level 1:colcon.colcon_core.package_identification:_identify(src/soccer_vision) by extension 'colcon_meta'
[2.678s] Level 1:colcon.colcon_core.package_identification:_identify(src/soccer_vision) by extensions ['ros']
[2.678s] Level 1:colcon.colcon_core.package_identification:_identify(src/soccer_vision) by extension 'ros'
[2.704s] DEBUG:colcon.colcon_core.package_identification:Package 'src/soccer_vision' with type 'ros.ament_python' and name 'soccer_vision'
[2.705s] Level 1:colcon.colcon_core.package_discovery:discover_packages(recursive) using defaults
[2.706s] Level 1:colcon.colcon_core.package_discovery:discover_packages(ignore) discover
[2.706s] Level 1:colcon.colcon_core.package_discovery:discover_packages(ignore) using defaults
[2.706s] Level 1:colcon.colcon_core.package_discovery:discover_packages(path) discover
[2.706s] Level 1:colcon.colcon_core.package_discovery:discover_packages(path) using defaults
[2.891s] Level 1:colcon.colcon_core.package_discovery:discover_packages(prefix_path) check parameters
[2.891s] Level 1:colcon.colcon_core.package_discovery:discover_packages(prefix_path) discover
[2.927s] DEBUG:colcon.colcon_installed_package_information.package_discovery:Found 287 installed packages in /opt/ros/jazzy
[2.947s] Level 1:colcon.colcon_core.package_discovery:discover_packages(prefix_path) using defaults
[3.600s] Level 5:colcon.colcon_core.verb:set package 'soccer_vision' build argument 'cmake_args' from command line to 'None'
[3.600s] Level 5:colcon.colcon_core.verb:set package 'soccer_vision' build argument 'cmake_target' from command line to 'None'
[3.600s] Level 5:colcon.colcon_core.verb:set package 'soccer_vision' build argument 'cmake_target_skip_unavailable' from command line to 'False'
[3.600s] Level 5:colcon.colcon_core.verb:set package 'soccer_vision' build argument 'cmake_clean_cache' from command line to 'False'
[3.600s] Level 5:colcon.colcon_core.verb:set package 'soccer_vision' build argument 'cmake_clean_first' from command line to 'False'
[3.600s] Level 5:colcon.colcon_core.verb:set package 'soccer_vision' build argument 'cmake_force_configure' from command line to 'False'
[3.601s] Level 5:colcon.colcon_core.verb:set package 'soccer_vision' build argument 'ament_cmake_args' from command line to 'None'
[3.601s] Level 5:colcon.colcon_core.verb:set package 'soccer_vision' build argument 'catkin_cmake_args' from command line to 'None'
[3.601s] Level 5:colcon.colcon_core.verb:set package 'soccer_vision' build argument 'catkin_skip_building_tests' from command line to 'False'
[3.601s] DEBUG:colcon.colcon_core.verb:Building package 'soccer_vision' with the following arguments: {'ament_cmake_args': None, 'build_base': '/home/sharmin/Desktop/iot/soccer_bot/build/soccer_vision', 'catkin_cmake_args': None, 'catkin_skip_building_tests': False, 'cmake_args': None, 'cmake_clean_cache': False, 'cmake_clean_first': False, 'cmake_force_configure': False, 'cmake_target': None, 'cmake_target_skip_unavailable': False, 'install_base': '/home/sharmin/Desktop/iot/soccer_bot/install/soccer_vision', 'merge_install': False, 'path': '/home/sharmin/Desktop/iot/soccer_bot/src/soccer_vision', 'symlink_install': False, 'test_result_base': None}
[3.602s] INFO:colcon.colcon_core.executor:Executing jobs using 'parallel' executor
[3.604s] DEBUG:colcon.colcon_parallel_executor.executor.parallel:run_until_complete
[3.605s] INFO:colcon.colcon_ros.task.ament_python.build:Building ROS package in '/home/sharmin/Desktop/iot/soccer_bot/src/soccer_vision' with build type 'ament_python'
[3.609s] Level 1:colcon.colcon_core.shell:create_environment_hook('soccer_vision', 'ament_prefix_path')
[3.639s] INFO:colcon.colcon_core.plugin_system:Skipping extension 'colcon_core.shell.bat': Not used on non-Windows systems
[3.642s] INFO:colcon.colcon_core.shell:Creating environment hook '/home/sharmin/Desktop/iot/soccer_bot/install/soccer_vision/share/soccer_vision/hook/ament_prefix_path.ps1'
[3.649s] INFO:colcon.colcon_core.shell:Creating environment descriptor '/home/sharmin/Desktop/iot/soccer_bot/install/soccer_vision/share/soccer_vision/hook/ament_prefix_path.dsv'
[3.653s] INFO:colcon.colcon_core.shell:Creating environment hook '/home/sharmin/Desktop/iot/soccer_bot/install/soccer_vision/share/soccer_vision/hook/ament_prefix_path.sh'
[3.662s] INFO:colcon.colcon_core.shell:Skip shell extension 'powershell' for command environment: Not usable outside of PowerShell
[3.662s] DEBUG:colcon.colcon_core.shell:Skip shell extension 'dsv' for command environment
[8.746s] INFO:colcon.colcon_core.task.python.build:Building Python package in '/home/sharmin/Desktop/iot/soccer_bot/src/soccer_vision'
[8.752s] INFO:colcon.colcon_core.shell:Skip shell extension 'powershell' for command environment: Not usable outside of PowerShell
[8.752s] DEBUG:colcon.colcon_core.shell:Skip shell extension 'dsv' for command environment
[22.262s] DEBUG:colcon.colcon_core.task.python.build:Available setuptools commands: build_clib, sdist, symlink_data, upload, init_catalog, clean, bdist, upload_docs, bdist_wheel, bdist_dumb, extract_messages, install_lib, install_egg_info, install_scripts, editable_wheel, build_py, compile_catalog, dist_info, install_headers, test, install, egg_info, build_ext, check, install_data, bdist_rpm, update_catalog, alias, register, build_scripts, build, develop, easy_install, bdist_egg, saveopts, setopt, rotate
[22.276s] DEBUG:colcon.colcon_core.event_handler.log_command:Invoking command in '/home/sharmin/Desktop/iot/soccer_bot/src/soccer_vision': PYTHONPATH=/home/sharmin/Desktop/iot/soccer_bot/build/soccer_vision/prefix_override:/usr/lib/python3/dist-packages/colcon_core/task/python/colcon_distutils_commands:/home/sharmin/Desktop/iot/soccer_bot/install/soccer_vision/lib/python3.12/site-packages:${PYTHONPATH} /usr/bin/python3 -W ignore:setup.py install is deprecated -W ignore:easy_install command is deprecated setup.py egg_info --egg-base ../../build/soccer_vision build --build-base /home/sharmin/Desktop/iot/soccer_bot/build/soccer_vision/build install --record /home/sharmin/Desktop/iot/soccer_bot/build/soccer_vision/install.log --single-version-externally-managed install_data
[32.351s] DEBUG:colcon.colcon_core.event_handler.log_command:Invoked command in '/home/sharmin/Desktop/iot/soccer_bot/src/soccer_vision' returned '0': PYTHONPATH=/home/sharmin/Desktop/iot/soccer_bot/build/soccer_vision/prefix_override:/usr/lib/python3/dist-packages/colcon_core/task/python/colcon_distutils_commands:/home/sharmin/Desktop/iot/soccer_bot/install/soccer_vision/lib/python3.12/site-packages:${PYTHONPATH} /usr/bin/python3 -W ignore:setup.py install is deprecated -W ignore:easy_install command is deprecated setup.py egg_info --egg-base ../../build/soccer_vision build --build-base /home/sharmin/Desktop/iot/soccer_bot/build/soccer_vision/build install --record /home/sharmin/Desktop/iot/soccer_bot/build/soccer_vision/install.log --single-version-externally-managed install_data
[32.377s] Level 1:colcon.colcon_core.environment:checking '/home/sharmin/Desktop/iot/soccer_bot/install/soccer_vision' for CMake module files
[32.384s] Level 1:colcon.colcon_core.environment:checking '/home/sharmin/Desktop/iot/soccer_bot/install/soccer_vision' for CMake config files
[32.389s] Level 1:colcon.colcon_core.environment:checking '/home/sharmin/Desktop/iot/soccer_bot/install/soccer_vision/lib'
[32.394s] Level 1:colcon.colcon_core.environment:checking '/home/sharmin/Desktop/iot/soccer_bot/install/soccer_vision/bin'
[32.394s] Level 1:colcon.colcon_core.shell:create_environment_hook('soccer_vision', 'path')
[32.395s] INFO:colcon.colcon_core.shell:Creating environment hook '/home/sharmin/Desktop/iot/soccer_bot/install/soccer_vision/share/soccer_vision/hook/path.ps1'
[32.400s] INFO:colcon.colcon_core.shell:Creating environment descriptor '/home/sharmin/Desktop/iot/soccer_bot/install/soccer_vision/share/soccer_vision/hook/path.dsv'
[32.408s] INFO:colcon.colcon_core.shell:Creating environment hook '/home/sharmin/Desktop/iot/soccer_bot/install/soccer_vision/share/soccer_vision/hook/path.sh'
[32.419s] Level 1:colcon.colcon_core.environment:checking '/home/sharmin/Desktop/iot/soccer_bot/install/soccer_vision/lib/pkgconfig/soccer_vision.pc'
[32.420s] Level 1:colcon.colcon_core.environment:checking '/home/sharmin/Desktop/iot/soccer_bot/install/soccer_vision/lib/python3.12/site-packages'
[32.423s] Level 1:colcon.colcon_core.shell:create_environment_hook('soccer_vision', 'pythonpath')
[32.424s] INFO:colcon.colcon_core.shell:Creating environment hook '/home/sharmin/Desktop/iot/soccer_bot/install/soccer_vision/share/soccer_vision/hook/pythonpath.ps1'
[32.430s] INFO:colcon.colcon_core.shell:Creating environment descriptor '/home/sharmin/Desktop/iot/soccer_bot/install/soccer_vision/share/soccer_vision/hook/pythonpath.dsv'
[32.434s] INFO:colcon.colcon_core.shell:Creating environment hook '/home/sharmin/Desktop/iot/soccer_bot/install/soccer_vision/share/soccer_vision/hook/pythonpath.sh'
[32.441s] Level 1:colcon.colcon_core.environment:checking '/home/sharmin/Desktop/iot/soccer_bot/install/soccer_vision/bin'
[32.442s] Level 1:colcon.colcon_core.shell:create_environment_hook('soccer_vision', 'pythonscriptspath')
[32.445s] INFO:colcon.colcon_core.shell:Creating environment hook '/home/sharmin/Desktop/iot/soccer_bot/install/soccer_vision/share/soccer_vision/hook/pythonscriptspath.ps1'
[32.449s] INFO:colcon.colcon_core.shell:Creating environment descriptor '/home/sharmin/Desktop/iot/soccer_bot/install/soccer_vision/share/soccer_vision/hook/pythonscriptspath.dsv'
[32.454s] INFO:colcon.colcon_core.shell:Creating environment hook '/home/sharmin/Desktop/iot/soccer_bot/install/soccer_vision/share/soccer_vision/hook/pythonscriptspath.sh'
[32.461s] Level 1:colcon.colcon_core.environment:create_environment_scripts_only(soccer_vision)
[32.462s] INFO:colcon.colcon_core.shell:Creating package script '/home/sharmin/Desktop/iot/soccer_bot/install/soccer_vision/share/soccer_vision/package.ps1'
[32.481s] INFO:colcon.colcon_core.shell:Creating package descriptor '/home/sharmin/Desktop/iot/soccer_bot/install/soccer_vision/share/soccer_vision/package.dsv'
[32.489s] INFO:colcon.colcon_core.shell:Creating package script '/home/sharmin/Desktop/iot/soccer_bot/install/soccer_vision/share/soccer_vision/package.sh'
[32.498s] INFO:colcon.colcon_core.shell:Creating package script '/home/sharmin/Desktop/iot/soccer_bot/install/soccer_vision/share/soccer_vision/package.bash'
[32.507s] INFO:colcon.colcon_core.shell:Creating package script '/home/sharmin/Desktop/iot/soccer_bot/install/soccer_vision/share/soccer_vision/package.zsh'
[32.515s] Level 1:colcon.colcon_core.environment:create_file_with_runtime_dependencies(/home/sharmin/Desktop/iot/soccer_bot/install/soccer_vision/share/colcon-core/packages/soccer_vision)
[32.519s] DEBUG:colcon.colcon_parallel_executor.executor.parallel:closing loop
[32.522s] DEBUG:colcon.colcon_parallel_executor.executor.parallel:loop closed
[32.524s] DEBUG:colcon.colcon_parallel_executor.executor.parallel:run_until_complete finished with '0'
[32.524s] DEBUG:colcon.colcon_core.event_reactor:joining thread
[32.585s] INFO:colcon.colcon_core.plugin_system:Skipping extension 'colcon_notification.desktop_notification.terminal_notifier': Not used on non-Darwin systems
[32.588s] INFO:colcon.colcon_core.plugin_system:Skipping extension 'colcon_notification.desktop_notification.win32': Not used on non-Windows systems
[32.588s] INFO:colcon.colcon_notification.desktop_notification:Sending desktop notification using 'notify2'
[32.762s] DEBUG:colcon.colcon_core.event_reactor:joined thread
[32.763s] INFO:colcon.colcon_core.shell:Creating prefix script '/home/sharmin/Desktop/iot/soccer_bot/install/local_setup.ps1'
[32.771s] INFO:colcon.colcon_core.shell:Creating prefix util module '/home/sharmin/Desktop/iot/soccer_bot/install/_local_setup_util_ps1.py'
[32.797s] INFO:colcon.colcon_core.shell:Creating prefix chain script '/home/sharmin/Desktop/iot/soccer_bot/install/setup.ps1'
[32.809s] INFO:colcon.colcon_core.shell:Creating prefix script '/home/sharmin/Desktop/iot/soccer_bot/install/local_setup.sh'
[32.813s] INFO:colcon.colcon_core.shell:Creating prefix util module '/home/sharmin/Desktop/iot/soccer_bot/install/_local_setup_util_sh.py'
[32.822s] INFO:colcon.colcon_core.shell:Creating prefix chain script '/home/sharmin/Desktop/iot/soccer_bot/install/setup.sh'
[32.833s] INFO:colcon.colcon_core.shell:Creating prefix script '/home/sharmin/Desktop/iot/soccer_bot/install/local_setup.bash'
[32.853s] INFO:colcon.colcon_core.shell:Creating prefix chain script '/home/sharmin/Desktop/iot/soccer_bot/install/setup.bash'
[32.858s] INFO:colcon.colcon_core.shell:Creating prefix script '/home/sharmin/Desktop/iot/soccer_bot/install/local_setup.zsh'
[32.861s] INFO:colcon.colcon_core.shell:Creating prefix chain script '/home/sharmin/Desktop/iot/soccer_bot/install/setup.zsh'
