running egg_info
writing ../../build/soccer_vision/soccer_vision.egg-info/PKG-INFO
writing dependency_links to ../../build/soccer_vision/soccer_vision.egg-info/dependency_links.txt
writing entry points to ../../build/soccer_vision/soccer_vision.egg-info/entry_points.txt
writing requirements to ../../build/soccer_vision/soccer_vision.egg-info/requires.txt
writing top-level names to ../../build/soccer_vision/soccer_vision.egg-info/top_level.txt
reading manifest file '../../build/soccer_vision/soccer_vision.egg-info/SOURCES.txt'
writing manifest file '../../build/soccer_vision/soccer_vision.egg-info/SOURCES.txt'
running build
running build_py
running install
running install_lib
running install_data
running install_egg_info
removing '/home/sharmin/Desktop/iot/soccer_bot/install/soccer_vision/lib/python3.12/site-packages/soccer_vision-0.0.0-py3.12.egg-info' (and everything under it)
Copying ../../build/soccer_vision/soccer_vision.egg-info to /home/sharmin/Desktop/iot/soccer_bot/install/soccer_vision/lib/python3.12/site-packages/soccer_vision-0.0.0-py3.12.egg-info
running install_scripts
Installing ball_tracker script to /home/sharmin/Desktop/iot/soccer_bot/install/soccer_vision/bin
Installing camera_hub script to /home/sharmin/Desktop/iot/soccer_bot/install/soccer_vision/bin
writing list of installed files to '/home/sharmin/Desktop/iot/soccer_bot/build/soccer_vision/install.log'
