[12.655s] Invoking command in '/home/sharmin/Desktop/iot/soccer_bot/src/soccer_vision': PYTHONPATH=/home/sharmin/Desktop/iot/soccer_bot/build/soccer_vision/prefix_override:/usr/lib/python3/dist-packages/colcon_core/task/python/colcon_distutils_commands:/home/sharmin/Desktop/iot/soccer_bot/install/soccer_vision/lib/python3.12/site-packages:${PYTHONPATH} /usr/bin/python3 -W ignore:setup.py install is deprecated -W ignore:easy_install command is deprecated setup.py egg_info --egg-base ../../build/soccer_vision build --build-base /home/sharmin/Desktop/iot/soccer_bot/build/soccer_vision/build install --record /home/sharmin/Desktop/iot/soccer_bot/build/soccer_vision/install.log --single-version-externally-managed install_data
[18.562s] running egg_info
[19.015s] writing ../../build/soccer_vision/soccer_vision.egg-info/PKG-INFO
[19.016s] writing dependency_links to ../../build/soccer_vision/soccer_vision.egg-info/dependency_links.txt
[19.023s] writing entry points to ../../build/soccer_vision/soccer_vision.egg-info/entry_points.txt
[19.026s] writing requirements to ../../build/soccer_vision/soccer_vision.egg-info/requires.txt
[19.029s] writing top-level names to ../../build/soccer_vision/soccer_vision.egg-info/top_level.txt
[20.246s] reading manifest file '../../build/soccer_vision/soccer_vision.egg-info/SOURCES.txt'
[20.247s] writing manifest file '../../build/soccer_vision/soccer_vision.egg-info/SOURCES.txt'
[20.247s] running build
[20.248s] running build_py
[20.257s] running install
[20.336s] running install_lib
[20.846s] running install_data
[20.847s] running install_egg_info
[21.369s] removing '/home/sharmin/Desktop/iot/soccer_bot/install/soccer_vision/lib/python3.12/site-packages/soccer_vision-0.0.0-py3.12.egg-info' (and everything under it)
[21.373s] Copying ../../build/soccer_vision/soccer_vision.egg-info to /home/sharmin/Desktop/iot/soccer_bot/install/soccer_vision/lib/python3.12/site-packages/soccer_vision-0.0.0-py3.12.egg-info
[21.386s] running install_scripts
[24.364s] Installing ball_tracker script to /home/sharmin/Desktop/iot/soccer_bot/install/soccer_vision/bin
[24.367s] Installing camera_hub script to /home/sharmin/Desktop/iot/soccer_bot/install/soccer_vision/bin
[24.367s] writing list of installed files to '/home/sharmin/Desktop/iot/soccer_bot/build/soccer_vision/install.log'
[24.755s] Invoked command in '/home/sharmin/Desktop/iot/soccer_bot/src/soccer_vision' returned '0': PYTHONPATH=/home/sharmin/Desktop/iot/soccer_bot/build/soccer_vision/prefix_override:/usr/lib/python3/dist-packages/colcon_core/task/python/colcon_distutils_commands:/home/sharmin/Desktop/iot/soccer_bot/install/soccer_vision/lib/python3.12/site-packages:${PYTHONPATH} /usr/bin/python3 -W ignore:setup.py install is deprecated -W ignore:easy_install command is deprecated setup.py egg_info --egg-base ../../build/soccer_vision build --build-base /home/sharmin/Desktop/iot/soccer_bot/build/soccer_vision/build install --record /home/sharmin/Desktop/iot/soccer_bot/build/soccer_vision/install.log --single-version-externally-managed install_data
