/home/sharmin/Desktop/iot/soccer_bot/install/soccer_vision/lib/python3.12/site-packages/soccer_vision/ball_tracker_node.py
/home/sharmin/Desktop/iot/soccer_bot/install/soccer_vision/lib/python3.12/site-packages/soccer_vision/lidar_hub_node.py
/home/sharmin/Desktop/iot/soccer_bot/install/soccer_vision/lib/python3.12/site-packages/soccer_vision/__init__.py
/home/sharmin/Desktop/iot/soccer_bot/install/soccer_vision/lib/python3.12/site-packages/soccer_vision/camera_hub_node.py
/home/sharmin/Desktop/iot/soccer_bot/install/soccer_vision/lib/python3.12/site-packages/soccer_vision/__pycache__/ball_tracker_node.cpython-312.pyc
/home/sharmin/Desktop/iot/soccer_bot/install/soccer_vision/lib/python3.12/site-packages/soccer_vision/__pycache__/lidar_hub_node.cpython-312.pyc
/home/sharmin/Desktop/iot/soccer_bot/install/soccer_vision/lib/python3.12/site-packages/soccer_vision/__pycache__/__init__.cpython-312.pyc
/home/sharmin/Desktop/iot/soccer_bot/install/soccer_vision/lib/python3.12/site-packages/soccer_vision/__pycache__/camera_hub_node.cpython-312.pyc
/home/sharmin/Desktop/iot/soccer_bot/install/soccer_vision/share/ament_index/resource_index/packages/soccer_vision
/home/sharmin/Desktop/iot/soccer_bot/install/soccer_vision/share/soccer_vision/package.xml
/home/sharmin/Desktop/iot/soccer_bot/install/soccer_vision/lib/python3.12/site-packages/soccer_vision-0.0.0-py3.12.egg-info/entry_points.txt
/home/sharmin/Desktop/iot/soccer_bot/install/soccer_vision/lib/python3.12/site-packages/soccer_vision-0.0.0-py3.12.egg-info/zip-safe
/home/sharmin/Desktop/iot/soccer_bot/install/soccer_vision/lib/python3.12/site-packages/soccer_vision-0.0.0-py3.12.egg-info/dependency_links.txt
/home/sharmin/Desktop/iot/soccer_bot/install/soccer_vision/lib/python3.12/site-packages/soccer_vision-0.0.0-py3.12.egg-info/SOURCES.txt
/home/sharmin/Desktop/iot/soccer_bot/install/soccer_vision/lib/python3.12/site-packages/soccer_vision-0.0.0-py3.12.egg-info/PKG-INFO
/home/sharmin/Desktop/iot/soccer_bot/install/soccer_vision/lib/python3.12/site-packages/soccer_vision-0.0.0-py3.12.egg-info/requires.txt
/home/sharmin/Desktop/iot/soccer_bot/install/soccer_vision/lib/python3.12/site-packages/soccer_vision-0.0.0-py3.12.egg-info/top_level.txt
/home/sharmin/Desktop/iot/soccer_bot/install/soccer_vision/lib/soccer_vision/ball_tracker
/home/sharmin/Desktop/iot/soccer_bot/install/soccer_vision/lib/soccer_vision/camera_hub
/home/sharmin/Desktop/iot/soccer_bot/install/soccer_vision/lib/soccer_vision/lidar_hub
