[0.062s] Invoking command in '/home/sharmin/Desktop/iot/soccer_bot/build/ydlidar_sdk': /usr/bin/cmake --build /home/sharmin/Desktop/iot/soccer_bot/build/ydlidar_sdk -- -j2 -l2
[0.760s] [ 37%] Built target ydlidar_sdk
[0.862s] [ 38%] Built target ydlidar_swig_compilation
[0.960s] [ 42%] Built target et_test
[1.048s] [ 45%] Built target gs_ota
[1.160s] [ 49%] Built target gs_restart
[1.268s] [ 52%] Built target gs_test
[1.370s] [ 55%] Built target gs_test2
[1.470s] [ 59%] Built target scl_test
[1.583s] [ 62%] Built target sdm18_test
[1.684s] [ 66%] Built target sdm_test
[1.779s] [ 69%] Built target tea_test
[1.876s] [ 72%] Built target tia_test
[1.985s] [ 76%] Built target tmini-sh_test
[2.077s] [ 79%] Built target tmini_test
[2.161s] [ 83%] Built target tof_test
[2.248s] [ 86%] Built target tri_and_gs_test
[2.357s] [ 89%] Built target tri_restart
[2.459s] [ 93%] Built target tri_test
[2.554s] [ 96%] Built target lidar_c_api_test
[2.653s] [100%] Built target _ydlidar
[2.703s] Invoked command in '/home/sharmin/Desktop/iot/soccer_bot/build/ydlidar_sdk' returned '0': /usr/bin/cmake --build /home/sharmin/Desktop/iot/soccer_bot/build/ydlidar_sdk -- -j2 -l2
[2.744s] Invoking command in '/home/sharmin/Desktop/iot/soccer_bot/build/ydlidar_sdk': /usr/bin/cmake --install /home/sharmin/Desktop/iot/soccer_bot/build/ydlidar_sdk
[2.781s] -- Install configuration: ""
[2.782s] -- Up-to-date: /home/sharmin/Desktop/iot/soccer_bot/install/ydlidar_sdk/include/core/base/datatype.h
[2.782s] -- Up-to-date: /home/sharmin/Desktop/iot/soccer_bot/install/ydlidar_sdk/include/core/base/locker.h
[2.785s] -- Up-to-date: /home/sharmin/Desktop/iot/soccer_bot/install/ydlidar_sdk/include/core/base/thread.h
[2.785s] -- Up-to-date: /home/sharmin/Desktop/iot/soccer_bot/install/ydlidar_sdk/include/core/base/timer.h
[2.788s] -- Up-to-date: /home/sharmin/Desktop/iot/soccer_bot/install/ydlidar_sdk/include/core/base/typedef.h
[2.789s] -- Up-to-date: /home/sharmin/Desktop/iot/soccer_bot/install/ydlidar_sdk/include/core/base/utils.h
[2.789s] -- Up-to-date: /home/sharmin/Desktop/iot/soccer_bot/install/ydlidar_sdk/include/core/base/v8stdint.h
[2.793s] -- Up-to-date: /home/sharmin/Desktop/iot/soccer_bot/install/ydlidar_sdk/include/core/base/ydlidar.h
[2.795s] -- Up-to-date: /home/sharmin/Desktop/iot/soccer_bot/install/ydlidar_sdk/include/core/common/ChannelDevice.h
[2.797s] -- Up-to-date: /home/sharmin/Desktop/iot/soccer_bot/install/ydlidar_sdk/include/core/common/DriverInterface.h
[2.798s] -- Up-to-date: /home/sharmin/Desktop/iot/soccer_bot/install/ydlidar_sdk/include/core/common/YdDataStream.h
[2.799s] -- Up-to-date: /home/sharmin/Desktop/iot/soccer_bot/install/ydlidar_sdk/include/core/common/ydlidar_datatype.h
[2.799s] -- Up-to-date: /home/sharmin/Desktop/iot/soccer_bot/install/ydlidar_sdk/include/core/common/ydlidar_def.h
[2.802s] -- Up-to-date: /home/sharmin/Desktop/iot/soccer_bot/install/ydlidar_sdk/include/core/common/ydlidar_help.h
[2.803s] -- Up-to-date: /home/sharmin/Desktop/iot/soccer_bot/install/ydlidar_sdk/include/core/common/ydlidar_protocol.h
[2.804s] -- Up-to-date: /home/sharmin/Desktop/iot/soccer_bot/install/ydlidar_sdk/include/core/json/cJSON.h
[2.804s] -- Up-to-date: /home/sharmin/Desktop/iot/soccer_bot/install/ydlidar_sdk/include/core/math/angles.h
[2.807s] -- Up-to-date: /home/sharmin/Desktop/iot/soccer_bot/install/ydlidar_sdk/include/core/network/ActiveSocket.h
[2.810s] -- Up-to-date: /home/sharmin/Desktop/iot/soccer_bot/install/ydlidar_sdk/include/core/network/PassiveSocket.h
[2.811s] -- Up-to-date: /home/sharmin/Desktop/iot/soccer_bot/install/ydlidar_sdk/include/core/network/SimpleSocket.h
[2.811s] -- Up-to-date: /home/sharmin/Desktop/iot/soccer_bot/install/ydlidar_sdk/include/core/network/StatTimer.h
[2.811s] -- Up-to-date: /home/sharmin/Desktop/iot/soccer_bot/install/ydlidar_sdk/include/core/serial/common.h
[2.814s] -- Up-to-date: /home/sharmin/Desktop/iot/soccer_bot/install/ydlidar_sdk/include/core/serial/serial.h
[2.815s] -- Up-to-date: /home/sharmin/Desktop/iot/soccer_bot/install/ydlidar_sdk/include/core/serial/impl/unix/lock.h
[2.815s] -- Up-to-date: /home/sharmin/Desktop/iot/soccer_bot/install/ydlidar_sdk/include/core/serial/impl/unix/unix.h
[2.819s] -- Up-to-date: /home/sharmin/Desktop/iot/soccer_bot/install/ydlidar_sdk/include/core/serial/impl/unix/unix_serial.h
[2.820s] -- Up-to-date: /home/sharmin/Desktop/iot/soccer_bot/install/ydlidar_sdk/include/src/CYdLidar.h
[2.820s] -- Up-to-date: /home/sharmin/Desktop/iot/soccer_bot/install/ydlidar_sdk/include/src/DTSLidarDriver.h
[2.825s] -- Up-to-date: /home/sharmin/Desktop/iot/soccer_bot/install/ydlidar_sdk/include/src/ETLidarDriver.h
[2.827s] -- Up-to-date: /home/sharmin/Desktop/iot/soccer_bot/install/ydlidar_sdk/include/src/GSLidarDriver.h
[2.828s] -- Up-to-date: /home/sharmin/Desktop/iot/soccer_bot/install/ydlidar_sdk/include/src/SDMLidarDriver.h
[2.828s] -- Up-to-date: /home/sharmin/Desktop/iot/soccer_bot/install/ydlidar_sdk/include/src/TiaLidarDriver.h
[2.831s] -- Up-to-date: /home/sharmin/Desktop/iot/soccer_bot/install/ydlidar_sdk/include/src/YDlidarDriver.h
[2.834s] -- Up-to-date: /home/sharmin/Desktop/iot/soccer_bot/install/ydlidar_sdk/include/src/ydlidar_sdk.h
[2.834s] -- Up-to-date: /home/sharmin/Desktop/iot/soccer_bot/install/ydlidar_sdk/include/src/filters/FilterInterface.h
[2.837s] -- Up-to-date: /home/sharmin/Desktop/iot/soccer_bot/install/ydlidar_sdk/include/src/filters/NoiseFilter.h
[2.837s] -- Up-to-date: /home/sharmin/Desktop/iot/soccer_bot/install/ydlidar_sdk/include/src/filters/StrongLightFilter.h
[2.838s] -- Up-to-date: /home/sharmin/Desktop/iot/soccer_bot/install/ydlidar_sdk/include/ydlidar_config.h
[2.841s] -- Up-to-date: /home/sharmin/Desktop/iot/soccer_bot/install/ydlidar_sdk/lib/libydlidar_sdk.a
[2.841s] -- Up-to-date: /home/sharmin/Desktop/iot/soccer_bot/install/ydlidar_sdk/lib/pkgconfig/YDLIDAR_SDK.pc
[2.842s] -- Up-to-date: /home/sharmin/Desktop/iot/soccer_bot/install/ydlidar_sdk/lib/cmake/ydlidar_sdk/ydlidar_sdkConfig.cmake
[2.842s] -- Up-to-date: /home/sharmin/Desktop/iot/soccer_bot/install/ydlidar_sdk/lib/cmake/ydlidar_sdk/ydlidar_sdkTargets.cmake
[2.844s] -- Up-to-date: /home/sharmin/Desktop/iot/soccer_bot/install/ydlidar_sdk/lib/cmake/ydlidar_sdk/ydlidar_sdkConfigVersion.cmake
[2.845s] -- Up-to-date: /home/sharmin/Desktop/iot/soccer_bot/install/ydlidar_sdk/share/YDLIDAR_SDK/FindYDLIDAR_SDK.cmake
[2.845s] -- Up-to-date: /home/sharmin/Desktop/iot/soccer_bot/install/ydlidar_sdk/share/YDLIDAR_SDK
[2.848s] -- Up-to-date: /home/sharmin/Desktop/iot/soccer_bot/install/ydlidar_sdk/share/YDLIDAR_SDK/script_show_final_summary.cmake
[2.849s] -- Up-to-date: /home/sharmin/Desktop/iot/soccer_bot/install/ydlidar_sdk/share/YDLIDAR_SDK/install_package.cmake
[2.849s] -- Up-to-date: /home/sharmin/Desktop/iot/soccer_bot/install/ydlidar_sdk/share/YDLIDAR_SDK/cmake_uninstall.cmake.in
[2.854s] -- Up-to-date: /home/sharmin/Desktop/iot/soccer_bot/install/ydlidar_sdk/share/YDLIDAR_SDK/FindPackage.cmake.in
[2.855s] -- Up-to-date: /home/sharmin/Desktop/iot/soccer_bot/install/ydlidar_sdk/share/YDLIDAR_SDK/PackageConfig.cmake.in
[2.859s] -- Up-to-date: /home/sharmin/Desktop/iot/soccer_bot/install/ydlidar_sdk/share/YDLIDAR_SDK/common
[2.859s] -- Up-to-date: /home/sharmin/Desktop/iot/soccer_bot/install/ydlidar_sdk/share/YDLIDAR_SDK/common/ydlidar_base.cmake
[2.862s] -- Up-to-date: /home/sharmin/Desktop/iot/soccer_bot/install/ydlidar_sdk/share/YDLIDAR_SDK/common/ydlidar_parse.cmake
[2.863s] -- Up-to-date: /home/sharmin/Desktop/iot/soccer_bot/install/ydlidar_sdk/share/YDLIDAR_SDK/PkgConfig.pc.in
[2.863s] -- Up-to-date: /home/sharmin/Desktop/iot/soccer_bot/install/ydlidar_sdk/share/YDLIDAR_SDK/PackageConfigVersion.cmake.in
[2.864s] -- Up-to-date: /home/sharmin/Desktop/iot/soccer_bot/install/ydlidar_sdk/share/YDLIDAR_SDK/LICENSE.txt
[2.864s] -- Up-to-date: /home/sharmin/Desktop/iot/soccer_bot/install/ydlidar_sdk/share/YDLIDAR_SDK/README.md
[2.869s] -- Up-to-date: /home/sharmin/Desktop/iot/soccer_bot/install/ydlidar_sdk/share/YDLIDAR_SDK/doc
[2.870s] -- Up-to-date: /home/sharmin/Desktop/iot/soccer_bot/install/ydlidar_sdk/share/YDLIDAR_SDK/doc/YDLidar-SDK-Communication-Protocol.html
[2.871s] -- Up-to-date: /home/sharmin/Desktop/iot/soccer_bot/install/ydlidar_sdk/share/YDLIDAR_SDK/doc/FAQs
[2.874s] -- Up-to-date: /home/sharmin/Desktop/iot/soccer_bot/install/ydlidar_sdk/share/YDLIDAR_SDK/doc/FAQs/Hardware_FAQs_cn.md
[2.875s] -- Up-to-date: /home/sharmin/Desktop/iot/soccer_bot/install/ydlidar_sdk/share/YDLIDAR_SDK/doc/FAQs/Software_FAQs.md
[2.876s] -- Up-to-date: /home/sharmin/Desktop/iot/soccer_bot/install/ydlidar_sdk/share/YDLIDAR_SDK/doc/FAQs/README.md
[2.876s] -- Up-to-date: /home/sharmin/Desktop/iot/soccer_bot/install/ydlidar_sdk/share/YDLIDAR_SDK/doc/FAQs/General_FAQs_cn.md
[2.879s] -- Up-to-date: /home/sharmin/Desktop/iot/soccer_bot/install/ydlidar_sdk/share/YDLIDAR_SDK/doc/FAQs/Software_FAQs_cn.md
[2.880s] -- Up-to-date: /home/sharmin/Desktop/iot/soccer_bot/install/ydlidar_sdk/share/YDLIDAR_SDK/doc/FAQs/Hardware_FAQs.md
[2.880s] -- Up-to-date: /home/sharmin/Desktop/iot/soccer_bot/install/ydlidar_sdk/share/YDLIDAR_SDK/doc/FAQs/General_FAQs.md
[2.882s] -- Up-to-date: /home/sharmin/Desktop/iot/soccer_bot/install/ydlidar_sdk/share/YDLIDAR_SDK/doc/YDLidar_SDK_Communication_Protocol.pdf
[2.883s] -- Up-to-date: /home/sharmin/Desktop/iot/soccer_bot/install/ydlidar_sdk/share/YDLIDAR_SDK/doc/README.md
[2.883s] -- Up-to-date: /home/sharmin/Desktop/iot/soccer_bot/install/ydlidar_sdk/share/YDLIDAR_SDK/doc/Diagram.md
[2.886s] -- Up-to-date: /home/sharmin/Desktop/iot/soccer_bot/install/ydlidar_sdk/share/YDLIDAR_SDK/doc/howto
[2.888s] -- Up-to-date: /home/sharmin/Desktop/iot/soccer_bot/install/ydlidar_sdk/share/YDLIDAR_SDK/doc/howto/README.md
[2.889s] -- Up-to-date: /home/sharmin/Desktop/iot/soccer_bot/install/ydlidar_sdk/share/YDLIDAR_SDK/doc/howto/how_to_solve_slow_pull_from_cn.md
[2.890s] -- Up-to-date: /home/sharmin/Desktop/iot/soccer_bot/install/ydlidar_sdk/share/YDLIDAR_SDK/doc/howto/images
[2.890s] -- Up-to-date: /home/sharmin/Desktop/iot/soccer_bot/install/ydlidar_sdk/share/YDLIDAR_SDK/doc/howto/images/csharp_exception.png
[2.892s] -- Up-to-date: /home/sharmin/Desktop/iot/soccer_bot/install/ydlidar_sdk/share/YDLIDAR_SDK/doc/howto/images/csharp_running.png
[2.892s] -- Up-to-date: /home/sharmin/Desktop/iot/soccer_bot/install/ydlidar_sdk/share/YDLIDAR_SDK/doc/howto/images/csharp_library.png
[2.893s] -- Up-to-date: /home/sharmin/Desktop/iot/soccer_bot/install/ydlidar_sdk/share/YDLIDAR_SDK/doc/howto/images/ttyUSB1.png
[2.893s] -- Up-to-date: /home/sharmin/Desktop/iot/soccer_bot/install/ydlidar_sdk/share/YDLIDAR_SDK/doc/howto/images/csharp_build.png
[2.898s] -- Up-to-date: /home/sharmin/Desktop/iot/soccer_bot/install/ydlidar_sdk/share/YDLIDAR_SDK/doc/howto/images/sdk_init.png
[2.898s] -- Up-to-date: /home/sharmin/Desktop/iot/soccer_bot/install/ydlidar_sdk/share/YDLIDAR_SDK/doc/howto/images/sdk_scanning.png
[2.899s] -- Up-to-date: /home/sharmin/Desktop/iot/soccer_bot/install/ydlidar_sdk/share/YDLIDAR_SDK/doc/howto/images/vscode
[2.899s] -- Up-to-date: /home/sharmin/Desktop/iot/soccer_bot/install/ydlidar_sdk/share/YDLIDAR_SDK/doc/howto/images/vscode/run_tasks.jpg
[2.903s] -- Up-to-date: /home/sharmin/Desktop/iot/soccer_bot/install/ydlidar_sdk/share/YDLIDAR_SDK/doc/howto/images/vscode/tasks.png
[2.904s] -- Up-to-date: /home/sharmin/Desktop/iot/soccer_bot/install/ydlidar_sdk/share/YDLIDAR_SDK/doc/howto/images/ttyUSB0.png
[2.904s] -- Up-to-date: /home/sharmin/Desktop/iot/soccer_bot/install/ydlidar_sdk/share/YDLIDAR_SDK/doc/howto/images/sequence.png
[2.906s] -- Up-to-date: /home/sharmin/Desktop/iot/soccer_bot/install/ydlidar_sdk/share/YDLIDAR_SDK/doc/howto/images/csharp_project.png
[2.906s] -- Up-to-date: /home/sharmin/Desktop/iot/soccer_bot/install/ydlidar_sdk/share/YDLIDAR_SDK/doc/howto/images/cpack.png
[2.910s] -- Up-to-date: /home/sharmin/Desktop/iot/soccer_bot/install/ydlidar_sdk/share/YDLIDAR_SDK/doc/howto/images/ydlidar_lidar_monitor.png
[2.910s] -- Up-to-date: /home/sharmin/Desktop/iot/soccer_bot/install/ydlidar_sdk/share/YDLIDAR_SDK/doc/howto/how_to_build_and_debug_using_vscode.md
[2.911s] -- Up-to-date: /home/sharmin/Desktop/iot/soccer_bot/install/ydlidar_sdk/share/YDLIDAR_SDK/doc/howto/how_to_build_and_install.md
[2.911s] -- Up-to-date: /home/sharmin/Desktop/iot/soccer_bot/install/ydlidar_sdk/share/YDLIDAR_SDK/doc/howto/how_to_create_a_csharp_project.md
[2.914s] -- Up-to-date: /home/sharmin/Desktop/iot/soccer_bot/install/ydlidar_sdk/share/YDLIDAR_SDK/doc/howto/how_to_create_a_pull.md
[2.914s] -- Up-to-date: /home/sharmin/Desktop/iot/soccer_bot/install/ydlidar_sdk/share/YDLIDAR_SDK/doc/howto/how_to_gerenrate_vs_project_by_cmake.md
[2.915s] -- Up-to-date: /home/sharmin/Desktop/iot/soccer_bot/install/ydlidar_sdk/share/YDLIDAR_SDK/doc/howto/how_to_create_a_udev_rules.md
[2.916s] -- Up-to-date: /home/sharmin/Desktop/iot/soccer_bot/install/ydlidar_sdk/share/YDLIDAR_SDK/doc/tutorials
[2.918s] -- Up-to-date: /home/sharmin/Desktop/iot/soccer_bot/install/ydlidar_sdk/share/YDLIDAR_SDK/doc/tutorials/writing_lidar_tutorial_c++.md
[2.919s] -- Up-to-date: /home/sharmin/Desktop/iot/soccer_bot/install/ydlidar_sdk/share/YDLIDAR_SDK/doc/tutorials/writing_lidar_tutorial_c.md
[2.919s] -- Up-to-date: /home/sharmin/Desktop/iot/soccer_bot/install/ydlidar_sdk/share/YDLIDAR_SDK/doc/tutorials/writing_lidar_network_adapter_tutorial_c++.md
[2.922s] -- Up-to-date: /home/sharmin/Desktop/iot/soccer_bot/install/ydlidar_sdk/share/YDLIDAR_SDK/doc/tutorials/examine_the_simple_lidar_tutorial.md
[2.923s] -- Up-to-date: /home/sharmin/Desktop/iot/soccer_bot/install/ydlidar_sdk/share/YDLIDAR_SDK/doc/tutorials/writing_lidar_tutorial_python.md
[2.923s] -- Up-to-date: /home/sharmin/Desktop/iot/soccer_bot/install/ydlidar_sdk/share/YDLIDAR_SDK/doc/YDLIDAR_SDK_API_for_Developers.md
[2.925s] -- Up-to-date: /home/sharmin/Desktop/iot/soccer_bot/install/ydlidar_sdk/share/YDLIDAR_SDK/doc/Dataset.md
[2.926s] -- Up-to-date: /home/sharmin/Desktop/iot/soccer_bot/install/ydlidar_sdk/share/YDLIDAR_SDK/doc/images
[2.926s] -- Up-to-date: /home/sharmin/Desktop/iot/soccer_bot/install/ydlidar_sdk/share/YDLIDAR_SDK/doc/images/communication_mechanism.png
[2.929s] -- Up-to-date: /home/sharmin/Desktop/iot/soccer_bot/install/ydlidar_sdk/share/YDLIDAR_SDK/doc/images/angle_q2.png
[2.930s] -- Up-to-date: /home/sharmin/Desktop/iot/soccer_bot/install/ydlidar_sdk/share/YDLIDAR_SDK/doc/images/frame_intensity.png
[2.930s] -- Up-to-date: /home/sharmin/Desktop/iot/soccer_bot/install/ydlidar_sdk/share/YDLIDAR_SDK/doc/images/sdk_architecture.png
[2.933s] -- Up-to-date: /home/sharmin/Desktop/iot/soccer_bot/install/ydlidar_sdk/share/YDLIDAR_SDK/doc/images/frame.png
[2.936s] -- Up-to-date: /home/sharmin/Desktop/iot/soccer_bot/install/ydlidar_sdk/share/YDLIDAR_SDK/doc/images/EAI.png
[2.937s] -- Up-to-date: /home/sharmin/Desktop/iot/soccer_bot/install/ydlidar_sdk/share/YDLIDAR_SDK/doc/images/sdk_init.png
[2.937s] -- Up-to-date: /home/sharmin/Desktop/iot/soccer_bot/install/ydlidar_sdk/share/YDLIDAR_SDK/doc/images/sdk_scanning.png
[2.941s] -- Up-to-date: /home/sharmin/Desktop/iot/soccer_bot/install/ydlidar_sdk/share/YDLIDAR_SDK/doc/images/YDLidar.png
[2.941s] -- Up-to-date: /home/sharmin/Desktop/iot/soccer_bot/install/ydlidar_sdk/share/YDLIDAR_SDK/doc/images/system_workflow.png
[2.942s] -- Up-to-date: /home/sharmin/Desktop/iot/soccer_bot/install/ydlidar_sdk/share/YDLIDAR_SDK/doc/images/sequence.png
[2.942s] -- Up-to-date: /home/sharmin/Desktop/iot/soccer_bot/install/ydlidar_sdk/share/YDLIDAR_SDK/doc/images/FlowChart.png
[2.945s] -- Up-to-date: /home/sharmin/Desktop/iot/soccer_bot/install/ydlidar_sdk/share/YDLIDAR_SDK/doc/images/YDLidar.jpg
[2.945s] -- Up-to-date: /home/sharmin/Desktop/iot/soccer_bot/install/ydlidar_sdk/share/YDLIDAR_SDK/doc/Tutorials.md
[2.946s] -- Up-to-date: /home/sharmin/Desktop/iot/soccer_bot/install/ydlidar_sdk/share/YDLIDAR_SDK/doc/quickstart
[2.947s] -- Up-to-date: /home/sharmin/Desktop/iot/soccer_bot/install/ydlidar_sdk/share/YDLIDAR_SDK/doc/quickstart/README.md
[2.952s] -- Up-to-date: /home/sharmin/Desktop/iot/soccer_bot/install/ydlidar_sdk/share/YDLIDAR_SDK/doc/quickstart/ydlidar_sdk_software_installation_guide.md
[2.953s] -- Up-to-date: /home/sharmin/Desktop/iot/soccer_bot/install/ydlidar_sdk/share/YDLIDAR_SDK/doc/SDK.pdf
[2.953s] -- Up-to-date: /home/sharmin/Desktop/iot/soccer_bot/install/ydlidar_sdk/share/YDLIDAR_SDK/doc/YDLidar-SDK-Communication-Protocol.md
[2.955s] -- Up-to-date: /home/sharmin/Desktop/iot/soccer_bot/install/ydlidar_sdk/share/YDLIDAR_SDK/doc/YDLidar-SDK-Communication-Protocol.pdf
[2.956s] -- Up-to-date: /home/sharmin/Desktop/iot/soccer_bot/install/ydlidar_sdk/startup/initenv.sh
[2.957s] -- Up-to-date: /home/sharmin/Desktop/iot/soccer_bot/install/ydlidar_sdk/bin/et_test
[2.960s] -- Up-to-date: /home/sharmin/Desktop/iot/soccer_bot/install/ydlidar_sdk/bin/gs_ota
[2.961s] -- Up-to-date: /home/sharmin/Desktop/iot/soccer_bot/install/ydlidar_sdk/bin/gs_restart
[2.961s] -- Up-to-date: /home/sharmin/Desktop/iot/soccer_bot/install/ydlidar_sdk/bin/gs_test
[2.964s] -- Up-to-date: /home/sharmin/Desktop/iot/soccer_bot/install/ydlidar_sdk/bin/gs_test2
[2.964s] -- Up-to-date: /home/sharmin/Desktop/iot/soccer_bot/install/ydlidar_sdk/bin/scl_test
[2.965s] -- Up-to-date: /home/sharmin/Desktop/iot/soccer_bot/install/ydlidar_sdk/bin/sdm18_test
[2.968s] -- Up-to-date: /home/sharmin/Desktop/iot/soccer_bot/install/ydlidar_sdk/bin/sdm_test
[2.969s] -- Up-to-date: /home/sharmin/Desktop/iot/soccer_bot/install/ydlidar_sdk/bin/tea_test
[2.969s] -- Up-to-date: /home/sharmin/Desktop/iot/soccer_bot/install/ydlidar_sdk/bin/tia_test
[2.972s] -- Up-to-date: /home/sharmin/Desktop/iot/soccer_bot/install/ydlidar_sdk/bin/tmini-sh_test
[2.972s] -- Up-to-date: /home/sharmin/Desktop/iot/soccer_bot/install/ydlidar_sdk/bin/tmini_test
[2.973s] -- Up-to-date: /home/sharmin/Desktop/iot/soccer_bot/install/ydlidar_sdk/bin/tof_test
[2.973s] -- Up-to-date: /home/sharmin/Desktop/iot/soccer_bot/install/ydlidar_sdk/bin/tri_and_gs_test
[2.976s] -- Up-to-date: /home/sharmin/Desktop/iot/soccer_bot/install/ydlidar_sdk/bin/tri_restart
[2.977s] -- Up-to-date: /home/sharmin/Desktop/iot/soccer_bot/install/ydlidar_sdk/bin/tri_test
[2.977s] -- Up-to-date: /home/sharmin/Desktop/iot/soccer_bot/install/ydlidar_sdk/bin/lidar_c_api_test
[2.978s] -- Up-to-date: /home/sharmin/Desktop/iot/soccer_bot/install/ydlidar_sdk/lib/python3/dist-packages/_ydlidar.so
[2.984s] -- Up-to-date: /home/sharmin/Desktop/iot/soccer_bot/install/ydlidar_sdk/lib/python3/dist-packages/ydlidar.py
[2.984s] -- Up-to-date: /home/sharmin/Desktop/iot/soccer_bot/install/ydlidar_sdk/bin/etlidar_test.py
[2.985s] -- Up-to-date: /home/sharmin/Desktop/iot/soccer_bot/install/ydlidar_sdk/bin/gs_test.py
[2.986s] -- Up-to-date: /home/sharmin/Desktop/iot/soccer_bot/install/ydlidar_sdk/bin/plot_tof_test.py
[2.987s] -- Up-to-date: /home/sharmin/Desktop/iot/soccer_bot/install/ydlidar_sdk/bin/plot_ydlidar_test.py
[2.990s] -- Up-to-date: /home/sharmin/Desktop/iot/soccer_bot/install/ydlidar_sdk/bin/tea_test.py
[2.991s] -- Up-to-date: /home/sharmin/Desktop/iot/soccer_bot/install/ydlidar_sdk/bin/test.py
[2.991s] -- Up-to-date: /home/sharmin/Desktop/iot/soccer_bot/install/ydlidar_sdk/bin/tminiplus_test.py
[2.995s] -- Up-to-date: /home/sharmin/Desktop/iot/soccer_bot/install/ydlidar_sdk/bin/tof_test.py
[2.996s] -- Up-to-date: /home/sharmin/Desktop/iot/soccer_bot/install/ydlidar_sdk/bin/tri_test.py
[2.999s] Invoked command in '/home/sharmin/Desktop/iot/soccer_bot/build/ydlidar_sdk' returned '0': /usr/bin/cmake --install /home/sharmin/Desktop/iot/soccer_bot/build/ydlidar_sdk
