/home/sharmin/Desktop/iot/soccer_bot/src/ydlidar_ros2_driver/src/ydlidar_ros2_driver_node.cpp: In lambda function:
/home/sharmin/Desktop/iot/soccer_bot/src/ydlidar_ros2_driver/src/ydlidar_ros2_driver_node.cpp:193:54: warning: unused parameter ‘request_header’ [-Wunused-parameter]
  193 |     [&laser](const std::shared_ptr<rmw_request_id_t> request_header,
      |              ~~~~~~~~~~~~~~~~~~~~~~~~~~~~~~~~~~~~~~~~^~~~~~~~~~~~~~
/home/sharmin/Desktop/iot/soccer_bot/src/ydlidar_ros2_driver/src/ydlidar_ros2_driver_node.cpp:194:56: warning: unused parameter ‘req’ [-Wunused-parameter]
  194 |   const std::shared_ptr<std_srvs::srv::Empty::Request> req,
      |   ~~~~~~~~~~~~~~~~~~~~~~~~~~~~~~~~~~~~~~~~~~~~~~~~~~~~~^~~
/home/sharmin/Desktop/iot/soccer_bot/src/ydlidar_ros2_driver/src/ydlidar_ros2_driver_node.cpp:195:51: warning: unused parameter ‘response’ [-Wunused-parameter]
  195 |   std::shared_ptr<std_srvs::srv::Empty::Response> response) -> bool
      |   ~~~~~~~~~~~~~~~~~~~~~~~~~~~~~~~~~~~~~~~~~~~~~~~~^~~~~~~~
/home/sharmin/Desktop/iot/soccer_bot/src/ydlidar_ros2_driver/src/ydlidar_ros2_driver_node.cpp: In lambda function:
/home/sharmin/Desktop/iot/soccer_bot/src/ydlidar_ros2_driver/src/ydlidar_ros2_driver_node.cpp:203:54: warning: unused parameter ‘request_header’ [-Wunused-parameter]
  203 |     [&laser](const std::shared_ptr<rmw_request_id_t> request_header,
      |              ~~~~~~~~~~~~~~~~~~~~~~~~~~~~~~~~~~~~~~~~^~~~~~~~~~~~~~
/home/sharmin/Desktop/iot/soccer_bot/src/ydlidar_ros2_driver/src/ydlidar_ros2_driver_node.cpp:204:56: warning: unused parameter ‘req’ [-Wunused-parameter]
  204 |   const std::shared_ptr<std_srvs::srv::Empty::Request> req,
      |   ~~~~~~~~~~~~~~~~~~~~~~~~~~~~~~~~~~~~~~~~~~~~~~~~~~~~~^~~
/home/sharmin/Desktop/iot/soccer_bot/src/ydlidar_ros2_driver/src/ydlidar_ros2_driver_node.cpp:205:51: warning: unused parameter ‘response’ [-Wunused-parameter]
  205 |   std::shared_ptr<std_srvs::srv::Empty::Response> response) -> bool
      |   ~~~~~~~~~~~~~~~~~~~~~~~~~~~~~~~~~~~~~~~~~~~~~~~~^~~~~~~~
/home/sharmin/Desktop/iot/soccer_bot/src/ydlidar_ros2_driver/src/ydlidar_ros2_driver_node.cpp: In function ‘int main(int, char**)’:
/home/sharmin/Desktop/iot/soccer_bot/src/ydlidar_ros2_driver/src/ydlidar_ros2_driver_node.cpp:238:21: warning: unused variable ‘p’ [-Wunused-variable]
  238 |         const auto& p = scan.points.at(i);
      |                     ^
