[2.196s] Invoking command in '/home/sharmin/Desktop/iot/soccer_bot/build/ydlidar_ros2_driver': CMAKE_PREFIX_PATH=${CMAKE_PREFIX_PATH}:/opt/ros/jazzy /usr/bin/cmake /home/sharmin/Desktop/iot/soccer_bot/src/ydlidar_ros2_driver -DAMENT_CMAKE_SYMLINK_INSTALL=1 -DCMAKE_INSTALL_PREFIX=/home/sharmin/Desktop/iot/soccer_bot/install/ydlidar_ros2_driver
[2.292s] -- Found ament_cmake: 2.5.6 (/opt/ros/jazzy/share/ament_cmake/cmake)
[4.490s] -- Override CMake install command with custom implementation using symlinks instead of copying resources
[4.604s] -- Found rclcpp: 28.1.21 (/opt/ros/jazzy/share/rclcpp/cmake)
[4.772s] -- Found rosidl_generator_c: 4.6.9 (/opt/ros/jazzy/share/rosidl_generator_c/cmake)
[4.896s] -- Found rosidl_generator_cpp: 4.6.9 (/opt/ros/jazzy/share/rosidl_generator_cpp/cmake)
[5.075s] -- Using all available rosidl_typesupport_c: rosidl_typesupport_fastrtps_c;rosidl_typesupport_introspection_c
[5.282s] -- Using all available rosidl_typesupport_cpp: rosidl_typesupport_fastrtps_cpp;rosidl_typesupport_introspection_cpp
[6.040s] -- Found rmw_implementation_cmake: 7.3.3 (/opt/ros/jazzy/share/rmw_implementation_cmake/cmake)
[6.050s] -- Found rmw_fastrtps_cpp: 8.4.4 (/opt/ros/jazzy/share/rmw_fastrtps_cpp/cmake)
[6.958s] -- Using RMW implementation 'rmw_fastrtps_cpp' as default
[8.015s] -- Found sensor_msgs: 5.3.8 (/opt/ros/jazzy/share/sensor_msgs/cmake)
[8.538s] -- Found visualization_msgs: 5.3.8 (/opt/ros/jazzy/share/visualization_msgs/cmake)
[8.725s] -- Found std_srvs: 5.3.8 (/opt/ros/jazzy/share/std_srvs/cmake)
[8.860s] -- Found ament_lint_auto: 0.17.5 (/opt/ros/jazzy/share/ament_lint_auto/cmake)
[9.661s] -- Added test 'copyright' to check source files copyright and LICENSE
[9.686s] -- Added test 'cppcheck' to perform static code analysis on C / C++ code
[9.689s] -- Configured cppcheck include dirs: /home/sharmin/Desktop/iot/soccer_bot/src/ydlidar_ros2_driver/src
[9.690s] -- Configured cppcheck exclude dirs and/or files: 
[9.724s] -- Added test 'cpplint' to check C / C++ code against the Google style
[9.727s] -- Configured cpplint exclude dirs and/or files: 
[9.732s] -- Added test 'flake8' to check Python code syntax and style conventions
[9.735s] -- Configured 'flake8' exclude dirs and/or files: 
[9.741s] -- Added test 'lint_cmake' to check CMake code style
[9.747s] -- Added test 'pep257' to check Python code against some of the docstring style conventions in PEP 257
[9.774s] -- Added test 'uncrustify' to check C / C++ code style
[9.774s] -- Configured uncrustify additional arguments: 
[9.779s] -- Added test 'xmllint' to check XML markup files
[9.789s] -- Configuring done (7.5s)
[9.923s] -- Generating done (0.1s)
[9.951s] -- Build files have been written to: /home/sharmin/Desktop/iot/soccer_bot/build/ydlidar_ros2_driver
[10.033s] Invoked command in '/home/sharmin/Desktop/iot/soccer_bot/build/ydlidar_ros2_driver' returned '0': CMAKE_PREFIX_PATH=${CMAKE_PREFIX_PATH}:/opt/ros/jazzy /usr/bin/cmake /home/sharmin/Desktop/iot/soccer_bot/src/ydlidar_ros2_driver -DAMENT_CMAKE_SYMLINK_INSTALL=1 -DCMAKE_INSTALL_PREFIX=/home/sharmin/Desktop/iot/soccer_bot/install/ydlidar_ros2_driver
[10.035s] Invoking command in '/home/sharmin/Desktop/iot/soccer_bot/build/ydlidar_ros2_driver': CMAKE_PREFIX_PATH=${CMAKE_PREFIX_PATH}:/opt/ros/jazzy /usr/bin/cmake --build /home/sharmin/Desktop/iot/soccer_bot/build/ydlidar_ros2_driver -- -j2 -l2
[10.392s] [ 25%] [32mBuilding CXX object CMakeFiles/ydlidar_ros2_driver_node.dir/src/ydlidar_ros2_driver_node.cpp.o[0m
[34.211s] /home/sharmin/Desktop/iot/soccer_bot/src/ydlidar_ros2_driver/src/ydlidar_ros2_driver_node.cpp: In lambda function:
[34.211s] /home/sharmin/Desktop/iot/soccer_bot/src/ydlidar_ros2_driver/src/ydlidar_ros2_driver_node.cpp:193:54: warning: unused parameter ‘request_header’ [-Wunused-parameter]
[34.212s]   193 |     [&laser](const std::shared_ptr<rmw_request_id_t> request_header,
[34.217s]       |              ~~~~~~~~~~~~~~~~~~~~~~~~~~~~~~~~~~~~~~~~^~~~~~~~~~~~~~
[34.217s] /home/sharmin/Desktop/iot/soccer_bot/src/ydlidar_ros2_driver/src/ydlidar_ros2_driver_node.cpp:194:56: warning: unused parameter ‘req’ [-Wunused-parameter]
[34.218s]   194 |   const std::shared_ptr<std_srvs::srv::Empty::Request> req,
[34.218s]       |   ~~~~~~~~~~~~~~~~~~~~~~~~~~~~~~~~~~~~~~~~~~~~~~~~~~~~~^~~
[34.218s] /home/sharmin/Desktop/iot/soccer_bot/src/ydlidar_ros2_driver/src/ydlidar_ros2_driver_node.cpp:195:51: warning: unused parameter ‘response’ [-Wunused-parameter]
[34.221s]   195 |   std::shared_ptr<std_srvs::srv::Empty::Response> response) -> bool
[34.221s]       |   ~~~~~~~~~~~~~~~~~~~~~~~~~~~~~~~~~~~~~~~~~~~~~~~~^~~~~~~~
[34.287s] /home/sharmin/Desktop/iot/soccer_bot/src/ydlidar_ros2_driver/src/ydlidar_ros2_driver_node.cpp: In lambda function:
[34.287s] /home/sharmin/Desktop/iot/soccer_bot/src/ydlidar_ros2_driver/src/ydlidar_ros2_driver_node.cpp:203:54: warning: unused parameter ‘request_header’ [-Wunused-parameter]
[34.288s]   203 |     [&laser](const std::shared_ptr<rmw_request_id_t> request_header,
[34.292s]       |              ~~~~~~~~~~~~~~~~~~~~~~~~~~~~~~~~~~~~~~~~^~~~~~~~~~~~~~
[34.293s] /home/sharmin/Desktop/iot/soccer_bot/src/ydlidar_ros2_driver/src/ydlidar_ros2_driver_node.cpp:204:56: warning: unused parameter ‘req’ [-Wunused-parameter]
[34.294s]   204 |   const std::shared_ptr<std_srvs::srv::Empty::Request> req,
[34.294s]       |   ~~~~~~~~~~~~~~~~~~~~~~~~~~~~~~~~~~~~~~~~~~~~~~~~~~~~~^~~
[34.299s] /home/sharmin/Desktop/iot/soccer_bot/src/ydlidar_ros2_driver/src/ydlidar_ros2_driver_node.cpp:205:51: warning: unused parameter ‘response’ [-Wunused-parameter]
[34.299s]   205 |   std::shared_ptr<std_srvs::srv::Empty::Response> response) -> bool
[34.300s]       |   ~~~~~~~~~~~~~~~~~~~~~~~~~~~~~~~~~~~~~~~~~~~~~~~~^~~~~~~~
[34.300s] /home/sharmin/Desktop/iot/soccer_bot/src/ydlidar_ros2_driver/src/ydlidar_ros2_driver_node.cpp: In function ‘int main(int, char**)’:
[34.301s] /home/sharmin/Desktop/iot/soccer_bot/src/ydlidar_ros2_driver/src/ydlidar_ros2_driver_node.cpp:238:21: warning: unused variable ‘p’ [-Wunused-variable]
[34.301s]   238 |         const auto& p = scan.points.at(i);
[34.302s]       |                     ^
[51.942s] [ 50%] [32m[1mLinking CXX executable ydlidar_ros2_driver_node[0m
[53.884s] [ 50%] Built target ydlidar_ros2_driver_node
[54.014s] [ 75%] [32m[1mLinking CXX executable ydlidar_ros2_driver_client[0m
[56.065s] [100%] Built target ydlidar_ros2_driver_client
[56.127s] Invoked command in '/home/sharmin/Desktop/iot/soccer_bot/build/ydlidar_ros2_driver' returned '0': CMAKE_PREFIX_PATH=${CMAKE_PREFIX_PATH}:/opt/ros/jazzy /usr/bin/cmake --build /home/sharmin/Desktop/iot/soccer_bot/build/ydlidar_ros2_driver -- -j2 -l2
[56.188s] Invoking command in '/home/sharmin/Desktop/iot/soccer_bot/build/ydlidar_ros2_driver': CMAKE_PREFIX_PATH=${CMAKE_PREFIX_PATH}:/opt/ros/jazzy /usr/bin/cmake --install /home/sharmin/Desktop/iot/soccer_bot/build/ydlidar_ros2_driver
[56.228s] -- Install configuration: ""
[56.230s] -- Execute custom install script
[56.232s] -- Symlinking: /home/sharmin/Desktop/iot/soccer_bot/install/ydlidar_ros2_driver/lib/ydlidar_ros2_driver/ydlidar_ros2_driver_node
[56.283s] -- Symlinking: /home/sharmin/Desktop/iot/soccer_bot/install/ydlidar_ros2_driver/lib/ydlidar_ros2_driver/ydlidar_ros2_driver_client
[56.334s] -- Symlinking: /home/sharmin/Desktop/iot/soccer_bot/install/ydlidar_ros2_driver/share/ydlidar_ros2_driver/launch/ydlidar.py
[56.365s] -- Symlinking: /home/sharmin/Desktop/iot/soccer_bot/install/ydlidar_ros2_driver/share/ydlidar_ros2_driver/launch/ydlidar_launch.py
[56.399s] -- Symlinking: /home/sharmin/Desktop/iot/soccer_bot/install/ydlidar_ros2_driver/share/ydlidar_ros2_driver/launch/ydlidar_launch_view.py
[56.473s] -- Symlinking: /home/sharmin/Desktop/iot/soccer_bot/install/ydlidar_ros2_driver/share/ydlidar_ros2_driver/params/G1.yaml
[56.537s] -- Symlinking: /home/sharmin/Desktop/iot/soccer_bot/install/ydlidar_ros2_driver/share/ydlidar_ros2_driver/params/G2.yaml
[56.605s] -- Symlinking: /home/sharmin/Desktop/iot/soccer_bot/install/ydlidar_ros2_driver/share/ydlidar_ros2_driver/params/G6.yaml
[56.662s] -- Symlinking: /home/sharmin/Desktop/iot/soccer_bot/install/ydlidar_ros2_driver/share/ydlidar_ros2_driver/params/GS2.yaml
[56.702s] -- Symlinking: /home/sharmin/Desktop/iot/soccer_bot/install/ydlidar_ros2_driver/share/ydlidar_ros2_driver/params/TEA.yaml
[56.738s] -- Symlinking: /home/sharmin/Desktop/iot/soccer_bot/install/ydlidar_ros2_driver/share/ydlidar_ros2_driver/params/TG.yaml
[56.774s] -- Symlinking: /home/sharmin/Desktop/iot/soccer_bot/install/ydlidar_ros2_driver/share/ydlidar_ros2_driver/params/TminiPro.yaml
[56.808s] -- Symlinking: /home/sharmin/Desktop/iot/soccer_bot/install/ydlidar_ros2_driver/share/ydlidar_ros2_driver/params/X2.yaml
[56.845s] -- Symlinking: /home/sharmin/Desktop/iot/soccer_bot/install/ydlidar_ros2_driver/share/ydlidar_ros2_driver/params/X4-Pro.yaml
[56.886s] -- Symlinking: /home/sharmin/Desktop/iot/soccer_bot/install/ydlidar_ros2_driver/share/ydlidar_ros2_driver/params/X4.yaml
[56.925s] -- Symlinking: /home/sharmin/Desktop/iot/soccer_bot/install/ydlidar_ros2_driver/share/ydlidar_ros2_driver/params/ydlidar.yaml
[56.974s] -- Symlinking: /home/sharmin/Desktop/iot/soccer_bot/install/ydlidar_ros2_driver/share/ydlidar_ros2_driver/startup/initenv.sh
[57.013s] -- Symlinking: /home/sharmin/Desktop/iot/soccer_bot/install/ydlidar_ros2_driver/share/ydlidar_ros2_driver/config/ydlidar.rviz
[57.050s] -- Symlinking: /home/sharmin/Desktop/iot/soccer_bot/install/ydlidar_ros2_driver/share/ament_index/resource_index/package_run_dependencies/ydlidar_ros2_driver
[57.085s] -- Symlinking: /home/sharmin/Desktop/iot/soccer_bot/install/ydlidar_ros2_driver/share/ament_index/resource_index/parent_prefix_path/ydlidar_ros2_driver
[57.117s] -- Symlinking: /home/sharmin/Desktop/iot/soccer_bot/install/ydlidar_ros2_driver/share/ydlidar_ros2_driver/environment/ament_prefix_path.sh
[57.152s] -- Symlinking: /home/sharmin/Desktop/iot/soccer_bot/install/ydlidar_ros2_driver/share/ydlidar_ros2_driver/environment/ament_prefix_path.dsv
[57.187s] -- Symlinking: /home/sharmin/Desktop/iot/soccer_bot/install/ydlidar_ros2_driver/share/ydlidar_ros2_driver/environment/path.sh
[57.226s] -- Symlinking: /home/sharmin/Desktop/iot/soccer_bot/install/ydlidar_ros2_driver/share/ydlidar_ros2_driver/environment/path.dsv
[57.273s] -- Symlinking: /home/sharmin/Desktop/iot/soccer_bot/install/ydlidar_ros2_driver/share/ydlidar_ros2_driver/local_setup.bash
[57.317s] -- Symlinking: /home/sharmin/Desktop/iot/soccer_bot/install/ydlidar_ros2_driver/share/ydlidar_ros2_driver/local_setup.sh
[57.358s] -- Symlinking: /home/sharmin/Desktop/iot/soccer_bot/install/ydlidar_ros2_driver/share/ydlidar_ros2_driver/local_setup.zsh
[57.393s] -- Symlinking: /home/sharmin/Desktop/iot/soccer_bot/install/ydlidar_ros2_driver/share/ydlidar_ros2_driver/local_setup.dsv
[57.430s] -- Symlinking: /home/sharmin/Desktop/iot/soccer_bot/install/ydlidar_ros2_driver/share/ydlidar_ros2_driver/package.dsv
[57.464s] -- Symlinking: /home/sharmin/Desktop/iot/soccer_bot/install/ydlidar_ros2_driver/share/ament_index/resource_index/packages/ydlidar_ros2_driver
[57.503s] -- Symlinking: /home/sharmin/Desktop/iot/soccer_bot/install/ydlidar_ros2_driver/share/ydlidar_ros2_driver/cmake/ydlidar_ros2_driverConfig.cmake
[57.541s] -- Symlinking: /home/sharmin/Desktop/iot/soccer_bot/install/ydlidar_ros2_driver/share/ydlidar_ros2_driver/cmake/ydlidar_ros2_driverConfig-version.cmake
[57.588s] -- Symlinking: /home/sharmin/Desktop/iot/soccer_bot/install/ydlidar_ros2_driver/share/ydlidar_ros2_driver/package.xml
[57.641s] Invoked command in '/home/sharmin/Desktop/iot/soccer_bot/build/ydlidar_ros2_driver' returned '0': CMAKE_PREFIX_PATH=${CMAKE_PREFIX_PATH}:/opt/ros/jazzy /usr/bin/cmake --install /home/sharmin/Desktop/iot/soccer_bot/build/ydlidar_ros2_driver
