-- The C compiler identification is GNU 13.3.0
-- The CXX compiler identification is GNU 13.3.0
-- Detecting C compiler ABI info
-- Detecting C compiler ABI info - done
-- Check for working C compiler: /usr/bin/cc - skipped
-- Detecting C compile features
-- Detecting C compile features - done
-- Detecting CXX compiler ABI info
-- Detecting CXX compiler ABI info - done
-- Check for working CXX compiler: /usr/bin/c++ - skipped
-- Detecting CXX compile features
-- Detecting CXX compile features - done
-- Current platform: Linux
-- Found SWIG: /usr/bin/swig4.0 (found version "4.2.0")  
-- Found PythonInterp: /usr/bin/python3 (found version "3.12.3") 
-- Found PythonLibs: /usr/lib/x86_64-linux-gnu/libpython3.12.so (found version "3.12.3") 
-- Found GTest: /usr/lib/x86_64-linux-gnu/cmake/GTest/GTestConfig.cmake (found version "1.14.0")  
-- build python API....
-- 
-- +===========================================================================+
-- |         Resulting configuration for                             |
-- +===========================================================================+
--  _________________________ PLATFORM _____________________________
--  Host                        : Linux6.8.0-134-genericx86_64
--  Is the system big endian?   :  No 
--  Word size (32/64 bit)       : 64
--  CMake version               : 3.28.3
--  CMake generator             : Unix Makefiles
--  CMake build tool            : /usr/bin/gmake
--  Compiler                    : GNU
--  Configuration               : 
-- 
--  __________________________ OPTIONS _____________________________
--  Build YDLidar-SDK as a shared library?　　 :  No 
--  Build Examples?　　　　　　　　　　　　　　 : Yes 
--  Build C Sharp API?　　　　　　　　　　　　 :  No 
--  Build TEST?  			　　　 :  No 
-- 
--  _________________________ INSTALL _____________________
--  Install prefix                    : /home/sharmin/Desktop/iot/soccer_bot/install/ydlidar_sdk
-- 
--  _______________________ WRAPPERS/BINDINGS ______________________
--  Python bindings (pyydlidar)   : Yes 
--   - dep: Swig found?       : Yes [Version: 4.2.0]
--   - dep: PythonLibs found?  : Yes [Version: 3.12.3]
-- 
-- Configuring done (3.8s)
-- Generating done (0.2s)
-- Build files have been written to: /home/sharmin/Desktop/iot/soccer_bot/build/ydlidar_sdk
[  1%] [32mBuilding CXX object CMakeFiles/ydlidar_sdk.dir/core/base/timer.cpp.o[0m
[  3%] [32mBuilding CXX object CMakeFiles/ydlidar_sdk.dir/core/common/YdDataStream.cpp.o[0m
[  5%] [32mBuilding CXX object CMakeFiles/ydlidar_sdk.dir/core/common/ydlidar_def.cpp.o[0m
[  6%] [32mBuilding C object CMakeFiles/ydlidar_sdk.dir/core/json/cJSON.c.o[0m
[  8%] [32mBuilding CXX object CMakeFiles/ydlidar_sdk.dir/core/network/ActiveSocket.cpp.o[0m
[ 10%] [32mBuilding CXX object CMakeFiles/ydlidar_sdk.dir/core/network/PassiveSocket.cpp.o[0m
[ 11%] [32mBuilding CXX object CMakeFiles/ydlidar_sdk.dir/core/network/SimpleSocket.cpp.o[0m
[ 13%] [32mBuilding CXX object CMakeFiles/ydlidar_sdk.dir/core/serial/serial.cpp.o[0m
[ 15%] [32mBuilding C object CMakeFiles/ydlidar_sdk.dir/core/serial/impl/unix/lock.c.o[0m
[ 16%] [32mBuilding CXX object CMakeFiles/ydlidar_sdk.dir/core/serial/impl/unix/list_ports_linux.cpp.o[0m
[ 18%] [32mBuilding CXX object CMakeFiles/ydlidar_sdk.dir/core/serial/impl/unix/unix_serial.cpp.o[0m
[ 20%] [32mBuilding CXX object CMakeFiles/ydlidar_sdk.dir/src/CYdLidar.cpp.o[0m
[ 22%] [32mBuilding CXX object CMakeFiles/ydlidar_sdk.dir/src/DTSLidarDriver.cpp.o[0m
[ 23%] [32mBuilding CXX object CMakeFiles/ydlidar_sdk.dir/src/ETLidarDriver.cpp.o[0m
[ 25%] [32mBuilding CXX object CMakeFiles/ydlidar_sdk.dir/src/GSLidarDriver.cpp.o[0m
[ 27%] [32mBuilding CXX object CMakeFiles/ydlidar_sdk.dir/src/SDMLidarDriver.cpp.o[0m
[ 28%] [32mBuilding CXX object CMakeFiles/ydlidar_sdk.dir/src/TiaLidarDriver.cpp.o[0m
[ 30%] [32mBuilding CXX object CMakeFiles/ydlidar_sdk.dir/src/YDlidarDriver.cpp.o[0m
[ 32%] [32mBuilding CXX object CMakeFiles/ydlidar_sdk.dir/src/ydlidar_sdk.cpp.o[0m
[ 33%] [32mBuilding CXX object CMakeFiles/ydlidar_sdk.dir/src/filters/NoiseFilter.cpp.o[0m
[ 35%] [32mBuilding CXX object CMakeFiles/ydlidar_sdk.dir/src/filters/StrongLightFilter.cpp.o[0m
[ 37%] [32m[1mLinking CXX static library libydlidar_sdk.a[0m
[ 37%] Built target ydlidar_sdk
[ 38%] [34m[1mSwig compile ydlidar_sdk.i for python[0m
[ 38%] Built target ydlidar_swig_compilation
[ 40%] [32mBuilding CXX object examples/CMakeFiles/et_test.dir/et_test.cpp.o[0m
[ 42%] [32m[1mLinking CXX executable ../et_test[0m
[ 42%] Built target et_test
[ 44%] [32mBuilding CXX object examples/CMakeFiles/gs_ota.dir/gs_ota.cpp.o[0m
[ 45%] [32m[1mLinking CXX executable ../gs_ota[0m
[ 45%] Built target gs_ota
[ 47%] [32mBuilding CXX object examples/CMakeFiles/gs_restart.dir/gs_restart.cpp.o[0m
[ 49%] [32m[1mLinking CXX executable ../gs_restart[0m
[ 49%] Built target gs_restart
[ 50%] [32mBuilding CXX object examples/CMakeFiles/gs_test.dir/gs_test.cpp.o[0m
[ 52%] [32m[1mLinking CXX executable ../gs_test[0m
[ 52%] Built target gs_test
[ 54%] [32mBuilding CXX object examples/CMakeFiles/gs_test2.dir/gs_test2.cpp.o[0m
[ 55%] [32m[1mLinking CXX executable ../gs_test2[0m
[ 55%] Built target gs_test2
[ 57%] [32mBuilding CXX object examples/CMakeFiles/scl_test.dir/scl_test.cpp.o[0m
[ 59%] [32m[1mLinking CXX executable ../scl_test[0m
[ 59%] Built target scl_test
[ 61%] [32mBuilding CXX object examples/CMakeFiles/sdm18_test.dir/sdm18_test.cpp.o[0m
[ 62%] [32m[1mLinking CXX executable ../sdm18_test[0m
[ 62%] Built target sdm18_test
[ 64%] [32mBuilding CXX object examples/CMakeFiles/sdm_test.dir/sdm_test.cpp.o[0m
[ 66%] [32m[1mLinking CXX executable ../sdm_test[0m
[ 66%] Built target sdm_test
[ 67%] [32mBuilding CXX object examples/CMakeFiles/tea_test.dir/tea_test.cpp.o[0m
[ 69%] [32m[1mLinking CXX executable ../tea_test[0m
[ 69%] Built target tea_test
[ 71%] [32mBuilding CXX object examples/CMakeFiles/tia_test.dir/tia_test.cpp.o[0m
[ 72%] [32m[1mLinking CXX executable ../tia_test[0m
[ 72%] Built target tia_test
[ 74%] [32mBuilding CXX object examples/CMakeFiles/tmini-sh_test.dir/tmini-sh_test.cpp.o[0m
[ 76%] [32m[1mLinking CXX executable ../tmini-sh_test[0m
[ 76%] Built target tmini-sh_test
[ 77%] [32mBuilding CXX object examples/CMakeFiles/tmini_test.dir/tmini_test.cpp.o[0m
[ 79%] [32m[1mLinking CXX executable ../tmini_test[0m
[ 79%] Built target tmini_test
[ 81%] [32mBuilding CXX object examples/CMakeFiles/tof_test.dir/tof_test.cpp.o[0m
[ 83%] [32m[1mLinking CXX executable ../tof_test[0m
[ 83%] Built target tof_test
[ 84%] [32mBuilding CXX object examples/CMakeFiles/tri_and_gs_test.dir/tri_and_gs_test.cpp.o[0m
[ 86%] [32m[1mLinking CXX executable ../tri_and_gs_test[0m
[ 86%] Built target tri_and_gs_test
[ 88%] [32mBuilding CXX object examples/CMakeFiles/tri_restart.dir/tri_restart.cpp.o[0m
[ 89%] [32m[1mLinking CXX executable ../tri_restart[0m
[ 89%] Built target tri_restart
[ 91%] [32mBuilding CXX object examples/CMakeFiles/tri_test.dir/tri_test.cpp.o[0m
[ 93%] [32m[1mLinking CXX executable ../tri_test[0m
[ 93%] Built target tri_test
[ 94%] [32mBuilding C object examples/CMakeFiles/lidar_c_api_test.dir/lidar_c_api_test.c.o[0m
[ 96%] [32m[1mLinking CXX executable ../lidar_c_api_test[0m
[ 96%] Built target lidar_c_api_test
[ 98%] [32mBuilding CXX object python/CMakeFiles/_ydlidar.dir/CMakeFiles/_ydlidar.dir/ydlidar_sdkPYTHON_wrap.cxx.o[0m
[100%] [32m[1mLinking CXX shared module _ydlidar.so[0m
[100%] Built target _ydlidar
