[9.045s] Invoking command in '/home/sharmin/Desktop/iot/soccer_bot/src/soccer_vision': PYTHONPATH=/home/sharmin/Desktop/iot/soccer_bot/build/soccer_vision/prefix_override:/usr/lib/python3/dist-packages/colcon_core/task/python/colcon_distutils_commands:/home/sharmin/Desktop/iot/soccer_bot/install/soccer_vision/lib/python3.12/site-packages:${PYTHONPATH} /usr/bin/python3 -W ignore:setup.py install is deprecated -W ignore:easy_install command is deprecated setup.py egg_info --egg-base ../../build/soccer_vision build --build-base /home/sharmin/Desktop/iot/soccer_bot/build/soccer_vision/build install --record /home/sharmin/Desktop/iot/soccer_bot/build/soccer_vision/install.log --install-scripts $base/lib/soccer_vision --single-version-externally-managed install_data
[11.432s] running egg_info
[11.643s] writing ../../build/soccer_vision/soccer_vision.egg-info/PKG-INFO
[11.654s] writing dependency_links to ../../build/soccer_vision/soccer_vision.egg-info/dependency_links.txt
[11.655s] writing entry points to ../../build/soccer_vision/soccer_vision.egg-info/entry_points.txt
[11.655s] writing requirements to ../../build/soccer_vision/soccer_vision.egg-info/requires.txt
[11.662s] writing top-level names to ../../build/soccer_vision/soccer_vision.egg-info/top_level.txt
[12.087s] reading manifest file '../../build/soccer_vision/soccer_vision.egg-info/SOURCES.txt'
[12.088s] writing manifest file '../../build/soccer_vision/soccer_vision.egg-info/SOURCES.txt'
[12.088s] running build
[12.102s] running build_py
[12.106s] copying soccer_vision/camera_hub_node.py -> /home/sharmin/Desktop/iot/soccer_bot/build/soccer_vision/build/lib/soccer_vision
[12.107s] running install
[12.134s] running install_lib
[12.345s] copying /home/sharmin/Desktop/iot/soccer_bot/build/soccer_vision/build/lib/soccer_vision/camera_hub_node.py -> /home/sharmin/Desktop/iot/soccer_bot/install/soccer_vision/lib/python3.12/site-packages/soccer_vision
[12.350s] byte-compiling /home/sharmin/Desktop/iot/soccer_bot/install/soccer_vision/lib/python3.12/site-packages/soccer_vision/camera_hub_node.py to camera_hub_node.cpython-312.pyc
[12.359s] running install_data
[12.360s] running install_egg_info
[12.606s] removing '/home/sharmin/Desktop/iot/soccer_bot/install/soccer_vision/lib/python3.12/site-packages/soccer_vision-0.0.0-py3.12.egg-info' (and everything under it)
[12.614s] Copying ../../build/soccer_vision/soccer_vision.egg-info to /home/sharmin/Desktop/iot/soccer_bot/install/soccer_vision/lib/python3.12/site-packages/soccer_vision-0.0.0-py3.12.egg-info
[12.621s] running install_scripts
[13.848s] Installing ball_tracker script to /home/sharmin/Desktop/iot/soccer_bot/install/soccer_vision/lib/soccer_vision
[13.852s] Installing camera_hub script to /home/sharmin/Desktop/iot/soccer_bot/install/soccer_vision/lib/soccer_vision
[13.858s] Installing lidar_hub script to /home/sharmin/Desktop/iot/soccer_bot/install/soccer_vision/lib/soccer_vision
[13.859s] writing list of installed files to '/home/sharmin/Desktop/iot/soccer_bot/build/soccer_vision/install.log'
[13.999s] Invoked command in '/home/sharmin/Desktop/iot/soccer_bot/src/soccer_vision' returned '0': PYTHONPATH=/home/sharmin/Desktop/iot/soccer_bot/build/soccer_vision/prefix_override:/usr/lib/python3/dist-packages/colcon_core/task/python/colcon_distutils_commands:/home/sharmin/Desktop/iot/soccer_bot/install/soccer_vision/lib/python3.12/site-packages:${PYTHONPATH} /usr/bin/python3 -W ignore:setup.py install is deprecated -W ignore:easy_install command is deprecated setup.py egg_info --egg-base ../../build/soccer_vision build --build-base /home/sharmin/Desktop/iot/soccer_bot/build/soccer_vision/build install --record /home/sharmin/Desktop/iot/soccer_bot/build/soccer_vision/install.log --install-scripts $base/lib/soccer_vision --single-version-externally-managed install_data
