[0.073s] Invoking command in '/home/sharmin/Desktop/iot/soccer_bot/build/ydlidar_ros2_driver': CMAKE_PREFIX_PATH=${CMAKE_PREFIX_PATH}:/opt/ros/jazzy /usr/bin/cmake /home/sharmin/Desktop/iot/soccer_bot/src/ydlidar_ros2_driver -DCMAKE_INSTALL_PREFIX=/home/sharmin/Desktop/iot/soccer_bot/install/ydlidar_ros2_driver
[0.162s] -- Found ament_cmake: 2.5.6 (/opt/ros/jazzy/share/ament_cmake/cmake)
[1.722s] -- Override CMake install command with custom implementation using symlinks instead of copying resources
[1.885s] -- Found rclcpp: 28.1.21 (/opt/ros/jazzy/share/rclcpp/cmake)
[2.079s] -- Found rosidl_generator_c: 4.6.9 (/opt/ros/jazzy/share/rosidl_generator_c/cmake)
[2.167s] -- Found rosidl_generator_cpp: 4.6.9 (/opt/ros/jazzy/share/rosidl_generator_cpp/cmake)
[2.326s] -- Using all available rosidl_typesupport_c: rosidl_typesupport_fastrtps_c;rosidl_typesupport_introspection_c
[2.517s] -- Using all available rosidl_typesupport_cpp: rosidl_typesupport_fastrtps_cpp;rosidl_typesupport_introspection_cpp
[3.091s] -- Found rmw_implementation_cmake: 7.3.3 (/opt/ros/jazzy/share/rmw_implementation_cmake/cmake)
[3.109s] -- Found rmw_fastrtps_cpp: 8.4.4 (/opt/ros/jazzy/share/rmw_fastrtps_cpp/cmake)
[3.596s] -- Using RMW implementation 'rmw_fastrtps_cpp' as default
[4.123s] -- Found sensor_msgs: 5.3.8 (/opt/ros/jazzy/share/sensor_msgs/cmake)
[4.549s] -- Found visualization_msgs: 5.3.8 (/opt/ros/jazzy/share/visualization_msgs/cmake)
[4.761s] -- Found std_srvs: 5.3.8 (/opt/ros/jazzy/share/std_srvs/cmake)
[4.918s] -- Found ament_lint_auto: 0.17.5 (/opt/ros/jazzy/share/ament_lint_auto/cmake)
[5.519s] -- Added test 'copyright' to check source files copyright and LICENSE
[5.566s] -- Added test 'cppcheck' to perform static code analysis on C / C++ code
[5.571s] -- Configured cppcheck include dirs: /home/sharmin/Desktop/iot/soccer_bot/src/ydlidar_ros2_driver/src
[5.572s] -- Configured cppcheck exclude dirs and/or files: 
[5.628s] -- Added test 'cpplint' to check C / C++ code against the Google style
[5.630s] -- Configured cpplint exclude dirs and/or files: 
[5.635s] -- Added test 'flake8' to check Python code syntax and style conventions
[5.639s] -- Configured 'flake8' exclude dirs and/or files: 
[5.647s] -- Added test 'lint_cmake' to check CMake code style
[5.652s] -- Added test 'pep257' to check Python code against some of the docstring style conventions in PEP 257
[5.676s] -- Added test 'uncrustify' to check C / C++ code style
[5.679s] -- Configured uncrustify additional arguments: 
[5.686s] -- Added test 'xmllint' to check XML markup files
[5.692s] -- Configuring done (5.6s)
[5.795s] -- Generating done (0.1s)
[5.834s] -- Build files have been written to: /home/sharmin/Desktop/iot/soccer_bot/build/ydlidar_ros2_driver
[5.875s] Invoked command in '/home/sharmin/Desktop/iot/soccer_bot/build/ydlidar_ros2_driver' returned '0': CMAKE_PREFIX_PATH=${CMAKE_PREFIX_PATH}:/opt/ros/jazzy /usr/bin/cmake /home/sharmin/Desktop/iot/soccer_bot/src/ydlidar_ros2_driver -DCMAKE_INSTALL_PREFIX=/home/sharmin/Desktop/iot/soccer_bot/install/ydlidar_ros2_driver
[5.879s] Invoking command in '/home/sharmin/Desktop/iot/soccer_bot/build/ydlidar_ros2_driver': CMAKE_PREFIX_PATH=${CMAKE_PREFIX_PATH}:/opt/ros/jazzy /usr/bin/cmake --build /home/sharmin/Desktop/iot/soccer_bot/build/ydlidar_ros2_driver -- -j2 -l2
[6.190s] [ 50%] Built target ydlidar_ros2_driver_client
[6.274s] [ 75%] [32mBuilding CXX object CMakeFiles/ydlidar_ros2_driver_node.dir/src/ydlidar_ros2_driver_node.cpp.o[0m
[25.198s] /home/sharmin/Desktop/iot/soccer_bot/src/ydlidar_ros2_driver/src/ydlidar_ros2_driver_node.cpp: In lambda function:
[25.201s] /home/sharmin/Desktop/iot/soccer_bot/src/ydlidar_ros2_driver/src/ydlidar_ros2_driver_node.cpp:193:54: warning: unused parameter ‘request_header’ [-Wunused-parameter]
[25.201s]   193 |     [&laser](const std::shared_ptr<rmw_request_id_t> request_header,
[25.202s]       |              ~~~~~~~~~~~~~~~~~~~~~~~~~~~~~~~~~~~~~~~~^~~~~~~~~~~~~~
[25.202s] /home/sharmin/Desktop/iot/soccer_bot/src/ydlidar_ros2_driver/src/ydlidar_ros2_driver_node.cpp:194:56: warning: unused parameter ‘req’ [-Wunused-parameter]
[25.205s]   194 |   const std::shared_ptr<std_srvs::srv::Empty::Request> req,
[25.206s]       |   ~~~~~~~~~~~~~~~~~~~~~~~~~~~~~~~~~~~~~~~~~~~~~~~~~~~~~^~~
[25.206s] /home/sharmin/Desktop/iot/soccer_bot/src/ydlidar_ros2_driver/src/ydlidar_ros2_driver_node.cpp:195:51: warning: unused parameter ‘response’ [-Wunused-parameter]
[25.209s]   195 |   std::shared_ptr<std_srvs::srv::Empty::Response> response) -> bool
[25.209s]       |   ~~~~~~~~~~~~~~~~~~~~~~~~~~~~~~~~~~~~~~~~~~~~~~~~^~~~~~~~
[25.272s] /home/sharmin/Desktop/iot/soccer_bot/src/ydlidar_ros2_driver/src/ydlidar_ros2_driver_node.cpp: In lambda function:
[25.273s] /home/sharmin/Desktop/iot/soccer_bot/src/ydlidar_ros2_driver/src/ydlidar_ros2_driver_node.cpp:203:54: warning: unused parameter ‘request_header’ [-Wunused-parameter]
[25.273s]   203 |     [&laser](const std::shared_ptr<rmw_request_id_t> request_header,
[25.277s]       |              ~~~~~~~~~~~~~~~~~~~~~~~~~~~~~~~~~~~~~~~~^~~~~~~~~~~~~~
[25.278s] /home/sharmin/Desktop/iot/soccer_bot/src/ydlidar_ros2_driver/src/ydlidar_ros2_driver_node.cpp:204:56: warning: unused parameter ‘req’ [-Wunused-parameter]
[25.281s]   204 |   const std::shared_ptr<std_srvs::srv::Empty::Request> req,
[25.281s]       |   ~~~~~~~~~~~~~~~~~~~~~~~~~~~~~~~~~~~~~~~~~~~~~~~~~~~~~^~~
[25.282s] /home/sharmin/Desktop/iot/soccer_bot/src/ydlidar_ros2_driver/src/ydlidar_ros2_driver_node.cpp:205:51: warning: unused parameter ‘response’ [-Wunused-parameter]
[25.282s]   205 |   std::shared_ptr<std_srvs::srv::Empty::Response> response) -> bool
[25.285s]       |   ~~~~~~~~~~~~~~~~~~~~~~~~~~~~~~~~~~~~~~~~~~~~~~~~^~~~~~~~
[25.296s] /home/sharmin/Desktop/iot/soccer_bot/src/ydlidar_ros2_driver/src/ydlidar_ros2_driver_node.cpp: In function ‘int main(int, char**)’:
[25.297s] /home/sharmin/Desktop/iot/soccer_bot/src/ydlidar_ros2_driver/src/ydlidar_ros2_driver_node.cpp:238:21: warning: unused variable ‘p’ [-Wunused-variable]
[25.297s]   238 |         const auto& p = scan.points.at(i);
[25.301s]       |                     ^
[45.106s] [100%] [32m[1mLinking CXX executable ydlidar_ros2_driver_node[0m
[47.937s] [100%] Built target ydlidar_ros2_driver_node
[47.995s] Invoked command in '/home/sharmin/Desktop/iot/soccer_bot/build/ydlidar_ros2_driver' returned '0': CMAKE_PREFIX_PATH=${CMAKE_PREFIX_PATH}:/opt/ros/jazzy /usr/bin/cmake --build /home/sharmin/Desktop/iot/soccer_bot/build/ydlidar_ros2_driver -- -j2 -l2
[48.041s] Invoking command in '/home/sharmin/Desktop/iot/soccer_bot/build/ydlidar_ros2_driver': CMAKE_PREFIX_PATH=${CMAKE_PREFIX_PATH}:/opt/ros/jazzy /usr/bin/cmake --install /home/sharmin/Desktop/iot/soccer_bot/build/ydlidar_ros2_driver
[48.116s] -- Install configuration: ""
[48.125s] -- Execute custom install script
[48.126s] -- Up-to-date symlink: /home/sharmin/Desktop/iot/soccer_bot/install/ydlidar_ros2_driver/lib/ydlidar_ros2_driver/ydlidar_ros2_driver_node
[48.136s] -- Up-to-date symlink: /home/sharmin/Desktop/iot/soccer_bot/install/ydlidar_ros2_driver/lib/ydlidar_ros2_driver/ydlidar_ros2_driver_client
[48.138s] -- Up-to-date symlink: /home/sharmin/Desktop/iot/soccer_bot/install/ydlidar_ros2_driver/share/ydlidar_ros2_driver/launch/ydlidar.py
[48.145s] -- Up-to-date symlink: /home/sharmin/Desktop/iot/soccer_bot/install/ydlidar_ros2_driver/share/ydlidar_ros2_driver/launch/ydlidar_launch.py
[48.145s] -- Up-to-date symlink: /home/sharmin/Desktop/iot/soccer_bot/install/ydlidar_ros2_driver/share/ydlidar_ros2_driver/launch/ydlidar_launch_view.py
[48.146s] -- Up-to-date symlink: /home/sharmin/Desktop/iot/soccer_bot/install/ydlidar_ros2_driver/share/ydlidar_ros2_driver/params/G1.yaml
[48.150s] -- Up-to-date symlink: /home/sharmin/Desktop/iot/soccer_bot/install/ydlidar_ros2_driver/share/ydlidar_ros2_driver/params/G2.yaml
[48.162s] -- Up-to-date symlink: /home/sharmin/Desktop/iot/soccer_bot/install/ydlidar_ros2_driver/share/ydlidar_ros2_driver/params/G6.yaml
[48.172s] -- Up-to-date symlink: /home/sharmin/Desktop/iot/soccer_bot/install/ydlidar_ros2_driver/share/ydlidar_ros2_driver/params/GS2.yaml
[48.175s] -- Up-to-date symlink: /home/sharmin/Desktop/iot/soccer_bot/install/ydlidar_ros2_driver/share/ydlidar_ros2_driver/params/TEA.yaml
[48.186s] -- Up-to-date symlink: /home/sharmin/Desktop/iot/soccer_bot/install/ydlidar_ros2_driver/share/ydlidar_ros2_driver/params/TG.yaml
[48.187s] -- Up-to-date symlink: /home/sharmin/Desktop/iot/soccer_bot/install/ydlidar_ros2_driver/share/ydlidar_ros2_driver/params/TminiPro.yaml
[48.189s] -- Up-to-date symlink: /home/sharmin/Desktop/iot/soccer_bot/install/ydlidar_ros2_driver/share/ydlidar_ros2_driver/params/X2.yaml
[48.190s] -- Up-to-date symlink: /home/sharmin/Desktop/iot/soccer_bot/install/ydlidar_ros2_driver/share/ydlidar_ros2_driver/params/X4-Pro.yaml
[48.198s] -- Up-to-date symlink: /home/sharmin/Desktop/iot/soccer_bot/install/ydlidar_ros2_driver/share/ydlidar_ros2_driver/params/X4.yaml
[48.199s] -- Up-to-date symlink: /home/sharmin/Desktop/iot/soccer_bot/install/ydlidar_ros2_driver/share/ydlidar_ros2_driver/params/ydlidar.yaml
[48.199s] -- Up-to-date symlink: /home/sharmin/Desktop/iot/soccer_bot/install/ydlidar_ros2_driver/share/ydlidar_ros2_driver/startup/initenv.sh
[48.206s] -- Up-to-date symlink: /home/sharmin/Desktop/iot/soccer_bot/install/ydlidar_ros2_driver/share/ydlidar_ros2_driver/config/ydlidar.rviz
[48.207s] -- Up-to-date symlink: /home/sharmin/Desktop/iot/soccer_bot/install/ydlidar_ros2_driver/share/ament_index/resource_index/package_run_dependencies/ydlidar_ros2_driver
[48.207s] -- Up-to-date symlink: /home/sharmin/Desktop/iot/soccer_bot/install/ydlidar_ros2_driver/share/ament_index/resource_index/parent_prefix_path/ydlidar_ros2_driver
[48.216s] -- Up-to-date symlink: /home/sharmin/Desktop/iot/soccer_bot/install/ydlidar_ros2_driver/share/ydlidar_ros2_driver/environment/ament_prefix_path.sh
[48.217s] -- Up-to-date symlink: /home/sharmin/Desktop/iot/soccer_bot/install/ydlidar_ros2_driver/share/ydlidar_ros2_driver/environment/ament_prefix_path.dsv
[48.217s] -- Up-to-date symlink: /home/sharmin/Desktop/iot/soccer_bot/install/ydlidar_ros2_driver/share/ydlidar_ros2_driver/environment/path.sh
[48.226s] -- Up-to-date symlink: /home/sharmin/Desktop/iot/soccer_bot/install/ydlidar_ros2_driver/share/ydlidar_ros2_driver/environment/path.dsv
[48.226s] -- Up-to-date symlink: /home/sharmin/Desktop/iot/soccer_bot/install/ydlidar_ros2_driver/share/ydlidar_ros2_driver/local_setup.bash
[48.232s] -- Up-to-date symlink: /home/sharmin/Desktop/iot/soccer_bot/install/ydlidar_ros2_driver/share/ydlidar_ros2_driver/local_setup.sh
[48.237s] -- Up-to-date symlink: /home/sharmin/Desktop/iot/soccer_bot/install/ydlidar_ros2_driver/share/ydlidar_ros2_driver/local_setup.zsh
[48.237s] -- Up-to-date symlink: /home/sharmin/Desktop/iot/soccer_bot/install/ydlidar_ros2_driver/share/ydlidar_ros2_driver/local_setup.dsv
[48.241s] -- Symlinking: /home/sharmin/Desktop/iot/soccer_bot/install/ydlidar_ros2_driver/share/ydlidar_ros2_driver/package.dsv
[48.292s] -- Up-to-date symlink: /home/sharmin/Desktop/iot/soccer_bot/install/ydlidar_ros2_driver/share/ament_index/resource_index/packages/ydlidar_ros2_driver
[48.295s] -- Up-to-date symlink: /home/sharmin/Desktop/iot/soccer_bot/install/ydlidar_ros2_driver/share/ydlidar_ros2_driver/cmake/ydlidar_ros2_driverConfig.cmake
[48.297s] -- Up-to-date symlink: /home/sharmin/Desktop/iot/soccer_bot/install/ydlidar_ros2_driver/share/ydlidar_ros2_driver/cmake/ydlidar_ros2_driverConfig-version.cmake
[48.299s] -- Up-to-date symlink: /home/sharmin/Desktop/iot/soccer_bot/install/ydlidar_ros2_driver/share/ydlidar_ros2_driver/package.xml
[48.310s] Invoked command in '/home/sharmin/Desktop/iot/soccer_bot/build/ydlidar_ros2_driver' returned '0': CMAKE_PREFIX_PATH=${CMAKE_PREFIX_PATH}:/opt/ros/jazzy /usr/bin/cmake --install /home/sharmin/Desktop/iot/soccer_bot/build/ydlidar_ros2_driver
