[0.971s] DEBUG:colcon:Command line arguments: ['/usr/bin/colcon', 'build', '--packages-select', 'soccer_vision']
[0.971s] DEBUG:colcon:Parsed command line arguments: Namespace(log_base=None, log_level=None, verb_name='build', build_base='build', install_base='install', merge_install=False, symlink_install=False, test_result_base=None, continue_on_error=False, executor='parallel', parallel_workers=2, event_handlers=None, ignore_user_meta=False, metas=['./colcon.meta'], base_paths=['.'], packages_ignore=None, packages_ignore_regex=None, paths=None, packages_up_to=None, packages_up_to_regex=None, packages_above=None, packages_above_and_dependencies=None, packages_above_depth=None, packages_select_by_dep=None, packages_skip_by_dep=None, packages_skip_up_to=None, packages_select_build_failed=False, packages_skip_build_finished=False, packages_select_test_failures=False, packages_skip_test_passed=False, packages_select=['soccer_vision'], packages_skip=None, packages_select_regex=None, packages_skip_regex=None, packages_start=None, packages_end=None, allow_overriding=[], cmake_args=None, cmake_target=None, cmake_target_skip_unavailable=False, cmake_clean_cache=False, cmake_clean_first=False, cmake_force_configure=False, ament_cmake_args=None, catkin_cmake_args=None, catkin_skip_building_tests=False, verb_parser=<colcon_defaults.argument_parser.defaults.DefaultArgumentsDecorator object at 0x76fffdac9040>, verb_extension=<colcon_core.verb.build.BuildVerb object at 0x76fffdac8a10>, main=<bound method BuildVerb.main of <colcon_core.verb.build.BuildVerb object at 0x76fffdac8a10>>)
[1.179s] Level 1:colcon.colcon_core.package_discovery:discover_packages(colcon_meta) check parameters
[1.180s] Level 1:colcon.colcon_core.package_discovery:discover_packages(recursive) check parameters
[1.180s] Level 1:colcon.colcon_core.package_discovery:discover_packages(ignore) check parameters
[1.180s] Level 1:colcon.colcon_core.package_discovery:discover_packages(path) check parameters
[1.180s] Level 1:colcon.colcon_core.package_discovery:discover_packages(colcon_meta) discover
[1.181s] Level 1:colcon.colcon_core.package_discovery:discover_packages(recursive) discover
[1.181s] INFO:colcon.colcon_core.package_discovery:Crawling recursively for packages in '/home/sharmin/Desktop/iot/soccer_bot'
[1.181s] Level 1:colcon.colcon_core.package_identification:_identify(.) by extensions ['ignore', 'ignore_ament_install']
[1.182s] Level 1:colcon.colcon_core.package_identification:_identify(.) by extension 'ignore'
[1.182s] Level 1:colcon.colcon_core.package_identification:_identify(.) by extension 'ignore_ament_install'
[1.183s] Level 1:colcon.colcon_core.package_identification:_identify(.) by extensions ['colcon_pkg']
[1.183s] Level 1:colcon.colcon_core.package_identification:_identify(.) by extension 'colcon_pkg'
[1.183s] Level 1:colcon.colcon_core.package_identification:_identify(.) by extensions ['colcon_meta']
[1.184s] Level 1:colcon.colcon_core.package_identification:_identify(.) by extension 'colcon_meta'
[1.184s] Level 1:colcon.colcon_core.package_identification:_identify(.) by extensions ['ros']
[1.184s] Level 1:colcon.colcon_core.package_identification:_identify(.) by extension 'ros'
[1.358s] Level 1:colcon.colcon_core.package_identification:_identify(.) by extensions ['cmake', 'python']
[1.358s] Level 1:colcon.colcon_core.package_identification:_identify(.) by extension 'cmake'
[1.359s] Level 1:colcon.colcon_core.package_identification:_identify(.) by extension 'python'
[1.359s] Level 1:colcon.colcon_core.package_identification:_identify(.) by extensions ['python_setup_py']
[1.360s] Level 1:colcon.colcon_core.package_identification:_identify(.) by extension 'python_setup_py'
[1.360s] Level 1:colcon.colcon_core.package_identification:_identify(build) by extensions ['ignore', 'ignore_ament_install']
[1.361s] Level 1:colcon.colcon_core.package_identification:_identify(build) by extension 'ignore'
[1.361s] Level 1:colcon.colcon_core.package_identification:_identify(build) ignored
[1.362s] Level 1:colcon.colcon_core.package_identification:_identify(docs) by extensions ['ignore', 'ignore_ament_install']
[1.362s] Level 1:colcon.colcon_core.package_identification:_identify(docs) by extension 'ignore'
[1.363s] Level 1:colcon.colcon_core.package_identification:_identify(docs) by extension 'ignore_ament_install'
[1.363s] Level 1:colcon.colcon_core.package_identification:_identify(docs) by extensions ['colcon_pkg']
[1.363s] Level 1:colcon.colcon_core.package_identification:_identify(docs) by extension 'colcon_pkg'
[1.363s] Level 1:colcon.colcon_core.package_identification:_identify(docs) by extensions ['colcon_meta']
[1.364s] Level 1:colcon.colcon_core.package_identification:_identify(docs) by extension 'colcon_meta'
[1.364s] Level 1:colcon.colcon_core.package_identification:_identify(docs) by extensions ['ros']
[1.364s] Level 1:colcon.colcon_core.package_identification:_identify(docs) by extension 'ros'
[1.365s] Level 1:colcon.colcon_core.package_identification:_identify(docs) by extensions ['cmake', 'python']
[1.365s] Level 1:colcon.colcon_core.package_identification:_identify(docs) by extension 'cmake'
[1.366s] Level 1:colcon.colcon_core.package_identification:_identify(docs) by extension 'python'
[1.366s] Level 1:colcon.colcon_core.package_identification:_identify(docs) by extensions ['python_setup_py']
[1.367s] Level 1:colcon.colcon_core.package_identification:_identify(docs) by extension 'python_setup_py'
[1.368s] Level 1:colcon.colcon_core.package_identification:_identify(install) by extensions ['ignore', 'ignore_ament_install']
[1.369s] Level 1:colcon.colcon_core.package_identification:_identify(install) by extension 'ignore'
[1.369s] Level 1:colcon.colcon_core.package_identification:_identify(install) ignored
[1.370s] Level 1:colcon.colcon_core.package_identification:_identify(log) by extensions ['ignore', 'ignore_ament_install']
[1.371s] Level 1:colcon.colcon_core.package_identification:_identify(log) by extension 'ignore'
[1.371s] Level 1:colcon.colcon_core.package_identification:_identify(log) ignored
[1.372s] Level 1:colcon.colcon_core.package_identification:_identify(scripts) by extensions ['ignore', 'ignore_ament_install']
[1.372s] Level 1:colcon.colcon_core.package_identification:_identify(scripts) by extension 'ignore'
[1.375s] Level 1:colcon.colcon_core.package_identification:_identify(scripts) by extension 'ignore_ament_install'
[1.375s] Level 1:colcon.colcon_core.package_identification:_identify(scripts) by extensions ['colcon_pkg']
[1.376s] Level 1:colcon.colcon_core.package_identification:_identify(scripts) by extension 'colcon_pkg'
[1.376s] Level 1:colcon.colcon_core.package_identification:_identify(scripts) by extensions ['colcon_meta']
[1.376s] Level 1:colcon.colcon_core.package_identification:_identify(scripts) by extension 'colcon_meta'
[1.377s] Level 1:colcon.colcon_core.package_identification:_identify(scripts) by extensions ['ros']
[1.378s] Level 1:colcon.colcon_core.package_identification:_identify(scripts) by extension 'ros'
[1.379s] Level 1:colcon.colcon_core.package_identification:_identify(scripts) by extensions ['cmake', 'python']
[1.379s] Level 1:colcon.colcon_core.package_identification:_identify(scripts) by extension 'cmake'
[1.379s] Level 1:colcon.colcon_core.package_identification:_identify(scripts) by extension 'python'
[1.384s] Level 1:colcon.colcon_core.package_identification:_identify(scripts) by extensions ['python_setup_py']
[1.385s] Level 1:colcon.colcon_core.package_identification:_identify(scripts) by extension 'python_setup_py'
[1.385s] Level 1:colcon.colcon_core.package_identification:_identify(scripts/soccer_bot_docker) by extensions ['ignore', 'ignore_ament_install']
[1.386s] Level 1:colcon.colcon_core.package_identification:_identify(scripts/soccer_bot_docker) by extension 'ignore'
[1.386s] Level 1:colcon.colcon_core.package_identification:_identify(scripts/soccer_bot_docker) by extension 'ignore_ament_install'
[1.390s] Level 1:colcon.colcon_core.package_identification:_identify(scripts/soccer_bot_docker) by extensions ['colcon_pkg']
[1.394s] Level 1:colcon.colcon_core.package_identification:_identify(scripts/soccer_bot_docker) by extension 'colcon_pkg'
[1.394s] Level 1:colcon.colcon_core.package_identification:_identify(scripts/soccer_bot_docker) by extensions ['colcon_meta']
[1.394s] Level 1:colcon.colcon_core.package_identification:_identify(scripts/soccer_bot_docker) by extension 'colcon_meta'
[1.394s] Level 1:colcon.colcon_core.package_identification:_identify(scripts/soccer_bot_docker) by extensions ['ros']
[1.394s] Level 1:colcon.colcon_core.package_identification:_identify(scripts/soccer_bot_docker) by extension 'ros'
[1.395s] Level 1:colcon.colcon_core.package_identification:_identify(scripts/soccer_bot_docker) by extensions ['cmake', 'python']
[1.395s] Level 1:colcon.colcon_core.package_identification:_identify(scripts/soccer_bot_docker) by extension 'cmake'
[1.396s] Level 1:colcon.colcon_core.package_identification:_identify(scripts/soccer_bot_docker) by extension 'python'
[1.396s] Level 1:colcon.colcon_core.package_identification:_identify(scripts/soccer_bot_docker) by extensions ['python_setup_py']
[1.396s] Level 1:colcon.colcon_core.package_identification:_identify(scripts/soccer_bot_docker) by extension 'python_setup_py'
[1.397s] Level 1:colcon.colcon_core.package_identification:_identify(src) by extensions ['ignore', 'ignore_ament_install']
[1.397s] Level 1:colcon.colcon_core.package_identification:_identify(src) by extension 'ignore'
[1.398s] Level 1:colcon.colcon_core.package_identification:_identify(src) by extension 'ignore_ament_install'
[1.398s] Level 1:colcon.colcon_core.package_identification:_identify(src) by extensions ['colcon_pkg']
[1.398s] Level 1:colcon.colcon_core.package_identification:_identify(src) by extension 'colcon_pkg'
[1.398s] Level 1:colcon.colcon_core.package_identification:_identify(src) by extensions ['colcon_meta']
[1.398s] Level 1:colcon.colcon_core.package_identification:_identify(src) by extension 'colcon_meta'
[1.399s] Level 1:colcon.colcon_core.package_identification:_identify(src) by extensions ['ros']
[1.399s] Level 1:colcon.colcon_core.package_identification:_identify(src) by extension 'ros'
[1.399s] Level 1:colcon.colcon_core.package_identification:_identify(src) by extensions ['cmake', 'python']
[1.400s] Level 1:colcon.colcon_core.package_identification:_identify(src) by extension 'cmake'
[1.400s] Level 1:colcon.colcon_core.package_identification:_identify(src) by extension 'python'
[1.401s] Level 1:colcon.colcon_core.package_identification:_identify(src) by extensions ['python_setup_py']
[1.401s] Level 1:colcon.colcon_core.package_identification:_identify(src) by extension 'python_setup_py'
[1.406s] Level 1:colcon.colcon_core.package_identification:_identify(src/YDLidar-SDK) by extensions ['ignore', 'ignore_ament_install']
[1.406s] Level 1:colcon.colcon_core.package_identification:_identify(src/YDLidar-SDK) by extension 'ignore'
[1.407s] Level 1:colcon.colcon_core.package_identification:_identify(src/YDLidar-SDK) by extension 'ignore_ament_install'
[1.408s] Level 1:colcon.colcon_core.package_identification:_identify(src/YDLidar-SDK) by extensions ['colcon_pkg']
[1.408s] Level 1:colcon.colcon_core.package_identification:_identify(src/YDLidar-SDK) by extension 'colcon_pkg'
[1.409s] Level 1:colcon.colcon_core.package_identification:_identify(src/YDLidar-SDK) by extensions ['colcon_meta']
[1.409s] Level 1:colcon.colcon_core.package_identification:_identify(src/YDLidar-SDK) by extension 'colcon_meta'
[1.409s] Level 1:colcon.colcon_core.package_identification:_identify(src/YDLidar-SDK) by extensions ['ros']
[1.410s] Level 1:colcon.colcon_core.package_identification:_identify(src/YDLidar-SDK) by extension 'ros'
[1.411s] Level 1:colcon.colcon_core.package_identification:_identify(src/YDLidar-SDK) by extensions ['cmake', 'python']
[1.411s] Level 1:colcon.colcon_core.package_identification:_identify(src/YDLidar-SDK) by extension 'cmake'
[1.741s] Level 1:colcon.colcon_core.package_identification:_identify(src/YDLidar-SDK) by extension 'python'
[1.741s] DEBUG:colcon.colcon_core.package_identification:Package 'src/YDLidar-SDK' with type 'cmake' and name 'ydlidar_sdk'
[1.742s] Level 1:colcon.colcon_core.package_identification:_identify(src/camera_vision) by extensions ['ignore', 'ignore_ament_install']
[1.742s] Level 1:colcon.colcon_core.package_identification:_identify(src/camera_vision) by extension 'ignore'
[1.743s] Level 1:colcon.colcon_core.package_identification:_identify(src/camera_vision) by extension 'ignore_ament_install'
[1.743s] Level 1:colcon.colcon_core.package_identification:_identify(src/camera_vision) by extensions ['colcon_pkg']
[1.744s] Level 1:colcon.colcon_core.package_identification:_identify(src/camera_vision) by extension 'colcon_pkg'
[1.744s] Level 1:colcon.colcon_core.package_identification:_identify(src/camera_vision) by extensions ['colcon_meta']
[1.744s] Level 1:colcon.colcon_core.package_identification:_identify(src/camera_vision) by extension 'colcon_meta'
[1.745s] Level 1:colcon.colcon_core.package_identification:_identify(src/camera_vision) by extensions ['ros']
[1.745s] Level 1:colcon.colcon_core.package_identification:_identify(src/camera_vision) by extension 'ros'
[1.746s] Level 1:colcon.colcon_core.package_identification:_identify(src/camera_vision) by extensions ['cmake', 'python']
[1.746s] Level 1:colcon.colcon_core.package_identification:_identify(src/camera_vision) by extension 'cmake'
[1.747s] Level 1:colcon.colcon_core.package_identification:_identify(src/camera_vision) by extension 'python'
[1.747s] Level 1:colcon.colcon_core.package_identification:_identify(src/camera_vision) by extensions ['python_setup_py']
[1.748s] Level 1:colcon.colcon_core.package_identification:_identify(src/camera_vision) by extension 'python_setup_py'
[1.748s] Level 1:colcon.colcon_core.package_identification:_identify(src/core_brain) by extensions ['ignore', 'ignore_ament_install']
[1.749s] Level 1:colcon.colcon_core.package_identification:_identify(src/core_brain) by extension 'ignore'
[1.750s] Level 1:colcon.colcon_core.package_identification:_identify(src/core_brain) by extension 'ignore_ament_install'
[1.751s] Level 1:colcon.colcon_core.package_identification:_identify(src/core_brain) by extensions ['colcon_pkg']
[1.751s] Level 1:colcon.colcon_core.package_identification:_identify(src/core_brain) by extension 'colcon_pkg'
[1.751s] Level 1:colcon.colcon_core.package_identification:_identify(src/core_brain) by extensions ['colcon_meta']
[1.752s] Level 1:colcon.colcon_core.package_identification:_identify(src/core_brain) by extension 'colcon_meta'
[1.752s] Level 1:colcon.colcon_core.package_identification:_identify(src/core_brain) by extensions ['ros']
[1.752s] Level 1:colcon.colcon_core.package_identification:_identify(src/core_brain) by extension 'ros'
[1.753s] Level 1:colcon.colcon_core.package_identification:_identify(src/core_brain) by extensions ['cmake', 'python']
[1.753s] Level 1:colcon.colcon_core.package_identification:_identify(src/core_brain) by extension 'cmake'
[1.753s] Level 1:colcon.colcon_core.package_identification:_identify(src/core_brain) by extension 'python'
[1.753s] Level 1:colcon.colcon_core.package_identification:_identify(src/core_brain) by extensions ['python_setup_py']
[1.754s] Level 1:colcon.colcon_core.package_identification:_identify(src/core_brain) by extension 'python_setup_py'
[1.754s] Level 1:colcon.colcon_core.package_identification:_identify(src/motor_control) by extensions ['ignore', 'ignore_ament_install']
[1.755s] Level 1:colcon.colcon_core.package_identification:_identify(src/motor_control) by extension 'ignore'
[1.755s] Level 1:colcon.colcon_core.package_identification:_identify(src/motor_control) by extension 'ignore_ament_install'
[1.755s] Level 1:colcon.colcon_core.package_identification:_identify(src/motor_control) by extensions ['colcon_pkg']
[1.756s] Level 1:colcon.colcon_core.package_identification:_identify(src/motor_control) by extension 'colcon_pkg'
[1.756s] Level 1:colcon.colcon_core.package_identification:_identify(src/motor_control) by extensions ['colcon_meta']
[1.757s] Level 1:colcon.colcon_core.package_identification:_identify(src/motor_control) by extension 'colcon_meta'
[1.757s] Level 1:colcon.colcon_core.package_identification:_identify(src/motor_control) by extensions ['ros']
[1.757s] Level 1:colcon.colcon_core.package_identification:_identify(src/motor_control) by extension 'ros'
[1.758s] Level 1:colcon.colcon_core.package_identification:_identify(src/motor_control) by extensions ['cmake', 'python']
[1.758s] Level 1:colcon.colcon_core.package_identification:_identify(src/motor_control) by extension 'cmake'
[1.759s] Level 1:colcon.colcon_core.package_identification:_identify(src/motor_control) by extension 'python'
[1.759s] Level 1:colcon.colcon_core.package_identification:_identify(src/motor_control) by extensions ['python_setup_py']
[1.759s] Level 1:colcon.colcon_core.package_identification:_identify(src/motor_control) by extension 'python_setup_py'
[1.760s] Level 1:colcon.colcon_core.package_identification:_identify(src/soccer_navigation) by extensions ['ignore', 'ignore_ament_install']
[1.761s] Level 1:colcon.colcon_core.package_identification:_identify(src/soccer_navigation) by extension 'ignore'
[1.761s] Level 1:colcon.colcon_core.package_identification:_identify(src/soccer_navigation) by extension 'ignore_ament_install'
[1.762s] Level 1:colcon.colcon_core.package_identification:_identify(src/soccer_navigation) by extensions ['colcon_pkg']
[1.763s] Level 1:colcon.colcon_core.package_identification:_identify(src/soccer_navigation) by extension 'colcon_pkg'
[1.763s] Level 1:colcon.colcon_core.package_identification:_identify(src/soccer_navigation) by extensions ['colcon_meta']
[1.763s] Level 1:colcon.colcon_core.package_identification:_identify(src/soccer_navigation) by extension 'colcon_meta'
[1.764s] Level 1:colcon.colcon_core.package_identification:_identify(src/soccer_navigation) by extensions ['ros']
[1.764s] Level 1:colcon.colcon_core.package_identification:_identify(src/soccer_navigation) by extension 'ros'
[1.775s] DEBUG:colcon.colcon_core.package_identification:Package 'src/soccer_navigation' with type 'ros.ament_python' and name 'soccer_navigation'
[1.776s] Level 1:colcon.colcon_core.package_identification:_identify(src/soccer_vision) by extensions ['ignore', 'ignore_ament_install']
[1.776s] Level 1:colcon.colcon_core.package_identification:_identify(src/soccer_vision) by extension 'ignore'
[1.777s] Level 1:colcon.colcon_core.package_identification:_identify(src/soccer_vision) by extension 'ignore_ament_install'
[1.777s] Level 1:colcon.colcon_core.package_identification:_identify(src/soccer_vision) by extensions ['colcon_pkg']
[1.777s] Level 1:colcon.colcon_core.package_identification:_identify(src/soccer_vision) by extension 'colcon_pkg'
[1.778s] Level 1:colcon.colcon_core.package_identification:_identify(src/soccer_vision) by extensions ['colcon_meta']
[1.778s] Level 1:colcon.colcon_core.package_identification:_identify(src/soccer_vision) by extension 'colcon_meta'
[1.779s] Level 1:colcon.colcon_core.package_identification:_identify(src/soccer_vision) by extensions ['ros']
[1.779s] Level 1:colcon.colcon_core.package_identification:_identify(src/soccer_vision) by extension 'ros'
[1.783s] DEBUG:colcon.colcon_core.package_identification:Package 'src/soccer_vision' with type 'ros.ament_python' and name 'soccer_vision'
[1.784s] Level 1:colcon.colcon_core.package_identification:_identify(src/ydlidar_ros2_driver) by extensions ['ignore', 'ignore_ament_install']
[1.784s] Level 1:colcon.colcon_core.package_identification:_identify(src/ydlidar_ros2_driver) by extension 'ignore'
[1.785s] Level 1:colcon.colcon_core.package_identification:_identify(src/ydlidar_ros2_driver) by extension 'ignore_ament_install'
[1.785s] Level 1:colcon.colcon_core.package_identification:_identify(src/ydlidar_ros2_driver) by extensions ['colcon_pkg']
[1.785s] Level 1:colcon.colcon_core.package_identification:_identify(src/ydlidar_ros2_driver) by extension 'colcon_pkg'
[1.786s] Level 1:colcon.colcon_core.package_identification:_identify(src/ydlidar_ros2_driver) by extensions ['colcon_meta']
[1.786s] Level 1:colcon.colcon_core.package_identification:_identify(src/ydlidar_ros2_driver) by extension 'colcon_meta'
[1.786s] Level 1:colcon.colcon_core.package_identification:_identify(src/ydlidar_ros2_driver) by extensions ['ros']
[1.786s] Level 1:colcon.colcon_core.package_identification:_identify(src/ydlidar_ros2_driver) by extension 'ros'
[1.790s] DEBUG:colcon.colcon_core.package_identification:Package 'src/ydlidar_ros2_driver' with type 'ros.ament_cmake' and name 'ydlidar_ros2_driver'
[1.790s] Level 1:colcon.colcon_core.package_discovery:discover_packages(recursive) using defaults
[1.790s] Level 1:colcon.colcon_core.package_discovery:discover_packages(ignore) discover
[1.794s] Level 1:colcon.colcon_core.package_discovery:discover_packages(ignore) using defaults
[1.794s] Level 1:colcon.colcon_core.package_discovery:discover_packages(path) discover
[1.794s] Level 1:colcon.colcon_core.package_discovery:discover_packages(path) using defaults
[1.889s] INFO:colcon.colcon_core.package_selection:Skipping not selected package 'soccer_navigation' in 'src/soccer_navigation'
[1.889s] INFO:colcon.colcon_core.package_selection:Skipping not selected package 'ydlidar_ros2_driver' in 'src/ydlidar_ros2_driver'
[1.890s] INFO:colcon.colcon_core.package_selection:Skipping not selected package 'ydlidar_sdk' in 'src/YDLidar-SDK'
[1.891s] Level 1:colcon.colcon_core.package_discovery:discover_packages(prefix_path) check parameters
[1.891s] Level 1:colcon.colcon_core.package_discovery:discover_packages(prefix_path) discover
[1.910s] DEBUG:colcon.colcon_installed_package_information.package_discovery:Found 287 installed packages in /opt/ros/jazzy
[1.922s] Level 1:colcon.colcon_core.package_discovery:discover_packages(prefix_path) using defaults
[2.279s] Level 5:colcon.colcon_core.verb:set package 'soccer_vision' build argument 'cmake_args' from command line to 'None'
[2.279s] Level 5:colcon.colcon_core.verb:set package 'soccer_vision' build argument 'cmake_target' from command line to 'None'
[2.279s] Level 5:colcon.colcon_core.verb:set package 'soccer_vision' build argument 'cmake_target_skip_unavailable' from command line to 'False'
[2.279s] Level 5:colcon.colcon_core.verb:set package 'soccer_vision' build argument 'cmake_clean_cache' from command line to 'False'
[2.279s] Level 5:colcon.colcon_core.verb:set package 'soccer_vision' build argument 'cmake_clean_first' from command line to 'False'
[2.279s] Level 5:colcon.colcon_core.verb:set package 'soccer_vision' build argument 'cmake_force_configure' from command line to 'False'
[2.279s] Level 5:colcon.colcon_core.verb:set package 'soccer_vision' build argument 'ament_cmake_args' from command line to 'None'
[2.280s] Level 5:colcon.colcon_core.verb:set package 'soccer_vision' build argument 'catkin_cmake_args' from command line to 'None'
[2.280s] Level 5:colcon.colcon_core.verb:set package 'soccer_vision' build argument 'catkin_skip_building_tests' from command line to 'False'
[2.280s] DEBUG:colcon.colcon_core.verb:Building package 'soccer_vision' with the following arguments: {'ament_cmake_args': None, 'build_base': '/home/sharmin/Desktop/iot/soccer_bot/build/soccer_vision', 'catkin_cmake_args': None, 'catkin_skip_building_tests': False, 'cmake_args': None, 'cmake_clean_cache': False, 'cmake_clean_first': False, 'cmake_force_configure': False, 'cmake_target': None, 'cmake_target_skip_unavailable': False, 'install_base': '/home/sharmin/Desktop/iot/soccer_bot/install/soccer_vision', 'merge_install': False, 'path': '/home/sharmin/Desktop/iot/soccer_bot/src/soccer_vision', 'symlink_install': False, 'test_result_base': None}
[2.281s] INFO:colcon.colcon_core.executor:Executing jobs using 'parallel' executor
[2.285s] DEBUG:colcon.colcon_parallel_executor.executor.parallel:run_until_complete
[2.285s] INFO:colcon.colcon_ros.task.ament_python.build:Building ROS package in '/home/sharmin/Desktop/iot/soccer_bot/src/soccer_vision' with build type 'ament_python'
[2.287s] Level 1:colcon.colcon_core.shell:create_environment_hook('soccer_vision', 'ament_prefix_path')
[2.297s] INFO:colcon.colcon_core.plugin_system:Skipping extension 'colcon_core.shell.bat': Not used on non-Windows systems
[2.298s] INFO:colcon.colcon_core.shell:Creating environment hook '/home/sharmin/Desktop/iot/soccer_bot/install/soccer_vision/share/soccer_vision/hook/ament_prefix_path.ps1'
[2.302s] INFO:colcon.colcon_core.shell:Creating environment descriptor '/home/sharmin/Desktop/iot/soccer_bot/install/soccer_vision/share/soccer_vision/hook/ament_prefix_path.dsv'
[2.305s] INFO:colcon.colcon_core.shell:Creating environment hook '/home/sharmin/Desktop/iot/soccer_bot/install/soccer_vision/share/soccer_vision/hook/ament_prefix_path.sh'
[2.308s] INFO:colcon.colcon_core.shell:Skip shell extension 'powershell' for command environment: Not usable outside of PowerShell
[2.309s] DEBUG:colcon.colcon_core.shell:Skip shell extension 'dsv' for command environment
[4.394s] INFO:colcon.colcon_core.task.python.build:Building Python package in '/home/sharmin/Desktop/iot/soccer_bot/src/soccer_vision'
[4.395s] INFO:colcon.colcon_core.shell:Skip shell extension 'powershell' for command environment: Not usable outside of PowerShell
[4.395s] DEBUG:colcon.colcon_core.shell:Skip shell extension 'dsv' for command environment
[11.324s] DEBUG:colcon.colcon_core.task.python.build:Available setuptools commands: bdist_dumb, update_catalog, install_egg_info, build_clib, editable_wheel, check, saveopts, bdist, register, bdist_wheel, symlink_data, build_scripts, develop, rotate, alias, egg_info, setopt, upload, bdist_rpm, extract_messages, build, install_headers, clean, test, upload_docs, dist_info, build_py, install_data, easy_install, install, install_lib, install_scripts, compile_catalog, sdist, bdist_egg, init_catalog, build_ext
[11.338s] DEBUG:colcon.colcon_core.event_handler.log_command:Invoking command in '/home/sharmin/Desktop/iot/soccer_bot/src/soccer_vision': PYTHONPATH=/home/sharmin/Desktop/iot/soccer_bot/build/soccer_vision/prefix_override:/usr/lib/python3/dist-packages/colcon_core/task/python/colcon_distutils_commands:/home/sharmin/Desktop/iot/soccer_bot/install/soccer_vision/lib/python3.12/site-packages:${PYTHONPATH} /usr/bin/python3 -W ignore:setup.py install is deprecated -W ignore:easy_install command is deprecated setup.py egg_info --egg-base ../../build/soccer_vision build --build-base /home/sharmin/Desktop/iot/soccer_bot/build/soccer_vision/build install --record /home/sharmin/Desktop/iot/soccer_bot/build/soccer_vision/install.log --install-scripts $base/lib/soccer_vision --single-version-externally-managed install_data
[16.286s] DEBUG:colcon.colcon_core.event_handler.log_command:Invoked command in '/home/sharmin/Desktop/iot/soccer_bot/src/soccer_vision' returned '0': PYTHONPATH=/home/sharmin/Desktop/iot/soccer_bot/build/soccer_vision/prefix_override:/usr/lib/python3/dist-packages/colcon_core/task/python/colcon_distutils_commands:/home/sharmin/Desktop/iot/soccer_bot/install/soccer_vision/lib/python3.12/site-packages:${PYTHONPATH} /usr/bin/python3 -W ignore:setup.py install is deprecated -W ignore:easy_install command is deprecated setup.py egg_info --egg-base ../../build/soccer_vision build --build-base /home/sharmin/Desktop/iot/soccer_bot/build/soccer_vision/build install --record /home/sharmin/Desktop/iot/soccer_bot/build/soccer_vision/install.log --install-scripts $base/lib/soccer_vision --single-version-externally-managed install_data
[16.330s] Level 1:colcon.colcon_core.environment:checking '/home/sharmin/Desktop/iot/soccer_bot/install/soccer_vision' for CMake module files
[16.336s] Level 1:colcon.colcon_core.environment:checking '/home/sharmin/Desktop/iot/soccer_bot/install/soccer_vision' for CMake config files
[16.350s] Level 1:colcon.colcon_core.environment:checking '/home/sharmin/Desktop/iot/soccer_bot/install/soccer_vision/lib'
[16.358s] Level 1:colcon.colcon_core.environment:checking '/home/sharmin/Desktop/iot/soccer_bot/install/soccer_vision/bin'
[16.358s] Level 1:colcon.colcon_core.shell:create_environment_hook('soccer_vision', 'path')
[16.364s] INFO:colcon.colcon_core.shell:Creating environment hook '/home/sharmin/Desktop/iot/soccer_bot/install/soccer_vision/share/soccer_vision/hook/path.ps1'
[16.376s] INFO:colcon.colcon_core.shell:Creating environment descriptor '/home/sharmin/Desktop/iot/soccer_bot/install/soccer_vision/share/soccer_vision/hook/path.dsv'
[16.380s] INFO:colcon.colcon_core.shell:Creating environment hook '/home/sharmin/Desktop/iot/soccer_bot/install/soccer_vision/share/soccer_vision/hook/path.sh'
[16.397s] Level 1:colcon.colcon_core.environment:checking '/home/sharmin/Desktop/iot/soccer_bot/install/soccer_vision/lib/pkgconfig/soccer_vision.pc'
[16.399s] Level 1:colcon.colcon_core.environment:checking '/home/sharmin/Desktop/iot/soccer_bot/install/soccer_vision/lib/python3.12/site-packages'
[16.405s] Level 1:colcon.colcon_core.shell:create_environment_hook('soccer_vision', 'pythonpath')
[16.406s] INFO:colcon.colcon_core.shell:Creating environment hook '/home/sharmin/Desktop/iot/soccer_bot/install/soccer_vision/share/soccer_vision/hook/pythonpath.ps1'
[16.417s] INFO:colcon.colcon_core.shell:Creating environment descriptor '/home/sharmin/Desktop/iot/soccer_bot/install/soccer_vision/share/soccer_vision/hook/pythonpath.dsv'
[16.421s] INFO:colcon.colcon_core.shell:Creating environment hook '/home/sharmin/Desktop/iot/soccer_bot/install/soccer_vision/share/soccer_vision/hook/pythonpath.sh'
[16.444s] Level 1:colcon.colcon_core.environment:checking '/home/sharmin/Desktop/iot/soccer_bot/install/soccer_vision/bin'
[16.448s] Level 1:colcon.colcon_core.shell:create_environment_hook('soccer_vision', 'pythonscriptspath')
[16.449s] INFO:colcon.colcon_core.shell:Creating environment hook '/home/sharmin/Desktop/iot/soccer_bot/install/soccer_vision/share/soccer_vision/hook/pythonscriptspath.ps1'
[16.461s] INFO:colcon.colcon_core.shell:Creating environment descriptor '/home/sharmin/Desktop/iot/soccer_bot/install/soccer_vision/share/soccer_vision/hook/pythonscriptspath.dsv'
[16.473s] INFO:colcon.colcon_core.shell:Creating environment hook '/home/sharmin/Desktop/iot/soccer_bot/install/soccer_vision/share/soccer_vision/hook/pythonscriptspath.sh'
[16.480s] Level 1:colcon.colcon_core.environment:create_environment_scripts_only(soccer_vision)
[16.486s] INFO:colcon.colcon_core.shell:Creating package script '/home/sharmin/Desktop/iot/soccer_bot/install/soccer_vision/share/soccer_vision/package.ps1'
[16.534s] INFO:colcon.colcon_core.shell:Creating package descriptor '/home/sharmin/Desktop/iot/soccer_bot/install/soccer_vision/share/soccer_vision/package.dsv'
[16.545s] INFO:colcon.colcon_core.shell:Creating package script '/home/sharmin/Desktop/iot/soccer_bot/install/soccer_vision/share/soccer_vision/package.sh'
[16.551s] INFO:colcon.colcon_core.shell:Creating package script '/home/sharmin/Desktop/iot/soccer_bot/install/soccer_vision/share/soccer_vision/package.bash'
[16.559s] INFO:colcon.colcon_core.shell:Creating package script '/home/sharmin/Desktop/iot/soccer_bot/install/soccer_vision/share/soccer_vision/package.zsh'
[16.569s] Level 1:colcon.colcon_core.environment:create_file_with_runtime_dependencies(/home/sharmin/Desktop/iot/soccer_bot/install/soccer_vision/share/colcon-core/packages/soccer_vision)
[16.570s] DEBUG:colcon.colcon_parallel_executor.executor.parallel:closing loop
[16.570s] DEBUG:colcon.colcon_parallel_executor.executor.parallel:loop closed
[16.572s] DEBUG:colcon.colcon_parallel_executor.executor.parallel:run_until_complete finished with '0'
[16.572s] DEBUG:colcon.colcon_core.event_reactor:joining thread
[16.648s] INFO:colcon.colcon_core.plugin_system:Skipping extension 'colcon_notification.desktop_notification.terminal_notifier': Not used on non-Darwin systems
[16.648s] INFO:colcon.colcon_core.plugin_system:Skipping extension 'colcon_notification.desktop_notification.win32': Not used on non-Windows systems
[16.649s] INFO:colcon.colcon_notification.desktop_notification:Sending desktop notification using 'notify2'
[16.756s] DEBUG:colcon.colcon_core.event_reactor:joined thread
[16.757s] INFO:colcon.colcon_core.shell:Creating prefix script '/home/sharmin/Desktop/iot/soccer_bot/install/local_setup.ps1'
[16.780s] INFO:colcon.colcon_core.shell:Creating prefix util module '/home/sharmin/Desktop/iot/soccer_bot/install/_local_setup_util_ps1.py'
[16.800s] INFO:colcon.colcon_core.shell:Creating prefix chain script '/home/sharmin/Desktop/iot/soccer_bot/install/setup.ps1'
[16.818s] INFO:colcon.colcon_core.shell:Creating prefix script '/home/sharmin/Desktop/iot/soccer_bot/install/local_setup.sh'
[16.822s] INFO:colcon.colcon_core.shell:Creating prefix util module '/home/sharmin/Desktop/iot/soccer_bot/install/_local_setup_util_sh.py'
[16.839s] INFO:colcon.colcon_core.shell:Creating prefix chain script '/home/sharmin/Desktop/iot/soccer_bot/install/setup.sh'
[16.851s] INFO:colcon.colcon_core.shell:Creating prefix script '/home/sharmin/Desktop/iot/soccer_bot/install/local_setup.bash'
[16.859s] INFO:colcon.colcon_core.shell:Creating prefix chain script '/home/sharmin/Desktop/iot/soccer_bot/install/setup.bash'
[16.868s] INFO:colcon.colcon_core.shell:Creating prefix script '/home/sharmin/Desktop/iot/soccer_bot/install/local_setup.zsh'
[16.874s] INFO:colcon.colcon_core.shell:Creating prefix chain script '/home/sharmin/Desktop/iot/soccer_bot/install/setup.zsh'
